I200628 04:34:49.715487 7 util/log/sync_buffer.go:70  [config] file created at: 2020/06/28 04:34:49
I200628 04:34:49.715487 7 util/log/sync_buffer.go:70  [config] running on machine: santiago-HP-Notebook
I200628 04:34:49.715487 7 util/log/sync_buffer.go:70  [config] binary: CockroachDB CCL v20.1.2 (x86_64-unknown-linux-gnu, built 2020/06/09 16:11:36, go1.13.9)
I200628 04:34:49.715487 7 util/log/sync_buffer.go:70  [config] arguments: [cockroach start --insecure]
I200628 04:34:49.715487 7 util/log/sync_buffer.go:70  line format: [IWEF]yymmdd hh:mm:ss.uuuuuu goid file:line msg utf8=✓
I200628 04:34:49.715485 7 storage/rocksdb.go:102  RocksDB version: 6.2.1
I200628 04:34:49.735351 7 storage/rocksdb.go:102  Git sha rocksdb_build_git_sha:@e494e15a0b08c13fafd5710f279f348d47d476de@
I200628 04:34:49.735470 7 storage/rocksdb.go:102  Compile date Jun  9 2020
I200628 04:34:49.735496 7 storage/rocksdb.go:102  DB SUMMARY
I200628 04:34:49.735609 7 storage/rocksdb.go:102  SST files in /home/santiago/go/src/github.com/Santiagozh1998/SpyServer/cockroach-data/cockroach-temp094734815 dir, Total Num: 0, files: 
I200628 04:34:49.735637 7 storage/rocksdb.go:102  Write Ahead Log file in /home/santiago/go/src/github.com/Santiagozh1998/SpyServer/cockroach-data/cockroach-temp094734815: 
I200628 04:34:49.735662 7 storage/rocksdb.go:102                          Options.error_if_exists: 0
I200628 04:34:49.735683 7 storage/rocksdb.go:102                        Options.create_if_missing: 1
I200628 04:34:49.735705 7 storage/rocksdb.go:102                          Options.paranoid_checks: 1
I200628 04:34:49.735726 7 storage/rocksdb.go:102                                      Options.env: 0x7571de0
I200628 04:34:49.735747 7 storage/rocksdb.go:102                                 Options.info_log: 0x7f82fb80d1c0
I200628 04:34:49.735767 7 storage/rocksdb.go:102                 Options.max_file_opening_threads: 16
I200628 04:34:49.735788 7 storage/rocksdb.go:102                               Options.statistics: 0x7f82fb81f010
I200628 04:34:49.735809 7 storage/rocksdb.go:102                                Options.use_fsync: 0
I200628 04:34:49.735830 7 storage/rocksdb.go:102                        Options.max_log_file_size: 0
I200628 04:34:49.735851 7 storage/rocksdb.go:102                   Options.max_manifest_file_size: 134217728
I200628 04:34:49.735873 7 storage/rocksdb.go:102                    Options.log_file_time_to_roll: 0
I200628 04:34:49.735894 7 storage/rocksdb.go:102                        Options.keep_log_file_num: 1000
I200628 04:34:49.735917 7 storage/rocksdb.go:102                     Options.recycle_log_file_num: 1
I200628 04:34:49.735937 7 storage/rocksdb.go:102                          Options.allow_fallocate: 1
I200628 04:34:49.735958 7 storage/rocksdb.go:102                         Options.allow_mmap_reads: 0
I200628 04:34:49.735980 7 storage/rocksdb.go:102                        Options.allow_mmap_writes: 0
I200628 04:34:49.736000 7 storage/rocksdb.go:102                         Options.use_direct_reads: 0
I200628 04:34:49.736021 7 storage/rocksdb.go:102                         Options.use_direct_io_for_flush_and_compaction: 0
I200628 04:34:49.736043 7 storage/rocksdb.go:102           Options.create_missing_column_families: 0
I200628 04:34:49.736063 7 storage/rocksdb.go:102                               Options.db_log_dir: 
I200628 04:34:49.736085 7 storage/rocksdb.go:102                                  Options.wal_dir: /home/santiago/go/src/github.com/Santiagozh1998/SpyServer/cockroach-data/cockroach-temp094734815
I200628 04:34:49.736107 7 storage/rocksdb.go:102                 Options.table_cache_numshardbits: 6
I200628 04:34:49.736128 7 storage/rocksdb.go:102                       Options.max_subcompactions: 1
I200628 04:34:49.736149 7 storage/rocksdb.go:102                   Options.max_background_flushes: -1
I200628 04:34:49.736170 7 storage/rocksdb.go:102                          Options.WAL_ttl_seconds: 0
I200628 04:34:49.736191 7 storage/rocksdb.go:102                        Options.WAL_size_limit_MB: 0
I200628 04:34:49.736212 7 storage/rocksdb.go:102              Options.manifest_preallocation_size: 4194304
I200628 04:34:49.736232 7 storage/rocksdb.go:102                      Options.is_fd_close_on_exec: 1
I200628 04:34:49.736252 7 storage/rocksdb.go:102                    Options.advise_random_on_open: 1
I200628 04:34:49.736273 7 storage/rocksdb.go:102                     Options.db_write_buffer_size: 0
I200628 04:34:49.736294 7 storage/rocksdb.go:102                     Options.write_buffer_manager: 0x7f82fb826060
I200628 04:34:49.736314 7 storage/rocksdb.go:102          Options.access_hint_on_compaction_start: 1
I200628 04:34:49.736346 7 storage/rocksdb.go:102   Options.new_table_reader_for_compaction_inputs: 0
I200628 04:34:49.736366 7 storage/rocksdb.go:102            Options.random_access_max_buffer_size: 1048576
I200628 04:34:49.736387 7 storage/rocksdb.go:102                       Options.use_adaptive_mutex: 0
I200628 04:34:49.736408 7 storage/rocksdb.go:102                             Options.rate_limiter: (nil)
I200628 04:34:49.736432 7 storage/rocksdb.go:102      Options.sst_file_manager.rate_bytes_per_sec: 0
I200628 04:34:49.736453 7 storage/rocksdb.go:102                        Options.wal_recovery_mode: 0
I200628 04:34:49.736476 7 storage/rocksdb.go:102                   Options.enable_thread_tracking: 0
I200628 04:34:49.736498 7 storage/rocksdb.go:102                   Options.enable_pipelined_write: 0
I200628 04:34:49.736520 7 storage/rocksdb.go:102          Options.allow_concurrent_memtable_write: 1
I200628 04:34:49.736542 7 storage/rocksdb.go:102       Options.enable_write_thread_adaptive_yield: 1
I200628 04:34:49.736564 7 storage/rocksdb.go:102              Options.write_thread_max_yield_usec: 100
I200628 04:34:49.736584 7 storage/rocksdb.go:102             Options.write_thread_slow_yield_usec: 3
I200628 04:34:49.736604 7 storage/rocksdb.go:102                                Options.row_cache: None
I200628 04:34:49.736625 7 storage/rocksdb.go:102                               Options.wal_filter: None
I200628 04:34:49.736647 7 storage/rocksdb.go:102              Options.avoid_flush_during_recovery: 0
I200628 04:34:49.736668 7 storage/rocksdb.go:102              Options.allow_ingest_behind: 0
I200628 04:34:49.736691 7 storage/rocksdb.go:102              Options.preserve_deletes: 0
I200628 04:34:49.736712 7 storage/rocksdb.go:102              Options.two_write_queues: 0
I200628 04:34:49.736732 7 storage/rocksdb.go:102              Options.manual_wal_flush: 1
I200628 04:34:49.736753 7 storage/rocksdb.go:102              Options.atomic_flush: 0
I200628 04:34:49.736774 7 storage/rocksdb.go:102              Options.avoid_unnecessary_blocking_io: 0
I200628 04:34:49.736794 7 storage/rocksdb.go:102              Options.max_background_jobs: 4
I200628 04:34:49.736815 7 storage/rocksdb.go:102              Options.max_background_compactions: -1
I200628 04:34:49.736835 7 storage/rocksdb.go:102              Options.avoid_flush_during_shutdown: 0
I200628 04:34:49.736858 7 storage/rocksdb.go:102            Options.writable_file_max_buffer_size: 1048576
I200628 04:34:49.736879 7 storage/rocksdb.go:102              Options.delayed_write_rate : 16777216
I200628 04:34:49.736901 7 storage/rocksdb.go:102              Options.max_total_wal_size: 0
I200628 04:34:49.736922 7 storage/rocksdb.go:102              Options.delete_obsolete_files_period_micros: 21600000000
I200628 04:34:49.736955 7 storage/rocksdb.go:102                    Options.stats_dump_period_sec: 0
I200628 04:34:49.736980 7 storage/rocksdb.go:102                  Options.stats_persist_period_sec: 600
I200628 04:34:49.737000 7 storage/rocksdb.go:102                  Options.stats_history_buffer_size: 1048576
I200628 04:34:49.737022 7 storage/rocksdb.go:102                           Options.max_open_files: 128
I200628 04:34:49.737043 7 storage/rocksdb.go:102                           Options.bytes_per_sync: 524288
I200628 04:34:49.737064 7 storage/rocksdb.go:102                       Options.wal_bytes_per_sync: 0
I200628 04:34:49.737084 7 storage/rocksdb.go:102                    Options.strict_bytes_per_sync: 1
I200628 04:34:49.737104 7 storage/rocksdb.go:102        Options.compaction_readahead_size: 0
I200628 04:34:49.737123 7 storage/rocksdb.go:102  Compression algorithms supported:
I200628 04:34:49.737145 7 storage/rocksdb.go:102  	kZSTDNotFinalCompression supported: 0
I200628 04:34:49.737166 7 storage/rocksdb.go:102  	kZSTD supported: 0
I200628 04:34:49.737187 7 storage/rocksdb.go:102  	kXpressCompression supported: 0
I200628 04:34:49.737208 7 storage/rocksdb.go:102  	kLZ4HCCompression supported: 0
I200628 04:34:49.737229 7 storage/rocksdb.go:102  	kLZ4Compression supported: 0
I200628 04:34:49.737260 7 storage/rocksdb.go:102  	kBZip2Compression supported: 0
I200628 04:34:49.737281 7 storage/rocksdb.go:102  	kZlibCompression supported: 0
I200628 04:34:49.737303 7 storage/rocksdb.go:102  	kSnappyCompression supported: 1
I200628 04:34:49.737336 7 storage/rocksdb.go:102  Fast CRC32 supported: Supported on x86
I200628 04:34:49.737587 7 storage/rocksdb.go:102  [db/db_impl_open.cc:242] Creating manifest 1 
I200628 04:34:49.950964 7 storage/rocksdb.go:102  [db/version_set.cc:4072] Recovering from manifest file: /home/santiago/go/src/github.com/Santiagozh1998/SpyServer/cockroach-data/cockroach-temp094734815/MANIFEST-000001
I200628 04:34:49.953554 7 storage/rocksdb.go:102  [db/column_family.cc:488] --------------- Options for column family [default]:
I200628 04:34:49.953575 7 storage/rocksdb.go:102                Options.comparator: cockroach_comparator
I200628 04:34:49.953697 7 storage/rocksdb.go:102            Options.merge_operator: cockroach_merge_operator
I200628 04:34:49.953749 7 storage/rocksdb.go:102         Options.compaction_filter: None
I200628 04:34:49.953766 7 storage/rocksdb.go:102         Options.compaction_filter_factory: None
I200628 04:34:49.953783 7 storage/rocksdb.go:102          Options.memtable_factory: SkipListFactory
I200628 04:34:49.953799 7 storage/rocksdb.go:102             Options.table_factory: BlockBasedTable
I200628 04:34:49.953886 7 storage/rocksdb.go:102             table_factory options:   flush_block_policy_factory: FlushBlockBySizePolicyFactory (0x7f82fb843030)
  cache_index_and_filter_blocks: 0
  cache_index_and_filter_blocks_with_high_priority: 0
  pin_l0_filter_and_index_blocks_in_cache: 0
  pin_top_level_index_and_filter: 1
  index_type: 0
  data_block_index_type: 0
  index_shortening: 1
  data_block_hash_table_util_ratio: 0.750000
  hash_index_allow_collision: 1
  checksum: 1
  no_block_cache: 0
  block_cache: 0x7f82fb83b010
  block_cache_name: LRUCache
  block_cache_options:
    capacity : 1048576
    num_shard_bits : 4
    strict_capacity_limit : 0
    memory_allocator : None
    high_pri_pool_ratio: 0.000
  block_cache_compressed: (nil)
  persistent_cache: (nil)
  block_size: 32768
  block_size_deviation: 10
  block_restart_interval: 16
  index_block_restart_interval: 1
  metadata_block_size: 4096
  partition_filters: 0
  use_delta_encoding: 1
  filter_policy: rocksdb.BuiltinBloomFilter
  whole_key_filtering: 0
  verify_compression: 0
  read_amp_bytes_per_bit: 0
  format_version: 2
  enable_index_compression: 1
  block_align: 0
I200628 04:34:49.953906 7 storage/rocksdb.go:102         Options.write_buffer_size: 67108864
I200628 04:34:49.953927 7 storage/rocksdb.go:102   Options.max_write_buffer_number: 4
I200628 04:34:49.953942 7 storage/rocksdb.go:102           Options.compression: Snappy
I200628 04:34:49.953961 7 storage/rocksdb.go:102                   Options.bottommost_compression: Disabled
I200628 04:34:49.953977 7 storage/rocksdb.go:102        Options.prefix_extractor: cockroach_prefix_extractor
I200628 04:34:49.953993 7 storage/rocksdb.go:102    Options.memtable_insert_with_hint_prefix_extractor: nullptr
I200628 04:34:49.954009 7 storage/rocksdb.go:102              Options.num_levels: 7
I200628 04:34:49.954025 7 storage/rocksdb.go:102         Options.min_write_buffer_number_to_merge: 1
I200628 04:34:49.954040 7 storage/rocksdb.go:102      Options.max_write_buffer_number_to_maintain: 0
I200628 04:34:49.954056 7 storage/rocksdb.go:102             Options.bottommost_compression_opts.window_bits: -14
I200628 04:34:49.954072 7 storage/rocksdb.go:102                   Options.bottommost_compression_opts.level: 32767
I200628 04:34:49.954088 7 storage/rocksdb.go:102                Options.bottommost_compression_opts.strategy: 0
I200628 04:34:49.954103 7 storage/rocksdb.go:102          Options.bottommost_compression_opts.max_dict_bytes: 0
I200628 04:34:49.954119 7 storage/rocksdb.go:102          Options.bottommost_compression_opts.zstd_max_train_bytes: 0
I200628 04:34:49.954135 7 storage/rocksdb.go:102                   Options.bottommost_compression_opts.enabled: false
I200628 04:34:49.954160 7 storage/rocksdb.go:102             Options.compression_opts.window_bits: -14
I200628 04:34:49.954175 7 storage/rocksdb.go:102                   Options.compression_opts.level: 32767
I200628 04:34:49.954191 7 storage/rocksdb.go:102                Options.compression_opts.strategy: 0
I200628 04:34:49.954206 7 storage/rocksdb.go:102          Options.compression_opts.max_dict_bytes: 0
I200628 04:34:49.954222 7 storage/rocksdb.go:102          Options.compression_opts.zstd_max_train_bytes: 0
I200628 04:34:49.954238 7 storage/rocksdb.go:102                   Options.compression_opts.enabled: false
I200628 04:34:49.954253 7 storage/rocksdb.go:102       Options.level0_file_num_compaction_trigger: 2
I200628 04:34:49.954269 7 storage/rocksdb.go:102           Options.level0_slowdown_writes_trigger: 950
I200628 04:34:49.954285 7 storage/rocksdb.go:102               Options.level0_stop_writes_trigger: 1000
I200628 04:34:49.954300 7 storage/rocksdb.go:102                    Options.target_file_size_base: 4194304
I200628 04:34:49.954316 7 storage/rocksdb.go:102              Options.target_file_size_multiplier: 2
I200628 04:34:49.954331 7 storage/rocksdb.go:102                 Options.max_bytes_for_level_base: 67108864
I200628 04:34:49.954347 7 storage/rocksdb.go:102  Options.level_compaction_dynamic_level_bytes: 1
I200628 04:34:49.954370 7 storage/rocksdb.go:102           Options.max_bytes_for_level_multiplier: 10.000000
I200628 04:34:49.954388 7 storage/rocksdb.go:102  Options.max_bytes_for_level_multiplier_addtl[0]: 1
I200628 04:34:49.954404 7 storage/rocksdb.go:102  Options.max_bytes_for_level_multiplier_addtl[1]: 1
I200628 04:34:49.954420 7 storage/rocksdb.go:102  Options.max_bytes_for_level_multiplier_addtl[2]: 1
I200628 04:34:49.954436 7 storage/rocksdb.go:102  Options.max_bytes_for_level_multiplier_addtl[3]: 1
I200628 04:34:49.954452 7 storage/rocksdb.go:102  Options.max_bytes_for_level_multiplier_addtl[4]: 1
I200628 04:34:49.954468 7 storage/rocksdb.go:102  Options.max_bytes_for_level_multiplier_addtl[5]: 1
I200628 04:34:49.954484 7 storage/rocksdb.go:102  Options.max_bytes_for_level_multiplier_addtl[6]: 1
I200628 04:34:49.954500 7 storage/rocksdb.go:102        Options.max_sequential_skip_in_iterations: 8
I200628 04:34:49.954515 7 storage/rocksdb.go:102                     Options.max_compaction_bytes: 104857600
I200628 04:34:49.954533 7 storage/rocksdb.go:102                         Options.arena_block_size: 8388608
I200628 04:34:49.954549 7 storage/rocksdb.go:102    Options.soft_pending_compaction_bytes_limit: 2199023255552
I200628 04:34:49.954566 7 storage/rocksdb.go:102    Options.hard_pending_compaction_bytes_limit: 4400193994752
I200628 04:34:49.954581 7 storage/rocksdb.go:102        Options.rate_limit_delay_max_milliseconds: 100
I200628 04:34:49.954597 7 storage/rocksdb.go:102                 Options.disable_auto_compactions: 0
I200628 04:34:49.954617 7 storage/rocksdb.go:102                         Options.compaction_style: kCompactionStyleLevel
I200628 04:34:49.954636 7 storage/rocksdb.go:102                           Options.compaction_pri: kMinOverlappingRatio
I200628 04:34:49.954651 7 storage/rocksdb.go:102  Options.compaction_options_universal.size_ratio: 1
I200628 04:34:49.954667 7 storage/rocksdb.go:102  Options.compaction_options_universal.min_merge_width: 2
I200628 04:34:49.954683 7 storage/rocksdb.go:102  Options.compaction_options_universal.max_merge_width: 4294967295
I200628 04:34:49.954698 7 storage/rocksdb.go:102  Options.compaction_options_universal.max_size_amplification_percent: 200
I200628 04:34:49.954714 7 storage/rocksdb.go:102  Options.compaction_options_universal.compression_size_percent: -1
I200628 04:34:49.954732 7 storage/rocksdb.go:102  Options.compaction_options_universal.stop_style: kCompactionStopStyleTotalSize
I200628 04:34:49.954748 7 storage/rocksdb.go:102  Options.compaction_options_fifo.max_table_files_size: 1073741824
I200628 04:34:49.954764 7 storage/rocksdb.go:102  Options.compaction_options_fifo.allow_compaction: 0
I200628 04:34:49.954786 7 storage/rocksdb.go:102                    Options.table_properties_collectors: TimeBoundTblPropCollectorFactory; DeleteRangeTblPropCollectorFactory; 
I200628 04:34:49.954811 7 storage/rocksdb.go:102                    Options.inplace_update_support: 0
I200628 04:34:49.954827 7 storage/rocksdb.go:102                  Options.inplace_update_num_locks: 10000
I200628 04:34:49.954847 7 storage/rocksdb.go:102                Options.memtable_prefix_bloom_size_ratio: 0.000000
I200628 04:34:49.954929 7 storage/rocksdb.go:102                Options.memtable_whole_key_filtering: 0
I200628 04:34:49.954945 7 storage/rocksdb.go:102    Options.memtable_huge_page_size: 0
I200628 04:34:49.954961 7 storage/rocksdb.go:102                            Options.bloom_locality: 0
I200628 04:34:49.954978 7 storage/rocksdb.go:102                     Options.max_successive_merges: 0
I200628 04:34:49.954995 7 storage/rocksdb.go:102                 Options.optimize_filters_for_hits: 1
I200628 04:34:49.955011 7 storage/rocksdb.go:102                 Options.paranoid_file_checks: 0
I200628 04:34:49.955027 7 storage/rocksdb.go:102                 Options.force_consistency_checks: 0
I200628 04:34:49.955042 7 storage/rocksdb.go:102                 Options.report_bg_io_stats: 0
I200628 04:34:49.955058 7 storage/rocksdb.go:102                                Options.ttl: 0
I200628 04:34:49.955074 7 storage/rocksdb.go:102           Options.periodic_compaction_seconds: 0
I200628 04:34:49.956247 7 storage/rocksdb.go:102  [db/version_set.cc:4286] Recovered from manifest file:/home/santiago/go/src/github.com/Santiagozh1998/SpyServer/cockroach-data/cockroach-temp094734815/MANIFEST-000001 succeeded,manifest_file_number is 1, next_file_number is 3, last_sequence is 0, log_number is 0,prev_log_number is 0,max_column_family is 0,min_log_number_to_keep is 0
I200628 04:34:49.956272 7 storage/rocksdb.go:102  [db/version_set.cc:4295] Column family [default] (ID 0), log number is 0
I200628 04:34:50.031360 7 storage/rocksdb.go:102  DB pointer 0x7f82fb8ab000
I200628 04:34:50.305876 7 storage/rocksdb.go:102  RocksDB version: 6.2.1
I200628 04:34:50.305922 7 storage/rocksdb.go:102  Git sha rocksdb_build_git_sha:@e494e15a0b08c13fafd5710f279f348d47d476de@
I200628 04:34:50.305947 7 storage/rocksdb.go:102  Compile date Jun  9 2020
I200628 04:34:50.305971 7 storage/rocksdb.go:102  DB SUMMARY
I200628 04:34:50.306139 7 storage/rocksdb.go:102  SST files in /home/santiago/go/src/github.com/Santiagozh1998/SpyServer/cockroach-data dir, Total Num: 0, files: 
I200628 04:34:50.306167 7 storage/rocksdb.go:102  Write Ahead Log file in /home/santiago/go/src/github.com/Santiagozh1998/SpyServer/cockroach-data: 
I200628 04:34:50.306196 7 storage/rocksdb.go:102                          Options.error_if_exists: 0
I200628 04:34:50.306221 7 storage/rocksdb.go:102                        Options.create_if_missing: 1
I200628 04:34:50.306245 7 storage/rocksdb.go:102                          Options.paranoid_checks: 1
I200628 04:34:50.306269 7 storage/rocksdb.go:102                                      Options.env: 0x7571de0
I200628 04:34:50.306293 7 storage/rocksdb.go:102                                 Options.info_log: 0x7f8303687f20
I200628 04:34:50.306317 7 storage/rocksdb.go:102                 Options.max_file_opening_threads: 16
I200628 04:34:50.306341 7 storage/rocksdb.go:102                               Options.statistics: 0x7f830361d8d0
I200628 04:34:50.306365 7 storage/rocksdb.go:102                                Options.use_fsync: 0
I200628 04:34:50.306389 7 storage/rocksdb.go:102                        Options.max_log_file_size: 0
I200628 04:34:50.306413 7 storage/rocksdb.go:102                   Options.max_manifest_file_size: 134217728
I200628 04:34:50.306437 7 storage/rocksdb.go:102                    Options.log_file_time_to_roll: 0
I200628 04:34:50.306461 7 storage/rocksdb.go:102                        Options.keep_log_file_num: 1000
I200628 04:34:50.306485 7 storage/rocksdb.go:102                     Options.recycle_log_file_num: 1
I200628 04:34:50.306509 7 storage/rocksdb.go:102                          Options.allow_fallocate: 1
I200628 04:34:50.306555 7 storage/rocksdb.go:102                         Options.allow_mmap_reads: 0
I200628 04:34:50.306581 7 storage/rocksdb.go:102                        Options.allow_mmap_writes: 0
I200628 04:34:50.306605 7 storage/rocksdb.go:102                         Options.use_direct_reads: 0
I200628 04:34:50.306630 7 storage/rocksdb.go:102                         Options.use_direct_io_for_flush_and_compaction: 0
I200628 04:34:50.306654 7 storage/rocksdb.go:102           Options.create_missing_column_families: 0
I200628 04:34:50.306678 7 storage/rocksdb.go:102                               Options.db_log_dir: 
I200628 04:34:50.306701 7 storage/rocksdb.go:102                                  Options.wal_dir: /home/santiago/go/src/github.com/Santiagozh1998/SpyServer/cockroach-data
I200628 04:34:50.306725 7 storage/rocksdb.go:102                 Options.table_cache_numshardbits: 6
I200628 04:34:50.306749 7 storage/rocksdb.go:102                       Options.max_subcompactions: 1
I200628 04:34:50.306773 7 storage/rocksdb.go:102                   Options.max_background_flushes: -1
I200628 04:34:50.306797 7 storage/rocksdb.go:102                          Options.WAL_ttl_seconds: 0
I200628 04:34:50.306823 7 storage/rocksdb.go:102                        Options.WAL_size_limit_MB: 0
I200628 04:34:50.306847 7 storage/rocksdb.go:102              Options.manifest_preallocation_size: 4194304
I200628 04:34:50.306873 7 storage/rocksdb.go:102                      Options.is_fd_close_on_exec: 1
I200628 04:34:50.306897 7 storage/rocksdb.go:102                    Options.advise_random_on_open: 1
I200628 04:34:50.306920 7 storage/rocksdb.go:102                     Options.db_write_buffer_size: 0
I200628 04:34:50.306944 7 storage/rocksdb.go:102                     Options.write_buffer_manager: 0x7f8303660cb0
I200628 04:34:50.306967 7 storage/rocksdb.go:102          Options.access_hint_on_compaction_start: 1
I200628 04:34:50.306990 7 storage/rocksdb.go:102   Options.new_table_reader_for_compaction_inputs: 0
I200628 04:34:50.307014 7 storage/rocksdb.go:102            Options.random_access_max_buffer_size: 1048576
I200628 04:34:50.307038 7 storage/rocksdb.go:102                       Options.use_adaptive_mutex: 0
I200628 04:34:50.307061 7 storage/rocksdb.go:102                             Options.rate_limiter: (nil)
I200628 04:34:50.307086 7 storage/rocksdb.go:102      Options.sst_file_manager.rate_bytes_per_sec: 0
I200628 04:34:50.307110 7 storage/rocksdb.go:102                        Options.wal_recovery_mode: 0
I200628 04:34:50.307133 7 storage/rocksdb.go:102                   Options.enable_thread_tracking: 0
I200628 04:34:50.307157 7 storage/rocksdb.go:102                   Options.enable_pipelined_write: 0
I200628 04:34:50.307183 7 storage/rocksdb.go:102          Options.allow_concurrent_memtable_write: 1
I200628 04:34:50.307207 7 storage/rocksdb.go:102       Options.enable_write_thread_adaptive_yield: 1
I200628 04:34:50.307233 7 storage/rocksdb.go:102              Options.write_thread_max_yield_usec: 100
I200628 04:34:50.307258 7 storage/rocksdb.go:102             Options.write_thread_slow_yield_usec: 3
I200628 04:34:50.307280 7 storage/rocksdb.go:102                                Options.row_cache: None
I200628 04:34:50.307304 7 storage/rocksdb.go:102                               Options.wal_filter: None
I200628 04:34:50.307328 7 storage/rocksdb.go:102              Options.avoid_flush_during_recovery: 0
I200628 04:34:50.307355 7 storage/rocksdb.go:102              Options.allow_ingest_behind: 0
I200628 04:34:50.307379 7 storage/rocksdb.go:102              Options.preserve_deletes: 0
I200628 04:34:50.307404 7 storage/rocksdb.go:102              Options.two_write_queues: 0
I200628 04:34:50.307430 7 storage/rocksdb.go:102              Options.manual_wal_flush: 1
I200628 04:34:50.307454 7 storage/rocksdb.go:102              Options.atomic_flush: 0
I200628 04:34:50.307480 7 storage/rocksdb.go:102              Options.avoid_unnecessary_blocking_io: 0
I200628 04:34:50.307503 7 storage/rocksdb.go:102              Options.max_background_jobs: 4
I200628 04:34:50.307536 7 storage/rocksdb.go:102              Options.max_background_compactions: -1
I200628 04:34:50.307560 7 storage/rocksdb.go:102              Options.avoid_flush_during_shutdown: 0
I200628 04:34:50.307584 7 storage/rocksdb.go:102            Options.writable_file_max_buffer_size: 1048576
I200628 04:34:50.307608 7 storage/rocksdb.go:102              Options.delayed_write_rate : 16777216
I200628 04:34:50.307631 7 storage/rocksdb.go:102              Options.max_total_wal_size: 0
I200628 04:34:50.307656 7 storage/rocksdb.go:102              Options.delete_obsolete_files_period_micros: 21600000000
I200628 04:34:50.307682 7 storage/rocksdb.go:102                    Options.stats_dump_period_sec: 0
I200628 04:34:50.307707 7 storage/rocksdb.go:102                  Options.stats_persist_period_sec: 600
I200628 04:34:50.307732 7 storage/rocksdb.go:102                  Options.stats_history_buffer_size: 1048576
I200628 04:34:50.307756 7 storage/rocksdb.go:102                           Options.max_open_files: 3840
I200628 04:34:50.307780 7 storage/rocksdb.go:102                           Options.bytes_per_sync: 524288
I200628 04:34:50.307805 7 storage/rocksdb.go:102                       Options.wal_bytes_per_sync: 0
I200628 04:34:50.307829 7 storage/rocksdb.go:102                    Options.strict_bytes_per_sync: 1
I200628 04:34:50.307855 7 storage/rocksdb.go:102        Options.compaction_readahead_size: 0
I200628 04:34:50.307879 7 storage/rocksdb.go:102  Compression algorithms supported:
I200628 04:34:50.307905 7 storage/rocksdb.go:102  	kZSTDNotFinalCompression supported: 0
I200628 04:34:50.307930 7 storage/rocksdb.go:102  	kZSTD supported: 0
I200628 04:34:50.307955 7 storage/rocksdb.go:102  	kXpressCompression supported: 0
I200628 04:34:50.307980 7 storage/rocksdb.go:102  	kLZ4HCCompression supported: 0
I200628 04:34:50.308004 7 storage/rocksdb.go:102  	kLZ4Compression supported: 0
I200628 04:34:50.308029 7 storage/rocksdb.go:102  	kBZip2Compression supported: 0
I200628 04:34:50.308053 7 storage/rocksdb.go:102  	kZlibCompression supported: 0
I200628 04:34:50.308079 7 storage/rocksdb.go:102  	kSnappyCompression supported: 1
I200628 04:34:50.308116 7 storage/rocksdb.go:102  Fast CRC32 supported: Supported on x86
I200628 04:34:50.308408 7 storage/rocksdb.go:102  [db/db_impl_open.cc:242] Creating manifest 1 
I200628 04:34:50.597267 7 storage/rocksdb.go:102  [db/version_set.cc:4072] Recovering from manifest file: /home/santiago/go/src/github.com/Santiagozh1998/SpyServer/cockroach-data/MANIFEST-000001
I200628 04:34:50.597544 7 storage/rocksdb.go:102  [db/column_family.cc:488] --------------- Options for column family [default]:
I200628 04:34:50.597569 7 storage/rocksdb.go:102                Options.comparator: cockroach_comparator
I200628 04:34:50.597590 7 storage/rocksdb.go:102            Options.merge_operator: cockroach_merge_operator
I200628 04:34:50.597610 7 storage/rocksdb.go:102         Options.compaction_filter: None
I200628 04:34:50.597630 7 storage/rocksdb.go:102         Options.compaction_filter_factory: None
I200628 04:34:50.597648 7 storage/rocksdb.go:102          Options.memtable_factory: SkipListFactory
I200628 04:34:50.597666 7 storage/rocksdb.go:102             Options.table_factory: BlockBasedTable
I200628 04:34:50.597815 7 storage/rocksdb.go:102             table_factory options:   flush_block_policy_factory: FlushBlockBySizePolicyFactory (0x7f8303624038)
  cache_index_and_filter_blocks: 0
  cache_index_and_filter_blocks_with_high_priority: 0
  pin_l0_filter_and_index_blocks_in_cache: 0
  pin_top_level_index_and_filter: 1
  index_type: 0
  data_block_index_type: 0
  index_shortening: 1
  data_block_hash_table_util_ratio: 0.750000
  hash_index_allow_collision: 1
  checksum: 1
  no_block_cache: 0
  block_cache: 0x7f830364b210
  block_cache_name: LRUCache
  block_cache_options:
    capacity : 67108864
    num_shard_bits : 4
    strict_capacity_limit : 0
    memory_allocator : None
    high_pri_pool_ratio: 0.000
  block_cache_compressed: (nil)
  persistent_cache: (nil)
  block_size: 32768
  block_size_deviation: 10
  block_restart_interval: 16
  index_block_restart_interval: 1
  metadata_block_size: 4096
  partition_filters: 0
  use_delta_encoding: 1
  filter_policy: rocksdb.BuiltinBloomFilter
  whole_key_filtering: 0
  verify_compression: 0
  read_amp_bytes_per_bit: 0
  format_version: 2
  enable_index_compression: 1
  block_align: 0
I200628 04:34:50.597840 7 storage/rocksdb.go:102         Options.write_buffer_size: 67108864
I200628 04:34:50.597865 7 storage/rocksdb.go:102   Options.max_write_buffer_number: 4
I200628 04:34:50.597883 7 storage/rocksdb.go:102           Options.compression: Snappy
I200628 04:34:50.597901 7 storage/rocksdb.go:102                   Options.bottommost_compression: Disabled
I200628 04:34:50.597920 7 storage/rocksdb.go:102        Options.prefix_extractor: cockroach_prefix_extractor
I200628 04:34:50.597938 7 storage/rocksdb.go:102    Options.memtable_insert_with_hint_prefix_extractor: nullptr
I200628 04:34:50.597956 7 storage/rocksdb.go:102              Options.num_levels: 7
I200628 04:34:50.597974 7 storage/rocksdb.go:102         Options.min_write_buffer_number_to_merge: 1
I200628 04:34:50.597992 7 storage/rocksdb.go:102      Options.max_write_buffer_number_to_maintain: 0
I200628 04:34:50.598010 7 storage/rocksdb.go:102             Options.bottommost_compression_opts.window_bits: -14
I200628 04:34:50.598028 7 storage/rocksdb.go:102                   Options.bottommost_compression_opts.level: 32767
I200628 04:34:50.598046 7 storage/rocksdb.go:102                Options.bottommost_compression_opts.strategy: 0
I200628 04:34:50.598065 7 storage/rocksdb.go:102          Options.bottommost_compression_opts.max_dict_bytes: 0
I200628 04:34:50.598084 7 storage/rocksdb.go:102          Options.bottommost_compression_opts.zstd_max_train_bytes: 0
I200628 04:34:50.598101 7 storage/rocksdb.go:102                   Options.bottommost_compression_opts.enabled: false
I200628 04:34:50.598119 7 storage/rocksdb.go:102             Options.compression_opts.window_bits: -14
I200628 04:34:50.598137 7 storage/rocksdb.go:102                   Options.compression_opts.level: 32767
I200628 04:34:50.598155 7 storage/rocksdb.go:102                Options.compression_opts.strategy: 0
I200628 04:34:50.598172 7 storage/rocksdb.go:102          Options.compression_opts.max_dict_bytes: 0
I200628 04:34:50.598190 7 storage/rocksdb.go:102          Options.compression_opts.zstd_max_train_bytes: 0
I200628 04:34:50.598208 7 storage/rocksdb.go:102                   Options.compression_opts.enabled: false
I200628 04:34:50.598226 7 storage/rocksdb.go:102       Options.level0_file_num_compaction_trigger: 2
I200628 04:34:50.598243 7 storage/rocksdb.go:102           Options.level0_slowdown_writes_trigger: 950
I200628 04:34:50.598261 7 storage/rocksdb.go:102               Options.level0_stop_writes_trigger: 1000
I200628 04:34:50.598279 7 storage/rocksdb.go:102                    Options.target_file_size_base: 4194304
I200628 04:34:50.598297 7 storage/rocksdb.go:102              Options.target_file_size_multiplier: 2
I200628 04:34:50.598314 7 storage/rocksdb.go:102                 Options.max_bytes_for_level_base: 67108864
I200628 04:34:50.598332 7 storage/rocksdb.go:102  Options.level_compaction_dynamic_level_bytes: 1
I200628 04:34:50.598355 7 storage/rocksdb.go:102           Options.max_bytes_for_level_multiplier: 10.000000
I200628 04:34:50.598374 7 storage/rocksdb.go:102  Options.max_bytes_for_level_multiplier_addtl[0]: 1
I200628 04:34:50.598393 7 storage/rocksdb.go:102  Options.max_bytes_for_level_multiplier_addtl[1]: 1
I200628 04:34:50.598411 7 storage/rocksdb.go:102  Options.max_bytes_for_level_multiplier_addtl[2]: 1
I200628 04:34:50.598429 7 storage/rocksdb.go:102  Options.max_bytes_for_level_multiplier_addtl[3]: 1
I200628 04:34:50.598448 7 storage/rocksdb.go:102  Options.max_bytes_for_level_multiplier_addtl[4]: 1
I200628 04:34:50.598466 7 storage/rocksdb.go:102  Options.max_bytes_for_level_multiplier_addtl[5]: 1
I200628 04:34:50.598485 7 storage/rocksdb.go:102  Options.max_bytes_for_level_multiplier_addtl[6]: 1
I200628 04:34:50.598502 7 storage/rocksdb.go:102        Options.max_sequential_skip_in_iterations: 8
I200628 04:34:50.598522 7 storage/rocksdb.go:102                     Options.max_compaction_bytes: 104857600
I200628 04:34:50.598540 7 storage/rocksdb.go:102                         Options.arena_block_size: 8388608
I200628 04:34:50.598558 7 storage/rocksdb.go:102    Options.soft_pending_compaction_bytes_limit: 2199023255552
I200628 04:34:50.598576 7 storage/rocksdb.go:102    Options.hard_pending_compaction_bytes_limit: 4400193994752
I200628 04:34:50.598594 7 storage/rocksdb.go:102        Options.rate_limit_delay_max_milliseconds: 100
I200628 04:34:50.598612 7 storage/rocksdb.go:102                 Options.disable_auto_compactions: 0
I200628 04:34:50.598634 7 storage/rocksdb.go:102                         Options.compaction_style: kCompactionStyleLevel
I200628 04:34:50.598656 7 storage/rocksdb.go:102                           Options.compaction_pri: kMinOverlappingRatio
I200628 04:34:50.598673 7 storage/rocksdb.go:102  Options.compaction_options_universal.size_ratio: 1
I200628 04:34:50.598691 7 storage/rocksdb.go:102  Options.compaction_options_universal.min_merge_width: 2
I200628 04:34:50.598709 7 storage/rocksdb.go:102  Options.compaction_options_universal.max_merge_width: 4294967295
I200628 04:34:50.598727 7 storage/rocksdb.go:102  Options.compaction_options_universal.max_size_amplification_percent: 200
I200628 04:34:50.598745 7 storage/rocksdb.go:102  Options.compaction_options_universal.compression_size_percent: -1
I200628 04:34:50.598765 7 storage/rocksdb.go:102  Options.compaction_options_universal.stop_style: kCompactionStopStyleTotalSize
I200628 04:34:50.598784 7 storage/rocksdb.go:102  Options.compaction_options_fifo.max_table_files_size: 1073741824
I200628 04:34:50.598803 7 storage/rocksdb.go:102  Options.compaction_options_fifo.allow_compaction: 0
I200628 04:34:50.598831 7 storage/rocksdb.go:102                    Options.table_properties_collectors: TimeBoundTblPropCollectorFactory; DeleteRangeTblPropCollectorFactory; 
I200628 04:34:50.598851 7 storage/rocksdb.go:102                    Options.inplace_update_support: 0
I200628 04:34:50.598869 7 storage/rocksdb.go:102                  Options.inplace_update_num_locks: 10000
I200628 04:34:50.598889 7 storage/rocksdb.go:102                Options.memtable_prefix_bloom_size_ratio: 0.000000
I200628 04:34:50.598907 7 storage/rocksdb.go:102                Options.memtable_whole_key_filtering: 0
I200628 04:34:50.598926 7 storage/rocksdb.go:102    Options.memtable_huge_page_size: 0
I200628 04:34:50.598944 7 storage/rocksdb.go:102                            Options.bloom_locality: 0
I200628 04:34:50.598962 7 storage/rocksdb.go:102                     Options.max_successive_merges: 0
I200628 04:34:50.598980 7 storage/rocksdb.go:102                 Options.optimize_filters_for_hits: 1
I200628 04:34:50.598998 7 storage/rocksdb.go:102                 Options.paranoid_file_checks: 0
I200628 04:34:50.599015 7 storage/rocksdb.go:102                 Options.force_consistency_checks: 0
I200628 04:34:50.599033 7 storage/rocksdb.go:102                 Options.report_bg_io_stats: 0
I200628 04:34:50.599052 7 storage/rocksdb.go:102                                Options.ttl: 0
I200628 04:34:50.599071 7 storage/rocksdb.go:102           Options.periodic_compaction_seconds: 0
I200628 04:34:50.600421 7 storage/rocksdb.go:102  [db/version_set.cc:4286] Recovered from manifest file:/home/santiago/go/src/github.com/Santiagozh1998/SpyServer/cockroach-data/MANIFEST-000001 succeeded,manifest_file_number is 1, next_file_number is 3, last_sequence is 0, log_number is 0,prev_log_number is 0,max_column_family is 0,min_log_number_to_keep is 0
I200628 04:34:50.600456 7 storage/rocksdb.go:102  [db/version_set.cc:4295] Column family [default] (ID 0), log number is 0
I200628 04:34:50.666853 7 storage/rocksdb.go:102  DB pointer 0x7f830378b000
I200628 05:18:33.083509 122 storage/rocksdb.go:102  [db/db_impl_write.cc:1437] [default] New memtable created with log file: #6. Immutable memtables: 0.
I200628 05:18:33.084169 17 storage/rocksdb.go:102  (Original Log Time 2020/06/28-00:18:33.083897) [db/db_impl_compaction_flush.cc:2097] Calling FlushMemTableToOutputFile with column family [default], flush slots available 1, compaction slots available 1, flush slots scheduled 1, compaction slots scheduled 0
I200628 05:18:33.084327 17 storage/rocksdb.go:102  [db/flush_job.cc:322] [default] [JOB 2] Flushing memtable with next log file: 6
I200628 05:18:33.084535 17 storage/rocksdb.go:102  EVENT_LOG_v1 {"time_micros": 1593321513084458, "job": 2, "event": "flush_started", "num_memtables": 1, "num_entries": 214896, "num_deletes": 5660, "total_data_size": 61097149, "memory_usage": 65071392, "flush_reason": "Write Buffer Full"}
I200628 05:18:33.084656 17 storage/rocksdb.go:102  [db/flush_job.cc:351] [default] [JOB 2] Level-0 flush table #7: started
I200628 05:18:35.051129 17 storage/rocksdb.go:102  EVENT_LOG_v1 {"time_micros": 1593321515050891, "cf_name": "default", "job": 2, "event": "table_file_creation", "file_number": 7, "file_size": 467540, "table_properties": {"data_size": 454195, "index_size": 4505, "index_partitions": 0, "top_level_index_size": 0, "index_key_is_user_key": 0, "index_value_is_delta_encoded": 0, "filter_size": 10053, "raw_key_size": 285619, "raw_average_key_size": 31, "raw_value_size": 2345202, "raw_average_value_size": 257, "num_data_blocks": 74, "num_entries": 9107, "num_deletions": 5453, "num_merge_operands": 1384, "num_range_deletions": 1384, "format_version": 0, "fixed_key_len": 0, "filter_policy": "rocksdb.BuiltinBloomFilter", "column_family_name": "default", "column_family_id": 0, "comparator": "cockroach_comparator", "merge_operator": "cockroach_merge_operator", "prefix_extractor_name": "cockroach_prefix_extractor", "property_collectors": "[TimeBoundTblPropCollectorFactory,DeleteRangeTblPropCollectorFactory]", "compression": "Snappy", "compression_options": "window_bits=-14; level=32767; strategy=0; max_dict_bytes=0; zstd_max_train_bytes=0; enabled=0; ", "creation_time": 1593321513, "oldest_key_time": 1593318890, "file_creation_time": 1593321513}}
I200628 05:18:35.051229 17 storage/rocksdb.go:102  [db/flush_job.cc:392] [default] [JOB 2] Level-0 flush table #7: 467540 bytes OK
I200628 05:18:35.094712 17 storage/rocksdb.go:102  [db/version_set.cc:3560] Creating manifest 8
I200628 05:18:35.207002 17 storage/rocksdb.go:102  [db/db_impl_files.cc:194] adding log 3 to recycle list
I200628 05:18:35.207069 17 storage/rocksdb.go:102  (Original Log Time 2020/06/28-00:18:35.094469) [db/memtable_list.cc:389] [default] Level-0 commit table #7 started
I200628 05:18:35.207109 17 storage/rocksdb.go:102  (Original Log Time 2020/06/28-00:18:35.206599) [db/memtable_list.cc:437] [default] Level-0 commit table #7: memtable #1 done
I200628 05:18:35.207153 17 storage/rocksdb.go:102  (Original Log Time 2020/06/28-00:18:35.206686) EVENT_LOG_v1 {"time_micros": 1593321515206647, "job": 2, "event": "flush_finished", "output_compression": "Snappy", "lsm_state": [1, 0, 0, 0, 0, 0, 0], "immutable_memtables": 0}
I200628 05:18:35.207201 17 storage/rocksdb.go:102  (Original Log Time 2020/06/28-00:18:35.206737) [db/db_impl_compaction_flush.cc:208] [default] Level summary: files[1 0 0 0 0 0 0] max score 0.50
I200628 05:18:35.207253 17 storage/rocksdb.go:102  [db/db_impl_files.cc:356] [JOB 2] Try to delete WAL files size 59717319, prev total WAL file size 59774499, number of live WAL files 2.
I200628 05:19:40.002702 17 storage/rocksdb.go:102  [db/compaction_job.cc:1647] [default] [JOB 3] Compacting 1@0 files to L0, score 0.00
I200628 05:19:40.002755 17 storage/rocksdb.go:102  [db/compaction_job.cc:1651] [default] Compaction start summary: Base version 2 Base level 0, inputs: [7(456KB)]
I200628 05:19:40.002887 17 storage/rocksdb.go:102  EVENT_LOG_v1 {"time_micros": 1593321580002805, "job": 3, "event": "compaction_started", "compaction_reason": "BottommostFiles", "files_L0": [7], "score": 0, "input_data_size": 467540}
I200628 05:19:40.112923 17 storage/rocksdb.go:102  [db/compaction_job.cc:1334] [default] [JOB 3] Generated table #9: 3654 keys, 387404 bytes
I200628 05:19:40.113158 17 storage/rocksdb.go:102  EVENT_LOG_v1 {"time_micros": 1593321580112993, "cf_name": "default", "job": 3, "event": "table_file_creation", "file_number": 9, "file_size": 387404, "table_properties": {"data_size": 384649, "index_size": 3561, "index_partitions": 0, "top_level_index_size": 0, "index_key_is_user_key": 0, "index_value_is_delta_encoded": 0, "filter_size": 0, "raw_key_size": 142850, "raw_average_key_size": 39, "raw_value_size": 2277189, "raw_average_value_size": 623, "num_data_blocks": 70, "num_entries": 3654, "num_deletions": 0, "num_merge_operands": 0, "num_range_deletions": 0, "format_version": 0, "fixed_key_len": 0, "filter_policy": "rocksdb.BuiltinBloomFilter", "column_family_name": "default", "column_family_id": 0, "comparator": "cockroach_comparator", "merge_operator": "cockroach_merge_operator", "prefix_extractor_name": "cockroach_prefix_extractor", "property_collectors": "[TimeBoundTblPropCollectorFactory,DeleteRangeTblPropCollectorFactory]", "compression": "Snappy", "compression_options": "window_bits=-14; level=32767; strategy=0; max_dict_bytes=0; zstd_max_train_bytes=0; enabled=0; ", "creation_time": 1593321513, "oldest_key_time": 0, "file_creation_time": 1593321579}}
I200628 05:19:40.157781 17 storage/rocksdb.go:102  [db/compaction_job.cc:1397] [default] [JOB 3] Compacted 1@0 files to L0 => 387404 bytes
I200628 05:19:40.190883 17 storage/rocksdb.go:102  (Original Log Time 2020/06/28-00:19:40.190411) [db/compaction_job.cc:770] [default] compacted to: files[1 0 0 0 0 0 0] max score 0.50, MB/sec: 4.2 rd, 3.5 wr, level 0, files in(0, 1) out(1) MB in(0.0, 0.4) out(0.4), read-write-amplify(0.0) write-amplify(0.0) OK, records in: 9107, records dropped: 5453 output_compression: Snappy
I200628 05:19:40.190957 17 storage/rocksdb.go:102  (Original Log Time 2020/06/28-00:19:40.190552) EVENT_LOG_v1 {"time_micros": 1593321580190476, "job": 3, "event": "compaction_finished", "compaction_time_micros": 110352, "compaction_time_cpu_micros": 65601, "output_level": 0, "num_output_files": 1, "total_output_size": 387404, "num_input_records": 9107, "num_output_records": 3654, "num_subcompactions": 1, "output_compression": "Snappy", "num_single_delete_mismatches": 0, "num_single_delete_fallthrough": 0, "lsm_state": [1, 0, 0, 0, 0, 0, 0]}
I200628 05:19:40.191619 17 storage/rocksdb.go:102  EVENT_LOG_v1 {"time_micros": 1593321580191553, "job": 3, "event": "table_file_deletion", "file_number": 7}
I200628 05:21:16.343144 51253 storage/rocksdb.go:102  bloom filter utility:    -nan%
I200628 05:21:16.389489 51253 storage/rocksdb.go:102  [db/db_impl.cc:392] Shutdown: canceling all background work
I200628 05:21:16.432432 51253 storage/rocksdb.go:102  [db/db_impl.cc:565] Shutdown complete
I200628 05:21:16.521989 51253 storage/rocksdb.go:102  bloom filter utility:    7.6%
I200628 05:21:16.565969 51253 storage/rocksdb.go:102  [db/db_impl.cc:392] Shutdown: canceling all background work
I200628 05:21:16.612827 51253 storage/rocksdb.go:102  [db/db_impl.cc:565] Shutdown complete
