I200903 17:23:24.322298 46 util/log/sync_buffer.go:70  [config] file created at: 2020/09/03 17:23:24
I200903 17:23:24.322298 46 util/log/sync_buffer.go:70  [config] running on machine: santiago-HP-Notebook
I200903 17:23:24.322298 46 util/log/sync_buffer.go:70  [config] binary: CockroachDB CCL v20.1.2 (x86_64-unknown-linux-gnu, built 2020/06/09 16:11:36, go1.13.9)
I200903 17:23:24.322298 46 util/log/sync_buffer.go:70  [config] arguments: [cockroach start --insecure]
I200903 17:23:24.322298 46 util/log/sync_buffer.go:70  line format: [IWEF]yymmdd hh:mm:ss.uuuuuu goid file:line msg utf8=✓
I200903 17:23:24.322296 46 storage/rocksdb.go:102  RocksDB version: 6.2.1
I200903 17:23:24.335595 46 storage/rocksdb.go:102  Git sha rocksdb_build_git_sha:@e494e15a0b08c13fafd5710f279f348d47d476de@
I200903 17:23:24.335622 46 storage/rocksdb.go:102  Compile date Jun  9 2020
I200903 17:23:24.335648 46 storage/rocksdb.go:102  DB SUMMARY
I200903 17:23:24.335799 46 storage/rocksdb.go:102  SST files in /home/santiago/go/src/github.com/Santiagozh1998/SpyServer/cockroach-data/cockroach-temp266264522 dir, Total Num: 0, files: 
I200903 17:23:24.335833 46 storage/rocksdb.go:102  Write Ahead Log file in /home/santiago/go/src/github.com/Santiagozh1998/SpyServer/cockroach-data/cockroach-temp266264522: 
I200903 17:23:24.335862 46 storage/rocksdb.go:102                          Options.error_if_exists: 0
I200903 17:23:24.335886 46 storage/rocksdb.go:102                        Options.create_if_missing: 1
I200903 17:23:24.335910 46 storage/rocksdb.go:102                          Options.paranoid_checks: 1
I200903 17:23:24.335935 46 storage/rocksdb.go:102                                      Options.env: 0x7571de0
I200903 17:23:24.335959 46 storage/rocksdb.go:102                                 Options.info_log: 0x7f0b82419140
I200903 17:23:24.335984 46 storage/rocksdb.go:102                 Options.max_file_opening_threads: 16
I200903 17:23:24.336009 46 storage/rocksdb.go:102                               Options.statistics: 0x7f0b82429010
I200903 17:23:24.336034 46 storage/rocksdb.go:102                                Options.use_fsync: 0
I200903 17:23:24.336058 46 storage/rocksdb.go:102                        Options.max_log_file_size: 0
I200903 17:23:24.336084 46 storage/rocksdb.go:102                   Options.max_manifest_file_size: 134217728
I200903 17:23:24.336109 46 storage/rocksdb.go:102                    Options.log_file_time_to_roll: 0
I200903 17:23:24.336133 46 storage/rocksdb.go:102                        Options.keep_log_file_num: 1000
I200903 17:23:24.336156 46 storage/rocksdb.go:102                     Options.recycle_log_file_num: 1
I200903 17:23:24.336179 46 storage/rocksdb.go:102                          Options.allow_fallocate: 1
I200903 17:23:24.336203 46 storage/rocksdb.go:102                         Options.allow_mmap_reads: 0
I200903 17:23:24.336227 46 storage/rocksdb.go:102                        Options.allow_mmap_writes: 0
I200903 17:23:24.336253 46 storage/rocksdb.go:102                         Options.use_direct_reads: 0
I200903 17:23:24.336277 46 storage/rocksdb.go:102                         Options.use_direct_io_for_flush_and_compaction: 0
I200903 17:23:24.336300 46 storage/rocksdb.go:102           Options.create_missing_column_families: 0
I200903 17:23:24.336324 46 storage/rocksdb.go:102                               Options.db_log_dir: 
I200903 17:23:24.336348 46 storage/rocksdb.go:102                                  Options.wal_dir: /home/santiago/go/src/github.com/Santiagozh1998/SpyServer/cockroach-data/cockroach-temp266264522
I200903 17:23:24.336372 46 storage/rocksdb.go:102                 Options.table_cache_numshardbits: 6
I200903 17:23:24.336396 46 storage/rocksdb.go:102                       Options.max_subcompactions: 1
I200903 17:23:24.336419 46 storage/rocksdb.go:102                   Options.max_background_flushes: -1
I200903 17:23:24.336443 46 storage/rocksdb.go:102                          Options.WAL_ttl_seconds: 0
I200903 17:23:24.336467 46 storage/rocksdb.go:102                        Options.WAL_size_limit_MB: 0
I200903 17:23:24.336491 46 storage/rocksdb.go:102              Options.manifest_preallocation_size: 4194304
I200903 17:23:24.336515 46 storage/rocksdb.go:102                      Options.is_fd_close_on_exec: 1
I200903 17:23:24.336539 46 storage/rocksdb.go:102                    Options.advise_random_on_open: 1
I200903 17:23:24.336564 46 storage/rocksdb.go:102                     Options.db_write_buffer_size: 0
I200903 17:23:24.336588 46 storage/rocksdb.go:102                     Options.write_buffer_manager: 0x7f0b82491030
I200903 17:23:24.336613 46 storage/rocksdb.go:102          Options.access_hint_on_compaction_start: 1
I200903 17:23:24.336639 46 storage/rocksdb.go:102   Options.new_table_reader_for_compaction_inputs: 0
I200903 17:23:24.336663 46 storage/rocksdb.go:102            Options.random_access_max_buffer_size: 1048576
I200903 17:23:24.336688 46 storage/rocksdb.go:102                       Options.use_adaptive_mutex: 0
I200903 17:23:24.336714 46 storage/rocksdb.go:102                             Options.rate_limiter: (nil)
I200903 17:23:24.336740 46 storage/rocksdb.go:102      Options.sst_file_manager.rate_bytes_per_sec: 0
I200903 17:23:24.336766 46 storage/rocksdb.go:102                        Options.wal_recovery_mode: 0
I200903 17:23:24.336790 46 storage/rocksdb.go:102                   Options.enable_thread_tracking: 0
I200903 17:23:24.336813 46 storage/rocksdb.go:102                   Options.enable_pipelined_write: 0
I200903 17:23:24.336839 46 storage/rocksdb.go:102          Options.allow_concurrent_memtable_write: 1
I200903 17:23:24.336863 46 storage/rocksdb.go:102       Options.enable_write_thread_adaptive_yield: 1
I200903 17:23:24.336887 46 storage/rocksdb.go:102              Options.write_thread_max_yield_usec: 100
I200903 17:23:24.336911 46 storage/rocksdb.go:102             Options.write_thread_slow_yield_usec: 3
I200903 17:23:24.336933 46 storage/rocksdb.go:102                                Options.row_cache: None
I200903 17:23:24.336958 46 storage/rocksdb.go:102                               Options.wal_filter: None
I200903 17:23:24.336982 46 storage/rocksdb.go:102              Options.avoid_flush_during_recovery: 0
I200903 17:23:24.337006 46 storage/rocksdb.go:102              Options.allow_ingest_behind: 0
I200903 17:23:24.337030 46 storage/rocksdb.go:102              Options.preserve_deletes: 0
I200903 17:23:24.337055 46 storage/rocksdb.go:102              Options.two_write_queues: 0
I200903 17:23:24.337079 46 storage/rocksdb.go:102              Options.manual_wal_flush: 1
I200903 17:23:24.337103 46 storage/rocksdb.go:102              Options.atomic_flush: 0
I200903 17:23:24.337128 46 storage/rocksdb.go:102              Options.avoid_unnecessary_blocking_io: 0
I200903 17:23:24.337152 46 storage/rocksdb.go:102              Options.max_background_jobs: 4
I200903 17:23:24.337177 46 storage/rocksdb.go:102              Options.max_background_compactions: -1
I200903 17:23:24.337200 46 storage/rocksdb.go:102              Options.avoid_flush_during_shutdown: 0
I200903 17:23:24.337224 46 storage/rocksdb.go:102            Options.writable_file_max_buffer_size: 1048576
I200903 17:23:24.337248 46 storage/rocksdb.go:102              Options.delayed_write_rate : 16777216
I200903 17:23:24.337294 46 storage/rocksdb.go:102              Options.max_total_wal_size: 0
I200903 17:23:24.337318 46 storage/rocksdb.go:102              Options.delete_obsolete_files_period_micros: 21600000000
I200903 17:23:24.337372 46 storage/rocksdb.go:102                    Options.stats_dump_period_sec: 0
I200903 17:23:24.337402 46 storage/rocksdb.go:102                  Options.stats_persist_period_sec: 600
I200903 17:23:24.337427 46 storage/rocksdb.go:102                  Options.stats_history_buffer_size: 1048576
I200903 17:23:24.337452 46 storage/rocksdb.go:102                           Options.max_open_files: 128
I200903 17:23:24.337477 46 storage/rocksdb.go:102                           Options.bytes_per_sync: 524288
I200903 17:23:24.337502 46 storage/rocksdb.go:102                       Options.wal_bytes_per_sync: 0
I200903 17:23:24.337525 46 storage/rocksdb.go:102                    Options.strict_bytes_per_sync: 1
I200903 17:23:24.337549 46 storage/rocksdb.go:102        Options.compaction_readahead_size: 0
I200903 17:23:24.337572 46 storage/rocksdb.go:102  Compression algorithms supported:
I200903 17:23:24.337597 46 storage/rocksdb.go:102  	kZSTDNotFinalCompression supported: 0
I200903 17:23:24.337621 46 storage/rocksdb.go:102  	kZSTD supported: 0
I200903 17:23:24.337646 46 storage/rocksdb.go:102  	kXpressCompression supported: 0
I200903 17:23:24.337670 46 storage/rocksdb.go:102  	kLZ4HCCompression supported: 0
I200903 17:23:24.337694 46 storage/rocksdb.go:102  	kLZ4Compression supported: 0
I200903 17:23:24.337718 46 storage/rocksdb.go:102  	kBZip2Compression supported: 0
I200903 17:23:24.337742 46 storage/rocksdb.go:102  	kZlibCompression supported: 0
I200903 17:23:24.337766 46 storage/rocksdb.go:102  	kSnappyCompression supported: 1
I200903 17:23:24.337802 46 storage/rocksdb.go:102  Fast CRC32 supported: Supported on x86
I200903 17:23:24.338066 46 storage/rocksdb.go:102  [db/db_impl_open.cc:242] Creating manifest 1 
I200903 17:23:24.602205 46 storage/rocksdb.go:102  [db/version_set.cc:4072] Recovering from manifest file: /home/santiago/go/src/github.com/Santiagozh1998/SpyServer/cockroach-data/cockroach-temp266264522/MANIFEST-000001
I200903 17:23:24.604805 46 storage/rocksdb.go:102  [db/column_family.cc:488] --------------- Options for column family [default]:
I200903 17:23:24.604829 46 storage/rocksdb.go:102                Options.comparator: cockroach_comparator
I200903 17:23:24.604851 46 storage/rocksdb.go:102            Options.merge_operator: cockroach_merge_operator
I200903 17:23:24.604876 46 storage/rocksdb.go:102         Options.compaction_filter: None
I200903 17:23:24.604897 46 storage/rocksdb.go:102         Options.compaction_filter_factory: None
I200903 17:23:24.604918 46 storage/rocksdb.go:102          Options.memtable_factory: SkipListFactory
I200903 17:23:24.604938 46 storage/rocksdb.go:102             Options.table_factory: BlockBasedTable
I200903 17:23:24.605037 46 storage/rocksdb.go:102             table_factory options:   flush_block_policy_factory: FlushBlockBySizePolicyFactory (0x7f0b8241d030)
  cache_index_and_filter_blocks: 0
  cache_index_and_filter_blocks_with_high_priority: 0
  pin_l0_filter_and_index_blocks_in_cache: 0
  pin_top_level_index_and_filter: 1
  index_type: 0
  data_block_index_type: 0
  index_shortening: 1
  data_block_hash_table_util_ratio: 0.750000
  hash_index_allow_collision: 1
  checksum: 1
  no_block_cache: 0
  block_cache: 0x7f0b8240e010
  block_cache_name: LRUCache
  block_cache_options:
    capacity : 1048576
    num_shard_bits : 4
    strict_capacity_limit : 0
    memory_allocator : None
    high_pri_pool_ratio: 0.000
  block_cache_compressed: (nil)
  persistent_cache: (nil)
  block_size: 32768
  block_size_deviation: 10
  block_restart_interval: 16
  index_block_restart_interval: 1
  metadata_block_size: 4096
  partition_filters: 0
  use_delta_encoding: 1
  filter_policy: rocksdb.BuiltinBloomFilter
  whole_key_filtering: 0
  verify_compression: 0
  read_amp_bytes_per_bit: 0
  format_version: 2
  enable_index_compression: 1
  block_align: 0
I200903 17:23:24.605063 46 storage/rocksdb.go:102         Options.write_buffer_size: 67108864
I200903 17:23:24.605087 46 storage/rocksdb.go:102   Options.max_write_buffer_number: 4
I200903 17:23:24.605109 46 storage/rocksdb.go:102           Options.compression: Snappy
I200903 17:23:24.605130 46 storage/rocksdb.go:102                   Options.bottommost_compression: Disabled
I200903 17:23:24.605152 46 storage/rocksdb.go:102        Options.prefix_extractor: cockroach_prefix_extractor
I200903 17:23:24.605172 46 storage/rocksdb.go:102    Options.memtable_insert_with_hint_prefix_extractor: nullptr
I200903 17:23:24.605192 46 storage/rocksdb.go:102              Options.num_levels: 7
I200903 17:23:24.605213 46 storage/rocksdb.go:102         Options.min_write_buffer_number_to_merge: 1
I200903 17:23:24.605233 46 storage/rocksdb.go:102      Options.max_write_buffer_number_to_maintain: 0
I200903 17:23:24.605253 46 storage/rocksdb.go:102             Options.bottommost_compression_opts.window_bits: -14
I200903 17:23:24.605274 46 storage/rocksdb.go:102                   Options.bottommost_compression_opts.level: 32767
I200903 17:23:24.605295 46 storage/rocksdb.go:102                Options.bottommost_compression_opts.strategy: 0
I200903 17:23:24.605317 46 storage/rocksdb.go:102          Options.bottommost_compression_opts.max_dict_bytes: 0
I200903 17:23:24.605384 46 storage/rocksdb.go:102          Options.bottommost_compression_opts.zstd_max_train_bytes: 0
I200903 17:23:24.605402 46 storage/rocksdb.go:102                   Options.bottommost_compression_opts.enabled: false
I200903 17:23:24.605430 46 storage/rocksdb.go:102             Options.compression_opts.window_bits: -14
I200903 17:23:24.605450 46 storage/rocksdb.go:102                   Options.compression_opts.level: 32767
I200903 17:23:24.605470 46 storage/rocksdb.go:102                Options.compression_opts.strategy: 0
I200903 17:23:24.605490 46 storage/rocksdb.go:102          Options.compression_opts.max_dict_bytes: 0
I200903 17:23:24.605510 46 storage/rocksdb.go:102          Options.compression_opts.zstd_max_train_bytes: 0
I200903 17:23:24.605530 46 storage/rocksdb.go:102                   Options.compression_opts.enabled: false
I200903 17:23:24.605550 46 storage/rocksdb.go:102       Options.level0_file_num_compaction_trigger: 2
I200903 17:23:24.605570 46 storage/rocksdb.go:102           Options.level0_slowdown_writes_trigger: 950
I200903 17:23:24.605591 46 storage/rocksdb.go:102               Options.level0_stop_writes_trigger: 1000
I200903 17:23:24.605611 46 storage/rocksdb.go:102                    Options.target_file_size_base: 4194304
I200903 17:23:24.605631 46 storage/rocksdb.go:102              Options.target_file_size_multiplier: 2
I200903 17:23:24.605651 46 storage/rocksdb.go:102                 Options.max_bytes_for_level_base: 67108864
I200903 17:23:24.605671 46 storage/rocksdb.go:102  Options.level_compaction_dynamic_level_bytes: 1
I200903 17:23:24.605697 46 storage/rocksdb.go:102           Options.max_bytes_for_level_multiplier: 10.000000
I200903 17:23:24.605718 46 storage/rocksdb.go:102  Options.max_bytes_for_level_multiplier_addtl[0]: 1
I200903 17:23:24.605739 46 storage/rocksdb.go:102  Options.max_bytes_for_level_multiplier_addtl[1]: 1
I200903 17:23:24.605759 46 storage/rocksdb.go:102  Options.max_bytes_for_level_multiplier_addtl[2]: 1
I200903 17:23:24.605779 46 storage/rocksdb.go:102  Options.max_bytes_for_level_multiplier_addtl[3]: 1
I200903 17:23:24.605800 46 storage/rocksdb.go:102  Options.max_bytes_for_level_multiplier_addtl[4]: 1
I200903 17:23:24.605820 46 storage/rocksdb.go:102  Options.max_bytes_for_level_multiplier_addtl[5]: 1
I200903 17:23:24.605841 46 storage/rocksdb.go:102  Options.max_bytes_for_level_multiplier_addtl[6]: 1
I200903 17:23:24.605861 46 storage/rocksdb.go:102        Options.max_sequential_skip_in_iterations: 8
I200903 17:23:24.605900 46 storage/rocksdb.go:102                     Options.max_compaction_bytes: 104857600
I200903 17:23:24.605921 46 storage/rocksdb.go:102                         Options.arena_block_size: 8388608
I200903 17:23:24.605947 46 storage/rocksdb.go:102    Options.soft_pending_compaction_bytes_limit: 2199023255552
I200903 17:23:24.605963 46 storage/rocksdb.go:102    Options.hard_pending_compaction_bytes_limit: 4400193994752
I200903 17:23:24.605980 46 storage/rocksdb.go:102        Options.rate_limit_delay_max_milliseconds: 100
I200903 17:23:24.605996 46 storage/rocksdb.go:102                 Options.disable_auto_compactions: 0
I200903 17:23:24.606014 46 storage/rocksdb.go:102                         Options.compaction_style: kCompactionStyleLevel
I200903 17:23:24.606033 46 storage/rocksdb.go:102                           Options.compaction_pri: kMinOverlappingRatio
I200903 17:23:24.606049 46 storage/rocksdb.go:102  Options.compaction_options_universal.size_ratio: 1
I200903 17:23:24.606065 46 storage/rocksdb.go:102  Options.compaction_options_universal.min_merge_width: 2
I200903 17:23:24.606080 46 storage/rocksdb.go:102  Options.compaction_options_universal.max_merge_width: 4294967295
I200903 17:23:24.606096 46 storage/rocksdb.go:102  Options.compaction_options_universal.max_size_amplification_percent: 200
I200903 17:23:24.606111 46 storage/rocksdb.go:102  Options.compaction_options_universal.compression_size_percent: -1
I200903 17:23:24.606129 46 storage/rocksdb.go:102  Options.compaction_options_universal.stop_style: kCompactionStopStyleTotalSize
I200903 17:23:24.606145 46 storage/rocksdb.go:102  Options.compaction_options_fifo.max_table_files_size: 1073741824
I200903 17:23:24.606161 46 storage/rocksdb.go:102  Options.compaction_options_fifo.allow_compaction: 0
I200903 17:23:24.606184 46 storage/rocksdb.go:102                    Options.table_properties_collectors: TimeBoundTblPropCollectorFactory; DeleteRangeTblPropCollectorFactory; 
I200903 17:23:24.606203 46 storage/rocksdb.go:102                    Options.inplace_update_support: 0
I200903 17:23:24.606219 46 storage/rocksdb.go:102                  Options.inplace_update_num_locks: 10000
I200903 17:23:24.606236 46 storage/rocksdb.go:102                Options.memtable_prefix_bloom_size_ratio: 0.000000
I200903 17:23:24.606252 46 storage/rocksdb.go:102                Options.memtable_whole_key_filtering: 0
I200903 17:23:24.606268 46 storage/rocksdb.go:102    Options.memtable_huge_page_size: 0
I200903 17:23:24.606283 46 storage/rocksdb.go:102                            Options.bloom_locality: 0
I200903 17:23:24.606298 46 storage/rocksdb.go:102                     Options.max_successive_merges: 0
I200903 17:23:24.606314 46 storage/rocksdb.go:102                 Options.optimize_filters_for_hits: 1
I200903 17:23:24.606329 46 storage/rocksdb.go:102                 Options.paranoid_file_checks: 0
I200903 17:23:24.606345 46 storage/rocksdb.go:102                 Options.force_consistency_checks: 0
I200903 17:23:24.606360 46 storage/rocksdb.go:102                 Options.report_bg_io_stats: 0
I200903 17:23:24.606375 46 storage/rocksdb.go:102                                Options.ttl: 0
I200903 17:23:24.606391 46 storage/rocksdb.go:102           Options.periodic_compaction_seconds: 0
I200903 17:23:24.607910 46 storage/rocksdb.go:102  [db/version_set.cc:4286] Recovered from manifest file:/home/santiago/go/src/github.com/Santiagozh1998/SpyServer/cockroach-data/cockroach-temp266264522/MANIFEST-000001 succeeded,manifest_file_number is 1, next_file_number is 3, last_sequence is 0, log_number is 0,prev_log_number is 0,max_column_family is 0,min_log_number_to_keep is 0
I200903 17:23:24.607949 46 storage/rocksdb.go:102  [db/version_set.cc:4295] Column family [default] (ID 0), log number is 0
I200903 17:23:24.686607 46 storage/rocksdb.go:102  DB pointer 0x7f0b824a0000
I200903 17:23:24.977646 46 storage/rocksdb.go:102  RocksDB version: 6.2.1
I200903 17:23:24.977687 46 storage/rocksdb.go:102  Git sha rocksdb_build_git_sha:@e494e15a0b08c13fafd5710f279f348d47d476de@
I200903 17:23:24.977702 46 storage/rocksdb.go:102  Compile date Jun  9 2020
I200903 17:23:24.977716 46 storage/rocksdb.go:102  DB SUMMARY
I200903 17:23:24.977889 46 storage/rocksdb.go:102  CURRENT file:  CURRENT
I200903 17:23:24.977907 46 storage/rocksdb.go:102  IDENTITY file:  IDENTITY
I200903 17:23:24.977934 46 storage/rocksdb.go:102  MANIFEST file:  MANIFEST-000110 size: 784 Bytes
I200903 17:23:24.977953 46 storage/rocksdb.go:102  SST files in /home/santiago/go/src/github.com/Santiagozh1998/SpyServer/cockroach-data dir, Total Num: 3, files: 000116.sst 000117.sst 000119.sst 
I200903 17:23:24.977972 46 storage/rocksdb.go:102  Write Ahead Log file in /home/santiago/go/src/github.com/Santiagozh1998/SpyServer/cockroach-data: 000114.log size: 59797151 ; 000118.log size: 51019152 ; 
I200903 17:23:24.977988 46 storage/rocksdb.go:102                          Options.error_if_exists: 0
I200903 17:23:24.978002 46 storage/rocksdb.go:102                        Options.create_if_missing: 1
I200903 17:23:24.978016 46 storage/rocksdb.go:102                          Options.paranoid_checks: 1
I200903 17:23:24.978029 46 storage/rocksdb.go:102                                      Options.env: 0x7571de0
I200903 17:23:24.978042 46 storage/rocksdb.go:102                                 Options.info_log: 0x7f0b8bc87ec0
I200903 17:23:24.978056 46 storage/rocksdb.go:102                 Options.max_file_opening_threads: 16
I200903 17:23:24.978069 46 storage/rocksdb.go:102                               Options.statistics: 0x7f0b8bc1d8d0
I200903 17:23:24.978083 46 storage/rocksdb.go:102                                Options.use_fsync: 0
I200903 17:23:24.978096 46 storage/rocksdb.go:102                        Options.max_log_file_size: 0
I200903 17:23:24.978109 46 storage/rocksdb.go:102                   Options.max_manifest_file_size: 134217728
I200903 17:23:24.978123 46 storage/rocksdb.go:102                    Options.log_file_time_to_roll: 0
I200903 17:23:24.978136 46 storage/rocksdb.go:102                        Options.keep_log_file_num: 1000
I200903 17:23:24.978149 46 storage/rocksdb.go:102                     Options.recycle_log_file_num: 1
I200903 17:23:24.978165 46 storage/rocksdb.go:102                          Options.allow_fallocate: 1
I200903 17:23:24.978179 46 storage/rocksdb.go:102                         Options.allow_mmap_reads: 0
I200903 17:23:24.978194 46 storage/rocksdb.go:102                        Options.allow_mmap_writes: 0
I200903 17:23:24.978208 46 storage/rocksdb.go:102                         Options.use_direct_reads: 0
I200903 17:23:24.978224 46 storage/rocksdb.go:102                         Options.use_direct_io_for_flush_and_compaction: 0
I200903 17:23:24.978240 46 storage/rocksdb.go:102           Options.create_missing_column_families: 0
I200903 17:23:24.978256 46 storage/rocksdb.go:102                               Options.db_log_dir: 
I200903 17:23:24.978273 46 storage/rocksdb.go:102                                  Options.wal_dir: /home/santiago/go/src/github.com/Santiagozh1998/SpyServer/cockroach-data
I200903 17:23:24.978287 46 storage/rocksdb.go:102                 Options.table_cache_numshardbits: 6
I200903 17:23:24.978302 46 storage/rocksdb.go:102                       Options.max_subcompactions: 1
I200903 17:23:24.978316 46 storage/rocksdb.go:102                   Options.max_background_flushes: -1
I200903 17:23:24.978330 46 storage/rocksdb.go:102                          Options.WAL_ttl_seconds: 0
I200903 17:23:24.978346 46 storage/rocksdb.go:102                        Options.WAL_size_limit_MB: 0
I200903 17:23:24.978360 46 storage/rocksdb.go:102              Options.manifest_preallocation_size: 4194304
I200903 17:23:24.978374 46 storage/rocksdb.go:102                      Options.is_fd_close_on_exec: 1
I200903 17:23:24.978387 46 storage/rocksdb.go:102                    Options.advise_random_on_open: 1
I200903 17:23:24.978402 46 storage/rocksdb.go:102                     Options.db_write_buffer_size: 0
I200903 17:23:24.978416 46 storage/rocksdb.go:102                     Options.write_buffer_manager: 0x7f0b8bc60cb0
I200903 17:23:24.978431 46 storage/rocksdb.go:102          Options.access_hint_on_compaction_start: 1
I200903 17:23:24.978448 46 storage/rocksdb.go:102   Options.new_table_reader_for_compaction_inputs: 0
I200903 17:23:24.978465 46 storage/rocksdb.go:102            Options.random_access_max_buffer_size: 1048576
I200903 17:23:24.978481 46 storage/rocksdb.go:102                       Options.use_adaptive_mutex: 0
I200903 17:23:24.978499 46 storage/rocksdb.go:102                             Options.rate_limiter: (nil)
I200903 17:23:24.978516 46 storage/rocksdb.go:102      Options.sst_file_manager.rate_bytes_per_sec: 0
I200903 17:23:24.978533 46 storage/rocksdb.go:102                        Options.wal_recovery_mode: 0
I200903 17:23:24.978549 46 storage/rocksdb.go:102                   Options.enable_thread_tracking: 0
I200903 17:23:24.978564 46 storage/rocksdb.go:102                   Options.enable_pipelined_write: 0
I200903 17:23:24.978581 46 storage/rocksdb.go:102          Options.allow_concurrent_memtable_write: 1
I200903 17:23:24.978596 46 storage/rocksdb.go:102       Options.enable_write_thread_adaptive_yield: 1
I200903 17:23:24.978612 46 storage/rocksdb.go:102              Options.write_thread_max_yield_usec: 100
I200903 17:23:24.978627 46 storage/rocksdb.go:102             Options.write_thread_slow_yield_usec: 3
I200903 17:23:24.978641 46 storage/rocksdb.go:102                                Options.row_cache: None
I200903 17:23:24.978656 46 storage/rocksdb.go:102                               Options.wal_filter: None
I200903 17:23:24.978669 46 storage/rocksdb.go:102              Options.avoid_flush_during_recovery: 0
I200903 17:23:24.978683 46 storage/rocksdb.go:102              Options.allow_ingest_behind: 0
I200903 17:23:24.978696 46 storage/rocksdb.go:102              Options.preserve_deletes: 0
I200903 17:23:24.978711 46 storage/rocksdb.go:102              Options.two_write_queues: 0
I200903 17:23:24.978724 46 storage/rocksdb.go:102              Options.manual_wal_flush: 1
I200903 17:23:24.978738 46 storage/rocksdb.go:102              Options.atomic_flush: 0
I200903 17:23:24.978753 46 storage/rocksdb.go:102              Options.avoid_unnecessary_blocking_io: 0
I200903 17:23:24.978768 46 storage/rocksdb.go:102              Options.max_background_jobs: 4
I200903 17:23:24.978782 46 storage/rocksdb.go:102              Options.max_background_compactions: -1
I200903 17:23:24.978795 46 storage/rocksdb.go:102              Options.avoid_flush_during_shutdown: 0
I200903 17:23:24.978810 46 storage/rocksdb.go:102            Options.writable_file_max_buffer_size: 1048576
I200903 17:23:24.978823 46 storage/rocksdb.go:102              Options.delayed_write_rate : 16777216
I200903 17:23:24.978837 46 storage/rocksdb.go:102              Options.max_total_wal_size: 0
I200903 17:23:24.978856 46 storage/rocksdb.go:102              Options.delete_obsolete_files_period_micros: 21600000000
I200903 17:23:24.978871 46 storage/rocksdb.go:102                    Options.stats_dump_period_sec: 0
I200903 17:23:24.978887 46 storage/rocksdb.go:102                  Options.stats_persist_period_sec: 600
I200903 17:23:24.978901 46 storage/rocksdb.go:102                  Options.stats_history_buffer_size: 1048576
I200903 17:23:24.978915 46 storage/rocksdb.go:102                           Options.max_open_files: 3840
I200903 17:23:24.978928 46 storage/rocksdb.go:102                           Options.bytes_per_sync: 524288
I200903 17:23:24.978943 46 storage/rocksdb.go:102                       Options.wal_bytes_per_sync: 0
I200903 17:23:24.978958 46 storage/rocksdb.go:102                    Options.strict_bytes_per_sync: 1
I200903 17:23:24.978975 46 storage/rocksdb.go:102        Options.compaction_readahead_size: 0
I200903 17:23:24.978989 46 storage/rocksdb.go:102  Compression algorithms supported:
I200903 17:23:24.979007 46 storage/rocksdb.go:102  	kZSTDNotFinalCompression supported: 0
I200903 17:23:24.979023 46 storage/rocksdb.go:102  	kZSTD supported: 0
I200903 17:23:24.979038 46 storage/rocksdb.go:102  	kXpressCompression supported: 0
I200903 17:23:24.979052 46 storage/rocksdb.go:102  	kLZ4HCCompression supported: 0
I200903 17:23:24.979067 46 storage/rocksdb.go:102  	kLZ4Compression supported: 0
I200903 17:23:24.979081 46 storage/rocksdb.go:102  	kBZip2Compression supported: 0
I200903 17:23:24.979095 46 storage/rocksdb.go:102  	kZlibCompression supported: 0
I200903 17:23:24.979109 46 storage/rocksdb.go:102  	kSnappyCompression supported: 1
I200903 17:23:24.979138 46 storage/rocksdb.go:102  Fast CRC32 supported: Supported on x86
I200903 17:23:25.012920 46 storage/rocksdb.go:102  [db/version_set.cc:4072] Recovering from manifest file: /home/santiago/go/src/github.com/Santiagozh1998/SpyServer/cockroach-data/MANIFEST-000110
I200903 17:23:25.013286 46 storage/rocksdb.go:102  [db/column_family.cc:488] --------------- Options for column family [default]:
I200903 17:23:25.013310 46 storage/rocksdb.go:102                Options.comparator: cockroach_comparator
I200903 17:23:25.013354 46 storage/rocksdb.go:102            Options.merge_operator: cockroach_merge_operator
I200903 17:23:25.013377 46 storage/rocksdb.go:102         Options.compaction_filter: None
I200903 17:23:25.013405 46 storage/rocksdb.go:102         Options.compaction_filter_factory: None
I200903 17:23:25.013420 46 storage/rocksdb.go:102          Options.memtable_factory: SkipListFactory
I200903 17:23:25.013443 46 storage/rocksdb.go:102             Options.table_factory: BlockBasedTable
I200903 17:23:25.013613 46 storage/rocksdb.go:102             table_factory options:   flush_block_policy_factory: FlushBlockBySizePolicyFactory (0x7f0b8bc24038)
  cache_index_and_filter_blocks: 0
  cache_index_and_filter_blocks_with_high_priority: 0
  pin_l0_filter_and_index_blocks_in_cache: 0
  pin_top_level_index_and_filter: 1
  index_type: 0
  data_block_index_type: 0
  index_shortening: 1
  data_block_hash_table_util_ratio: 0.750000
  hash_index_allow_collision: 1
  checksum: 1
  no_block_cache: 0
  block_cache: 0x7f0b8bc4b210
  block_cache_name: LRUCache
  block_cache_options:
    capacity : 67108864
    num_shard_bits : 4
    strict_capacity_limit : 0
    memory_allocator : None
    high_pri_pool_ratio: 0.000
  block_cache_compressed: (nil)
  persistent_cache: (nil)
  block_size: 32768
  block_size_deviation: 10
  block_restart_interval: 16
  index_block_restart_interval: 1
  metadata_block_size: 4096
  partition_filters: 0
  use_delta_encoding: 1
  filter_policy: rocksdb.BuiltinBloomFilter
  whole_key_filtering: 0
  verify_compression: 0
  read_amp_bytes_per_bit: 0
  format_version: 2
  enable_index_compression: 1
  block_align: 0
I200903 17:23:25.013638 46 storage/rocksdb.go:102         Options.write_buffer_size: 67108864
I200903 17:23:25.013663 46 storage/rocksdb.go:102   Options.max_write_buffer_number: 4
I200903 17:23:25.013684 46 storage/rocksdb.go:102           Options.compression: Snappy
I200903 17:23:25.013702 46 storage/rocksdb.go:102                   Options.bottommost_compression: Disabled
I200903 17:23:25.013721 46 storage/rocksdb.go:102        Options.prefix_extractor: cockroach_prefix_extractor
I200903 17:23:25.013740 46 storage/rocksdb.go:102    Options.memtable_insert_with_hint_prefix_extractor: nullptr
I200903 17:23:25.013758 46 storage/rocksdb.go:102              Options.num_levels: 7
I200903 17:23:25.013777 46 storage/rocksdb.go:102         Options.min_write_buffer_number_to_merge: 1
I200903 17:23:25.013796 46 storage/rocksdb.go:102      Options.max_write_buffer_number_to_maintain: 0
I200903 17:23:25.013815 46 storage/rocksdb.go:102             Options.bottommost_compression_opts.window_bits: -14
I200903 17:23:25.013832 46 storage/rocksdb.go:102                   Options.bottommost_compression_opts.level: 32767
I200903 17:23:25.013850 46 storage/rocksdb.go:102                Options.bottommost_compression_opts.strategy: 0
I200903 17:23:25.013878 46 storage/rocksdb.go:102          Options.bottommost_compression_opts.max_dict_bytes: 0
I200903 17:23:25.013899 46 storage/rocksdb.go:102          Options.bottommost_compression_opts.zstd_max_train_bytes: 0
I200903 17:23:25.013919 46 storage/rocksdb.go:102                   Options.bottommost_compression_opts.enabled: false
I200903 17:23:25.013939 46 storage/rocksdb.go:102             Options.compression_opts.window_bits: -14
I200903 17:23:25.013959 46 storage/rocksdb.go:102                   Options.compression_opts.level: 32767
I200903 17:23:25.013979 46 storage/rocksdb.go:102                Options.compression_opts.strategy: 0
I200903 17:23:25.013999 46 storage/rocksdb.go:102          Options.compression_opts.max_dict_bytes: 0
I200903 17:23:25.014019 46 storage/rocksdb.go:102          Options.compression_opts.zstd_max_train_bytes: 0
I200903 17:23:25.014041 46 storage/rocksdb.go:102                   Options.compression_opts.enabled: false
I200903 17:23:25.014061 46 storage/rocksdb.go:102       Options.level0_file_num_compaction_trigger: 2
I200903 17:23:25.014081 46 storage/rocksdb.go:102           Options.level0_slowdown_writes_trigger: 950
I200903 17:23:25.014101 46 storage/rocksdb.go:102               Options.level0_stop_writes_trigger: 1000
I200903 17:23:25.014122 46 storage/rocksdb.go:102                    Options.target_file_size_base: 4194304
I200903 17:23:25.014142 46 storage/rocksdb.go:102              Options.target_file_size_multiplier: 2
I200903 17:23:25.014162 46 storage/rocksdb.go:102                 Options.max_bytes_for_level_base: 67108864
I200903 17:23:25.014184 46 storage/rocksdb.go:102  Options.level_compaction_dynamic_level_bytes: 1
I200903 17:23:25.014210 46 storage/rocksdb.go:102           Options.max_bytes_for_level_multiplier: 10.000000
I200903 17:23:25.014231 46 storage/rocksdb.go:102  Options.max_bytes_for_level_multiplier_addtl[0]: 1
I200903 17:23:25.014258 46 storage/rocksdb.go:102  Options.max_bytes_for_level_multiplier_addtl[1]: 1
I200903 17:23:25.014284 46 storage/rocksdb.go:102  Options.max_bytes_for_level_multiplier_addtl[2]: 1
I200903 17:23:25.014304 46 storage/rocksdb.go:102  Options.max_bytes_for_level_multiplier_addtl[3]: 1
I200903 17:23:25.014329 46 storage/rocksdb.go:102  Options.max_bytes_for_level_multiplier_addtl[4]: 1
I200903 17:23:25.014349 46 storage/rocksdb.go:102  Options.max_bytes_for_level_multiplier_addtl[5]: 1
I200903 17:23:25.014369 46 storage/rocksdb.go:102  Options.max_bytes_for_level_multiplier_addtl[6]: 1
I200903 17:23:25.014389 46 storage/rocksdb.go:102        Options.max_sequential_skip_in_iterations: 8
I200903 17:23:25.014409 46 storage/rocksdb.go:102                     Options.max_compaction_bytes: 104857600
I200903 17:23:25.014430 46 storage/rocksdb.go:102                         Options.arena_block_size: 8388608
I200903 17:23:25.014450 46 storage/rocksdb.go:102    Options.soft_pending_compaction_bytes_limit: 2199023255552
I200903 17:23:25.014469 46 storage/rocksdb.go:102    Options.hard_pending_compaction_bytes_limit: 4400193994752
I200903 17:23:25.014489 46 storage/rocksdb.go:102        Options.rate_limit_delay_max_milliseconds: 100
I200903 17:23:25.014510 46 storage/rocksdb.go:102                 Options.disable_auto_compactions: 0
I200903 17:23:25.014534 46 storage/rocksdb.go:102                         Options.compaction_style: kCompactionStyleLevel
I200903 17:23:25.014557 46 storage/rocksdb.go:102                           Options.compaction_pri: kMinOverlappingRatio
I200903 17:23:25.014577 46 storage/rocksdb.go:102  Options.compaction_options_universal.size_ratio: 1
I200903 17:23:25.014597 46 storage/rocksdb.go:102  Options.compaction_options_universal.min_merge_width: 2
I200903 17:23:25.014617 46 storage/rocksdb.go:102  Options.compaction_options_universal.max_merge_width: 4294967295
I200903 17:23:25.014637 46 storage/rocksdb.go:102  Options.compaction_options_universal.max_size_amplification_percent: 200
I200903 17:23:25.014657 46 storage/rocksdb.go:102  Options.compaction_options_universal.compression_size_percent: -1
I200903 17:23:25.014680 46 storage/rocksdb.go:102  Options.compaction_options_universal.stop_style: kCompactionStopStyleTotalSize
I200903 17:23:25.014701 46 storage/rocksdb.go:102  Options.compaction_options_fifo.max_table_files_size: 1073741824
I200903 17:23:25.014722 46 storage/rocksdb.go:102  Options.compaction_options_fifo.allow_compaction: 0
I200903 17:23:25.014748 46 storage/rocksdb.go:102                    Options.table_properties_collectors: TimeBoundTblPropCollectorFactory; DeleteRangeTblPropCollectorFactory; 
I200903 17:23:25.014772 46 storage/rocksdb.go:102                    Options.inplace_update_support: 0
I200903 17:23:25.014792 46 storage/rocksdb.go:102                  Options.inplace_update_num_locks: 10000
I200903 17:23:25.014823 46 storage/rocksdb.go:102                Options.memtable_prefix_bloom_size_ratio: 0.000000
I200903 17:23:25.014841 46 storage/rocksdb.go:102                Options.memtable_whole_key_filtering: 0
I200903 17:23:25.014859 46 storage/rocksdb.go:102    Options.memtable_huge_page_size: 0
I200903 17:23:25.014876 46 storage/rocksdb.go:102                            Options.bloom_locality: 0
I200903 17:23:25.014895 46 storage/rocksdb.go:102                     Options.max_successive_merges: 0
I200903 17:23:25.014913 46 storage/rocksdb.go:102                 Options.optimize_filters_for_hits: 1
I200903 17:23:25.014931 46 storage/rocksdb.go:102                 Options.paranoid_file_checks: 0
I200903 17:23:25.014948 46 storage/rocksdb.go:102                 Options.force_consistency_checks: 0
I200903 17:23:25.014967 46 storage/rocksdb.go:102                 Options.report_bg_io_stats: 0
I200903 17:23:25.014985 46 storage/rocksdb.go:102                                Options.ttl: 0
I200903 17:23:25.015003 46 storage/rocksdb.go:102           Options.periodic_compaction_seconds: 0
I200903 17:23:25.095706 46 storage/rocksdb.go:102  [db/version_set.cc:3086] More existing levels in DB than needed. max_bytes_for_level_multiplier may not be guaranteed.
I200903 17:23:25.095770 46 storage/rocksdb.go:102  [db/version_set.cc:4286] Recovered from manifest file:/home/santiago/go/src/github.com/Santiagozh1998/SpyServer/cockroach-data/MANIFEST-000110 succeeded,manifest_file_number is 110, next_file_number is 121, last_sequence is 6532816, log_number is 118,prev_log_number is 0,max_column_family is 0,min_log_number_to_keep is 0
I200903 17:23:25.095792 46 storage/rocksdb.go:102  [db/version_set.cc:4295] Column family [default] (ID 0), log number is 118
I200903 17:23:25.096077 46 storage/rocksdb.go:102  EVENT_LOG_v1 {"time_micros": 1599153805096033, "job": 1, "event": "recovery_started", "log_files": [114, 118]}
I200903 17:23:25.096102 46 storage/rocksdb.go:102  [db/db_impl_open.cc:586] Skipping log #114 since it is older than min log to keep #118
I200903 17:23:25.096125 46 storage/rocksdb.go:102  [db/db_impl_open.cc:598] Recovering log #118 mode 0
I200903 17:23:27.963572 46 storage/rocksdb.go:102  EVENT_LOG_v1 {"time_micros": 1599153807963407, "cf_name": "default", "job": 1, "event": "table_file_creation", "file_number": 121, "file_size": 427807, "table_properties": {"data_size": 414917, "index_size": 3498, "index_partitions": 0, "top_level_index_size": 0, "index_key_is_user_key": 0, "index_value_is_delta_encoded": 0, "filter_size": 9925, "raw_key_size": 307443, "raw_average_key_size": 32, "raw_value_size": 2023477, "raw_average_value_size": 210, "num_data_blocks": 66, "num_entries": 9602, "num_deletions": 6198, "num_merge_operands": 1384, "num_range_deletions": 1384, "format_version": 0, "fixed_key_len": 0, "filter_policy": "rocksdb.BuiltinBloomFilter", "column_family_name": "default", "column_family_id": 0, "comparator": "cockroach_comparator", "merge_operator": "cockroach_merge_operator", "prefix_extractor_name": "cockroach_prefix_extractor", "property_collectors": "[TimeBoundTblPropCollectorFactory,DeleteRangeTblPropCollectorFactory]", "compression": "Snappy", "compression_options": "window_bits=-14; level=32767; strategy=0; max_dict_bytes=0; zstd_max_train_bytes=0; enabled=0; ", "creation_time": 1599153806, "oldest_key_time": 3, "file_creation_time": 0}}
I200903 17:23:27.971020 46 storage/rocksdb.go:102  [db/version_set.cc:3560] Creating manifest 122
I200903 17:23:27.971559 46 storage/rocksdb.go:102  [db/version_set.cc:3086] More existing levels in DB than needed. max_bytes_for_level_multiplier may not be guaranteed.
I200903 17:23:28.063777 46 storage/rocksdb.go:102  EVENT_LOG_v1 {"time_micros": 1599153808063653, "job": 1, "event": "recovery_finished"}
I200903 17:23:28.167200 46 storage/rocksdb.go:102  DB pointer 0x7f0b8bda3000
I200903 17:23:28.167305 17 storage/rocksdb.go:102  [db/compaction_job.cc:1647] [default] [JOB 3] Compacting 2@0 + 2@6 files to L6, score 1.00
I200903 17:23:28.167352 17 storage/rocksdb.go:102  [db/compaction_job.cc:1651] [default] Compaction start summary: Base version 2 Base level 0, inputs: [121(417KB) 119(396KB)], [116(4121KB) 117(767KB)]
I200903 17:23:28.167486 17 storage/rocksdb.go:102  EVENT_LOG_v1 {"time_micros": 1599153808167400, "job": 3, "event": "compaction_started", "compaction_reason": "LevelL0FilesNum", "files_L0": [121, 119], "files_L6": [116, 117], "score": 1, "input_data_size": 5839897}
I200903 17:23:28.797518 17 storage/rocksdb.go:102  [db/compaction_job.cc:1334] [default] [JOB 3] Generated table #126: 14932 keys, 4220136 bytes
I200903 17:23:28.797750 17 storage/rocksdb.go:102  EVENT_LOG_v1 {"time_micros": 1599153808797594, "cf_name": "default", "job": 3, "event": "table_file_creation", "file_number": 126, "file_size": 4220136, "table_properties": {"data_size": 4199882, "index_size": 61268, "index_partitions": 0, "top_level_index_size": 0, "index_key_is_user_key": 0, "index_value_is_delta_encoded": 0, "filter_size": 0, "raw_key_size": 759487, "raw_average_key_size": 50, "raw_value_size": 28374096, "raw_average_value_size": 1900, "num_data_blocks": 924, "num_entries": 14932, "num_deletions": 0, "num_merge_operands": 0, "num_range_deletions": 0, "format_version": 0, "fixed_key_len": 0, "filter_policy": "rocksdb.BuiltinBloomFilter", "column_family_name": "default", "column_family_id": 0, "comparator": "cockroach_comparator", "merge_operator": "cockroach_merge_operator", "prefix_extractor_name": "cockroach_prefix_extractor", "property_collectors": "[TimeBoundTblPropCollectorFactory,DeleteRangeTblPropCollectorFactory]", "compression": "Snappy", "compression_options": "window_bits=-14; level=32767; strategy=0; max_dict_bytes=0; zstd_max_train_bytes=0; enabled=0; ", "creation_time": 1599153806, "oldest_key_time": 0, "file_creation_time": 1599153808}}
I200903 17:23:29.108529 17 storage/rocksdb.go:102  [db/compaction_job.cc:1334] [default] [JOB 3] Generated table #127: 7671 keys, 1286082 bytes
I200903 17:23:29.108761 17 storage/rocksdb.go:102  EVENT_LOG_v1 {"time_micros": 1599153809108602, "cf_name": "default", "job": 3, "event": "table_file_creation", "file_number": 127, "file_size": 1286082, "table_properties": {"data_size": 1280164, "index_size": 14839, "index_partitions": 0, "top_level_index_size": 0, "index_key_is_user_key": 0, "index_value_is_delta_encoded": 0, "filter_size": 0, "raw_key_size": 313468, "raw_average_key_size": 40, "raw_value_size": 6741070, "raw_average_value_size": 878, "num_data_blocks": 223, "num_entries": 7671, "num_deletions": 0, "num_merge_operands": 0, "num_range_deletions": 0, "format_version": 0, "fixed_key_len": 0, "filter_policy": "rocksdb.BuiltinBloomFilter", "column_family_name": "default", "column_family_id": 0, "comparator": "cockroach_comparator", "merge_operator": "cockroach_merge_operator", "prefix_extractor_name": "cockroach_prefix_extractor", "property_collectors": "[TimeBoundTblPropCollectorFactory,DeleteRangeTblPropCollectorFactory]", "compression": "Snappy", "compression_options": "window_bits=-14; level=32767; strategy=0; max_dict_bytes=0; zstd_max_train_bytes=0; enabled=0; ", "creation_time": 1599153806, "oldest_key_time": 0, "file_creation_time": 1599153808}}
I200903 17:23:29.242339 17 storage/rocksdb.go:102  [db/compaction_job.cc:1397] [default] [JOB 3] Compacted 2@0 + 2@6 files to L6 => 5506218 bytes
I200903 17:23:29.242469 17 storage/rocksdb.go:102  [db/version_set.cc:3086] More existing levels in DB than needed. max_bytes_for_level_multiplier may not be guaranteed.
I200903 17:23:29.307814 17 storage/rocksdb.go:102  (Original Log Time 2020/09/03-12:23:29.307259) [db/compaction_job.cc:770] [default] compacted to: base level 6 level multiplier 10.00 max bytes base 67108864 files[0 0 0 0 0 0 2] max score 0.00, MB/sec: 6.2 rd, 5.8 wr, level 6, files in(2, 2) out(2) MB in(0.8, 4.8) out(5.3), read-write-amplify(13.6) write-amplify(6.6) OK, records in: 37285, records dropped: 13298 output_compression: Snappy
I200903 17:23:29.307873 17 storage/rocksdb.go:102  (Original Log Time 2020/09/03-12:23:29.307405) EVENT_LOG_v1 {"time_micros": 1599153809307316, "job": 3, "event": "compaction_finished", "compaction_time_micros": 941742, "compaction_time_cpu_micros": 345791, "output_level": 6, "num_output_files": 2, "total_output_size": 5506218, "num_input_records": 35901, "num_output_records": 22603, "num_subcompactions": 1, "output_compression": "Snappy", "num_single_delete_mismatches": 0, "num_single_delete_fallthrough": 0, "lsm_state": [0, 0, 0, 0, 0, 0, 2]}
I200903 17:23:29.308371 17 storage/rocksdb.go:102  EVENT_LOG_v1 {"time_micros": 1599153809308332, "job": 3, "event": "table_file_deletion", "file_number": 121}
I200903 17:23:29.308638 17 storage/rocksdb.go:102  EVENT_LOG_v1 {"time_micros": 1599153809308602, "job": 3, "event": "table_file_deletion", "file_number": 119}
I200903 17:23:29.308991 17 storage/rocksdb.go:102  EVENT_LOG_v1 {"time_micros": 1599153809308953, "job": 3, "event": "table_file_deletion", "file_number": 117}
I200903 17:23:29.310204 17 storage/rocksdb.go:102  EVENT_LOG_v1 {"time_micros": 1599153809310144, "job": 3, "event": "table_file_deletion", "file_number": 116}
I200903 18:07:10.430659 143 storage/rocksdb.go:102  [db/db_impl_write.cc:1437] [default] New memtable created with log file: #128. Immutable memtables: 0.
I200903 18:07:10.431381 17 storage/rocksdb.go:102  (Original Log Time 2020/09/03-13:07:10.431223) [db/db_impl_compaction_flush.cc:2097] Calling FlushMemTableToOutputFile with column family [default], flush slots available 1, compaction slots available 1, flush slots scheduled 1, compaction slots scheduled 0
I200903 18:07:10.431426 17 storage/rocksdb.go:102  [db/flush_job.cc:322] [default] [JOB 4] Flushing memtable with next log file: 128
I200903 18:07:10.431595 17 storage/rocksdb.go:102  EVENT_LOG_v1 {"time_micros": 1599156430431505, "job": 4, "event": "flush_started", "num_memtables": 1, "num_entries": 213230, "num_deletes": 6272, "total_data_size": 61035977, "memory_usage": 65060264, "flush_reason": "Write Buffer Full"}
I200903 18:07:10.431636 17 storage/rocksdb.go:102  [db/flush_job.cc:351] [default] [JOB 4] Level-0 flush table #129: started
I200903 18:07:12.328434 17 storage/rocksdb.go:102  EVENT_LOG_v1 {"time_micros": 1599156432328153, "cf_name": "default", "job": 4, "event": "table_file_creation", "file_number": 129, "file_size": 411636, "table_properties": {"data_size": 399442, "index_size": 3841, "index_partitions": 0, "top_level_index_size": 0, "index_key_is_user_key": 0, "index_value_is_delta_encoded": 0, "filter_size": 9157, "raw_key_size": 266577, "raw_average_key_size": 31, "raw_value_size": 2256589, "raw_average_value_size": 264, "num_data_blocks": 70, "num_entries": 8529, "num_deletions": 6113, "num_merge_operands": 1384, "num_range_deletions": 1384, "format_version": 0, "fixed_key_len": 0, "filter_policy": "rocksdb.BuiltinBloomFilter", "column_family_name": "default", "column_family_id": 0, "comparator": "cockroach_comparator", "merge_operator": "cockroach_merge_operator", "prefix_extractor_name": "cockroach_prefix_extractor", "property_collectors": "[TimeBoundTblPropCollectorFactory,DeleteRangeTblPropCollectorFactory]", "compression": "Snappy", "compression_options": "window_bits=-14; level=32767; strategy=0; max_dict_bytes=0; zstd_max_train_bytes=0; enabled=0; ", "creation_time": 1599156430, "oldest_key_time": 1599153808, "file_creation_time": 1599156430}}
I200903 18:07:12.328526 17 storage/rocksdb.go:102  [db/flush_job.cc:392] [default] [JOB 4] Level-0 flush table #129: 411636 bytes OK
I200903 18:07:12.349701 17 storage/rocksdb.go:102  [db/version_set.cc:3086] More existing levels in DB than needed. max_bytes_for_level_multiplier may not be guaranteed.
I200903 18:07:12.394367 17 storage/rocksdb.go:102  [db/db_impl_files.cc:194] adding log 123 to recycle list
I200903 18:07:12.394441 17 storage/rocksdb.go:102  (Original Log Time 2020/09/03-13:07:12.349490) [db/memtable_list.cc:389] [default] Level-0 commit table #129 started
I200903 18:07:12.394488 17 storage/rocksdb.go:102  (Original Log Time 2020/09/03-13:07:12.393958) [db/memtable_list.cc:437] [default] Level-0 commit table #129: memtable #1 done
I200903 18:07:12.394534 17 storage/rocksdb.go:102  (Original Log Time 2020/09/03-13:07:12.394050) EVENT_LOG_v1 {"time_micros": 1599156432394011, "job": 4, "event": "flush_finished", "output_compression": "Snappy", "lsm_state": [1, 0, 0, 0, 0, 0, 2], "immutable_memtables": 0}
I200903 18:07:12.394592 17 storage/rocksdb.go:102  (Original Log Time 2020/09/03-13:07:12.394110) [db/db_impl_compaction_flush.cc:208] [default] Level summary: base level 6 level multiplier 10.00 max bytes base 67108864 files[1 0 0 0 0 0 2] max score 0.50
I200903 18:51:10.426496 140 storage/rocksdb.go:102  [db/db_impl_open.cc:1132] reusing log 123 from recycle list
I200903 18:51:10.427060 140 storage/rocksdb.go:102  [db/db_impl_write.cc:1437] [default] New memtable created with log file: #130. Immutable memtables: 0.
I200903 18:51:10.427574 17 storage/rocksdb.go:102  (Original Log Time 2020/09/03-13:51:10.427453) [db/db_impl_compaction_flush.cc:2097] Calling FlushMemTableToOutputFile with column family [default], flush slots available 1, compaction slots available 1, flush slots scheduled 1, compaction slots scheduled 0
I200903 18:51:10.427619 17 storage/rocksdb.go:102  [db/flush_job.cc:322] [default] [JOB 5] Flushing memtable with next log file: 130
I200903 18:51:10.427752 17 storage/rocksdb.go:102  EVENT_LOG_v1 {"time_micros": 1599159070427683, "job": 5, "event": "flush_started", "num_memtables": 1, "num_entries": 211831, "num_deletes": 5329, "total_data_size": 61031115, "memory_usage": 65086840, "flush_reason": "Write Buffer Full"}
I200903 18:51:10.427795 17 storage/rocksdb.go:102  [db/flush_job.cc:351] [default] [JOB 5] Level-0 flush table #131: started
I200903 18:51:12.579226 17 storage/rocksdb.go:102  EVENT_LOG_v1 {"time_micros": 1599159072579007, "cf_name": "default", "job": 5, "event": "table_file_creation", "file_number": 131, "file_size": 360342, "table_properties": {"data_size": 350281, "index_size": 3482, "index_partitions": 0, "top_level_index_size": 0, "index_key_is_user_key": 0, "index_value_is_delta_encoded": 0, "filter_size": 7237, "raw_key_size": 196592, "raw_average_key_size": 29, "raw_value_size": 2113034, "raw_average_value_size": 314, "num_data_blocks": 68, "num_entries": 6722, "num_deletions": 5200, "num_merge_operands": 692, "num_range_deletions": 692, "format_version": 0, "fixed_key_len": 0, "filter_policy": "rocksdb.BuiltinBloomFilter", "column_family_name": "default", "column_family_id": 0, "comparator": "cockroach_comparator", "merge_operator": "cockroach_merge_operator", "prefix_extractor_name": "cockroach_prefix_extractor", "property_collectors": "[TimeBoundTblPropCollectorFactory,DeleteRangeTblPropCollectorFactory]", "compression": "Snappy", "compression_options": "window_bits=-14; level=32767; strategy=0; max_dict_bytes=0; zstd_max_train_bytes=0; enabled=0; ", "creation_time": 1599159070, "oldest_key_time": 1599156430, "file_creation_time": 1599159070}}
I200903 18:51:12.579284 17 storage/rocksdb.go:102  [db/flush_job.cc:392] [default] [JOB 5] Level-0 flush table #131: 360342 bytes OK
I200903 18:51:12.600972 17 storage/rocksdb.go:102  [db/version_set.cc:3086] More existing levels in DB than needed. max_bytes_for_level_multiplier may not be guaranteed.
I200903 18:51:12.645454 17 storage/rocksdb.go:102  [db/db_impl_files.cc:194] adding log 128 to recycle list
I200903 18:51:12.645539 17 storage/rocksdb.go:102  (Original Log Time 2020/09/03-13:51:12.600677) [db/memtable_list.cc:389] [default] Level-0 commit table #131 started
I200903 18:51:12.645586 17 storage/rocksdb.go:102  (Original Log Time 2020/09/03-13:51:12.644989) [db/memtable_list.cc:437] [default] Level-0 commit table #131: memtable #1 done
I200903 18:51:12.645631 17 storage/rocksdb.go:102  (Original Log Time 2020/09/03-13:51:12.645089) EVENT_LOG_v1 {"time_micros": 1599159072645047, "job": 5, "event": "flush_finished", "output_compression": "Snappy", "lsm_state": [2, 0, 0, 0, 0, 0, 2], "immutable_memtables": 0}
I200903 18:51:12.645708 17 storage/rocksdb.go:102  (Original Log Time 2020/09/03-13:51:12.645162) [db/db_impl_compaction_flush.cc:208] [default] Level summary: base level 6 level multiplier 10.00 max bytes base 67108864 files[2 0 0 0 0 0 2] max score 1.00
I200903 18:51:12.645801 17 storage/rocksdb.go:102  [db/compaction_job.cc:1647] [default] [JOB 6] Compacting 2@0 + 2@6 files to L6, score 1.00
I200903 18:51:12.645875 17 storage/rocksdb.go:102  [db/compaction_job.cc:1651] [default] Compaction start summary: Base version 5 Base level 0, inputs: [131(351KB) 129(401KB)], [126(4121KB) 127(1255KB)]
I200903 18:51:12.646036 17 storage/rocksdb.go:102  EVENT_LOG_v1 {"time_micros": 1599159072645925, "job": 6, "event": "compaction_started", "compaction_reason": "LevelL0FilesNum", "files_L0": [131, 129], "files_L6": [126, 127], "score": 1, "input_data_size": 6278196}
I200903 18:51:12.923105 17 storage/rocksdb.go:102  [db/compaction_job.cc:1334] [default] [JOB 6] Generated table #132: 14663 keys, 4220048 bytes
I200903 18:51:12.923339 17 storage/rocksdb.go:102  EVENT_LOG_v1 {"time_micros": 1599159072923180, "cf_name": "default", "job": 6, "event": "table_file_creation", "file_number": 132, "file_size": 4220048, "table_properties": {"data_size": 4201309, "index_size": 59130, "index_partitions": 0, "top_level_index_size": 0, "index_key_is_user_key": 0, "index_value_is_delta_encoded": 0, "filter_size": 0, "raw_key_size": 734936, "raw_average_key_size": 50, "raw_value_size": 27795345, "raw_average_value_size": 1895, "num_data_blocks": 882, "num_entries": 14663, "num_deletions": 0, "num_merge_operands": 0, "num_range_deletions": 0, "format_version": 0, "fixed_key_len": 0, "filter_policy": "rocksdb.BuiltinBloomFilter", "column_family_name": "default", "column_family_id": 0, "comparator": "cockroach_comparator", "merge_operator": "cockroach_merge_operator", "prefix_extractor_name": "cockroach_prefix_extractor", "property_collectors": "[TimeBoundTblPropCollectorFactory,DeleteRangeTblPropCollectorFactory]", "compression": "Snappy", "compression_options": "window_bits=-14; level=32767; strategy=0; max_dict_bytes=0; zstd_max_train_bytes=0; enabled=0; ", "creation_time": 1599159070, "oldest_key_time": 0, "file_creation_time": 1599159072}}
I200903 18:51:13.078416 17 storage/rocksdb.go:102  [db/compaction_job.cc:1334] [default] [JOB 6] Generated table #133: 9953 keys, 1810507 bytes
I200903 18:51:13.078565 17 storage/rocksdb.go:102  EVENT_LOG_v1 {"time_micros": 1599159073078471, "cf_name": "default", "job": 6, "event": "table_file_creation", "file_number": 133, "file_size": 1810507, "table_properties": {"data_size": 1802021, "index_size": 24238, "index_partitions": 0, "top_level_index_size": 0, "index_key_is_user_key": 0, "index_value_is_delta_encoded": 0, "filter_size": 0, "raw_key_size": 434078, "raw_average_key_size": 43, "raw_value_size": 10996162, "raw_average_value_size": 1104, "num_data_blocks": 354, "num_entries": 9953, "num_deletions": 0, "num_merge_operands": 0, "num_range_deletions": 0, "format_version": 0, "fixed_key_len": 0, "filter_policy": "rocksdb.BuiltinBloomFilter", "column_family_name": "default", "column_family_id": 0, "comparator": "cockroach_comparator", "merge_operator": "cockroach_merge_operator", "prefix_extractor_name": "cockroach_prefix_extractor", "property_collectors": "[TimeBoundTblPropCollectorFactory,DeleteRangeTblPropCollectorFactory]", "compression": "Snappy", "compression_options": "window_bits=-14; level=32767; strategy=0; max_dict_bytes=0; zstd_max_train_bytes=0; enabled=0; ", "creation_time": 1599159070, "oldest_key_time": 0, "file_creation_time": 1599159072}}
I200903 18:51:13.124474 17 storage/rocksdb.go:102  [db/compaction_job.cc:1397] [default] [JOB 6] Compacted 2@0 + 2@6 files to L6 => 6030555 bytes
I200903 18:51:13.124665 17 storage/rocksdb.go:102  [db/version_set.cc:3086] More existing levels in DB than needed. max_bytes_for_level_multiplier may not be guaranteed.
I200903 18:51:13.167534 17 storage/rocksdb.go:102  (Original Log Time 2020/09/03-13:51:13.167068) [db/compaction_job.cc:770] [default] compacted to: base level 6 level multiplier 10.00 max bytes base 67108864 files[0 0 0 0 0 0 2] max score 0.00, MB/sec: 14.5 rd, 13.9 wr, level 6, files in(2, 2) out(2) MB in(0.7, 5.3) out(5.8), read-write-amplify(15.9) write-amplify(7.8) OK, records in: 37854, records dropped: 12546 output_compression: Snappy
I200903 18:51:13.167597 17 storage/rocksdb.go:102  (Original Log Time 2020/09/03-13:51:13.167190) EVENT_LOG_v1 {"time_micros": 1599159073167126, "job": 6, "event": "compaction_finished", "compaction_time_micros": 432633, "compaction_time_cpu_micros": 282916, "output_level": 6, "num_output_files": 2, "total_output_size": 6030555, "num_input_records": 37162, "num_output_records": 24616, "num_subcompactions": 1, "output_compression": "Snappy", "num_single_delete_mismatches": 0, "num_single_delete_fallthrough": 0, "lsm_state": [0, 0, 0, 0, 0, 0, 2]}
I200903 18:51:13.168157 17 storage/rocksdb.go:102  EVENT_LOG_v1 {"time_micros": 1599159073168111, "job": 6, "event": "table_file_deletion", "file_number": 131}
I200903 18:51:13.168549 17 storage/rocksdb.go:102  EVENT_LOG_v1 {"time_micros": 1599159073168500, "job": 6, "event": "table_file_deletion", "file_number": 129}
I200903 18:51:13.169279 17 storage/rocksdb.go:102  EVENT_LOG_v1 {"time_micros": 1599159073169228, "job": 6, "event": "table_file_deletion", "file_number": 127}
I200903 18:51:13.171323 17 storage/rocksdb.go:102  EVENT_LOG_v1 {"time_micros": 1599159073171239, "job": 6, "event": "table_file_deletion", "file_number": 126}
I200903 19:35:10.393985 123 storage/rocksdb.go:102  [db/db_impl_open.cc:1132] reusing log 128 from recycle list
I200903 19:35:10.394413 123 storage/rocksdb.go:102  [db/db_impl_write.cc:1437] [default] New memtable created with log file: #134. Immutable memtables: 0.
I200903 19:35:10.394602 17 storage/rocksdb.go:102  (Original Log Time 2020/09/03-14:35:10.394496) [db/db_impl_compaction_flush.cc:2097] Calling FlushMemTableToOutputFile with column family [default], flush slots available 1, compaction slots available 1, flush slots scheduled 1, compaction slots scheduled 0
I200903 19:35:10.394640 17 storage/rocksdb.go:102  [db/flush_job.cc:322] [default] [JOB 7] Flushing memtable with next log file: 134
I200903 19:35:10.394748 17 storage/rocksdb.go:102  EVENT_LOG_v1 {"time_micros": 1599161710394691, "job": 7, "event": "flush_started", "num_memtables": 1, "num_entries": 211448, "num_deletes": 5661, "total_data_size": 60895843, "memory_usage": 65066904, "flush_reason": "Write Buffer Full"}
I200903 19:35:10.394781 17 storage/rocksdb.go:102  [db/flush_job.cc:351] [default] [JOB 7] Level-0 flush table #135: started
I200903 19:35:12.230476 17 storage/rocksdb.go:102  EVENT_LOG_v1 {"time_micros": 1599161712230116, "cf_name": "default", "job": 7, "event": "table_file_creation", "file_number": 135, "file_size": 361528, "table_properties": {"data_size": 349976, "index_size": 4231, "index_partitions": 0, "top_level_index_size": 0, "index_key_is_user_key": 0, "index_value_is_delta_encoded": 0, "filter_size": 8517, "raw_key_size": 247492, "raw_average_key_size": 31, "raw_value_size": 2040554, "raw_average_value_size": 260, "num_data_blocks": 66, "num_entries": 7821, "num_deletions": 5532, "num_merge_operands": 1384, "num_range_deletions": 1384, "format_version": 0, "fixed_key_len": 0, "filter_policy": "rocksdb.BuiltinBloomFilter", "column_family_name": "default", "column_family_id": 0, "comparator": "cockroach_comparator", "merge_operator": "cockroach_merge_operator", "prefix_extractor_name": "cockroach_prefix_extractor", "property_collectors": "[TimeBoundTblPropCollectorFactory,DeleteRangeTblPropCollectorFactory]", "compression": "Snappy", "compression_options": "window_bits=-14; level=32767; strategy=0; max_dict_bytes=0; zstd_max_train_bytes=0; enabled=0; ", "creation_time": 1599161710, "oldest_key_time": 1599159070, "file_creation_time": 1599161710}}
I200903 19:35:12.230561 17 storage/rocksdb.go:102  [db/flush_job.cc:392] [default] [JOB 7] Level-0 flush table #135: 361528 bytes OK
I200903 19:35:12.251719 17 storage/rocksdb.go:102  [db/version_set.cc:3086] More existing levels in DB than needed. max_bytes_for_level_multiplier may not be guaranteed.
I200903 19:35:12.296203 17 storage/rocksdb.go:102  [db/db_impl_files.cc:194] adding log 130 to recycle list
I200903 19:35:12.296271 17 storage/rocksdb.go:102  (Original Log Time 2020/09/03-14:35:12.251366) [db/memtable_list.cc:389] [default] Level-0 commit table #135 started
I200903 19:35:12.296310 17 storage/rocksdb.go:102  (Original Log Time 2020/09/03-14:35:12.295747) [db/memtable_list.cc:437] [default] Level-0 commit table #135: memtable #1 done
I200903 19:35:12.296355 17 storage/rocksdb.go:102  (Original Log Time 2020/09/03-14:35:12.295849) EVENT_LOG_v1 {"time_micros": 1599161712295805, "job": 7, "event": "flush_finished", "output_compression": "Snappy", "lsm_state": [1, 0, 0, 0, 0, 0, 2], "immutable_memtables": 0}
I200903 19:35:12.296395 17 storage/rocksdb.go:102  (Original Log Time 2020/09/03-14:35:12.295906) [db/db_impl_compaction_flush.cc:208] [default] Level summary: base level 6 level multiplier 10.00 max bytes base 67108864 files[1 0 0 0 0 0 2] max score 0.50
I200903 20:03:53.601455 104737 storage/rocksdb.go:102  bloom filter utility:    -nan%
I200903 20:03:53.656644 104737 storage/rocksdb.go:102  [db/db_impl.cc:392] Shutdown: canceling all background work
I200903 20:03:53.712730 104737 storage/rocksdb.go:102  [db/db_impl.cc:565] Shutdown complete
I200903 20:03:53.812969 104737 storage/rocksdb.go:102  bloom filter utility:    68.3%
I200903 20:03:53.868387 104737 storage/rocksdb.go:102  [db/db_impl.cc:392] Shutdown: canceling all background work
I200903 20:03:53.969951 104737 storage/rocksdb.go:102  [db/db_impl.cc:565] Shutdown complete
