I200812 01:18:39.886592 43 util/log/sync_buffer.go:70  [config] file created at: 2020/08/12 01:18:39
I200812 01:18:39.886592 43 util/log/sync_buffer.go:70  [config] running on machine: santiago-HP-Notebook
I200812 01:18:39.886592 43 util/log/sync_buffer.go:70  [config] binary: CockroachDB CCL v20.1.2 (x86_64-unknown-linux-gnu, built 2020/06/09 16:11:36, go1.13.9)
I200812 01:18:39.886592 43 util/log/sync_buffer.go:70  [config] arguments: [cockroach start --insecure]
I200812 01:18:39.886592 43 util/log/sync_buffer.go:70  line format: [IWEF]yymmdd hh:mm:ss.uuuuuu goid file:line msg utf8=✓
I200812 01:18:39.886590 43 storage/rocksdb.go:102  RocksDB version: 6.2.1
I200812 01:18:39.904424 43 storage/rocksdb.go:102  Git sha rocksdb_build_git_sha:@e494e15a0b08c13fafd5710f279f348d47d476de@
I200812 01:18:39.904441 43 storage/rocksdb.go:102  Compile date Jun  9 2020
I200812 01:18:39.904455 43 storage/rocksdb.go:102  DB SUMMARY
I200812 01:18:39.904564 43 storage/rocksdb.go:102  SST files in /home/santiago/go/src/github.com/Santiagozh1998/SpyServer/cockroach-data/cockroach-temp215429817 dir, Total Num: 0, files: 
I200812 01:18:39.904584 43 storage/rocksdb.go:102  Write Ahead Log file in /home/santiago/go/src/github.com/Santiagozh1998/SpyServer/cockroach-data/cockroach-temp215429817: 
I200812 01:18:39.904602 43 storage/rocksdb.go:102                          Options.error_if_exists: 0
I200812 01:18:39.904617 43 storage/rocksdb.go:102                        Options.create_if_missing: 1
I200812 01:18:39.904631 43 storage/rocksdb.go:102                          Options.paranoid_checks: 1
I200812 01:18:39.904644 43 storage/rocksdb.go:102                                      Options.env: 0x7571de0
I200812 01:18:39.904657 43 storage/rocksdb.go:102                                 Options.info_log: 0x7f61ae20d160
I200812 01:18:39.904671 43 storage/rocksdb.go:102                 Options.max_file_opening_threads: 16
I200812 01:18:39.904684 43 storage/rocksdb.go:102                               Options.statistics: 0x7f61ae229010
I200812 01:18:39.904698 43 storage/rocksdb.go:102                                Options.use_fsync: 0
I200812 01:18:39.904713 43 storage/rocksdb.go:102                        Options.max_log_file_size: 0
I200812 01:18:39.904727 43 storage/rocksdb.go:102                   Options.max_manifest_file_size: 134217728
I200812 01:18:39.904740 43 storage/rocksdb.go:102                    Options.log_file_time_to_roll: 0
I200812 01:18:39.904753 43 storage/rocksdb.go:102                        Options.keep_log_file_num: 1000
I200812 01:18:39.904766 43 storage/rocksdb.go:102                     Options.recycle_log_file_num: 1
I200812 01:18:39.904780 43 storage/rocksdb.go:102                          Options.allow_fallocate: 1
I200812 01:18:39.904793 43 storage/rocksdb.go:102                         Options.allow_mmap_reads: 0
I200812 01:18:39.904807 43 storage/rocksdb.go:102                        Options.allow_mmap_writes: 0
I200812 01:18:39.904821 43 storage/rocksdb.go:102                         Options.use_direct_reads: 0
I200812 01:18:39.904834 43 storage/rocksdb.go:102                         Options.use_direct_io_for_flush_and_compaction: 0
I200812 01:18:39.904849 43 storage/rocksdb.go:102           Options.create_missing_column_families: 0
I200812 01:18:39.904862 43 storage/rocksdb.go:102                               Options.db_log_dir: 
I200812 01:18:39.904876 43 storage/rocksdb.go:102                                  Options.wal_dir: /home/santiago/go/src/github.com/Santiagozh1998/SpyServer/cockroach-data/cockroach-temp215429817
I200812 01:18:39.904889 43 storage/rocksdb.go:102                 Options.table_cache_numshardbits: 6
I200812 01:18:39.904902 43 storage/rocksdb.go:102                       Options.max_subcompactions: 1
I200812 01:18:39.904915 43 storage/rocksdb.go:102                   Options.max_background_flushes: -1
I200812 01:18:39.904928 43 storage/rocksdb.go:102                          Options.WAL_ttl_seconds: 0
I200812 01:18:39.904942 43 storage/rocksdb.go:102                        Options.WAL_size_limit_MB: 0
I200812 01:18:39.904955 43 storage/rocksdb.go:102              Options.manifest_preallocation_size: 4194304
I200812 01:18:39.904968 43 storage/rocksdb.go:102                      Options.is_fd_close_on_exec: 1
I200812 01:18:39.904981 43 storage/rocksdb.go:102                    Options.advise_random_on_open: 1
I200812 01:18:39.904996 43 storage/rocksdb.go:102                     Options.db_write_buffer_size: 0
I200812 01:18:39.905009 43 storage/rocksdb.go:102                     Options.write_buffer_manager: 0x7f61ae291030
I200812 01:18:39.905024 43 storage/rocksdb.go:102          Options.access_hint_on_compaction_start: 1
I200812 01:18:39.905047 43 storage/rocksdb.go:102   Options.new_table_reader_for_compaction_inputs: 0
I200812 01:18:39.905061 43 storage/rocksdb.go:102            Options.random_access_max_buffer_size: 1048576
I200812 01:18:39.905075 43 storage/rocksdb.go:102                       Options.use_adaptive_mutex: 0
I200812 01:18:39.905088 43 storage/rocksdb.go:102                             Options.rate_limiter: (nil)
I200812 01:18:39.905103 43 storage/rocksdb.go:102      Options.sst_file_manager.rate_bytes_per_sec: 0
I200812 01:18:39.905118 43 storage/rocksdb.go:102                        Options.wal_recovery_mode: 0
I200812 01:18:39.905131 43 storage/rocksdb.go:102                   Options.enable_thread_tracking: 0
I200812 01:18:39.905144 43 storage/rocksdb.go:102                   Options.enable_pipelined_write: 0
I200812 01:18:39.905157 43 storage/rocksdb.go:102          Options.allow_concurrent_memtable_write: 1
I200812 01:18:39.905171 43 storage/rocksdb.go:102       Options.enable_write_thread_adaptive_yield: 1
I200812 01:18:39.905184 43 storage/rocksdb.go:102              Options.write_thread_max_yield_usec: 100
I200812 01:18:39.905197 43 storage/rocksdb.go:102             Options.write_thread_slow_yield_usec: 3
I200812 01:18:39.905209 43 storage/rocksdb.go:102                                Options.row_cache: None
I200812 01:18:39.905223 43 storage/rocksdb.go:102                               Options.wal_filter: None
I200812 01:18:39.905236 43 storage/rocksdb.go:102              Options.avoid_flush_during_recovery: 0
I200812 01:18:39.905249 43 storage/rocksdb.go:102              Options.allow_ingest_behind: 0
I200812 01:18:39.905263 43 storage/rocksdb.go:102              Options.preserve_deletes: 0
I200812 01:18:39.905277 43 storage/rocksdb.go:102              Options.two_write_queues: 0
I200812 01:18:39.905290 43 storage/rocksdb.go:102              Options.manual_wal_flush: 1
I200812 01:18:39.905304 43 storage/rocksdb.go:102              Options.atomic_flush: 0
I200812 01:18:39.905317 43 storage/rocksdb.go:102              Options.avoid_unnecessary_blocking_io: 0
I200812 01:18:39.905330 43 storage/rocksdb.go:102              Options.max_background_jobs: 4
I200812 01:18:39.905343 43 storage/rocksdb.go:102              Options.max_background_compactions: -1
I200812 01:18:39.905356 43 storage/rocksdb.go:102              Options.avoid_flush_during_shutdown: 0
I200812 01:18:39.905369 43 storage/rocksdb.go:102            Options.writable_file_max_buffer_size: 1048576
I200812 01:18:39.905383 43 storage/rocksdb.go:102              Options.delayed_write_rate : 16777216
I200812 01:18:39.905397 43 storage/rocksdb.go:102              Options.max_total_wal_size: 0
I200812 01:18:39.905412 43 storage/rocksdb.go:102              Options.delete_obsolete_files_period_micros: 21600000000
I200812 01:18:39.905425 43 storage/rocksdb.go:102                    Options.stats_dump_period_sec: 0
I200812 01:18:39.905439 43 storage/rocksdb.go:102                  Options.stats_persist_period_sec: 600
I200812 01:18:39.905452 43 storage/rocksdb.go:102                  Options.stats_history_buffer_size: 1048576
I200812 01:18:39.905465 43 storage/rocksdb.go:102                           Options.max_open_files: 128
I200812 01:18:39.905478 43 storage/rocksdb.go:102                           Options.bytes_per_sync: 524288
I200812 01:18:39.905491 43 storage/rocksdb.go:102                       Options.wal_bytes_per_sync: 0
I200812 01:18:39.905504 43 storage/rocksdb.go:102                    Options.strict_bytes_per_sync: 1
I200812 01:18:39.905517 43 storage/rocksdb.go:102        Options.compaction_readahead_size: 0
I200812 01:18:39.905530 43 storage/rocksdb.go:102  Compression algorithms supported:
I200812 01:18:39.905545 43 storage/rocksdb.go:102  	kZSTDNotFinalCompression supported: 0
I200812 01:18:39.905558 43 storage/rocksdb.go:102  	kZSTD supported: 0
I200812 01:18:39.905572 43 storage/rocksdb.go:102  	kXpressCompression supported: 0
I200812 01:18:39.905585 43 storage/rocksdb.go:102  	kLZ4HCCompression supported: 0
I200812 01:18:39.905605 43 storage/rocksdb.go:102  	kLZ4Compression supported: 0
I200812 01:18:39.905618 43 storage/rocksdb.go:102  	kBZip2Compression supported: 0
I200812 01:18:39.905632 43 storage/rocksdb.go:102  	kZlibCompression supported: 0
I200812 01:18:39.905645 43 storage/rocksdb.go:102  	kSnappyCompression supported: 1
I200812 01:18:39.905664 43 storage/rocksdb.go:102  Fast CRC32 supported: Supported on x86
I200812 01:18:39.905819 43 storage/rocksdb.go:102  [db/db_impl_open.cc:242] Creating manifest 1 
I200812 01:18:40.141359 43 storage/rocksdb.go:102  [db/version_set.cc:4072] Recovering from manifest file: /home/santiago/go/src/github.com/Santiagozh1998/SpyServer/cockroach-data/cockroach-temp215429817/MANIFEST-000001
I200812 01:18:40.144129 43 storage/rocksdb.go:102  [db/column_family.cc:488] --------------- Options for column family [default]:
I200812 01:18:40.144190 43 storage/rocksdb.go:102                Options.comparator: cockroach_comparator
I200812 01:18:40.144216 43 storage/rocksdb.go:102            Options.merge_operator: cockroach_merge_operator
I200812 01:18:40.144265 43 storage/rocksdb.go:102         Options.compaction_filter: None
I200812 01:18:40.144288 43 storage/rocksdb.go:102         Options.compaction_filter_factory: None
I200812 01:18:40.144311 43 storage/rocksdb.go:102          Options.memtable_factory: SkipListFactory
I200812 01:18:40.144354 43 storage/rocksdb.go:102             Options.table_factory: BlockBasedTable
I200812 01:18:40.144532 43 storage/rocksdb.go:102             table_factory options:   flush_block_policy_factory: FlushBlockBySizePolicyFactory (0x7f61ae222030)
  cache_index_and_filter_blocks: 0
  cache_index_and_filter_blocks_with_high_priority: 0
  pin_l0_filter_and_index_blocks_in_cache: 0
  pin_top_level_index_and_filter: 1
  index_type: 0
  data_block_index_type: 0
  index_shortening: 1
  data_block_hash_table_util_ratio: 0.750000
  hash_index_allow_collision: 1
  checksum: 1
  no_block_cache: 0
  block_cache: 0x7f61ae214010
  block_cache_name: LRUCache
  block_cache_options:
    capacity : 1048576
    num_shard_bits : 4
    strict_capacity_limit : 0
    memory_allocator : None
    high_pri_pool_ratio: 0.000
  block_cache_compressed: (nil)
  persistent_cache: (nil)
  block_size: 32768
  block_size_deviation: 10
  block_restart_interval: 16
  index_block_restart_interval: 1
  metadata_block_size: 4096
  partition_filters: 0
  use_delta_encoding: 1
  filter_policy: rocksdb.BuiltinBloomFilter
  whole_key_filtering: 0
  verify_compression: 0
  read_amp_bytes_per_bit: 0
  format_version: 2
  enable_index_compression: 1
  block_align: 0
I200812 01:18:40.144566 43 storage/rocksdb.go:102         Options.write_buffer_size: 67108864
I200812 01:18:40.144621 43 storage/rocksdb.go:102   Options.max_write_buffer_number: 4
I200812 01:18:40.144643 43 storage/rocksdb.go:102           Options.compression: Snappy
I200812 01:18:40.144686 43 storage/rocksdb.go:102                   Options.bottommost_compression: Disabled
I200812 01:18:40.144710 43 storage/rocksdb.go:102        Options.prefix_extractor: cockroach_prefix_extractor
I200812 01:18:40.144734 43 storage/rocksdb.go:102    Options.memtable_insert_with_hint_prefix_extractor: nullptr
I200812 01:18:40.144777 43 storage/rocksdb.go:102              Options.num_levels: 7
I200812 01:18:40.144800 43 storage/rocksdb.go:102         Options.min_write_buffer_number_to_merge: 1
I200812 01:18:40.144820 43 storage/rocksdb.go:102      Options.max_write_buffer_number_to_maintain: 0
I200812 01:18:40.144862 43 storage/rocksdb.go:102             Options.bottommost_compression_opts.window_bits: -14
I200812 01:18:40.144885 43 storage/rocksdb.go:102                   Options.bottommost_compression_opts.level: 32767
I200812 01:18:40.144925 43 storage/rocksdb.go:102                Options.bottommost_compression_opts.strategy: 0
I200812 01:18:40.144949 43 storage/rocksdb.go:102          Options.bottommost_compression_opts.max_dict_bytes: 0
I200812 01:18:40.144971 43 storage/rocksdb.go:102          Options.bottommost_compression_opts.zstd_max_train_bytes: 0
I200812 01:18:40.145026 43 storage/rocksdb.go:102                   Options.bottommost_compression_opts.enabled: false
I200812 01:18:40.145050 43 storage/rocksdb.go:102             Options.compression_opts.window_bits: -14
I200812 01:18:40.145071 43 storage/rocksdb.go:102                   Options.compression_opts.level: 32767
I200812 01:18:40.145116 43 storage/rocksdb.go:102                Options.compression_opts.strategy: 0
I200812 01:18:40.145137 43 storage/rocksdb.go:102          Options.compression_opts.max_dict_bytes: 0
I200812 01:18:40.145179 43 storage/rocksdb.go:102          Options.compression_opts.zstd_max_train_bytes: 0
I200812 01:18:40.145202 43 storage/rocksdb.go:102                   Options.compression_opts.enabled: false
I200812 01:18:40.145222 43 storage/rocksdb.go:102       Options.level0_file_num_compaction_trigger: 2
I200812 01:18:40.145263 43 storage/rocksdb.go:102           Options.level0_slowdown_writes_trigger: 950
I200812 01:18:40.145285 43 storage/rocksdb.go:102               Options.level0_stop_writes_trigger: 1000
I200812 01:18:40.145307 43 storage/rocksdb.go:102                    Options.target_file_size_base: 4194304
I200812 01:18:40.145348 43 storage/rocksdb.go:102              Options.target_file_size_multiplier: 2
I200812 01:18:40.145371 43 storage/rocksdb.go:102                 Options.max_bytes_for_level_base: 67108864
I200812 01:18:40.145392 43 storage/rocksdb.go:102  Options.level_compaction_dynamic_level_bytes: 1
I200812 01:18:40.145453 43 storage/rocksdb.go:102           Options.max_bytes_for_level_multiplier: 10.000000
I200812 01:18:40.145476 43 storage/rocksdb.go:102  Options.max_bytes_for_level_multiplier_addtl[0]: 1
I200812 01:18:40.145518 43 storage/rocksdb.go:102  Options.max_bytes_for_level_multiplier_addtl[1]: 1
I200812 01:18:40.145541 43 storage/rocksdb.go:102  Options.max_bytes_for_level_multiplier_addtl[2]: 1
I200812 01:18:40.145561 43 storage/rocksdb.go:102  Options.max_bytes_for_level_multiplier_addtl[3]: 1
I200812 01:18:40.145584 43 storage/rocksdb.go:102  Options.max_bytes_for_level_multiplier_addtl[4]: 1
I200812 01:18:40.145626 43 storage/rocksdb.go:102  Options.max_bytes_for_level_multiplier_addtl[5]: 1
I200812 01:18:40.145649 43 storage/rocksdb.go:102  Options.max_bytes_for_level_multiplier_addtl[6]: 1
I200812 01:18:40.145670 43 storage/rocksdb.go:102        Options.max_sequential_skip_in_iterations: 8
I200812 01:18:40.145691 43 storage/rocksdb.go:102                     Options.max_compaction_bytes: 104857600
I200812 01:18:40.145712 43 storage/rocksdb.go:102                         Options.arena_block_size: 8388608
I200812 01:18:40.145751 43 storage/rocksdb.go:102    Options.soft_pending_compaction_bytes_limit: 2199023255552
I200812 01:18:40.145777 43 storage/rocksdb.go:102    Options.hard_pending_compaction_bytes_limit: 4400193994752
I200812 01:18:40.145799 43 storage/rocksdb.go:102        Options.rate_limit_delay_max_milliseconds: 100
I200812 01:18:40.145821 43 storage/rocksdb.go:102                 Options.disable_auto_compactions: 0
I200812 01:18:40.145850 43 storage/rocksdb.go:102                         Options.compaction_style: kCompactionStyleLevel
I200812 01:18:40.145877 43 storage/rocksdb.go:102                           Options.compaction_pri: kMinOverlappingRatio
I200812 01:18:40.145898 43 storage/rocksdb.go:102  Options.compaction_options_universal.size_ratio: 1
I200812 01:18:40.145919 43 storage/rocksdb.go:102  Options.compaction_options_universal.min_merge_width: 2
I200812 01:18:40.145940 43 storage/rocksdb.go:102  Options.compaction_options_universal.max_merge_width: 4294967295
I200812 01:18:40.146004 43 storage/rocksdb.go:102  Options.compaction_options_universal.max_size_amplification_percent: 200
I200812 01:18:40.146027 43 storage/rocksdb.go:102  Options.compaction_options_universal.compression_size_percent: -1
I200812 01:18:40.146051 43 storage/rocksdb.go:102  Options.compaction_options_universal.stop_style: kCompactionStopStyleTotalSize
I200812 01:18:40.146072 43 storage/rocksdb.go:102  Options.compaction_options_fifo.max_table_files_size: 1073741824
I200812 01:18:40.146103 43 storage/rocksdb.go:102  Options.compaction_options_fifo.allow_compaction: 0
I200812 01:18:40.146136 43 storage/rocksdb.go:102                    Options.table_properties_collectors: TimeBoundTblPropCollectorFactory; DeleteRangeTblPropCollectorFactory; 
I200812 01:18:40.146161 43 storage/rocksdb.go:102                    Options.inplace_update_support: 0
I200812 01:18:40.146182 43 storage/rocksdb.go:102                  Options.inplace_update_num_locks: 10000
I200812 01:18:40.146206 43 storage/rocksdb.go:102                Options.memtable_prefix_bloom_size_ratio: 0.000000
I200812 01:18:40.146227 43 storage/rocksdb.go:102                Options.memtable_whole_key_filtering: 0
I200812 01:18:40.146248 43 storage/rocksdb.go:102    Options.memtable_huge_page_size: 0
I200812 01:18:40.146268 43 storage/rocksdb.go:102                            Options.bloom_locality: 0
I200812 01:18:40.146289 43 storage/rocksdb.go:102                     Options.max_successive_merges: 0
I200812 01:18:40.146309 43 storage/rocksdb.go:102                 Options.optimize_filters_for_hits: 1
I200812 01:18:40.146330 43 storage/rocksdb.go:102                 Options.paranoid_file_checks: 0
I200812 01:18:40.146351 43 storage/rocksdb.go:102                 Options.force_consistency_checks: 0
I200812 01:18:40.146395 43 storage/rocksdb.go:102                 Options.report_bg_io_stats: 0
I200812 01:18:40.146421 43 storage/rocksdb.go:102                                Options.ttl: 0
I200812 01:18:40.146442 43 storage/rocksdb.go:102           Options.periodic_compaction_seconds: 0
I200812 01:18:40.148277 43 storage/rocksdb.go:102  [db/version_set.cc:4286] Recovered from manifest file:/home/santiago/go/src/github.com/Santiagozh1998/SpyServer/cockroach-data/cockroach-temp215429817/MANIFEST-000001 succeeded,manifest_file_number is 1, next_file_number is 3, last_sequence is 0, log_number is 0,prev_log_number is 0,max_column_family is 0,min_log_number_to_keep is 0
I200812 01:18:40.148313 43 storage/rocksdb.go:102  [db/version_set.cc:4295] Column family [default] (ID 0), log number is 0
I200812 01:18:40.225920 43 storage/rocksdb.go:102  DB pointer 0x7f61ae2a0000
I200812 01:18:40.479455 43 storage/rocksdb.go:102  RocksDB version: 6.2.1
I200812 01:18:40.479491 43 storage/rocksdb.go:102  Git sha rocksdb_build_git_sha:@e494e15a0b08c13fafd5710f279f348d47d476de@
I200812 01:18:40.479506 43 storage/rocksdb.go:102  Compile date Jun  9 2020
I200812 01:18:40.479519 43 storage/rocksdb.go:102  DB SUMMARY
I200812 01:18:40.479608 43 storage/rocksdb.go:102  SST files in /home/santiago/go/src/github.com/Santiagozh1998/SpyServer/cockroach-data dir, Total Num: 0, files: 
I200812 01:18:40.479624 43 storage/rocksdb.go:102  Write Ahead Log file in /home/santiago/go/src/github.com/Santiagozh1998/SpyServer/cockroach-data: 
I200812 01:18:40.479640 43 storage/rocksdb.go:102                          Options.error_if_exists: 0
I200812 01:18:40.479653 43 storage/rocksdb.go:102                        Options.create_if_missing: 1
I200812 01:18:40.479672 43 storage/rocksdb.go:102                          Options.paranoid_checks: 1
I200812 01:18:40.479686 43 storage/rocksdb.go:102                                      Options.env: 0x7571de0
I200812 01:18:40.479700 43 storage/rocksdb.go:102                                 Options.info_log: 0x7f61a6819080
I200812 01:18:40.479714 43 storage/rocksdb.go:102                 Options.max_file_opening_threads: 16
I200812 01:18:40.479728 43 storage/rocksdb.go:102                               Options.statistics: 0x7f61a681f010
I200812 01:18:40.479741 43 storage/rocksdb.go:102                                Options.use_fsync: 0
I200812 01:18:40.479755 43 storage/rocksdb.go:102                        Options.max_log_file_size: 0
I200812 01:18:40.479768 43 storage/rocksdb.go:102                   Options.max_manifest_file_size: 134217728
I200812 01:18:40.479782 43 storage/rocksdb.go:102                    Options.log_file_time_to_roll: 0
I200812 01:18:40.479797 43 storage/rocksdb.go:102                        Options.keep_log_file_num: 1000
I200812 01:18:40.479811 43 storage/rocksdb.go:102                     Options.recycle_log_file_num: 1
I200812 01:18:40.479825 43 storage/rocksdb.go:102                          Options.allow_fallocate: 1
I200812 01:18:40.479838 43 storage/rocksdb.go:102                         Options.allow_mmap_reads: 0
I200812 01:18:40.479852 43 storage/rocksdb.go:102                        Options.allow_mmap_writes: 0
I200812 01:18:40.479865 43 storage/rocksdb.go:102                         Options.use_direct_reads: 0
I200812 01:18:40.479904 43 storage/rocksdb.go:102                         Options.use_direct_io_for_flush_and_compaction: 0
I200812 01:18:40.479920 43 storage/rocksdb.go:102           Options.create_missing_column_families: 0
I200812 01:18:40.479936 43 storage/rocksdb.go:102                               Options.db_log_dir: 
I200812 01:18:40.479950 43 storage/rocksdb.go:102                                  Options.wal_dir: /home/santiago/go/src/github.com/Santiagozh1998/SpyServer/cockroach-data
I200812 01:18:40.479964 43 storage/rocksdb.go:102                 Options.table_cache_numshardbits: 6
I200812 01:18:40.479979 43 storage/rocksdb.go:102                       Options.max_subcompactions: 1
I200812 01:18:40.479993 43 storage/rocksdb.go:102                   Options.max_background_flushes: -1
I200812 01:18:40.480006 43 storage/rocksdb.go:102                          Options.WAL_ttl_seconds: 0
I200812 01:18:40.480020 43 storage/rocksdb.go:102                        Options.WAL_size_limit_MB: 0
I200812 01:18:40.480046 43 storage/rocksdb.go:102              Options.manifest_preallocation_size: 4194304
I200812 01:18:40.480061 43 storage/rocksdb.go:102                      Options.is_fd_close_on_exec: 1
I200812 01:18:40.480076 43 storage/rocksdb.go:102                    Options.advise_random_on_open: 1
I200812 01:18:40.480091 43 storage/rocksdb.go:102                     Options.db_write_buffer_size: 0
I200812 01:18:40.480104 43 storage/rocksdb.go:102                     Options.write_buffer_manager: 0x7f61a6887030
I200812 01:18:40.480118 43 storage/rocksdb.go:102          Options.access_hint_on_compaction_start: 1
I200812 01:18:40.480131 43 storage/rocksdb.go:102   Options.new_table_reader_for_compaction_inputs: 0
I200812 01:18:40.480145 43 storage/rocksdb.go:102            Options.random_access_max_buffer_size: 1048576
I200812 01:18:40.480158 43 storage/rocksdb.go:102                       Options.use_adaptive_mutex: 0
I200812 01:18:40.480172 43 storage/rocksdb.go:102                             Options.rate_limiter: (nil)
I200812 01:18:40.480187 43 storage/rocksdb.go:102      Options.sst_file_manager.rate_bytes_per_sec: 0
I200812 01:18:40.480201 43 storage/rocksdb.go:102                        Options.wal_recovery_mode: 0
I200812 01:18:40.480214 43 storage/rocksdb.go:102                   Options.enable_thread_tracking: 0
I200812 01:18:40.480228 43 storage/rocksdb.go:102                   Options.enable_pipelined_write: 0
I200812 01:18:40.480242 43 storage/rocksdb.go:102          Options.allow_concurrent_memtable_write: 1
I200812 01:18:40.480255 43 storage/rocksdb.go:102       Options.enable_write_thread_adaptive_yield: 1
I200812 01:18:40.480269 43 storage/rocksdb.go:102              Options.write_thread_max_yield_usec: 100
I200812 01:18:40.480283 43 storage/rocksdb.go:102             Options.write_thread_slow_yield_usec: 3
I200812 01:18:40.480296 43 storage/rocksdb.go:102                                Options.row_cache: None
I200812 01:18:40.480312 43 storage/rocksdb.go:102                               Options.wal_filter: None
I200812 01:18:40.480326 43 storage/rocksdb.go:102              Options.avoid_flush_during_recovery: 0
I200812 01:18:40.480341 43 storage/rocksdb.go:102              Options.allow_ingest_behind: 0
I200812 01:18:40.480355 43 storage/rocksdb.go:102              Options.preserve_deletes: 0
I200812 01:18:40.480370 43 storage/rocksdb.go:102              Options.two_write_queues: 0
I200812 01:18:40.480384 43 storage/rocksdb.go:102              Options.manual_wal_flush: 1
I200812 01:18:40.480398 43 storage/rocksdb.go:102              Options.atomic_flush: 0
I200812 01:18:40.480413 43 storage/rocksdb.go:102              Options.avoid_unnecessary_blocking_io: 0
I200812 01:18:40.480427 43 storage/rocksdb.go:102              Options.max_background_jobs: 4
I200812 01:18:40.480441 43 storage/rocksdb.go:102              Options.max_background_compactions: -1
I200812 01:18:40.480455 43 storage/rocksdb.go:102              Options.avoid_flush_during_shutdown: 0
I200812 01:18:40.480471 43 storage/rocksdb.go:102            Options.writable_file_max_buffer_size: 1048576
I200812 01:18:40.480486 43 storage/rocksdb.go:102              Options.delayed_write_rate : 16777216
I200812 01:18:40.480500 43 storage/rocksdb.go:102              Options.max_total_wal_size: 0
I200812 01:18:40.480514 43 storage/rocksdb.go:102              Options.delete_obsolete_files_period_micros: 21600000000
I200812 01:18:40.480529 43 storage/rocksdb.go:102                    Options.stats_dump_period_sec: 0
I200812 01:18:40.480543 43 storage/rocksdb.go:102                  Options.stats_persist_period_sec: 600
I200812 01:18:40.480557 43 storage/rocksdb.go:102                  Options.stats_history_buffer_size: 1048576
I200812 01:18:40.480572 43 storage/rocksdb.go:102                           Options.max_open_files: 3840
I200812 01:18:40.480587 43 storage/rocksdb.go:102                           Options.bytes_per_sync: 524288
I200812 01:18:40.480603 43 storage/rocksdb.go:102                       Options.wal_bytes_per_sync: 0
I200812 01:18:40.480618 43 storage/rocksdb.go:102                    Options.strict_bytes_per_sync: 1
I200812 01:18:40.480633 43 storage/rocksdb.go:102        Options.compaction_readahead_size: 0
I200812 01:18:40.480647 43 storage/rocksdb.go:102  Compression algorithms supported:
I200812 01:18:40.480663 43 storage/rocksdb.go:102  	kZSTDNotFinalCompression supported: 0
I200812 01:18:40.480680 43 storage/rocksdb.go:102  	kZSTD supported: 0
I200812 01:18:40.480695 43 storage/rocksdb.go:102  	kXpressCompression supported: 0
I200812 01:18:40.480709 43 storage/rocksdb.go:102  	kLZ4HCCompression supported: 0
I200812 01:18:40.480724 43 storage/rocksdb.go:102  	kLZ4Compression supported: 0
I200812 01:18:40.480739 43 storage/rocksdb.go:102  	kBZip2Compression supported: 0
I200812 01:18:40.480754 43 storage/rocksdb.go:102  	kZlibCompression supported: 0
I200812 01:18:40.480769 43 storage/rocksdb.go:102  	kSnappyCompression supported: 1
I200812 01:18:40.480795 43 storage/rocksdb.go:102  Fast CRC32 supported: Supported on x86
I200812 01:18:40.481027 43 storage/rocksdb.go:102  [db/db_impl_open.cc:242] Creating manifest 1 
I200812 01:18:40.726482 43 storage/rocksdb.go:102  [db/version_set.cc:4072] Recovering from manifest file: /home/santiago/go/src/github.com/Santiagozh1998/SpyServer/cockroach-data/MANIFEST-000001
I200812 01:18:40.726743 43 storage/rocksdb.go:102  [db/column_family.cc:488] --------------- Options for column family [default]:
I200812 01:18:40.726762 43 storage/rocksdb.go:102                Options.comparator: cockroach_comparator
I200812 01:18:40.726780 43 storage/rocksdb.go:102            Options.merge_operator: cockroach_merge_operator
I200812 01:18:40.726797 43 storage/rocksdb.go:102         Options.compaction_filter: None
I200812 01:18:40.726813 43 storage/rocksdb.go:102         Options.compaction_filter_factory: None
I200812 01:18:40.726831 43 storage/rocksdb.go:102          Options.memtable_factory: SkipListFactory
I200812 01:18:40.726847 43 storage/rocksdb.go:102             Options.table_factory: BlockBasedTable
I200812 01:18:40.726930 43 storage/rocksdb.go:102             table_factory options:   flush_block_policy_factory: FlushBlockBySizePolicyFactory (0x7f61a681d028)
  cache_index_and_filter_blocks: 0
  cache_index_and_filter_blocks_with_high_priority: 0
  pin_l0_filter_and_index_blocks_in_cache: 0
  pin_top_level_index_and_filter: 1
  index_type: 0
  data_block_index_type: 0
  index_shortening: 1
  data_block_hash_table_util_ratio: 0.750000
  hash_index_allow_collision: 1
  checksum: 1
  no_block_cache: 0
  block_cache: 0x7f61a680e010
  block_cache_name: LRUCache
  block_cache_options:
    capacity : 67108864
    num_shard_bits : 4
    strict_capacity_limit : 0
    memory_allocator : None
    high_pri_pool_ratio: 0.000
  block_cache_compressed: (nil)
  persistent_cache: (nil)
  block_size: 32768
  block_size_deviation: 10
  block_restart_interval: 16
  index_block_restart_interval: 1
  metadata_block_size: 4096
  partition_filters: 0
  use_delta_encoding: 1
  filter_policy: rocksdb.BuiltinBloomFilter
  whole_key_filtering: 0
  verify_compression: 0
  read_amp_bytes_per_bit: 0
  format_version: 2
  enable_index_compression: 1
  block_align: 0
I200812 01:18:40.726952 43 storage/rocksdb.go:102         Options.write_buffer_size: 67108864
I200812 01:18:40.726971 43 storage/rocksdb.go:102   Options.max_write_buffer_number: 4
I200812 01:18:40.726988 43 storage/rocksdb.go:102           Options.compression: Snappy
I200812 01:18:40.727004 43 storage/rocksdb.go:102                   Options.bottommost_compression: Disabled
I200812 01:18:40.727021 43 storage/rocksdb.go:102        Options.prefix_extractor: cockroach_prefix_extractor
I200812 01:18:40.727037 43 storage/rocksdb.go:102    Options.memtable_insert_with_hint_prefix_extractor: nullptr
I200812 01:18:40.727054 43 storage/rocksdb.go:102              Options.num_levels: 7
I200812 01:18:40.727070 43 storage/rocksdb.go:102         Options.min_write_buffer_number_to_merge: 1
I200812 01:18:40.727086 43 storage/rocksdb.go:102      Options.max_write_buffer_number_to_maintain: 0
I200812 01:18:40.727103 43 storage/rocksdb.go:102             Options.bottommost_compression_opts.window_bits: -14
I200812 01:18:40.727119 43 storage/rocksdb.go:102                   Options.bottommost_compression_opts.level: 32767
I200812 01:18:40.727135 43 storage/rocksdb.go:102                Options.bottommost_compression_opts.strategy: 0
I200812 01:18:40.727152 43 storage/rocksdb.go:102          Options.bottommost_compression_opts.max_dict_bytes: 0
I200812 01:18:40.727168 43 storage/rocksdb.go:102          Options.bottommost_compression_opts.zstd_max_train_bytes: 0
I200812 01:18:40.727184 43 storage/rocksdb.go:102                   Options.bottommost_compression_opts.enabled: false
I200812 01:18:40.727203 43 storage/rocksdb.go:102             Options.compression_opts.window_bits: -14
I200812 01:18:40.727220 43 storage/rocksdb.go:102                   Options.compression_opts.level: 32767
I200812 01:18:40.727236 43 storage/rocksdb.go:102                Options.compression_opts.strategy: 0
I200812 01:18:40.727252 43 storage/rocksdb.go:102          Options.compression_opts.max_dict_bytes: 0
I200812 01:18:40.727268 43 storage/rocksdb.go:102          Options.compression_opts.zstd_max_train_bytes: 0
I200812 01:18:40.727285 43 storage/rocksdb.go:102                   Options.compression_opts.enabled: false
I200812 01:18:40.727301 43 storage/rocksdb.go:102       Options.level0_file_num_compaction_trigger: 2
I200812 01:18:40.727317 43 storage/rocksdb.go:102           Options.level0_slowdown_writes_trigger: 950
I200812 01:18:40.727335 43 storage/rocksdb.go:102               Options.level0_stop_writes_trigger: 1000
I200812 01:18:40.727351 43 storage/rocksdb.go:102                    Options.target_file_size_base: 4194304
I200812 01:18:40.727367 43 storage/rocksdb.go:102              Options.target_file_size_multiplier: 2
I200812 01:18:40.727383 43 storage/rocksdb.go:102                 Options.max_bytes_for_level_base: 67108864
I200812 01:18:40.727399 43 storage/rocksdb.go:102  Options.level_compaction_dynamic_level_bytes: 1
I200812 01:18:40.727419 43 storage/rocksdb.go:102           Options.max_bytes_for_level_multiplier: 10.000000
I200812 01:18:40.727436 43 storage/rocksdb.go:102  Options.max_bytes_for_level_multiplier_addtl[0]: 1
I200812 01:18:40.727453 43 storage/rocksdb.go:102  Options.max_bytes_for_level_multiplier_addtl[1]: 1
I200812 01:18:40.727469 43 storage/rocksdb.go:102  Options.max_bytes_for_level_multiplier_addtl[2]: 1
I200812 01:18:40.727485 43 storage/rocksdb.go:102  Options.max_bytes_for_level_multiplier_addtl[3]: 1
I200812 01:18:40.727501 43 storage/rocksdb.go:102  Options.max_bytes_for_level_multiplier_addtl[4]: 1
I200812 01:18:40.727519 43 storage/rocksdb.go:102  Options.max_bytes_for_level_multiplier_addtl[5]: 1
I200812 01:18:40.727535 43 storage/rocksdb.go:102  Options.max_bytes_for_level_multiplier_addtl[6]: 1
I200812 01:18:40.727552 43 storage/rocksdb.go:102        Options.max_sequential_skip_in_iterations: 8
I200812 01:18:40.727568 43 storage/rocksdb.go:102                     Options.max_compaction_bytes: 104857600
I200812 01:18:40.727584 43 storage/rocksdb.go:102                         Options.arena_block_size: 8388608
I200812 01:18:40.727600 43 storage/rocksdb.go:102    Options.soft_pending_compaction_bytes_limit: 2199023255552
I200812 01:18:40.727616 43 storage/rocksdb.go:102    Options.hard_pending_compaction_bytes_limit: 4400193994752
I200812 01:18:40.727632 43 storage/rocksdb.go:102        Options.rate_limit_delay_max_milliseconds: 100
I200812 01:18:40.727648 43 storage/rocksdb.go:102                 Options.disable_auto_compactions: 0
I200812 01:18:40.727669 43 storage/rocksdb.go:102                         Options.compaction_style: kCompactionStyleLevel
I200812 01:18:40.727688 43 storage/rocksdb.go:102                           Options.compaction_pri: kMinOverlappingRatio
I200812 01:18:40.727705 43 storage/rocksdb.go:102  Options.compaction_options_universal.size_ratio: 1
I200812 01:18:40.727720 43 storage/rocksdb.go:102  Options.compaction_options_universal.min_merge_width: 2
I200812 01:18:40.727737 43 storage/rocksdb.go:102  Options.compaction_options_universal.max_merge_width: 4294967295
I200812 01:18:40.727753 43 storage/rocksdb.go:102  Options.compaction_options_universal.max_size_amplification_percent: 200
I200812 01:18:40.727769 43 storage/rocksdb.go:102  Options.compaction_options_universal.compression_size_percent: -1
I200812 01:18:40.727787 43 storage/rocksdb.go:102  Options.compaction_options_universal.stop_style: kCompactionStopStyleTotalSize
I200812 01:18:40.727804 43 storage/rocksdb.go:102  Options.compaction_options_fifo.max_table_files_size: 1073741824
I200812 01:18:40.727820 43 storage/rocksdb.go:102  Options.compaction_options_fifo.allow_compaction: 0
I200812 01:18:40.727845 43 storage/rocksdb.go:102                    Options.table_properties_collectors: TimeBoundTblPropCollectorFactory; DeleteRangeTblPropCollectorFactory; 
I200812 01:18:40.727864 43 storage/rocksdb.go:102                    Options.inplace_update_support: 0
I200812 01:18:40.727909 43 storage/rocksdb.go:102                  Options.inplace_update_num_locks: 10000
I200812 01:18:40.727931 43 storage/rocksdb.go:102                Options.memtable_prefix_bloom_size_ratio: 0.000000
I200812 01:18:40.727949 43 storage/rocksdb.go:102                Options.memtable_whole_key_filtering: 0
I200812 01:18:40.727967 43 storage/rocksdb.go:102    Options.memtable_huge_page_size: 0
I200812 01:18:40.727983 43 storage/rocksdb.go:102                            Options.bloom_locality: 0
I200812 01:18:40.728001 43 storage/rocksdb.go:102                     Options.max_successive_merges: 0
I200812 01:18:40.728019 43 storage/rocksdb.go:102                 Options.optimize_filters_for_hits: 1
I200812 01:18:40.728037 43 storage/rocksdb.go:102                 Options.paranoid_file_checks: 0
I200812 01:18:40.728054 43 storage/rocksdb.go:102                 Options.force_consistency_checks: 0
I200812 01:18:40.728072 43 storage/rocksdb.go:102                 Options.report_bg_io_stats: 0
I200812 01:18:40.728089 43 storage/rocksdb.go:102                                Options.ttl: 0
I200812 01:18:40.728105 43 storage/rocksdb.go:102           Options.periodic_compaction_seconds: 0
I200812 01:18:40.729329 43 storage/rocksdb.go:102  [db/version_set.cc:4286] Recovered from manifest file:/home/santiago/go/src/github.com/Santiagozh1998/SpyServer/cockroach-data/MANIFEST-000001 succeeded,manifest_file_number is 1, next_file_number is 3, last_sequence is 0, log_number is 0,prev_log_number is 0,max_column_family is 0,min_log_number_to_keep is 0
I200812 01:18:40.729363 43 storage/rocksdb.go:102  [db/version_set.cc:4295] Column family [default] (ID 0), log number is 0
I200812 01:18:40.795152 43 storage/rocksdb.go:102  DB pointer 0x7f61a6899000
I200812 02:02:23.321997 129 storage/rocksdb.go:102  [db/db_impl_write.cc:1437] [default] New memtable created with log file: #6. Immutable memtables: 0.
I200812 02:02:23.322692 17 storage/rocksdb.go:102  (Original Log Time 2020/08/11-21:02:23.322437) [db/db_impl_compaction_flush.cc:2097] Calling FlushMemTableToOutputFile with column family [default], flush slots available 1, compaction slots available 1, flush slots scheduled 1, compaction slots scheduled 0
I200812 02:02:23.322738 17 storage/rocksdb.go:102  [db/flush_job.cc:322] [default] [JOB 2] Flushing memtable with next log file: 6
I200812 02:02:23.322872 17 storage/rocksdb.go:102  EVENT_LOG_v1 {"time_micros": 1597197743322804, "job": 2, "event": "flush_started", "num_memtables": 1, "num_entries": 213341, "num_deletes": 5214, "total_data_size": 61097162, "memory_usage": 65023280, "flush_reason": "Write Buffer Full"}
I200812 02:02:23.322904 17 storage/rocksdb.go:102  [db/flush_job.cc:351] [default] [JOB 2] Level-0 flush table #7: started
I200812 02:02:25.473437 17 storage/rocksdb.go:102  EVENT_LOG_v1 {"time_micros": 1597197745473140, "cf_name": "default", "job": 2, "event": "table_file_creation", "file_number": 7, "file_size": 455184, "table_properties": {"data_size": 442620, "index_size": 4168, "index_partitions": 0, "top_level_index_size": 0, "index_key_is_user_key": 0, "index_value_is_delta_encoded": 0, "filter_size": 9413, "raw_key_size": 267561, "raw_average_key_size": 31, "raw_value_size": 2323685, "raw_average_value_size": 273, "num_data_blocks": 75, "num_entries": 8511, "num_deletions": 5063, "num_merge_operands": 1384, "num_range_deletions": 1384, "format_version": 0, "fixed_key_len": 0, "filter_policy": "rocksdb.BuiltinBloomFilter", "column_family_name": "default", "column_family_id": 0, "comparator": "cockroach_comparator", "merge_operator": "cockroach_merge_operator", "prefix_extractor_name": "cockroach_prefix_extractor", "property_collectors": "[TimeBoundTblPropCollectorFactory,DeleteRangeTblPropCollectorFactory]", "compression": "Snappy", "compression_options": "window_bits=-14; level=32767; strategy=0; max_dict_bytes=0; zstd_max_train_bytes=0; enabled=0; ", "creation_time": 1597197743, "oldest_key_time": 1597195120, "file_creation_time": 1597197743}}
I200812 02:02:25.473539 17 storage/rocksdb.go:102  [db/flush_job.cc:392] [default] [JOB 2] Level-0 flush table #7: 455184 bytes OK
I200812 02:02:25.517084 17 storage/rocksdb.go:102  [db/version_set.cc:3560] Creating manifest 8
I200812 02:02:25.640112 17 storage/rocksdb.go:102  [db/db_impl_files.cc:194] adding log 3 to recycle list
I200812 02:02:25.640167 17 storage/rocksdb.go:102  (Original Log Time 2020/08/11-21:02:25.516768) [db/memtable_list.cc:389] [default] Level-0 commit table #7 started
I200812 02:02:25.640194 17 storage/rocksdb.go:102  (Original Log Time 2020/08/11-21:02:25.639702) [db/memtable_list.cc:437] [default] Level-0 commit table #7: memtable #1 done
I200812 02:02:25.640223 17 storage/rocksdb.go:102  (Original Log Time 2020/08/11-21:02:25.639775) EVENT_LOG_v1 {"time_micros": 1597197745639742, "job": 2, "event": "flush_finished", "output_compression": "Snappy", "lsm_state": [1, 0, 0, 0, 0, 0, 0], "immutable_memtables": 0}
I200812 02:02:25.640256 17 storage/rocksdb.go:102  (Original Log Time 2020/08/11-21:02:25.639821) [db/db_impl_compaction_flush.cc:208] [default] Level summary: files[1 0 0 0 0 0 0] max score 0.50
I200812 02:02:25.640296 17 storage/rocksdb.go:102  [db/db_impl_files.cc:356] [JOB 2] Try to delete WAL files size 59723779, prev total WAL file size 59725374, number of live WAL files 2.
I200812 02:03:03.215545 17 storage/rocksdb.go:102  [db/compaction_job.cc:1647] [default] [JOB 3] Compacting 1@0 files to L0, score 0.00
I200812 02:03:03.215591 17 storage/rocksdb.go:102  [db/compaction_job.cc:1651] [default] Compaction start summary: Base version 2 Base level 0, inputs: [7(444KB)]
I200812 02:03:03.215709 17 storage/rocksdb.go:102  EVENT_LOG_v1 {"time_micros": 1597197783215637, "job": 3, "event": "compaction_started", "compaction_reason": "BottommostFiles", "files_L0": [7], "score": 0, "input_data_size": 455184}
I200812 02:03:03.361782 17 storage/rocksdb.go:102  [db/compaction_job.cc:1334] [default] [JOB 3] Generated table #9: 3448 keys, 387557 bytes
I200812 02:03:03.362311 17 storage/rocksdb.go:102  EVENT_LOG_v1 {"time_micros": 1597197783361852, "cf_name": "default", "job": 3, "event": "table_file_creation", "file_number": 9, "file_size": 387557, "table_properties": {"data_size": 384553, "index_size": 4069, "index_partitions": 0, "top_level_index_size": 0, "index_key_is_user_key": 0, "index_value_is_delta_encoded": 0, "filter_size": 0, "raw_key_size": 135975, "raw_average_key_size": 39, "raw_value_size": 2253485, "raw_average_value_size": 653, "num_data_blocks": 70, "num_entries": 3448, "num_deletions": 0, "num_merge_operands": 0, "num_range_deletions": 0, "format_version": 0, "fixed_key_len": 0, "filter_policy": "rocksdb.BuiltinBloomFilter", "column_family_name": "default", "column_family_id": 0, "comparator": "cockroach_comparator", "merge_operator": "cockroach_merge_operator", "prefix_extractor_name": "cockroach_prefix_extractor", "property_collectors": "[TimeBoundTblPropCollectorFactory,DeleteRangeTblPropCollectorFactory]", "compression": "Snappy", "compression_options": "window_bits=-14; level=32767; strategy=0; max_dict_bytes=0; zstd_max_train_bytes=0; enabled=0; ", "creation_time": 1597197743, "oldest_key_time": 0, "file_creation_time": 1597197783}}
I200812 02:03:03.448861 17 storage/rocksdb.go:102  [db/compaction_job.cc:1397] [default] [JOB 3] Compacted 1@0 files to L0 => 387557 bytes
I200812 02:03:03.526033 17 storage/rocksdb.go:102  (Original Log Time 2020/08/11-21:03:03.525684) [db/compaction_job.cc:770] [default] compacted to: files[1 0 0 0 0 0 0] max score 0.50, MB/sec: 3.1 rd, 2.6 wr, level 0, files in(0, 1) out(1) MB in(0.0, 0.4) out(0.4), read-write-amplify(0.0) write-amplify(0.0) OK, records in: 8511, records dropped: 5063 output_compression: Snappy
I200812 02:03:03.526093 17 storage/rocksdb.go:102  (Original Log Time 2020/08/11-21:03:03.525813) EVENT_LOG_v1 {"time_micros": 1597197783525747, "job": 3, "event": "compaction_finished", "compaction_time_micros": 146776, "compaction_time_cpu_micros": 58387, "output_level": 0, "num_output_files": 1, "total_output_size": 387557, "num_input_records": 8511, "num_output_records": 3448, "num_subcompactions": 1, "output_compression": "Snappy", "num_single_delete_mismatches": 0, "num_single_delete_fallthrough": 0, "lsm_state": [1, 0, 0, 0, 0, 0, 0]}
I200812 02:03:03.526655 17 storage/rocksdb.go:102  EVENT_LOG_v1 {"time_micros": 1597197783526609, "job": 3, "event": "table_file_deletion", "file_number": 7}
I200812 02:46:23.285003 130 storage/rocksdb.go:102  [db/db_impl_open.cc:1132] reusing log 3 from recycle list
I200812 02:46:23.285529 130 storage/rocksdb.go:102  [db/db_impl_write.cc:1437] [default] New memtable created with log file: #10. Immutable memtables: 0.
I200812 02:46:23.286030 17 storage/rocksdb.go:102  (Original Log Time 2020/08/11-21:46:23.285902) [db/db_impl_compaction_flush.cc:2097] Calling FlushMemTableToOutputFile with column family [default], flush slots available 1, compaction slots available 1, flush slots scheduled 1, compaction slots scheduled 0
I200812 02:46:23.286069 17 storage/rocksdb.go:102  [db/flush_job.cc:322] [default] [JOB 4] Flushing memtable with next log file: 10
I200812 02:46:23.286173 17 storage/rocksdb.go:102  EVENT_LOG_v1 {"time_micros": 1597200383286119, "job": 4, "event": "flush_started", "num_memtables": 1, "num_entries": 213401, "num_deletes": 6285, "total_data_size": 61053883, "memory_usage": 65099720, "flush_reason": "Write Buffer Full"}
I200812 02:46:23.286206 17 storage/rocksdb.go:102  [db/flush_job.cc:351] [default] [JOB 4] Level-0 flush table #11: started
I200812 02:46:26.016203 17 storage/rocksdb.go:102  EVENT_LOG_v1 {"time_micros": 1597200386015739, "cf_name": "default", "job": 4, "event": "table_file_creation", "file_number": 11, "file_size": 383965, "table_properties": {"data_size": 373080, "index_size": 3534, "index_partitions": 0, "top_level_index_size": 0, "index_key_is_user_key": 0, "index_value_is_delta_encoded": 0, "filter_size": 8005, "raw_key_size": 227482, "raw_average_key_size": 29, "raw_value_size": 2149204, "raw_average_value_size": 276, "num_data_blocks": 69, "num_entries": 7776, "num_deletions": 6156, "num_merge_operands": 692, "num_range_deletions": 692, "format_version": 0, "fixed_key_len": 0, "filter_policy": "rocksdb.BuiltinBloomFilter", "column_family_name": "default", "column_family_id": 0, "comparator": "cockroach_comparator", "merge_operator": "cockroach_merge_operator", "prefix_extractor_name": "cockroach_prefix_extractor", "property_collectors": "[TimeBoundTblPropCollectorFactory,DeleteRangeTblPropCollectorFactory]", "compression": "Snappy", "compression_options": "window_bits=-14; level=32767; strategy=0; max_dict_bytes=0; zstd_max_train_bytes=0; enabled=0; ", "creation_time": 1597200383, "oldest_key_time": 1597197743, "file_creation_time": 1597200383}}
I200812 02:46:26.016295 17 storage/rocksdb.go:102  [db/flush_job.cc:392] [default] [JOB 4] Level-0 flush table #11: 383965 bytes OK
I200812 02:46:26.082046 17 storage/rocksdb.go:102  [db/db_impl_files.cc:194] adding log 6 to recycle list
I200812 02:46:26.082114 17 storage/rocksdb.go:102  (Original Log Time 2020/08/11-21:46:26.037215) [db/memtable_list.cc:389] [default] Level-0 commit table #11 started
I200812 02:46:26.082142 17 storage/rocksdb.go:102  (Original Log Time 2020/08/11-21:46:26.081583) [db/memtable_list.cc:437] [default] Level-0 commit table #11: memtable #1 done
I200812 02:46:26.082169 17 storage/rocksdb.go:102  (Original Log Time 2020/08/11-21:46:26.081694) EVENT_LOG_v1 {"time_micros": 1597200386081654, "job": 4, "event": "flush_finished", "output_compression": "Snappy", "lsm_state": [2, 0, 0, 0, 0, 0, 0], "immutable_memtables": 0}
I200812 02:46:26.082207 17 storage/rocksdb.go:102  (Original Log Time 2020/08/11-21:46:26.081773) [db/db_impl_compaction_flush.cc:208] [default] Level summary: files[2 0 0 0 0 0 0] max score 1.00
I200812 02:46:26.082335 17 storage/rocksdb.go:102  [db/compaction_job.cc:1647] [default] [JOB 5] Compacting 2@0 files to L6, score 1.00
I200812 02:46:26.082367 17 storage/rocksdb.go:102  [db/compaction_job.cc:1651] [default] Compaction start summary: Base version 4 Base level 0, inputs: [11(374KB) 9(378KB)]
I200812 02:46:26.082480 17 storage/rocksdb.go:102  EVENT_LOG_v1 {"time_micros": 1597200386082413, "job": 5, "event": "compaction_started", "compaction_reason": "LevelL0FilesNum", "files_L0": [11, 9], "score": 1, "input_data_size": 771522}
I200812 02:46:26.217851 17 storage/rocksdb.go:102  [db/compaction_job.cc:1334] [default] [JOB 5] Generated table #12: 3483 keys, 625276 bytes
I200812 02:46:26.218059 17 storage/rocksdb.go:102  EVENT_LOG_v1 {"time_micros": 1597200386217917, "cf_name": "default", "job": 5, "event": "table_file_creation", "file_number": 12, "file_size": 625276, "table_properties": {"data_size": 620821, "index_size": 8172, "index_partitions": 0, "top_level_index_size": 0, "index_key_is_user_key": 0, "index_value_is_delta_encoded": 0, "filter_size": 0, "raw_key_size": 136793, "raw_average_key_size": 39, "raw_value_size": 4027400, "raw_average_value_size": 1156, "num_data_blocks": 125, "num_entries": 3483, "num_deletions": 0, "num_merge_operands": 0, "num_range_deletions": 0, "format_version": 0, "fixed_key_len": 0, "filter_policy": "rocksdb.BuiltinBloomFilter", "column_family_name": "default", "column_family_id": 0, "comparator": "cockroach_comparator", "merge_operator": "cockroach_merge_operator", "prefix_extractor_name": "cockroach_prefix_extractor", "property_collectors": "[TimeBoundTblPropCollectorFactory,DeleteRangeTblPropCollectorFactory]", "compression": "Snappy", "compression_options": "window_bits=-14; level=32767; strategy=0; max_dict_bytes=0; zstd_max_train_bytes=0; enabled=0; ", "creation_time": 1597200383, "oldest_key_time": 0, "file_creation_time": 1597200386}}
I200812 02:46:26.260458 17 storage/rocksdb.go:102  [db/compaction_job.cc:1397] [default] [JOB 5] Compacted 2@0 files to L6 => 625276 bytes
I200812 02:46:26.260564 17 storage/rocksdb.go:102  [db/version_set.cc:3086] More existing levels in DB than needed. max_bytes_for_level_multiplier may not be guaranteed.
I200812 02:46:26.304400 17 storage/rocksdb.go:102  (Original Log Time 2020/08/11-21:46:26.304012) [db/compaction_job.cc:770] [default] compacted to: base level 6 level multiplier 10.00 max bytes base 67108864 files[0 0 0 0 0 0 1] max score 0.00, MB/sec: 5.7 rd, 4.6 wr, level 6, files in(2, 0) out(1) MB in(0.7, 0.0) out(0.6), read-write-amplify(1.8) write-amplify(0.8) OK, records in: 11224, records dropped: 7049 output_compression: Snappy
I200812 02:46:26.304456 17 storage/rocksdb.go:102  (Original Log Time 2020/08/11-21:46:26.304132) EVENT_LOG_v1 {"time_micros": 1597200386304072, "job": 5, "event": "compaction_finished", "compaction_time_micros": 135946, "compaction_time_cpu_micros": 79300, "output_level": 6, "num_output_files": 1, "total_output_size": 625276, "num_input_records": 10532, "num_output_records": 3483, "num_subcompactions": 1, "output_compression": "Snappy", "num_single_delete_mismatches": 0, "num_single_delete_fallthrough": 0, "lsm_state": [0, 0, 0, 0, 0, 0, 1]}
I200812 02:46:26.305024 17 storage/rocksdb.go:102  EVENT_LOG_v1 {"time_micros": 1597200386304963, "job": 5, "event": "table_file_deletion", "file_number": 11}
I200812 02:46:26.305391 17 storage/rocksdb.go:102  EVENT_LOG_v1 {"time_micros": 1597200386305351, "job": 5, "event": "table_file_deletion", "file_number": 9}
