I200902 22:25:40.490189 54 util/log/sync_buffer.go:70  [config] file created at: 2020/09/02 22:25:40
I200902 22:25:40.490189 54 util/log/sync_buffer.go:70  [config] running on machine: santiago-HP-Notebook
I200902 22:25:40.490189 54 util/log/sync_buffer.go:70  [config] binary: CockroachDB CCL v20.1.2 (x86_64-unknown-linux-gnu, built 2020/06/09 16:11:36, go1.13.9)
I200902 22:25:40.490189 54 util/log/sync_buffer.go:70  [config] arguments: [cockroach start --insecure]
I200902 22:25:40.490189 54 util/log/sync_buffer.go:70  line format: [IWEF]yymmdd hh:mm:ss.uuuuuu goid file:line msg utf8=✓
I200902 22:25:40.490186 54 storage/rocksdb.go:102  RocksDB version: 6.2.1
I200902 22:25:40.509507 54 storage/rocksdb.go:102  Git sha rocksdb_build_git_sha:@e494e15a0b08c13fafd5710f279f348d47d476de@
I200902 22:25:40.509527 54 storage/rocksdb.go:102  Compile date Jun  9 2020
I200902 22:25:40.509546 54 storage/rocksdb.go:102  DB SUMMARY
I200902 22:25:40.509660 54 storage/rocksdb.go:102  SST files in /home/santiago/go/src/github.com/Santiagozh1998/SpyServer/cockroach-data/cockroach-temp068500133 dir, Total Num: 0, files: 
I200902 22:25:40.509686 54 storage/rocksdb.go:102  Write Ahead Log file in /home/santiago/go/src/github.com/Santiagozh1998/SpyServer/cockroach-data/cockroach-temp068500133: 
I200902 22:25:40.509707 54 storage/rocksdb.go:102                          Options.error_if_exists: 0
I200902 22:25:40.509726 54 storage/rocksdb.go:102                        Options.create_if_missing: 1
I200902 22:25:40.509744 54 storage/rocksdb.go:102                          Options.paranoid_checks: 1
I200902 22:25:40.509763 54 storage/rocksdb.go:102                                      Options.env: 0x7571de0
I200902 22:25:40.509781 54 storage/rocksdb.go:102                                 Options.info_log: 0x7fa020c361a0
I200902 22:25:40.509799 54 storage/rocksdb.go:102                 Options.max_file_opening_threads: 16
I200902 22:25:40.509817 54 storage/rocksdb.go:102                               Options.statistics: 0x7fa020c19010
I200902 22:25:40.509835 54 storage/rocksdb.go:102                                Options.use_fsync: 0
I200902 22:25:40.509854 54 storage/rocksdb.go:102                        Options.max_log_file_size: 0
I200902 22:25:40.509872 54 storage/rocksdb.go:102                   Options.max_manifest_file_size: 134217728
I200902 22:25:40.509892 54 storage/rocksdb.go:102                    Options.log_file_time_to_roll: 0
I200902 22:25:40.509910 54 storage/rocksdb.go:102                        Options.keep_log_file_num: 1000
I200902 22:25:40.509929 54 storage/rocksdb.go:102                     Options.recycle_log_file_num: 1
I200902 22:25:40.509947 54 storage/rocksdb.go:102                          Options.allow_fallocate: 1
I200902 22:25:40.509971 54 storage/rocksdb.go:102                         Options.allow_mmap_reads: 0
I200902 22:25:40.509990 54 storage/rocksdb.go:102                        Options.allow_mmap_writes: 0
I200902 22:25:40.510008 54 storage/rocksdb.go:102                         Options.use_direct_reads: 0
I200902 22:25:40.510026 54 storage/rocksdb.go:102                         Options.use_direct_io_for_flush_and_compaction: 0
I200902 22:25:40.510044 54 storage/rocksdb.go:102           Options.create_missing_column_families: 0
I200902 22:25:40.510062 54 storage/rocksdb.go:102                               Options.db_log_dir: 
I200902 22:25:40.510080 54 storage/rocksdb.go:102                                  Options.wal_dir: /home/santiago/go/src/github.com/Santiagozh1998/SpyServer/cockroach-data/cockroach-temp068500133
I200902 22:25:40.510099 54 storage/rocksdb.go:102                 Options.table_cache_numshardbits: 6
I200902 22:25:40.510117 54 storage/rocksdb.go:102                       Options.max_subcompactions: 1
I200902 22:25:40.510135 54 storage/rocksdb.go:102                   Options.max_background_flushes: -1
I200902 22:25:40.510153 54 storage/rocksdb.go:102                          Options.WAL_ttl_seconds: 0
I200902 22:25:40.510171 54 storage/rocksdb.go:102                        Options.WAL_size_limit_MB: 0
I200902 22:25:40.510189 54 storage/rocksdb.go:102              Options.manifest_preallocation_size: 4194304
I200902 22:25:40.510207 54 storage/rocksdb.go:102                      Options.is_fd_close_on_exec: 1
I200902 22:25:40.510225 54 storage/rocksdb.go:102                    Options.advise_random_on_open: 1
I200902 22:25:40.510243 54 storage/rocksdb.go:102                     Options.db_write_buffer_size: 0
I200902 22:25:40.510261 54 storage/rocksdb.go:102                     Options.write_buffer_manager: 0x7fa020c20060
I200902 22:25:40.510280 54 storage/rocksdb.go:102          Options.access_hint_on_compaction_start: 1
I200902 22:25:40.510306 54 storage/rocksdb.go:102   Options.new_table_reader_for_compaction_inputs: 0
I200902 22:25:40.510325 54 storage/rocksdb.go:102            Options.random_access_max_buffer_size: 1048576
I200902 22:25:40.510343 54 storage/rocksdb.go:102                       Options.use_adaptive_mutex: 0
I200902 22:25:40.510361 54 storage/rocksdb.go:102                             Options.rate_limiter: (nil)
I200902 22:25:40.510380 54 storage/rocksdb.go:102      Options.sst_file_manager.rate_bytes_per_sec: 0
I200902 22:25:40.510398 54 storage/rocksdb.go:102                        Options.wal_recovery_mode: 0
I200902 22:25:40.510416 54 storage/rocksdb.go:102                   Options.enable_thread_tracking: 0
I200902 22:25:40.510434 54 storage/rocksdb.go:102                   Options.enable_pipelined_write: 0
I200902 22:25:40.510452 54 storage/rocksdb.go:102          Options.allow_concurrent_memtable_write: 1
I200902 22:25:40.510561 54 storage/rocksdb.go:102       Options.enable_write_thread_adaptive_yield: 1
I200902 22:25:40.510579 54 storage/rocksdb.go:102              Options.write_thread_max_yield_usec: 100
I200902 22:25:40.510597 54 storage/rocksdb.go:102             Options.write_thread_slow_yield_usec: 3
I200902 22:25:40.510615 54 storage/rocksdb.go:102                                Options.row_cache: None
I200902 22:25:40.510634 54 storage/rocksdb.go:102                               Options.wal_filter: None
I200902 22:25:40.510652 54 storage/rocksdb.go:102              Options.avoid_flush_during_recovery: 0
I200902 22:25:40.510670 54 storage/rocksdb.go:102              Options.allow_ingest_behind: 0
I200902 22:25:40.510691 54 storage/rocksdb.go:102              Options.preserve_deletes: 0
I200902 22:25:40.510709 54 storage/rocksdb.go:102              Options.two_write_queues: 0
I200902 22:25:40.510728 54 storage/rocksdb.go:102              Options.manual_wal_flush: 1
I200902 22:25:40.510746 54 storage/rocksdb.go:102              Options.atomic_flush: 0
I200902 22:25:40.510764 54 storage/rocksdb.go:102              Options.avoid_unnecessary_blocking_io: 0
I200902 22:25:40.510791 54 storage/rocksdb.go:102              Options.max_background_jobs: 4
I200902 22:25:40.510811 54 storage/rocksdb.go:102              Options.max_background_compactions: -1
I200902 22:25:40.510828 54 storage/rocksdb.go:102              Options.avoid_flush_during_shutdown: 0
I200902 22:25:40.510846 54 storage/rocksdb.go:102            Options.writable_file_max_buffer_size: 1048576
I200902 22:25:40.510864 54 storage/rocksdb.go:102              Options.delayed_write_rate : 16777216
I200902 22:25:40.510883 54 storage/rocksdb.go:102              Options.max_total_wal_size: 0
I200902 22:25:40.510901 54 storage/rocksdb.go:102              Options.delete_obsolete_files_period_micros: 21600000000
I200902 22:25:40.510919 54 storage/rocksdb.go:102                    Options.stats_dump_period_sec: 0
I200902 22:25:40.510937 54 storage/rocksdb.go:102                  Options.stats_persist_period_sec: 600
I200902 22:25:40.510955 54 storage/rocksdb.go:102                  Options.stats_history_buffer_size: 1048576
I200902 22:25:40.510973 54 storage/rocksdb.go:102                           Options.max_open_files: 128
I200902 22:25:40.510991 54 storage/rocksdb.go:102                           Options.bytes_per_sync: 524288
I200902 22:25:40.511009 54 storage/rocksdb.go:102                       Options.wal_bytes_per_sync: 0
I200902 22:25:40.511027 54 storage/rocksdb.go:102                    Options.strict_bytes_per_sync: 1
I200902 22:25:40.511045 54 storage/rocksdb.go:102        Options.compaction_readahead_size: 0
I200902 22:25:40.511062 54 storage/rocksdb.go:102  Compression algorithms supported:
I200902 22:25:40.511082 54 storage/rocksdb.go:102  	kZSTDNotFinalCompression supported: 0
I200902 22:25:40.511100 54 storage/rocksdb.go:102  	kZSTD supported: 0
I200902 22:25:40.511119 54 storage/rocksdb.go:102  	kXpressCompression supported: 0
I200902 22:25:40.511138 54 storage/rocksdb.go:102  	kLZ4HCCompression supported: 0
I200902 22:25:40.511166 54 storage/rocksdb.go:102  	kLZ4Compression supported: 0
I200902 22:25:40.511186 54 storage/rocksdb.go:102  	kBZip2Compression supported: 0
I200902 22:25:40.511206 54 storage/rocksdb.go:102  	kZlibCompression supported: 0
I200902 22:25:40.511225 54 storage/rocksdb.go:102  	kSnappyCompression supported: 1
I200902 22:25:40.511255 54 storage/rocksdb.go:102  Fast CRC32 supported: Supported on x86
I200902 22:25:40.511495 54 storage/rocksdb.go:102  [db/db_impl_open.cc:242] Creating manifest 1 
I200902 22:25:40.703576 54 storage/rocksdb.go:102  [db/version_set.cc:4072] Recovering from manifest file: /home/santiago/go/src/github.com/Santiagozh1998/SpyServer/cockroach-data/cockroach-temp068500133/MANIFEST-000001
I200902 22:25:40.706149 54 storage/rocksdb.go:102  [db/column_family.cc:488] --------------- Options for column family [default]:
I200902 22:25:40.706183 54 storage/rocksdb.go:102                Options.comparator: cockroach_comparator
I200902 22:25:40.706206 54 storage/rocksdb.go:102            Options.merge_operator: cockroach_merge_operator
I200902 22:25:40.706227 54 storage/rocksdb.go:102         Options.compaction_filter: None
I200902 22:25:40.706248 54 storage/rocksdb.go:102         Options.compaction_filter_factory: None
I200902 22:25:40.706269 54 storage/rocksdb.go:102          Options.memtable_factory: SkipListFactory
I200902 22:25:40.706290 54 storage/rocksdb.go:102             Options.table_factory: BlockBasedTable
I200902 22:25:40.706394 54 storage/rocksdb.go:102             table_factory options:   flush_block_policy_factory: FlushBlockBySizePolicyFactory (0x7fa020c3e030)
  cache_index_and_filter_blocks: 0
  cache_index_and_filter_blocks_with_high_priority: 0
  pin_l0_filter_and_index_blocks_in_cache: 0
  pin_top_level_index_and_filter: 1
  index_type: 0
  data_block_index_type: 0
  index_shortening: 1
  data_block_hash_table_util_ratio: 0.750000
  hash_index_allow_collision: 1
  checksum: 1
  no_block_cache: 0
  block_cache: 0x7fa020c35010
  block_cache_name: LRUCache
  block_cache_options:
    capacity : 1048576
    num_shard_bits : 4
    strict_capacity_limit : 0
    memory_allocator : None
    high_pri_pool_ratio: 0.000
  block_cache_compressed: (nil)
  persistent_cache: (nil)
  block_size: 32768
  block_size_deviation: 10
  block_restart_interval: 16
  index_block_restart_interval: 1
  metadata_block_size: 4096
  partition_filters: 0
  use_delta_encoding: 1
  filter_policy: rocksdb.BuiltinBloomFilter
  whole_key_filtering: 0
  verify_compression: 0
  read_amp_bytes_per_bit: 0
  format_version: 2
  enable_index_compression: 1
  block_align: 0
I200902 22:25:40.706423 54 storage/rocksdb.go:102         Options.write_buffer_size: 67108864
I200902 22:25:40.706450 54 storage/rocksdb.go:102   Options.max_write_buffer_number: 4
I200902 22:25:40.706512 54 storage/rocksdb.go:102           Options.compression: Snappy
I200902 22:25:40.706534 54 storage/rocksdb.go:102                   Options.bottommost_compression: Disabled
I200902 22:25:40.706574 54 storage/rocksdb.go:102        Options.prefix_extractor: cockroach_prefix_extractor
I200902 22:25:40.706597 54 storage/rocksdb.go:102    Options.memtable_insert_with_hint_prefix_extractor: nullptr
I200902 22:25:40.706618 54 storage/rocksdb.go:102              Options.num_levels: 7
I200902 22:25:40.706638 54 storage/rocksdb.go:102         Options.min_write_buffer_number_to_merge: 1
I200902 22:25:40.706659 54 storage/rocksdb.go:102      Options.max_write_buffer_number_to_maintain: 0
I200902 22:25:40.706680 54 storage/rocksdb.go:102             Options.bottommost_compression_opts.window_bits: -14
I200902 22:25:40.706700 54 storage/rocksdb.go:102                   Options.bottommost_compression_opts.level: 32767
I200902 22:25:40.706720 54 storage/rocksdb.go:102                Options.bottommost_compression_opts.strategy: 0
I200902 22:25:40.706740 54 storage/rocksdb.go:102          Options.bottommost_compression_opts.max_dict_bytes: 0
I200902 22:25:40.706761 54 storage/rocksdb.go:102          Options.bottommost_compression_opts.zstd_max_train_bytes: 0
I200902 22:25:40.706794 54 storage/rocksdb.go:102                   Options.bottommost_compression_opts.enabled: false
I200902 22:25:40.706815 54 storage/rocksdb.go:102             Options.compression_opts.window_bits: -14
I200902 22:25:40.706835 54 storage/rocksdb.go:102                   Options.compression_opts.level: 32767
I200902 22:25:40.706855 54 storage/rocksdb.go:102                Options.compression_opts.strategy: 0
I200902 22:25:40.706876 54 storage/rocksdb.go:102          Options.compression_opts.max_dict_bytes: 0
I200902 22:25:40.706898 54 storage/rocksdb.go:102          Options.compression_opts.zstd_max_train_bytes: 0
I200902 22:25:40.706919 54 storage/rocksdb.go:102                   Options.compression_opts.enabled: false
I200902 22:25:40.706940 54 storage/rocksdb.go:102       Options.level0_file_num_compaction_trigger: 2
I200902 22:25:40.706961 54 storage/rocksdb.go:102           Options.level0_slowdown_writes_trigger: 950
I200902 22:25:40.706981 54 storage/rocksdb.go:102               Options.level0_stop_writes_trigger: 1000
I200902 22:25:40.707002 54 storage/rocksdb.go:102                    Options.target_file_size_base: 4194304
I200902 22:25:40.707022 54 storage/rocksdb.go:102              Options.target_file_size_multiplier: 2
I200902 22:25:40.707042 54 storage/rocksdb.go:102                 Options.max_bytes_for_level_base: 67108864
I200902 22:25:40.707062 54 storage/rocksdb.go:102  Options.level_compaction_dynamic_level_bytes: 1
I200902 22:25:40.707088 54 storage/rocksdb.go:102           Options.max_bytes_for_level_multiplier: 10.000000
I200902 22:25:40.707109 54 storage/rocksdb.go:102  Options.max_bytes_for_level_multiplier_addtl[0]: 1
I200902 22:25:40.707130 54 storage/rocksdb.go:102  Options.max_bytes_for_level_multiplier_addtl[1]: 1
I200902 22:25:40.707151 54 storage/rocksdb.go:102  Options.max_bytes_for_level_multiplier_addtl[2]: 1
I200902 22:25:40.707171 54 storage/rocksdb.go:102  Options.max_bytes_for_level_multiplier_addtl[3]: 1
I200902 22:25:40.707192 54 storage/rocksdb.go:102  Options.max_bytes_for_level_multiplier_addtl[4]: 1
I200902 22:25:40.707212 54 storage/rocksdb.go:102  Options.max_bytes_for_level_multiplier_addtl[5]: 1
I200902 22:25:40.707233 54 storage/rocksdb.go:102  Options.max_bytes_for_level_multiplier_addtl[6]: 1
I200902 22:25:40.707253 54 storage/rocksdb.go:102        Options.max_sequential_skip_in_iterations: 8
I200902 22:25:40.707273 54 storage/rocksdb.go:102                     Options.max_compaction_bytes: 104857600
I200902 22:25:40.707293 54 storage/rocksdb.go:102                         Options.arena_block_size: 8388608
I200902 22:25:40.707314 54 storage/rocksdb.go:102    Options.soft_pending_compaction_bytes_limit: 2199023255552
I200902 22:25:40.707334 54 storage/rocksdb.go:102    Options.hard_pending_compaction_bytes_limit: 4400193994752
I200902 22:25:40.707354 54 storage/rocksdb.go:102        Options.rate_limit_delay_max_milliseconds: 100
I200902 22:25:40.707385 54 storage/rocksdb.go:102                 Options.disable_auto_compactions: 0
I200902 22:25:40.707421 54 storage/rocksdb.go:102                         Options.compaction_style: kCompactionStyleLevel
I200902 22:25:40.707450 54 storage/rocksdb.go:102                           Options.compaction_pri: kMinOverlappingRatio
I200902 22:25:40.707474 54 storage/rocksdb.go:102  Options.compaction_options_universal.size_ratio: 1
I200902 22:25:40.707497 54 storage/rocksdb.go:102  Options.compaction_options_universal.min_merge_width: 2
I200902 22:25:40.707521 54 storage/rocksdb.go:102  Options.compaction_options_universal.max_merge_width: 4294967295
I200902 22:25:40.707545 54 storage/rocksdb.go:102  Options.compaction_options_universal.max_size_amplification_percent: 200
I200902 22:25:40.707568 54 storage/rocksdb.go:102  Options.compaction_options_universal.compression_size_percent: -1
I200902 22:25:40.707595 54 storage/rocksdb.go:102  Options.compaction_options_universal.stop_style: kCompactionStopStyleTotalSize
I200902 22:25:40.707618 54 storage/rocksdb.go:102  Options.compaction_options_fifo.max_table_files_size: 1073741824
I200902 22:25:40.707651 54 storage/rocksdb.go:102  Options.compaction_options_fifo.allow_compaction: 0
I200902 22:25:40.707683 54 storage/rocksdb.go:102                    Options.table_properties_collectors: TimeBoundTblPropCollectorFactory; DeleteRangeTblPropCollectorFactory; 
I200902 22:25:40.707709 54 storage/rocksdb.go:102                    Options.inplace_update_support: 0
I200902 22:25:40.707733 54 storage/rocksdb.go:102                  Options.inplace_update_num_locks: 10000
I200902 22:25:40.707760 54 storage/rocksdb.go:102                Options.memtable_prefix_bloom_size_ratio: 0.000000
I200902 22:25:40.707784 54 storage/rocksdb.go:102                Options.memtable_whole_key_filtering: 0
I200902 22:25:40.707808 54 storage/rocksdb.go:102    Options.memtable_huge_page_size: 0
I200902 22:25:40.707831 54 storage/rocksdb.go:102                            Options.bloom_locality: 0
I200902 22:25:40.707855 54 storage/rocksdb.go:102                     Options.max_successive_merges: 0
I200902 22:25:40.707878 54 storage/rocksdb.go:102                 Options.optimize_filters_for_hits: 1
I200902 22:25:40.707902 54 storage/rocksdb.go:102                 Options.paranoid_file_checks: 0
I200902 22:25:40.707926 54 storage/rocksdb.go:102                 Options.force_consistency_checks: 0
I200902 22:25:40.707949 54 storage/rocksdb.go:102                 Options.report_bg_io_stats: 0
I200902 22:25:40.707973 54 storage/rocksdb.go:102                                Options.ttl: 0
I200902 22:25:40.707996 54 storage/rocksdb.go:102           Options.periodic_compaction_seconds: 0
I200902 22:25:40.709472 54 storage/rocksdb.go:102  [db/version_set.cc:4286] Recovered from manifest file:/home/santiago/go/src/github.com/Santiagozh1998/SpyServer/cockroach-data/cockroach-temp068500133/MANIFEST-000001 succeeded,manifest_file_number is 1, next_file_number is 3, last_sequence is 0, log_number is 0,prev_log_number is 0,max_column_family is 0,min_log_number_to_keep is 0
I200902 22:25:40.709509 54 storage/rocksdb.go:102  [db/version_set.cc:4295] Column family [default] (ID 0), log number is 0
I200902 22:25:40.783177 54 storage/rocksdb.go:102  DB pointer 0x7fa020cab000
I200902 22:25:41.145701 54 storage/rocksdb.go:102  RocksDB version: 6.2.1
I200902 22:25:41.145744 54 storage/rocksdb.go:102  Git sha rocksdb_build_git_sha:@e494e15a0b08c13fafd5710f279f348d47d476de@
I200902 22:25:41.145761 54 storage/rocksdb.go:102  Compile date Jun  9 2020
I200902 22:25:41.145781 54 storage/rocksdb.go:102  DB SUMMARY
I200902 22:25:41.145937 54 storage/rocksdb.go:102  CURRENT file:  CURRENT
I200902 22:25:41.145955 54 storage/rocksdb.go:102  IDENTITY file:  IDENTITY
I200902 22:25:41.145982 54 storage/rocksdb.go:102  MANIFEST file:  MANIFEST-000078 size: 921 Bytes
I200902 22:25:41.146006 54 storage/rocksdb.go:102  SST files in /home/santiago/go/src/github.com/Santiagozh1998/SpyServer/cockroach-data dir, Total Num: 2, files: 000092.sst 000094.sst 
I200902 22:25:41.146024 54 storage/rocksdb.go:102  Write Ahead Log file in /home/santiago/go/src/github.com/Santiagozh1998/SpyServer/cockroach-data: 000090.log size: 59731215 ; 000093.log size: 51620563 ; 
I200902 22:25:41.146043 54 storage/rocksdb.go:102                          Options.error_if_exists: 0
I200902 22:25:41.146059 54 storage/rocksdb.go:102                        Options.create_if_missing: 1
I200902 22:25:41.146075 54 storage/rocksdb.go:102                          Options.paranoid_checks: 1
I200902 22:25:41.146091 54 storage/rocksdb.go:102                                      Options.env: 0x7571de0
I200902 22:25:41.146108 54 storage/rocksdb.go:102                                 Options.info_log: 0x7fa02540d0c0
I200902 22:25:41.146124 54 storage/rocksdb.go:102                 Options.max_file_opening_threads: 16
I200902 22:25:41.146140 54 storage/rocksdb.go:102                               Options.statistics: 0x7fa025424010
I200902 22:25:41.146156 54 storage/rocksdb.go:102                                Options.use_fsync: 0
I200902 22:25:41.146173 54 storage/rocksdb.go:102                        Options.max_log_file_size: 0
I200902 22:25:41.146189 54 storage/rocksdb.go:102                   Options.max_manifest_file_size: 134217728
I200902 22:25:41.146205 54 storage/rocksdb.go:102                    Options.log_file_time_to_roll: 0
I200902 22:25:41.146222 54 storage/rocksdb.go:102                        Options.keep_log_file_num: 1000
I200902 22:25:41.146238 54 storage/rocksdb.go:102                     Options.recycle_log_file_num: 1
I200902 22:25:41.146254 54 storage/rocksdb.go:102                          Options.allow_fallocate: 1
I200902 22:25:41.146270 54 storage/rocksdb.go:102                         Options.allow_mmap_reads: 0
I200902 22:25:41.146286 54 storage/rocksdb.go:102                        Options.allow_mmap_writes: 0
I200902 22:25:41.146302 54 storage/rocksdb.go:102                         Options.use_direct_reads: 0
I200902 22:25:41.146319 54 storage/rocksdb.go:102                         Options.use_direct_io_for_flush_and_compaction: 0
I200902 22:25:41.146335 54 storage/rocksdb.go:102           Options.create_missing_column_families: 0
I200902 22:25:41.146352 54 storage/rocksdb.go:102                               Options.db_log_dir: 
I200902 22:25:41.146370 54 storage/rocksdb.go:102                                  Options.wal_dir: /home/santiago/go/src/github.com/Santiagozh1998/SpyServer/cockroach-data
I200902 22:25:41.146387 54 storage/rocksdb.go:102                 Options.table_cache_numshardbits: 6
I200902 22:25:41.146403 54 storage/rocksdb.go:102                       Options.max_subcompactions: 1
I200902 22:25:41.146420 54 storage/rocksdb.go:102                   Options.max_background_flushes: -1
I200902 22:25:41.146437 54 storage/rocksdb.go:102                          Options.WAL_ttl_seconds: 0
I200902 22:25:41.146554 54 storage/rocksdb.go:102                        Options.WAL_size_limit_MB: 0
I200902 22:25:41.146578 54 storage/rocksdb.go:102              Options.manifest_preallocation_size: 4194304
I200902 22:25:41.146596 54 storage/rocksdb.go:102                      Options.is_fd_close_on_exec: 1
I200902 22:25:41.146613 54 storage/rocksdb.go:102                    Options.advise_random_on_open: 1
I200902 22:25:41.146629 54 storage/rocksdb.go:102                     Options.db_write_buffer_size: 0
I200902 22:25:41.146647 54 storage/rocksdb.go:102                     Options.write_buffer_manager: 0x7fa02548c030
I200902 22:25:41.146664 54 storage/rocksdb.go:102          Options.access_hint_on_compaction_start: 1
I200902 22:25:41.146680 54 storage/rocksdb.go:102   Options.new_table_reader_for_compaction_inputs: 0
I200902 22:25:41.146696 54 storage/rocksdb.go:102            Options.random_access_max_buffer_size: 1048576
I200902 22:25:41.146713 54 storage/rocksdb.go:102                       Options.use_adaptive_mutex: 0
I200902 22:25:41.146729 54 storage/rocksdb.go:102                             Options.rate_limiter: (nil)
I200902 22:25:41.146746 54 storage/rocksdb.go:102      Options.sst_file_manager.rate_bytes_per_sec: 0
I200902 22:25:41.146762 54 storage/rocksdb.go:102                        Options.wal_recovery_mode: 0
I200902 22:25:41.146779 54 storage/rocksdb.go:102                   Options.enable_thread_tracking: 0
I200902 22:25:41.146795 54 storage/rocksdb.go:102                   Options.enable_pipelined_write: 0
I200902 22:25:41.146812 54 storage/rocksdb.go:102          Options.allow_concurrent_memtable_write: 1
I200902 22:25:41.146828 54 storage/rocksdb.go:102       Options.enable_write_thread_adaptive_yield: 1
I200902 22:25:41.146844 54 storage/rocksdb.go:102              Options.write_thread_max_yield_usec: 100
I200902 22:25:41.146860 54 storage/rocksdb.go:102             Options.write_thread_slow_yield_usec: 3
I200902 22:25:41.146876 54 storage/rocksdb.go:102                                Options.row_cache: None
I200902 22:25:41.146892 54 storage/rocksdb.go:102                               Options.wal_filter: None
I200902 22:25:41.146909 54 storage/rocksdb.go:102              Options.avoid_flush_during_recovery: 0
I200902 22:25:41.146925 54 storage/rocksdb.go:102              Options.allow_ingest_behind: 0
I200902 22:25:41.146943 54 storage/rocksdb.go:102              Options.preserve_deletes: 0
I200902 22:25:41.146960 54 storage/rocksdb.go:102              Options.two_write_queues: 0
I200902 22:25:41.146976 54 storage/rocksdb.go:102              Options.manual_wal_flush: 1
I200902 22:25:41.146994 54 storage/rocksdb.go:102              Options.atomic_flush: 0
I200902 22:25:41.147011 54 storage/rocksdb.go:102              Options.avoid_unnecessary_blocking_io: 0
I200902 22:25:41.147028 54 storage/rocksdb.go:102              Options.max_background_jobs: 4
I200902 22:25:41.147045 54 storage/rocksdb.go:102              Options.max_background_compactions: -1
I200902 22:25:41.147061 54 storage/rocksdb.go:102              Options.avoid_flush_during_shutdown: 0
I200902 22:25:41.147078 54 storage/rocksdb.go:102            Options.writable_file_max_buffer_size: 1048576
I200902 22:25:41.147095 54 storage/rocksdb.go:102              Options.delayed_write_rate : 16777216
I200902 22:25:41.147112 54 storage/rocksdb.go:102              Options.max_total_wal_size: 0
I200902 22:25:41.147128 54 storage/rocksdb.go:102              Options.delete_obsolete_files_period_micros: 21600000000
I200902 22:25:41.147145 54 storage/rocksdb.go:102                    Options.stats_dump_period_sec: 0
I200902 22:25:41.147162 54 storage/rocksdb.go:102                  Options.stats_persist_period_sec: 600
I200902 22:25:41.147179 54 storage/rocksdb.go:102                  Options.stats_history_buffer_size: 1048576
I200902 22:25:41.147196 54 storage/rocksdb.go:102                           Options.max_open_files: 3840
I200902 22:25:41.147213 54 storage/rocksdb.go:102                           Options.bytes_per_sync: 524288
I200902 22:25:41.147230 54 storage/rocksdb.go:102                       Options.wal_bytes_per_sync: 0
I200902 22:25:41.147248 54 storage/rocksdb.go:102                    Options.strict_bytes_per_sync: 1
I200902 22:25:41.147266 54 storage/rocksdb.go:102        Options.compaction_readahead_size: 0
I200902 22:25:41.147285 54 storage/rocksdb.go:102  Compression algorithms supported:
I200902 22:25:41.147307 54 storage/rocksdb.go:102  	kZSTDNotFinalCompression supported: 0
I200902 22:25:41.147328 54 storage/rocksdb.go:102  	kZSTD supported: 0
I200902 22:25:41.147348 54 storage/rocksdb.go:102  	kXpressCompression supported: 0
I200902 22:25:41.147366 54 storage/rocksdb.go:102  	kLZ4HCCompression supported: 0
I200902 22:25:41.147384 54 storage/rocksdb.go:102  	kLZ4Compression supported: 0
I200902 22:25:41.147403 54 storage/rocksdb.go:102  	kBZip2Compression supported: 0
I200902 22:25:41.147424 54 storage/rocksdb.go:102  	kZlibCompression supported: 0
I200902 22:25:41.147444 54 storage/rocksdb.go:102  	kSnappyCompression supported: 1
I200902 22:25:41.147481 54 storage/rocksdb.go:102  Fast CRC32 supported: Supported on x86
I200902 22:25:41.169898 54 storage/rocksdb.go:102  [db/version_set.cc:4072] Recovering from manifest file: /home/santiago/go/src/github.com/Santiagozh1998/SpyServer/cockroach-data/MANIFEST-000078
I200902 22:25:41.170199 54 storage/rocksdb.go:102  [db/column_family.cc:488] --------------- Options for column family [default]:
I200902 22:25:41.170218 54 storage/rocksdb.go:102                Options.comparator: cockroach_comparator
I200902 22:25:41.170235 54 storage/rocksdb.go:102            Options.merge_operator: cockroach_merge_operator
I200902 22:25:41.170255 54 storage/rocksdb.go:102         Options.compaction_filter: None
I200902 22:25:41.170271 54 storage/rocksdb.go:102         Options.compaction_filter_factory: None
I200902 22:25:41.170288 54 storage/rocksdb.go:102          Options.memtable_factory: SkipListFactory
I200902 22:25:41.170305 54 storage/rocksdb.go:102             Options.table_factory: BlockBasedTable
I200902 22:25:41.170391 54 storage/rocksdb.go:102             table_factory options:   flush_block_policy_factory: FlushBlockBySizePolicyFactory (0x7fa025422028)
  cache_index_and_filter_blocks: 0
  cache_index_and_filter_blocks_with_high_priority: 0
  pin_l0_filter_and_index_blocks_in_cache: 0
  pin_top_level_index_and_filter: 1
  index_type: 0
  data_block_index_type: 0
  index_shortening: 1
  data_block_hash_table_util_ratio: 0.750000
  hash_index_allow_collision: 1
  checksum: 1
  no_block_cache: 0
  block_cache: 0x7fa025414010
  block_cache_name: LRUCache
  block_cache_options:
    capacity : 67108864
    num_shard_bits : 4
    strict_capacity_limit : 0
    memory_allocator : None
    high_pri_pool_ratio: 0.000
  block_cache_compressed: (nil)
  persistent_cache: (nil)
  block_size: 32768
  block_size_deviation: 10
  block_restart_interval: 16
  index_block_restart_interval: 1
  metadata_block_size: 4096
  partition_filters: 0
  use_delta_encoding: 1
  filter_policy: rocksdb.BuiltinBloomFilter
  whole_key_filtering: 0
  verify_compression: 0
  read_amp_bytes_per_bit: 0
  format_version: 2
  enable_index_compression: 1
  block_align: 0
I200902 22:25:41.170414 54 storage/rocksdb.go:102         Options.write_buffer_size: 67108864
I200902 22:25:41.170434 54 storage/rocksdb.go:102   Options.max_write_buffer_number: 4
I200902 22:25:41.170451 54 storage/rocksdb.go:102           Options.compression: Snappy
I200902 22:25:41.170549 54 storage/rocksdb.go:102                   Options.bottommost_compression: Disabled
I200902 22:25:41.170562 54 storage/rocksdb.go:102        Options.prefix_extractor: cockroach_prefix_extractor
I200902 22:25:41.170574 54 storage/rocksdb.go:102    Options.memtable_insert_with_hint_prefix_extractor: nullptr
I200902 22:25:41.170587 54 storage/rocksdb.go:102              Options.num_levels: 7
I200902 22:25:41.170599 54 storage/rocksdb.go:102         Options.min_write_buffer_number_to_merge: 1
I200902 22:25:41.170611 54 storage/rocksdb.go:102      Options.max_write_buffer_number_to_maintain: 0
I200902 22:25:41.170623 54 storage/rocksdb.go:102             Options.bottommost_compression_opts.window_bits: -14
I200902 22:25:41.170635 54 storage/rocksdb.go:102                   Options.bottommost_compression_opts.level: 32767
I200902 22:25:41.170647 54 storage/rocksdb.go:102                Options.bottommost_compression_opts.strategy: 0
I200902 22:25:41.170659 54 storage/rocksdb.go:102          Options.bottommost_compression_opts.max_dict_bytes: 0
I200902 22:25:41.170671 54 storage/rocksdb.go:102          Options.bottommost_compression_opts.zstd_max_train_bytes: 0
I200902 22:25:41.170683 54 storage/rocksdb.go:102                   Options.bottommost_compression_opts.enabled: false
I200902 22:25:41.170695 54 storage/rocksdb.go:102             Options.compression_opts.window_bits: -14
I200902 22:25:41.170707 54 storage/rocksdb.go:102                   Options.compression_opts.level: 32767
I200902 22:25:41.170719 54 storage/rocksdb.go:102                Options.compression_opts.strategy: 0
I200902 22:25:41.170731 54 storage/rocksdb.go:102          Options.compression_opts.max_dict_bytes: 0
I200902 22:25:41.170744 54 storage/rocksdb.go:102          Options.compression_opts.zstd_max_train_bytes: 0
I200902 22:25:41.170756 54 storage/rocksdb.go:102                   Options.compression_opts.enabled: false
I200902 22:25:41.170769 54 storage/rocksdb.go:102       Options.level0_file_num_compaction_trigger: 2
I200902 22:25:41.170781 54 storage/rocksdb.go:102           Options.level0_slowdown_writes_trigger: 950
I200902 22:25:41.170793 54 storage/rocksdb.go:102               Options.level0_stop_writes_trigger: 1000
I200902 22:25:41.170805 54 storage/rocksdb.go:102                    Options.target_file_size_base: 4194304
I200902 22:25:41.170817 54 storage/rocksdb.go:102              Options.target_file_size_multiplier: 2
I200902 22:25:41.170829 54 storage/rocksdb.go:102                 Options.max_bytes_for_level_base: 67108864
I200902 22:25:41.170841 54 storage/rocksdb.go:102  Options.level_compaction_dynamic_level_bytes: 1
I200902 22:25:41.170857 54 storage/rocksdb.go:102           Options.max_bytes_for_level_multiplier: 10.000000
I200902 22:25:41.170870 54 storage/rocksdb.go:102  Options.max_bytes_for_level_multiplier_addtl[0]: 1
I200902 22:25:41.170883 54 storage/rocksdb.go:102  Options.max_bytes_for_level_multiplier_addtl[1]: 1
I200902 22:25:41.170896 54 storage/rocksdb.go:102  Options.max_bytes_for_level_multiplier_addtl[2]: 1
I200902 22:25:41.170908 54 storage/rocksdb.go:102  Options.max_bytes_for_level_multiplier_addtl[3]: 1
I200902 22:25:41.170920 54 storage/rocksdb.go:102  Options.max_bytes_for_level_multiplier_addtl[4]: 1
I200902 22:25:41.170932 54 storage/rocksdb.go:102  Options.max_bytes_for_level_multiplier_addtl[5]: 1
I200902 22:25:41.170945 54 storage/rocksdb.go:102  Options.max_bytes_for_level_multiplier_addtl[6]: 1
I200902 22:25:41.170957 54 storage/rocksdb.go:102        Options.max_sequential_skip_in_iterations: 8
I200902 22:25:41.170979 54 storage/rocksdb.go:102                     Options.max_compaction_bytes: 104857600
I200902 22:25:41.170995 54 storage/rocksdb.go:102                         Options.arena_block_size: 8388608
I200902 22:25:41.171011 54 storage/rocksdb.go:102    Options.soft_pending_compaction_bytes_limit: 2199023255552
I200902 22:25:41.171027 54 storage/rocksdb.go:102    Options.hard_pending_compaction_bytes_limit: 4400193994752
I200902 22:25:41.171043 54 storage/rocksdb.go:102        Options.rate_limit_delay_max_milliseconds: 100
I200902 22:25:41.171059 54 storage/rocksdb.go:102                 Options.disable_auto_compactions: 0
I200902 22:25:41.171078 54 storage/rocksdb.go:102                         Options.compaction_style: kCompactionStyleLevel
I200902 22:25:41.171097 54 storage/rocksdb.go:102                           Options.compaction_pri: kMinOverlappingRatio
I200902 22:25:41.171115 54 storage/rocksdb.go:102  Options.compaction_options_universal.size_ratio: 1
I200902 22:25:41.171131 54 storage/rocksdb.go:102  Options.compaction_options_universal.min_merge_width: 2
I200902 22:25:41.171147 54 storage/rocksdb.go:102  Options.compaction_options_universal.max_merge_width: 4294967295
I200902 22:25:41.171163 54 storage/rocksdb.go:102  Options.compaction_options_universal.max_size_amplification_percent: 200
I200902 22:25:41.171179 54 storage/rocksdb.go:102  Options.compaction_options_universal.compression_size_percent: -1
I200902 22:25:41.171198 54 storage/rocksdb.go:102  Options.compaction_options_universal.stop_style: kCompactionStopStyleTotalSize
I200902 22:25:41.171214 54 storage/rocksdb.go:102  Options.compaction_options_fifo.max_table_files_size: 1073741824
I200902 22:25:41.171230 54 storage/rocksdb.go:102  Options.compaction_options_fifo.allow_compaction: 0
I200902 22:25:41.171252 54 storage/rocksdb.go:102                    Options.table_properties_collectors: TimeBoundTblPropCollectorFactory; DeleteRangeTblPropCollectorFactory; 
I200902 22:25:41.171270 54 storage/rocksdb.go:102                    Options.inplace_update_support: 0
I200902 22:25:41.171287 54 storage/rocksdb.go:102                  Options.inplace_update_num_locks: 10000
I200902 22:25:41.171305 54 storage/rocksdb.go:102                Options.memtable_prefix_bloom_size_ratio: 0.000000
I200902 22:25:41.171322 54 storage/rocksdb.go:102                Options.memtable_whole_key_filtering: 0
I200902 22:25:41.171338 54 storage/rocksdb.go:102    Options.memtable_huge_page_size: 0
I200902 22:25:41.171355 54 storage/rocksdb.go:102                            Options.bloom_locality: 0
I200902 22:25:41.171385 54 storage/rocksdb.go:102                     Options.max_successive_merges: 0
I200902 22:25:41.171402 54 storage/rocksdb.go:102                 Options.optimize_filters_for_hits: 1
I200902 22:25:41.171418 54 storage/rocksdb.go:102                 Options.paranoid_file_checks: 0
I200902 22:25:41.171434 54 storage/rocksdb.go:102                 Options.force_consistency_checks: 0
I200902 22:25:41.171451 54 storage/rocksdb.go:102                 Options.report_bg_io_stats: 0
I200902 22:25:41.171467 54 storage/rocksdb.go:102                                Options.ttl: 0
I200902 22:25:41.171482 54 storage/rocksdb.go:102           Options.periodic_compaction_seconds: 0
I200902 22:25:41.249701 54 storage/rocksdb.go:102  [db/version_set.cc:3086] More existing levels in DB than needed. max_bytes_for_level_multiplier may not be guaranteed.
I200902 22:25:41.249773 54 storage/rocksdb.go:102  [db/version_set.cc:4286] Recovered from manifest file:/home/santiago/go/src/github.com/Santiagozh1998/SpyServer/cockroach-data/MANIFEST-000078 succeeded,manifest_file_number is 78, next_file_number is 96, last_sequence is 5309825, log_number is 93,prev_log_number is 0,max_column_family is 0,min_log_number_to_keep is 0
I200902 22:25:41.249807 54 storage/rocksdb.go:102  [db/version_set.cc:4295] Column family [default] (ID 0), log number is 93
I200902 22:25:41.250169 54 storage/rocksdb.go:102  EVENT_LOG_v1 {"time_micros": 1599085541250118, "job": 1, "event": "recovery_started", "log_files": [90, 93]}
I200902 22:25:41.250207 54 storage/rocksdb.go:102  [db/db_impl_open.cc:586] Skipping log #90 since it is older than min log to keep #93
I200902 22:25:41.250240 54 storage/rocksdb.go:102  [db/db_impl_open.cc:598] Recovering log #93 mode 0
I200902 22:25:43.682922 54 storage/rocksdb.go:102  EVENT_LOG_v1 {"time_micros": 1599085543682755, "cf_name": "default", "job": 1, "event": "table_file_creation", "file_number": 96, "file_size": 334328, "table_properties": {"data_size": 324244, "index_size": 3050, "index_partitions": 0, "top_level_index_size": 0, "index_key_is_user_key": 0, "index_value_is_delta_encoded": 0, "filter_size": 7493, "raw_key_size": 224100, "raw_average_key_size": 32, "raw_value_size": 1848934, "raw_average_value_size": 266, "num_data_blocks": 58, "num_entries": 6947, "num_deletions": 4689, "num_merge_operands": 1384, "num_range_deletions": 1384, "format_version": 0, "fixed_key_len": 0, "filter_policy": "rocksdb.BuiltinBloomFilter", "column_family_name": "default", "column_family_id": 0, "comparator": "cockroach_comparator", "merge_operator": "cockroach_merge_operator", "prefix_extractor_name": "cockroach_prefix_extractor", "property_collectors": "[TimeBoundTblPropCollectorFactory,DeleteRangeTblPropCollectorFactory]", "compression": "Snappy", "compression_options": "window_bits=-14; level=32767; strategy=0; max_dict_bytes=0; zstd_max_train_bytes=0; enabled=0; ", "creation_time": 1599085542, "oldest_key_time": 3, "file_creation_time": 0}}
I200902 22:25:43.688602 54 storage/rocksdb.go:102  [db/version_set.cc:3560] Creating manifest 97
I200902 22:25:43.689102 54 storage/rocksdb.go:102  [db/version_set.cc:3086] More existing levels in DB than needed. max_bytes_for_level_multiplier may not be guaranteed.
I200902 22:25:43.771897 54 storage/rocksdb.go:102  EVENT_LOG_v1 {"time_micros": 1599085543771756, "job": 1, "event": "recovery_finished"}
I200902 22:25:43.875933 17 storage/rocksdb.go:102  [db/compaction_job.cc:1647] [default] [JOB 3] Compacting 2@0 + 1@6 files to L6, score 1.00
I200902 22:25:43.875981 17 storage/rocksdb.go:102  [db/compaction_job.cc:1651] [default] Compaction start summary: Base version 2 Base level 0, inputs: [96(326KB) 94(367KB)], [92(3329KB)]
I200902 22:25:43.876048 54 storage/rocksdb.go:102  DB pointer 0x7fa02549e000
I200902 22:25:43.876103 17 storage/rocksdb.go:102  EVENT_LOG_v1 {"time_micros": 1599085543876032, "job": 3, "event": "compaction_started", "compaction_reason": "LevelL0FilesNum", "files_L0": [96, 94], "files_L6": [92], "score": 1, "input_data_size": 4120558}
I200902 22:25:44.605136 17 storage/rocksdb.go:102  [db/compaction_job.cc:1334] [default] [JOB 3] Generated table #101: 14792 keys, 3862114 bytes
I200902 22:25:44.605364 17 storage/rocksdb.go:102  EVENT_LOG_v1 {"time_micros": 1599085544605204, "cf_name": "default", "job": 3, "event": "table_file_creation", "file_number": 101, "file_size": 3862114, "table_properties": {"data_size": 3843222, "index_size": 52202, "index_partitions": 0, "top_level_index_size": 0, "index_key_is_user_key": 0, "index_value_is_delta_encoded": 0, "filter_size": 0, "raw_key_size": 706051, "raw_average_key_size": 47, "raw_value_size": 24619662, "raw_average_value_size": 1664, "num_data_blocks": 791, "num_entries": 14792, "num_deletions": 0, "num_merge_operands": 0, "num_range_deletions": 0, "format_version": 0, "fixed_key_len": 0, "filter_policy": "rocksdb.BuiltinBloomFilter", "column_family_name": "default", "column_family_id": 0, "comparator": "cockroach_comparator", "merge_operator": "cockroach_merge_operator", "prefix_extractor_name": "cockroach_prefix_extractor", "property_collectors": "[TimeBoundTblPropCollectorFactory,DeleteRangeTblPropCollectorFactory]", "compression": "Snappy", "compression_options": "window_bits=-14; level=32767; strategy=0; max_dict_bytes=0; zstd_max_train_bytes=0; enabled=0; ", "creation_time": 1599085542, "oldest_key_time": 0, "file_creation_time": 1599085543}}
I200902 22:25:44.695642 17 storage/rocksdb.go:102  [db/compaction_job.cc:1397] [default] [JOB 3] Compacted 2@0 + 1@6 files to L6 => 3862114 bytes
I200902 22:25:44.695788 17 storage/rocksdb.go:102  [db/version_set.cc:3086] More existing levels in DB than needed. max_bytes_for_level_multiplier may not be guaranteed.
I200902 22:25:44.738805 17 storage/rocksdb.go:102  (Original Log Time 2020/09/02-17:25:44.738191) [db/compaction_job.cc:770] [default] compacted to: base level 6 level multiplier 10.00 max bytes base 67108864 files[0 0 0 0 0 0 1] max score 0.00, MB/sec: 5.6 rd, 5.3 wr, level 6, files in(2, 1) out(1) MB in(0.7, 3.3) out(3.7), read-write-amplify(11.2) write-amplify(5.4) OK, records in: 27262, records dropped: 11086 output_compression: Snappy
I200902 22:25:44.738872 17 storage/rocksdb.go:102  (Original Log Time 2020/09/02-17:25:44.738317) EVENT_LOG_v1 {"time_micros": 1599085544738250, "job": 3, "event": "compaction_finished", "compaction_time_micros": 729424, "compaction_time_cpu_micros": 287851, "output_level": 6, "num_output_files": 1, "total_output_size": 3862114, "num_input_records": 25878, "num_output_records": 14792, "num_subcompactions": 1, "output_compression": "Snappy", "num_single_delete_mismatches": 0, "num_single_delete_fallthrough": 0, "lsm_state": [0, 0, 0, 0, 0, 0, 1]}
I200902 22:25:44.739424 17 storage/rocksdb.go:102  EVENT_LOG_v1 {"time_micros": 1599085544739358, "job": 3, "event": "table_file_deletion", "file_number": 96}
I200902 22:25:44.739742 17 storage/rocksdb.go:102  EVENT_LOG_v1 {"time_micros": 1599085544739698, "job": 3, "event": "table_file_deletion", "file_number": 94}
I200902 22:25:44.740710 17 storage/rocksdb.go:102  EVENT_LOG_v1 {"time_micros": 1599085544740634, "job": 3, "event": "table_file_deletion", "file_number": 92}
I200902 23:09:15.255734 104 storage/rocksdb.go:102  [db/db_impl_write.cc:1437] [default] New memtable created with log file: #102. Immutable memtables: 0.
I200902 23:09:15.256219 17 storage/rocksdb.go:102  (Original Log Time 2020/09/02-18:09:15.256096) [db/db_impl_compaction_flush.cc:2097] Calling FlushMemTableToOutputFile with column family [default], flush slots available 1, compaction slots available 1, flush slots scheduled 1, compaction slots scheduled 0
I200902 23:09:15.256251 17 storage/rocksdb.go:102  [db/flush_job.cc:322] [default] [JOB 4] Flushing memtable with next log file: 102
I200902 23:09:15.256374 17 storage/rocksdb.go:102  EVENT_LOG_v1 {"time_micros": 1599088155256313, "job": 4, "event": "flush_started", "num_memtables": 1, "num_entries": 215092, "num_deletes": 7086, "total_data_size": 61090751, "memory_usage": 65091384, "flush_reason": "Write Buffer Full"}
I200902 23:09:15.256399 17 storage/rocksdb.go:102  [db/flush_job.cc:351] [default] [JOB 4] Level-0 flush table #103: started
I200902 23:09:17.258252 17 storage/rocksdb.go:102  EVENT_LOG_v1 {"time_micros": 1599088157258042, "cf_name": "default", "job": 4, "event": "table_file_creation", "file_number": 103, "file_size": 449509, "table_properties": {"data_size": 436337, "index_size": 3684, "index_partitions": 0, "top_level_index_size": 0, "index_key_is_user_key": 0, "index_value_is_delta_encoded": 0, "filter_size": 10181, "raw_key_size": 300570, "raw_average_key_size": 31, "raw_value_size": 2326543, "raw_average_value_size": 241, "num_data_blocks": 72, "num_entries": 9614, "num_deletions": 6849, "num_merge_operands": 1384, "num_range_deletions": 1384, "format_version": 0, "fixed_key_len": 0, "filter_policy": "rocksdb.BuiltinBloomFilter", "column_family_name": "default", "column_family_id": 0, "comparator": "cockroach_comparator", "merge_operator": "cockroach_merge_operator", "prefix_extractor_name": "cockroach_prefix_extractor", "property_collectors": "[TimeBoundTblPropCollectorFactory,DeleteRangeTblPropCollectorFactory]", "compression": "Snappy", "compression_options": "window_bits=-14; level=32767; strategy=0; max_dict_bytes=0; zstd_max_train_bytes=0; enabled=0; ", "creation_time": 1599088155, "oldest_key_time": 1599085543, "file_creation_time": 1599088155}}
I200902 23:09:17.258334 17 storage/rocksdb.go:102  [db/flush_job.cc:392] [default] [JOB 4] Level-0 flush table #103: 449509 bytes OK
I200902 23:09:17.280135 17 storage/rocksdb.go:102  [db/version_set.cc:3086] More existing levels in DB than needed. max_bytes_for_level_multiplier may not be guaranteed.
I200902 23:09:17.324597 17 storage/rocksdb.go:102  [db/db_impl_files.cc:194] adding log 98 to recycle list
I200902 23:09:17.324644 17 storage/rocksdb.go:102  (Original Log Time 2020/09/02-18:09:17.279900) [db/memtable_list.cc:389] [default] Level-0 commit table #103 started
I200902 23:09:17.324666 17 storage/rocksdb.go:102  (Original Log Time 2020/09/02-18:09:17.324260) [db/memtable_list.cc:437] [default] Level-0 commit table #103: memtable #1 done
I200902 23:09:17.324688 17 storage/rocksdb.go:102  (Original Log Time 2020/09/02-18:09:17.324340) EVENT_LOG_v1 {"time_micros": 1599088157324310, "job": 4, "event": "flush_finished", "output_compression": "Snappy", "lsm_state": [1, 0, 0, 0, 0, 0, 1], "immutable_memtables": 0}
I200902 23:09:17.324718 17 storage/rocksdb.go:102  (Original Log Time 2020/09/02-18:09:17.324397) [db/db_impl_compaction_flush.cc:208] [default] Level summary: base level 6 level multiplier 10.00 max bytes base 67108864 files[1 0 0 0 0 0 1] max score 0.50
I200902 23:53:15.171203 126 storage/rocksdb.go:102  [db/db_impl_open.cc:1132] reusing log 98 from recycle list
I200902 23:53:15.171626 126 storage/rocksdb.go:102  [db/db_impl_write.cc:1437] [default] New memtable created with log file: #104. Immutable memtables: 0.
I200902 23:53:15.172050 17 storage/rocksdb.go:102  (Original Log Time 2020/09/02-18:53:15.171889) [db/db_impl_compaction_flush.cc:2097] Calling FlushMemTableToOutputFile with column family [default], flush slots available 1, compaction slots available 1, flush slots scheduled 1, compaction slots scheduled 0
I200902 23:53:15.172097 17 storage/rocksdb.go:102  [db/flush_job.cc:322] [default] [JOB 5] Flushing memtable with next log file: 104
I200902 23:53:15.172215 17 storage/rocksdb.go:102  EVENT_LOG_v1 {"time_micros": 1599090795172157, "job": 5, "event": "flush_started", "num_memtables": 1, "num_entries": 211480, "num_deletes": 5604, "total_data_size": 60987871, "memory_usage": 65019232, "flush_reason": "Write Buffer Full"}
I200902 23:53:15.172249 17 storage/rocksdb.go:102  [db/flush_job.cc:351] [default] [JOB 5] Level-0 flush table #105: started
I200902 23:53:17.596619 17 storage/rocksdb.go:102  EVENT_LOG_v1 {"time_micros": 1599090797596307, "cf_name": "default", "job": 5, "event": "table_file_creation", "file_number": 105, "file_size": 369792, "table_properties": {"data_size": 359599, "index_size": 3476, "index_partitions": 0, "top_level_index_size": 0, "index_key_is_user_key": 0, "index_value_is_delta_encoded": 0, "filter_size": 7365, "raw_key_size": 199246, "raw_average_key_size": 29, "raw_value_size": 2175024, "raw_average_value_size": 318, "num_data_blocks": 68, "num_entries": 6834, "num_deletions": 5475, "num_merge_operands": 692, "num_range_deletions": 692, "format_version": 0, "fixed_key_len": 0, "filter_policy": "rocksdb.BuiltinBloomFilter", "column_family_name": "default", "column_family_id": 0, "comparator": "cockroach_comparator", "merge_operator": "cockroach_merge_operator", "prefix_extractor_name": "cockroach_prefix_extractor", "property_collectors": "[TimeBoundTblPropCollectorFactory,DeleteRangeTblPropCollectorFactory]", "compression": "Snappy", "compression_options": "window_bits=-14; level=32767; strategy=0; max_dict_bytes=0; zstd_max_train_bytes=0; enabled=0; ", "creation_time": 1599090795, "oldest_key_time": 1599088155, "file_creation_time": 1599090795}}
I200902 23:53:17.596715 17 storage/rocksdb.go:102  [db/flush_job.cc:392] [default] [JOB 5] Level-0 flush table #105: 369792 bytes OK
I200902 23:53:17.618165 17 storage/rocksdb.go:102  [db/version_set.cc:3086] More existing levels in DB than needed. max_bytes_for_level_multiplier may not be guaranteed.
I200902 23:53:17.662884 17 storage/rocksdb.go:102  [db/db_impl_files.cc:194] adding log 102 to recycle list
I200902 23:53:17.662973 17 storage/rocksdb.go:102  (Original Log Time 2020/09/02-18:53:17.617979) [db/memtable_list.cc:389] [default] Level-0 commit table #105 started
I200902 23:53:17.663022 17 storage/rocksdb.go:102  (Original Log Time 2020/09/02-18:53:17.662319) [db/memtable_list.cc:437] [default] Level-0 commit table #105: memtable #1 done
I200902 23:53:17.663094 17 storage/rocksdb.go:102  (Original Log Time 2020/09/02-18:53:17.662547) EVENT_LOG_v1 {"time_micros": 1599090797662409, "job": 5, "event": "flush_finished", "output_compression": "Snappy", "lsm_state": [2, 0, 0, 0, 0, 0, 1], "immutable_memtables": 0}
I200902 23:53:17.663143 17 storage/rocksdb.go:102  (Original Log Time 2020/09/02-18:53:17.662645) [db/db_impl_compaction_flush.cc:208] [default] Level summary: base level 6 level multiplier 10.00 max bytes base 67108864 files[2 0 0 0 0 0 1] max score 1.00
I200902 23:53:17.663339 17 storage/rocksdb.go:102  [db/compaction_job.cc:1647] [default] [JOB 6] Compacting 2@0 + 1@6 files to L6, score 1.00
I200902 23:53:17.663401 17 storage/rocksdb.go:102  [db/compaction_job.cc:1651] [default] Compaction start summary: Base version 5 Base level 0, inputs: [105(361KB) 103(438KB)], [101(3771KB)]
I200902 23:53:17.663571 17 storage/rocksdb.go:102  EVENT_LOG_v1 {"time_micros": 1599090797663458, "job": 6, "event": "compaction_started", "compaction_reason": "LevelL0FilesNum", "files_L0": [105, 103], "files_L6": [101], "score": 1, "input_data_size": 4681415}
I200902 23:53:17.973367 17 storage/rocksdb.go:102  [db/compaction_job.cc:1334] [default] [JOB 6] Generated table #106: 13255 keys, 4216614 bytes
I200902 23:53:17.973581 17 storage/rocksdb.go:102  EVENT_LOG_v1 {"time_micros": 1599090797973436, "cf_name": "default", "job": 6, "event": "table_file_creation", "file_number": 106, "file_size": 4216614, "table_properties": {"data_size": 4196449, "index_size": 58599, "index_partitions": 0, "top_level_index_size": 0, "index_key_is_user_key": 0, "index_value_is_delta_encoded": 0, "filter_size": 0, "raw_key_size": 689515, "raw_average_key_size": 52, "raw_value_size": 27373670, "raw_average_value_size": 2065, "num_data_blocks": 873, "num_entries": 13255, "num_deletions": 0, "num_merge_operands": 0, "num_range_deletions": 0, "format_version": 0, "fixed_key_len": 0, "filter_policy": "rocksdb.BuiltinBloomFilter", "column_family_name": "default", "column_family_id": 0, "comparator": "cockroach_comparator", "merge_operator": "cockroach_merge_operator", "prefix_extractor_name": "cockroach_prefix_extractor", "property_collectors": "[TimeBoundTblPropCollectorFactory,DeleteRangeTblPropCollectorFactory]", "compression": "Snappy", "compression_options": "window_bits=-14; level=32767; strategy=0; max_dict_bytes=0; zstd_max_train_bytes=0; enabled=0; ", "creation_time": 1599090795, "oldest_key_time": 0, "file_creation_time": 1599090797}}
I200902 23:53:18.040147 17 storage/rocksdb.go:102  [db/compaction_job.cc:1334] [default] [JOB 6] Generated table #107: 3515 keys, 198786 bytes
I200902 23:53:18.040361 17 storage/rocksdb.go:102  EVENT_LOG_v1 {"time_micros": 1599090798040221, "cf_name": "default", "job": 6, "event": "table_file_creation", "file_number": 107, "file_size": 198786, "table_properties": {"data_size": 196996, "index_size": 2282, "index_partitions": 0, "top_level_index_size": 0, "index_key_is_user_key": 0, "index_value_is_delta_encoded": 0, "filter_size": 0, "raw_key_size": 114454, "raw_average_key_size": 32, "raw_value_size": 986785, "raw_average_value_size": 280, "num_data_blocks": 34, "num_entries": 3515, "num_deletions": 0, "num_merge_operands": 0, "num_range_deletions": 0, "format_version": 0, "fixed_key_len": 0, "filter_policy": "rocksdb.BuiltinBloomFilter", "column_family_name": "default", "column_family_id": 0, "comparator": "cockroach_comparator", "merge_operator": "cockroach_merge_operator", "prefix_extractor_name": "cockroach_prefix_extractor", "property_collectors": "[TimeBoundTblPropCollectorFactory,DeleteRangeTblPropCollectorFactory]", "compression": "Snappy", "compression_options": "window_bits=-14; level=32767; strategy=0; max_dict_bytes=0; zstd_max_train_bytes=0; enabled=0; ", "creation_time": 1599090795, "oldest_key_time": 0, "file_creation_time": 1599090797}}
I200902 23:53:18.085444 17 storage/rocksdb.go:102  [db/compaction_job.cc:1397] [default] [JOB 6] Compacted 2@0 + 1@6 files to L6 => 4415400 bytes
I200902 23:53:18.085564 17 storage/rocksdb.go:102  [db/version_set.cc:3086] More existing levels in DB than needed. max_bytes_for_level_multiplier may not be guaranteed.
I200902 23:53:18.140564 17 storage/rocksdb.go:102  (Original Log Time 2020/09/02-18:53:18.140096) [db/compaction_job.cc:770] [default] compacted to: base level 6 level multiplier 10.00 max bytes base 67108864 files[0 0 0 0 0 0 2] max score 0.00, MB/sec: 12.4 rd, 11.7 wr, level 6, files in(2, 1) out(2) MB in(0.8, 3.7) out(4.2), read-write-amplify(11.1) write-amplify(5.4) OK, records in: 31240, records dropped: 13778 output_compression: Snappy
I200902 23:53:18.140627 17 storage/rocksdb.go:102  (Original Log Time 2020/09/02-18:53:18.140215) EVENT_LOG_v1 {"time_micros": 1599090798140159, "job": 6, "event": "compaction_finished", "compaction_time_micros": 376908, "compaction_time_cpu_micros": 262499, "output_level": 6, "num_output_files": 2, "total_output_size": 4415400, "num_input_records": 30548, "num_output_records": 16770, "num_subcompactions": 1, "output_compression": "Snappy", "num_single_delete_mismatches": 0, "num_single_delete_fallthrough": 0, "lsm_state": [0, 0, 0, 0, 0, 0, 2]}
I200902 23:53:18.141313 17 storage/rocksdb.go:102  EVENT_LOG_v1 {"time_micros": 1599090798141199, "job": 6, "event": "table_file_deletion", "file_number": 105}
I200902 23:53:18.141896 17 storage/rocksdb.go:102  EVENT_LOG_v1 {"time_micros": 1599090798141783, "job": 6, "event": "table_file_deletion", "file_number": 103}
I200902 23:53:18.143653 17 storage/rocksdb.go:102  EVENT_LOG_v1 {"time_micros": 1599090798143485, "job": 6, "event": "table_file_deletion", "file_number": 101}
