I200629 17:38:47.870399 52 util/log/sync_buffer.go:70  [config] file created at: 2020/06/29 17:38:47
I200629 17:38:47.870399 52 util/log/sync_buffer.go:70  [config] running on machine: santiago-HP-Notebook
I200629 17:38:47.870399 52 util/log/sync_buffer.go:70  [config] binary: CockroachDB CCL v20.1.2 (x86_64-unknown-linux-gnu, built 2020/06/09 16:11:36, go1.13.9)
I200629 17:38:47.870399 52 util/log/sync_buffer.go:70  [config] arguments: [cockroach start --insecure]
I200629 17:38:47.870399 52 util/log/sync_buffer.go:70  line format: [IWEF]yymmdd hh:mm:ss.uuuuuu goid file:line msg utf8=✓
I200629 17:38:47.870395 52 storage/rocksdb.go:102  RocksDB version: 6.2.1
I200629 17:38:47.909741 52 storage/rocksdb.go:102  Git sha rocksdb_build_git_sha:@e494e15a0b08c13fafd5710f279f348d47d476de@
I200629 17:38:47.909769 52 storage/rocksdb.go:102  Compile date Jun  9 2020
I200629 17:38:47.909794 52 storage/rocksdb.go:102  DB SUMMARY
I200629 17:38:47.909931 52 storage/rocksdb.go:102  SST files in /home/santiago/go/src/github.com/Santiagozh1998/SpyServer/cockroach-data/cockroach-temp540458129 dir, Total Num: 0, files: 
I200629 17:38:47.909964 52 storage/rocksdb.go:102  Write Ahead Log file in /home/santiago/go/src/github.com/Santiagozh1998/SpyServer/cockroach-data/cockroach-temp540458129: 
I200629 17:38:47.909999 52 storage/rocksdb.go:102                          Options.error_if_exists: 0
I200629 17:38:47.910025 52 storage/rocksdb.go:102                        Options.create_if_missing: 1
I200629 17:38:47.910041 52 storage/rocksdb.go:102                          Options.paranoid_checks: 1
I200629 17:38:47.910057 52 storage/rocksdb.go:102                                      Options.env: 0x7571de0
I200629 17:38:47.910073 52 storage/rocksdb.go:102                                 Options.info_log: 0x7f0f40e361a0
I200629 17:38:47.910089 52 storage/rocksdb.go:102                 Options.max_file_opening_threads: 16
I200629 17:38:47.910105 52 storage/rocksdb.go:102                               Options.statistics: 0x7f0f40e19010
I200629 17:38:47.910121 52 storage/rocksdb.go:102                                Options.use_fsync: 0
I200629 17:38:47.910137 52 storage/rocksdb.go:102                        Options.max_log_file_size: 0
I200629 17:38:47.910154 52 storage/rocksdb.go:102                   Options.max_manifest_file_size: 134217728
I200629 17:38:47.910170 52 storage/rocksdb.go:102                    Options.log_file_time_to_roll: 0
I200629 17:38:47.910186 52 storage/rocksdb.go:102                        Options.keep_log_file_num: 1000
I200629 17:38:47.911067 52 storage/rocksdb.go:102                     Options.recycle_log_file_num: 1
I200629 17:38:47.911089 52 storage/rocksdb.go:102                          Options.allow_fallocate: 1
I200629 17:38:47.911106 52 storage/rocksdb.go:102                         Options.allow_mmap_reads: 0
I200629 17:38:47.911122 52 storage/rocksdb.go:102                        Options.allow_mmap_writes: 0
I200629 17:38:47.911139 52 storage/rocksdb.go:102                         Options.use_direct_reads: 0
I200629 17:38:47.911156 52 storage/rocksdb.go:102                         Options.use_direct_io_for_flush_and_compaction: 0
I200629 17:38:47.911172 52 storage/rocksdb.go:102           Options.create_missing_column_families: 0
I200629 17:38:47.911188 52 storage/rocksdb.go:102                               Options.db_log_dir: 
I200629 17:38:47.911206 52 storage/rocksdb.go:102                                  Options.wal_dir: /home/santiago/go/src/github.com/Santiagozh1998/SpyServer/cockroach-data/cockroach-temp540458129
I200629 17:38:47.911222 52 storage/rocksdb.go:102                 Options.table_cache_numshardbits: 6
I200629 17:38:47.911247 52 storage/rocksdb.go:102                       Options.max_subcompactions: 1
I200629 17:38:47.911267 52 storage/rocksdb.go:102                   Options.max_background_flushes: -1
I200629 17:38:47.911288 52 storage/rocksdb.go:102                          Options.WAL_ttl_seconds: 0
I200629 17:38:47.911342 52 storage/rocksdb.go:102                        Options.WAL_size_limit_MB: 0
I200629 17:38:47.911369 52 storage/rocksdb.go:102              Options.manifest_preallocation_size: 4194304
I200629 17:38:47.911385 52 storage/rocksdb.go:102                      Options.is_fd_close_on_exec: 1
I200629 17:38:47.911401 52 storage/rocksdb.go:102                    Options.advise_random_on_open: 1
I200629 17:38:47.911417 52 storage/rocksdb.go:102                     Options.db_write_buffer_size: 0
I200629 17:38:47.911442 52 storage/rocksdb.go:102                     Options.write_buffer_manager: 0x7f0f40e20060
I200629 17:38:47.911462 52 storage/rocksdb.go:102          Options.access_hint_on_compaction_start: 1
I200629 17:38:47.911503 52 storage/rocksdb.go:102   Options.new_table_reader_for_compaction_inputs: 0
I200629 17:38:47.911527 52 storage/rocksdb.go:102            Options.random_access_max_buffer_size: 1048576
I200629 17:38:47.911543 52 storage/rocksdb.go:102                       Options.use_adaptive_mutex: 0
I200629 17:38:47.911559 52 storage/rocksdb.go:102                             Options.rate_limiter: (nil)
I200629 17:38:47.911576 52 storage/rocksdb.go:102      Options.sst_file_manager.rate_bytes_per_sec: 0
I200629 17:38:47.911592 52 storage/rocksdb.go:102                        Options.wal_recovery_mode: 0
I200629 17:38:47.911608 52 storage/rocksdb.go:102                   Options.enable_thread_tracking: 0
I200629 17:38:47.911638 52 storage/rocksdb.go:102                   Options.enable_pipelined_write: 0
I200629 17:38:47.911657 52 storage/rocksdb.go:102          Options.allow_concurrent_memtable_write: 1
I200629 17:38:47.911673 52 storage/rocksdb.go:102       Options.enable_write_thread_adaptive_yield: 1
I200629 17:38:47.911690 52 storage/rocksdb.go:102              Options.write_thread_max_yield_usec: 100
I200629 17:38:47.911706 52 storage/rocksdb.go:102             Options.write_thread_slow_yield_usec: 3
I200629 17:38:47.911721 52 storage/rocksdb.go:102                                Options.row_cache: None
I200629 17:38:47.911737 52 storage/rocksdb.go:102                               Options.wal_filter: None
I200629 17:38:47.911754 52 storage/rocksdb.go:102              Options.avoid_flush_during_recovery: 0
I200629 17:38:47.911771 52 storage/rocksdb.go:102              Options.allow_ingest_behind: 0
I200629 17:38:47.911787 52 storage/rocksdb.go:102              Options.preserve_deletes: 0
I200629 17:38:47.911803 52 storage/rocksdb.go:102              Options.two_write_queues: 0
I200629 17:38:47.911819 52 storage/rocksdb.go:102              Options.manual_wal_flush: 1
I200629 17:38:47.911835 52 storage/rocksdb.go:102              Options.atomic_flush: 0
I200629 17:38:47.911851 52 storage/rocksdb.go:102              Options.avoid_unnecessary_blocking_io: 0
I200629 17:38:47.911868 52 storage/rocksdb.go:102              Options.max_background_jobs: 4
I200629 17:38:47.911885 52 storage/rocksdb.go:102              Options.max_background_compactions: -1
I200629 17:38:47.911900 52 storage/rocksdb.go:102              Options.avoid_flush_during_shutdown: 0
I200629 17:38:47.911917 52 storage/rocksdb.go:102            Options.writable_file_max_buffer_size: 1048576
I200629 17:38:47.911933 52 storage/rocksdb.go:102              Options.delayed_write_rate : 16777216
I200629 17:38:47.911950 52 storage/rocksdb.go:102              Options.max_total_wal_size: 0
I200629 17:38:47.911967 52 storage/rocksdb.go:102              Options.delete_obsolete_files_period_micros: 21600000000
I200629 17:38:47.911984 52 storage/rocksdb.go:102                    Options.stats_dump_period_sec: 0
I200629 17:38:47.912000 52 storage/rocksdb.go:102                  Options.stats_persist_period_sec: 600
I200629 17:38:47.912016 52 storage/rocksdb.go:102                  Options.stats_history_buffer_size: 1048576
I200629 17:38:47.912032 52 storage/rocksdb.go:102                           Options.max_open_files: 128
I200629 17:38:47.912048 52 storage/rocksdb.go:102                           Options.bytes_per_sync: 524288
I200629 17:38:47.912064 52 storage/rocksdb.go:102                       Options.wal_bytes_per_sync: 0
I200629 17:38:47.912080 52 storage/rocksdb.go:102                    Options.strict_bytes_per_sync: 1
I200629 17:38:47.912095 52 storage/rocksdb.go:102        Options.compaction_readahead_size: 0
I200629 17:38:47.912113 52 storage/rocksdb.go:102  Compression algorithms supported:
I200629 17:38:47.912130 52 storage/rocksdb.go:102  	kZSTDNotFinalCompression supported: 0
I200629 17:38:47.912146 52 storage/rocksdb.go:102  	kZSTD supported: 0
I200629 17:38:47.912162 52 storage/rocksdb.go:102  	kXpressCompression supported: 0
I200629 17:38:47.912179 52 storage/rocksdb.go:102  	kLZ4HCCompression supported: 0
I200629 17:38:47.912204 52 storage/rocksdb.go:102  	kLZ4Compression supported: 0
I200629 17:38:47.912221 52 storage/rocksdb.go:102  	kBZip2Compression supported: 0
I200629 17:38:47.912237 52 storage/rocksdb.go:102  	kZlibCompression supported: 0
I200629 17:38:47.912253 52 storage/rocksdb.go:102  	kSnappyCompression supported: 1
I200629 17:38:47.912282 52 storage/rocksdb.go:102  Fast CRC32 supported: Supported on x86
I200629 17:38:47.912538 52 storage/rocksdb.go:102  [db/db_impl_open.cc:242] Creating manifest 1 
I200629 17:38:48.170048 52 storage/rocksdb.go:102  [db/version_set.cc:4072] Recovering from manifest file: /home/santiago/go/src/github.com/Santiagozh1998/SpyServer/cockroach-data/cockroach-temp540458129/MANIFEST-000001
I200629 17:38:48.172651 52 storage/rocksdb.go:102  [db/column_family.cc:488] --------------- Options for column family [default]:
I200629 17:38:48.172692 52 storage/rocksdb.go:102                Options.comparator: cockroach_comparator
I200629 17:38:48.172717 52 storage/rocksdb.go:102            Options.merge_operator: cockroach_merge_operator
I200629 17:38:48.172762 52 storage/rocksdb.go:102         Options.compaction_filter: None
I200629 17:38:48.172788 52 storage/rocksdb.go:102         Options.compaction_filter_factory: None
I200629 17:38:48.172812 52 storage/rocksdb.go:102          Options.memtable_factory: SkipListFactory
I200629 17:38:48.172835 52 storage/rocksdb.go:102             Options.table_factory: BlockBasedTable
I200629 17:38:48.172964 52 storage/rocksdb.go:102             table_factory options:   flush_block_policy_factory: FlushBlockBySizePolicyFactory (0x7f0f40e3e030)
  cache_index_and_filter_blocks: 0
  cache_index_and_filter_blocks_with_high_priority: 0
  pin_l0_filter_and_index_blocks_in_cache: 0
  pin_top_level_index_and_filter: 1
  index_type: 0
  data_block_index_type: 0
  index_shortening: 1
  data_block_hash_table_util_ratio: 0.750000
  hash_index_allow_collision: 1
  checksum: 1
  no_block_cache: 0
  block_cache: 0x7f0f40e35010
  block_cache_name: LRUCache
  block_cache_options:
    capacity : 1048576
    num_shard_bits : 4
    strict_capacity_limit : 0
    memory_allocator : None
    high_pri_pool_ratio: 0.000
  block_cache_compressed: (nil)
  persistent_cache: (nil)
  block_size: 32768
  block_size_deviation: 10
  block_restart_interval: 16
  index_block_restart_interval: 1
  metadata_block_size: 4096
  partition_filters: 0
  use_delta_encoding: 1
  filter_policy: rocksdb.BuiltinBloomFilter
  whole_key_filtering: 0
  verify_compression: 0
  read_amp_bytes_per_bit: 0
  format_version: 2
  enable_index_compression: 1
  block_align: 0
I200629 17:38:48.172997 52 storage/rocksdb.go:102         Options.write_buffer_size: 67108864
I200629 17:38:48.173030 52 storage/rocksdb.go:102   Options.max_write_buffer_number: 4
I200629 17:38:48.173054 52 storage/rocksdb.go:102           Options.compression: Snappy
I200629 17:38:48.173077 52 storage/rocksdb.go:102                   Options.bottommost_compression: Disabled
I200629 17:38:48.173101 52 storage/rocksdb.go:102        Options.prefix_extractor: cockroach_prefix_extractor
I200629 17:38:48.173124 52 storage/rocksdb.go:102    Options.memtable_insert_with_hint_prefix_extractor: nullptr
I200629 17:38:48.173148 52 storage/rocksdb.go:102              Options.num_levels: 7
I200629 17:38:48.173171 52 storage/rocksdb.go:102         Options.min_write_buffer_number_to_merge: 1
I200629 17:38:48.173194 52 storage/rocksdb.go:102      Options.max_write_buffer_number_to_maintain: 0
I200629 17:38:48.173218 52 storage/rocksdb.go:102             Options.bottommost_compression_opts.window_bits: -14
I200629 17:38:48.173241 52 storage/rocksdb.go:102                   Options.bottommost_compression_opts.level: 32767
I200629 17:38:48.173265 52 storage/rocksdb.go:102                Options.bottommost_compression_opts.strategy: 0
I200629 17:38:48.173288 52 storage/rocksdb.go:102          Options.bottommost_compression_opts.max_dict_bytes: 0
I200629 17:38:48.173311 52 storage/rocksdb.go:102          Options.bottommost_compression_opts.zstd_max_train_bytes: 0
I200629 17:38:48.173345 52 storage/rocksdb.go:102                   Options.bottommost_compression_opts.enabled: false
I200629 17:38:48.173368 52 storage/rocksdb.go:102             Options.compression_opts.window_bits: -14
I200629 17:38:48.173391 52 storage/rocksdb.go:102                   Options.compression_opts.level: 32767
I200629 17:38:48.173414 52 storage/rocksdb.go:102                Options.compression_opts.strategy: 0
I200629 17:38:48.173438 52 storage/rocksdb.go:102          Options.compression_opts.max_dict_bytes: 0
I200629 17:38:48.173461 52 storage/rocksdb.go:102          Options.compression_opts.zstd_max_train_bytes: 0
I200629 17:38:48.173484 52 storage/rocksdb.go:102                   Options.compression_opts.enabled: false
I200629 17:38:48.173508 52 storage/rocksdb.go:102       Options.level0_file_num_compaction_trigger: 2
I200629 17:38:48.173532 52 storage/rocksdb.go:102           Options.level0_slowdown_writes_trigger: 950
I200629 17:38:48.173555 52 storage/rocksdb.go:102               Options.level0_stop_writes_trigger: 1000
I200629 17:38:48.173581 52 storage/rocksdb.go:102                    Options.target_file_size_base: 4194304
I200629 17:38:48.173604 52 storage/rocksdb.go:102              Options.target_file_size_multiplier: 2
I200629 17:38:48.173628 52 storage/rocksdb.go:102                 Options.max_bytes_for_level_base: 67108864
I200629 17:38:48.173651 52 storage/rocksdb.go:102  Options.level_compaction_dynamic_level_bytes: 1
I200629 17:38:48.173680 52 storage/rocksdb.go:102           Options.max_bytes_for_level_multiplier: 10.000000
I200629 17:38:48.173704 52 storage/rocksdb.go:102  Options.max_bytes_for_level_multiplier_addtl[0]: 1
I200629 17:38:48.173728 52 storage/rocksdb.go:102  Options.max_bytes_for_level_multiplier_addtl[1]: 1
I200629 17:38:48.173752 52 storage/rocksdb.go:102  Options.max_bytes_for_level_multiplier_addtl[2]: 1
I200629 17:38:48.173776 52 storage/rocksdb.go:102  Options.max_bytes_for_level_multiplier_addtl[3]: 1
I200629 17:38:48.173799 52 storage/rocksdb.go:102  Options.max_bytes_for_level_multiplier_addtl[4]: 1
I200629 17:38:48.173832 52 storage/rocksdb.go:102  Options.max_bytes_for_level_multiplier_addtl[5]: 1
I200629 17:38:48.173857 52 storage/rocksdb.go:102  Options.max_bytes_for_level_multiplier_addtl[6]: 1
I200629 17:38:48.173880 52 storage/rocksdb.go:102        Options.max_sequential_skip_in_iterations: 8
I200629 17:38:48.173904 52 storage/rocksdb.go:102                     Options.max_compaction_bytes: 104857600
I200629 17:38:48.173927 52 storage/rocksdb.go:102                         Options.arena_block_size: 8388608
I200629 17:38:48.173950 52 storage/rocksdb.go:102    Options.soft_pending_compaction_bytes_limit: 2199023255552
I200629 17:38:48.173974 52 storage/rocksdb.go:102    Options.hard_pending_compaction_bytes_limit: 4400193994752
I200629 17:38:48.173997 52 storage/rocksdb.go:102        Options.rate_limit_delay_max_milliseconds: 100
I200629 17:38:48.174021 52 storage/rocksdb.go:102                 Options.disable_auto_compactions: 0
I200629 17:38:48.174047 52 storage/rocksdb.go:102                         Options.compaction_style: kCompactionStyleLevel
I200629 17:38:48.174075 52 storage/rocksdb.go:102                           Options.compaction_pri: kMinOverlappingRatio
I200629 17:38:48.174100 52 storage/rocksdb.go:102  Options.compaction_options_universal.size_ratio: 1
I200629 17:38:48.174123 52 storage/rocksdb.go:102  Options.compaction_options_universal.min_merge_width: 2
I200629 17:38:48.174146 52 storage/rocksdb.go:102  Options.compaction_options_universal.max_merge_width: 4294967295
I200629 17:38:48.174172 52 storage/rocksdb.go:102  Options.compaction_options_universal.max_size_amplification_percent: 200
I200629 17:38:48.174195 52 storage/rocksdb.go:102  Options.compaction_options_universal.compression_size_percent: -1
I200629 17:38:48.174221 52 storage/rocksdb.go:102  Options.compaction_options_universal.stop_style: kCompactionStopStyleTotalSize
I200629 17:38:48.174245 52 storage/rocksdb.go:102  Options.compaction_options_fifo.max_table_files_size: 1073741824
I200629 17:38:48.174280 52 storage/rocksdb.go:102  Options.compaction_options_fifo.allow_compaction: 0
I200629 17:38:48.174314 52 storage/rocksdb.go:102                    Options.table_properties_collectors: TimeBoundTblPropCollectorFactory; DeleteRangeTblPropCollectorFactory; 
I200629 17:38:48.174342 52 storage/rocksdb.go:102                    Options.inplace_update_support: 0
I200629 17:38:48.174367 52 storage/rocksdb.go:102                  Options.inplace_update_num_locks: 10000
I200629 17:38:48.174393 52 storage/rocksdb.go:102                Options.memtable_prefix_bloom_size_ratio: 0.000000
I200629 17:38:48.174421 52 storage/rocksdb.go:102                Options.memtable_whole_key_filtering: 0
I200629 17:38:48.174445 52 storage/rocksdb.go:102    Options.memtable_huge_page_size: 0
I200629 17:38:48.174468 52 storage/rocksdb.go:102                            Options.bloom_locality: 0
I200629 17:38:48.174491 52 storage/rocksdb.go:102                     Options.max_successive_merges: 0
I200629 17:38:48.174515 52 storage/rocksdb.go:102                 Options.optimize_filters_for_hits: 1
I200629 17:38:48.174538 52 storage/rocksdb.go:102                 Options.paranoid_file_checks: 0
I200629 17:38:48.174562 52 storage/rocksdb.go:102                 Options.force_consistency_checks: 0
I200629 17:38:48.174586 52 storage/rocksdb.go:102                 Options.report_bg_io_stats: 0
I200629 17:38:48.174610 52 storage/rocksdb.go:102                                Options.ttl: 0
I200629 17:38:48.174634 52 storage/rocksdb.go:102           Options.periodic_compaction_seconds: 0
I200629 17:38:48.176344 52 storage/rocksdb.go:102  [db/version_set.cc:4286] Recovered from manifest file:/home/santiago/go/src/github.com/Santiagozh1998/SpyServer/cockroach-data/cockroach-temp540458129/MANIFEST-000001 succeeded,manifest_file_number is 1, next_file_number is 3, last_sequence is 0, log_number is 0,prev_log_number is 0,max_column_family is 0,min_log_number_to_keep is 0
I200629 17:38:48.176376 52 storage/rocksdb.go:102  [db/version_set.cc:4295] Column family [default] (ID 0), log number is 0
I200629 17:38:48.253001 52 storage/rocksdb.go:102  DB pointer 0x7f0f40eab000
I200629 17:38:48.541492 52 storage/rocksdb.go:102  RocksDB version: 6.2.1
I200629 17:38:48.541541 52 storage/rocksdb.go:102  Git sha rocksdb_build_git_sha:@e494e15a0b08c13fafd5710f279f348d47d476de@
I200629 17:38:48.541572 52 storage/rocksdb.go:102  Compile date Jun  9 2020
I200629 17:38:48.541607 52 storage/rocksdb.go:102  DB SUMMARY
I200629 17:38:48.541800 52 storage/rocksdb.go:102  CURRENT file:  CURRENT
I200629 17:38:48.541825 52 storage/rocksdb.go:102  IDENTITY file:  IDENTITY
I200629 17:38:48.541865 52 storage/rocksdb.go:102  MANIFEST file:  MANIFEST-000029 size: 2398 Bytes
I200629 17:38:48.541897 52 storage/rocksdb.go:102  SST files in /home/santiago/go/src/github.com/Santiagozh1998/SpyServer/cockroach-data dir, Total Num: 2, files: 000072.sst 000073.sst 
I200629 17:38:48.542004 52 storage/rocksdb.go:102  Write Ahead Log file in /home/santiago/go/src/github.com/Santiagozh1998/SpyServer/cockroach-data: 000068.log size: 59881434 ; 000070.log size: 28697941 ; 
I200629 17:38:48.542032 52 storage/rocksdb.go:102                          Options.error_if_exists: 0
I200629 17:38:48.542056 52 storage/rocksdb.go:102                        Options.create_if_missing: 1
I200629 17:38:48.542080 52 storage/rocksdb.go:102                          Options.paranoid_checks: 1
I200629 17:38:48.542104 52 storage/rocksdb.go:102                                      Options.env: 0x7571de0
I200629 17:38:48.542128 52 storage/rocksdb.go:102                                 Options.info_log: 0x7f0f4a287f00
I200629 17:38:48.542151 52 storage/rocksdb.go:102                 Options.max_file_opening_threads: 16
I200629 17:38:48.542175 52 storage/rocksdb.go:102                               Options.statistics: 0x7f0f4a21d8d0
I200629 17:38:48.542199 52 storage/rocksdb.go:102                                Options.use_fsync: 0
I200629 17:38:48.542223 52 storage/rocksdb.go:102                        Options.max_log_file_size: 0
I200629 17:38:48.542247 52 storage/rocksdb.go:102                   Options.max_manifest_file_size: 134217728
I200629 17:38:48.542273 52 storage/rocksdb.go:102                    Options.log_file_time_to_roll: 0
I200629 17:38:48.542300 52 storage/rocksdb.go:102                        Options.keep_log_file_num: 1000
I200629 17:38:48.542324 52 storage/rocksdb.go:102                     Options.recycle_log_file_num: 1
I200629 17:38:48.542348 52 storage/rocksdb.go:102                          Options.allow_fallocate: 1
I200629 17:38:48.542372 52 storage/rocksdb.go:102                         Options.allow_mmap_reads: 0
I200629 17:38:48.542398 52 storage/rocksdb.go:102                        Options.allow_mmap_writes: 0
I200629 17:38:48.542422 52 storage/rocksdb.go:102                         Options.use_direct_reads: 0
I200629 17:38:48.542448 52 storage/rocksdb.go:102                         Options.use_direct_io_for_flush_and_compaction: 0
I200629 17:38:48.542472 52 storage/rocksdb.go:102           Options.create_missing_column_families: 0
I200629 17:38:48.542496 52 storage/rocksdb.go:102                               Options.db_log_dir: 
I200629 17:38:48.542520 52 storage/rocksdb.go:102                                  Options.wal_dir: /home/santiago/go/src/github.com/Santiagozh1998/SpyServer/cockroach-data
I200629 17:38:48.542544 52 storage/rocksdb.go:102                 Options.table_cache_numshardbits: 6
I200629 17:38:48.542567 52 storage/rocksdb.go:102                       Options.max_subcompactions: 1
I200629 17:38:48.542591 52 storage/rocksdb.go:102                   Options.max_background_flushes: -1
I200629 17:38:48.542615 52 storage/rocksdb.go:102                          Options.WAL_ttl_seconds: 0
I200629 17:38:48.542639 52 storage/rocksdb.go:102                        Options.WAL_size_limit_MB: 0
I200629 17:38:48.542662 52 storage/rocksdb.go:102              Options.manifest_preallocation_size: 4194304
I200629 17:38:48.542686 52 storage/rocksdb.go:102                      Options.is_fd_close_on_exec: 1
I200629 17:38:48.542709 52 storage/rocksdb.go:102                    Options.advise_random_on_open: 1
I200629 17:38:48.542732 52 storage/rocksdb.go:102                     Options.db_write_buffer_size: 0
I200629 17:38:48.542756 52 storage/rocksdb.go:102                     Options.write_buffer_manager: 0x7f0f4a260cb0
I200629 17:38:48.542779 52 storage/rocksdb.go:102          Options.access_hint_on_compaction_start: 1
I200629 17:38:48.542804 52 storage/rocksdb.go:102   Options.new_table_reader_for_compaction_inputs: 0
I200629 17:38:48.542828 52 storage/rocksdb.go:102            Options.random_access_max_buffer_size: 1048576
I200629 17:38:48.542851 52 storage/rocksdb.go:102                       Options.use_adaptive_mutex: 0
I200629 17:38:48.542875 52 storage/rocksdb.go:102                             Options.rate_limiter: (nil)
I200629 17:38:48.542899 52 storage/rocksdb.go:102      Options.sst_file_manager.rate_bytes_per_sec: 0
I200629 17:38:48.542923 52 storage/rocksdb.go:102                        Options.wal_recovery_mode: 0
I200629 17:38:48.542946 52 storage/rocksdb.go:102                   Options.enable_thread_tracking: 0
I200629 17:38:48.542972 52 storage/rocksdb.go:102                   Options.enable_pipelined_write: 0
I200629 17:38:48.542996 52 storage/rocksdb.go:102          Options.allow_concurrent_memtable_write: 1
I200629 17:38:48.543019 52 storage/rocksdb.go:102       Options.enable_write_thread_adaptive_yield: 1
I200629 17:38:48.543045 52 storage/rocksdb.go:102              Options.write_thread_max_yield_usec: 100
I200629 17:38:48.543068 52 storage/rocksdb.go:102             Options.write_thread_slow_yield_usec: 3
I200629 17:38:48.543091 52 storage/rocksdb.go:102                                Options.row_cache: None
I200629 17:38:48.543114 52 storage/rocksdb.go:102                               Options.wal_filter: None
I200629 17:38:48.543137 52 storage/rocksdb.go:102              Options.avoid_flush_during_recovery: 0
I200629 17:38:48.543161 52 storage/rocksdb.go:102              Options.allow_ingest_behind: 0
I200629 17:38:48.543185 52 storage/rocksdb.go:102              Options.preserve_deletes: 0
I200629 17:38:48.543208 52 storage/rocksdb.go:102              Options.two_write_queues: 0
I200629 17:38:48.543232 52 storage/rocksdb.go:102              Options.manual_wal_flush: 1
I200629 17:38:48.543257 52 storage/rocksdb.go:102              Options.atomic_flush: 0
I200629 17:38:48.543280 52 storage/rocksdb.go:102              Options.avoid_unnecessary_blocking_io: 0
I200629 17:38:48.543304 52 storage/rocksdb.go:102              Options.max_background_jobs: 4
I200629 17:38:48.543457 52 storage/rocksdb.go:102              Options.max_background_compactions: -1
I200629 17:38:48.543475 52 storage/rocksdb.go:102              Options.avoid_flush_during_shutdown: 0
I200629 17:38:48.543493 52 storage/rocksdb.go:102            Options.writable_file_max_buffer_size: 1048576
I200629 17:38:48.543511 52 storage/rocksdb.go:102              Options.delayed_write_rate : 16777216
I200629 17:38:48.543529 52 storage/rocksdb.go:102              Options.max_total_wal_size: 0
I200629 17:38:48.543547 52 storage/rocksdb.go:102              Options.delete_obsolete_files_period_micros: 21600000000
I200629 17:38:48.543565 52 storage/rocksdb.go:102                    Options.stats_dump_period_sec: 0
I200629 17:38:48.543583 52 storage/rocksdb.go:102                  Options.stats_persist_period_sec: 600
I200629 17:38:48.543601 52 storage/rocksdb.go:102                  Options.stats_history_buffer_size: 1048576
I200629 17:38:48.543618 52 storage/rocksdb.go:102                           Options.max_open_files: 3840
I200629 17:38:48.543638 52 storage/rocksdb.go:102                           Options.bytes_per_sync: 524288
I200629 17:38:48.543656 52 storage/rocksdb.go:102                       Options.wal_bytes_per_sync: 0
I200629 17:38:48.543673 52 storage/rocksdb.go:102                    Options.strict_bytes_per_sync: 1
I200629 17:38:48.543691 52 storage/rocksdb.go:102        Options.compaction_readahead_size: 0
I200629 17:38:48.543708 52 storage/rocksdb.go:102  Compression algorithms supported:
I200629 17:38:48.543727 52 storage/rocksdb.go:102  	kZSTDNotFinalCompression supported: 0
I200629 17:38:48.543745 52 storage/rocksdb.go:102  	kZSTD supported: 0
I200629 17:38:48.543763 52 storage/rocksdb.go:102  	kXpressCompression supported: 0
I200629 17:38:48.543781 52 storage/rocksdb.go:102  	kLZ4HCCompression supported: 0
I200629 17:38:48.543799 52 storage/rocksdb.go:102  	kLZ4Compression supported: 0
I200629 17:38:48.543816 52 storage/rocksdb.go:102  	kBZip2Compression supported: 0
I200629 17:38:48.543834 52 storage/rocksdb.go:102  	kZlibCompression supported: 0
I200629 17:38:48.543852 52 storage/rocksdb.go:102  	kSnappyCompression supported: 1
I200629 17:38:48.543878 52 storage/rocksdb.go:102  Fast CRC32 supported: Supported on x86
I200629 17:38:48.577064 52 storage/rocksdb.go:102  [db/version_set.cc:4072] Recovering from manifest file: /home/santiago/go/src/github.com/Santiagozh1998/SpyServer/cockroach-data/MANIFEST-000029
I200629 17:38:48.577400 52 storage/rocksdb.go:102  [db/column_family.cc:488] --------------- Options for column family [default]:
I200629 17:38:48.577421 52 storage/rocksdb.go:102                Options.comparator: cockroach_comparator
I200629 17:38:48.577441 52 storage/rocksdb.go:102            Options.merge_operator: cockroach_merge_operator
I200629 17:38:48.577459 52 storage/rocksdb.go:102         Options.compaction_filter: None
I200629 17:38:48.577477 52 storage/rocksdb.go:102         Options.compaction_filter_factory: None
I200629 17:38:48.577496 52 storage/rocksdb.go:102          Options.memtable_factory: SkipListFactory
I200629 17:38:48.577514 52 storage/rocksdb.go:102             Options.table_factory: BlockBasedTable
I200629 17:38:48.577669 52 storage/rocksdb.go:102             table_factory options:   flush_block_policy_factory: FlushBlockBySizePolicyFactory (0x7f0f4a224038)
  cache_index_and_filter_blocks: 0
  cache_index_and_filter_blocks_with_high_priority: 0
  pin_l0_filter_and_index_blocks_in_cache: 0
  pin_top_level_index_and_filter: 1
  index_type: 0
  data_block_index_type: 0
  index_shortening: 1
  data_block_hash_table_util_ratio: 0.750000
  hash_index_allow_collision: 1
  checksum: 1
  no_block_cache: 0
  block_cache: 0x7f0f4a24b210
  block_cache_name: LRUCache
  block_cache_options:
    capacity : 67108864
    num_shard_bits : 4
    strict_capacity_limit : 0
    memory_allocator : None
    high_pri_pool_ratio: 0.000
  block_cache_compressed: (nil)
  persistent_cache: (nil)
  block_size: 32768
  block_size_deviation: 10
  block_restart_interval: 16
  index_block_restart_interval: 1
  metadata_block_size: 4096
  partition_filters: 0
  use_delta_encoding: 1
  filter_policy: rocksdb.BuiltinBloomFilter
  whole_key_filtering: 0
  verify_compression: 0
  read_amp_bytes_per_bit: 0
  format_version: 2
  enable_index_compression: 1
  block_align: 0
I200629 17:38:48.577697 52 storage/rocksdb.go:102         Options.write_buffer_size: 67108864
I200629 17:38:48.577720 52 storage/rocksdb.go:102   Options.max_write_buffer_number: 4
I200629 17:38:48.577739 52 storage/rocksdb.go:102           Options.compression: Snappy
I200629 17:38:48.577756 52 storage/rocksdb.go:102                   Options.bottommost_compression: Disabled
I200629 17:38:48.577774 52 storage/rocksdb.go:102        Options.prefix_extractor: cockroach_prefix_extractor
I200629 17:38:48.577792 52 storage/rocksdb.go:102    Options.memtable_insert_with_hint_prefix_extractor: nullptr
I200629 17:38:48.577810 52 storage/rocksdb.go:102              Options.num_levels: 7
I200629 17:38:48.577828 52 storage/rocksdb.go:102         Options.min_write_buffer_number_to_merge: 1
I200629 17:38:48.577845 52 storage/rocksdb.go:102      Options.max_write_buffer_number_to_maintain: 0
I200629 17:38:48.577863 52 storage/rocksdb.go:102             Options.bottommost_compression_opts.window_bits: -14
I200629 17:38:48.577881 52 storage/rocksdb.go:102                   Options.bottommost_compression_opts.level: 32767
I200629 17:38:48.577898 52 storage/rocksdb.go:102                Options.bottommost_compression_opts.strategy: 0
I200629 17:38:48.577916 52 storage/rocksdb.go:102          Options.bottommost_compression_opts.max_dict_bytes: 0
I200629 17:38:48.577937 52 storage/rocksdb.go:102          Options.bottommost_compression_opts.zstd_max_train_bytes: 0
I200629 17:38:48.577955 52 storage/rocksdb.go:102                   Options.bottommost_compression_opts.enabled: false
I200629 17:38:48.577972 52 storage/rocksdb.go:102             Options.compression_opts.window_bits: -14
I200629 17:38:48.577990 52 storage/rocksdb.go:102                   Options.compression_opts.level: 32767
I200629 17:38:48.578007 52 storage/rocksdb.go:102                Options.compression_opts.strategy: 0
I200629 17:38:48.578025 52 storage/rocksdb.go:102          Options.compression_opts.max_dict_bytes: 0
I200629 17:38:48.578043 52 storage/rocksdb.go:102          Options.compression_opts.zstd_max_train_bytes: 0
I200629 17:38:48.578060 52 storage/rocksdb.go:102                   Options.compression_opts.enabled: false
I200629 17:38:48.578078 52 storage/rocksdb.go:102       Options.level0_file_num_compaction_trigger: 2
I200629 17:38:48.578095 52 storage/rocksdb.go:102           Options.level0_slowdown_writes_trigger: 950
I200629 17:38:48.578113 52 storage/rocksdb.go:102               Options.level0_stop_writes_trigger: 1000
I200629 17:38:48.578141 52 storage/rocksdb.go:102                    Options.target_file_size_base: 4194304
I200629 17:38:48.578164 52 storage/rocksdb.go:102              Options.target_file_size_multiplier: 2
I200629 17:38:48.578188 52 storage/rocksdb.go:102                 Options.max_bytes_for_level_base: 67108864
I200629 17:38:48.578211 52 storage/rocksdb.go:102  Options.level_compaction_dynamic_level_bytes: 1
I200629 17:38:48.578241 52 storage/rocksdb.go:102           Options.max_bytes_for_level_multiplier: 10.000000
I200629 17:38:48.578268 52 storage/rocksdb.go:102  Options.max_bytes_for_level_multiplier_addtl[0]: 1
I200629 17:38:48.578293 52 storage/rocksdb.go:102  Options.max_bytes_for_level_multiplier_addtl[1]: 1
I200629 17:38:48.578317 52 storage/rocksdb.go:102  Options.max_bytes_for_level_multiplier_addtl[2]: 1
I200629 17:38:48.578341 52 storage/rocksdb.go:102  Options.max_bytes_for_level_multiplier_addtl[3]: 1
I200629 17:38:48.578365 52 storage/rocksdb.go:102  Options.max_bytes_for_level_multiplier_addtl[4]: 1
I200629 17:38:48.578389 52 storage/rocksdb.go:102  Options.max_bytes_for_level_multiplier_addtl[5]: 1
I200629 17:38:48.578413 52 storage/rocksdb.go:102  Options.max_bytes_for_level_multiplier_addtl[6]: 1
I200629 17:38:48.578440 52 storage/rocksdb.go:102        Options.max_sequential_skip_in_iterations: 8
I200629 17:38:48.578466 52 storage/rocksdb.go:102                     Options.max_compaction_bytes: 104857600
I200629 17:38:48.578490 52 storage/rocksdb.go:102                         Options.arena_block_size: 8388608
I200629 17:38:48.578514 52 storage/rocksdb.go:102    Options.soft_pending_compaction_bytes_limit: 2199023255552
I200629 17:38:48.578538 52 storage/rocksdb.go:102    Options.hard_pending_compaction_bytes_limit: 4400193994752
I200629 17:38:48.578562 52 storage/rocksdb.go:102        Options.rate_limit_delay_max_milliseconds: 100
I200629 17:38:48.578585 52 storage/rocksdb.go:102                 Options.disable_auto_compactions: 0
I200629 17:38:48.578615 52 storage/rocksdb.go:102                         Options.compaction_style: kCompactionStyleLevel
I200629 17:38:48.578642 52 storage/rocksdb.go:102                           Options.compaction_pri: kMinOverlappingRatio
I200629 17:38:48.578666 52 storage/rocksdb.go:102  Options.compaction_options_universal.size_ratio: 1
I200629 17:38:48.578690 52 storage/rocksdb.go:102  Options.compaction_options_universal.min_merge_width: 2
I200629 17:38:48.578713 52 storage/rocksdb.go:102  Options.compaction_options_universal.max_merge_width: 4294967295
I200629 17:38:48.578737 52 storage/rocksdb.go:102  Options.compaction_options_universal.max_size_amplification_percent: 200
I200629 17:38:48.578761 52 storage/rocksdb.go:102  Options.compaction_options_universal.compression_size_percent: -1
I200629 17:38:48.578788 52 storage/rocksdb.go:102  Options.compaction_options_universal.stop_style: kCompactionStopStyleTotalSize
I200629 17:38:48.578812 52 storage/rocksdb.go:102  Options.compaction_options_fifo.max_table_files_size: 1073741824
I200629 17:38:48.578836 52 storage/rocksdb.go:102  Options.compaction_options_fifo.allow_compaction: 0
I200629 17:38:48.578867 52 storage/rocksdb.go:102                    Options.table_properties_collectors: TimeBoundTblPropCollectorFactory; DeleteRangeTblPropCollectorFactory; 
I200629 17:38:48.578894 52 storage/rocksdb.go:102                    Options.inplace_update_support: 0
I200629 17:38:48.578918 52 storage/rocksdb.go:102                  Options.inplace_update_num_locks: 10000
I200629 17:38:48.578944 52 storage/rocksdb.go:102                Options.memtable_prefix_bloom_size_ratio: 0.000000
I200629 17:38:48.578968 52 storage/rocksdb.go:102                Options.memtable_whole_key_filtering: 0
I200629 17:38:48.578992 52 storage/rocksdb.go:102    Options.memtable_huge_page_size: 0
I200629 17:38:48.579016 52 storage/rocksdb.go:102                            Options.bloom_locality: 0
I200629 17:38:48.579041 52 storage/rocksdb.go:102                     Options.max_successive_merges: 0
I200629 17:38:48.579065 52 storage/rocksdb.go:102                 Options.optimize_filters_for_hits: 1
I200629 17:38:48.579089 52 storage/rocksdb.go:102                 Options.paranoid_file_checks: 0
I200629 17:38:48.579112 52 storage/rocksdb.go:102                 Options.force_consistency_checks: 0
I200629 17:38:48.579136 52 storage/rocksdb.go:102                 Options.report_bg_io_stats: 0
I200629 17:38:48.579160 52 storage/rocksdb.go:102                                Options.ttl: 0
I200629 17:38:48.579183 52 storage/rocksdb.go:102           Options.periodic_compaction_seconds: 0
I200629 17:38:48.641540 52 storage/rocksdb.go:102  [db/version_set.cc:3086] More existing levels in DB than needed. max_bytes_for_level_multiplier may not be guaranteed.
I200629 17:38:48.641615 52 storage/rocksdb.go:102  [db/version_set.cc:4286] Recovered from manifest file:/home/santiago/go/src/github.com/Santiagozh1998/SpyServer/cockroach-data/MANIFEST-000029 succeeded,manifest_file_number is 29, next_file_number is 75, last_sequence is 4379140, log_number is 70,prev_log_number is 0,max_column_family is 0,min_log_number_to_keep is 0
I200629 17:38:48.641650 52 storage/rocksdb.go:102  [db/version_set.cc:4295] Column family [default] (ID 0), log number is 70
I200629 17:38:48.641978 52 storage/rocksdb.go:102  EVENT_LOG_v1 {"time_micros": 1593452328641923, "job": 1, "event": "recovery_started", "log_files": [68, 70]}
I200629 17:38:48.642044 52 storage/rocksdb.go:102  [db/db_impl_open.cc:586] Skipping log #68 since it is older than min log to keep #70
I200629 17:38:48.642078 52 storage/rocksdb.go:102  [db/db_impl_open.cc:598] Recovering log #70 mode 0
I200629 17:38:50.123153 52 storage/rocksdb.go:102  EVENT_LOG_v1 {"time_micros": 1593452330122976, "cf_name": "default", "job": 1, "event": "table_file_creation", "file_number": 75, "file_size": 218901, "table_properties": {"data_size": 211556, "index_size": 2104, "index_partitions": 0, "top_level_index_size": 0, "index_key_is_user_key": 0, "index_value_is_delta_encoded": 0, "filter_size": 5189, "raw_key_size": 172220, "raw_average_key_size": 34, "raw_value_size": 1097848, "raw_average_value_size": 222, "num_data_blocks": 35, "num_entries": 4932, "num_deletions": 2911, "num_merge_operands": 1384, "num_range_deletions": 1384, "format_version": 0, "fixed_key_len": 0, "filter_policy": "rocksdb.BuiltinBloomFilter", "column_family_name": "default", "column_family_id": 0, "comparator": "cockroach_comparator", "merge_operator": "cockroach_merge_operator", "prefix_extractor_name": "cockroach_prefix_extractor", "property_collectors": "[TimeBoundTblPropCollectorFactory,DeleteRangeTblPropCollectorFactory]", "compression": "Snappy", "compression_options": "window_bits=-14; level=32767; strategy=0; max_dict_bytes=0; zstd_max_train_bytes=0; enabled=0; ", "creation_time": 1593452329, "oldest_key_time": 3, "file_creation_time": 0}}
I200629 17:38:50.126251 52 storage/rocksdb.go:102  [db/version_set.cc:3560] Creating manifest 76
I200629 17:38:50.126718 52 storage/rocksdb.go:102  [db/version_set.cc:3086] More existing levels in DB than needed. max_bytes_for_level_multiplier may not be guaranteed.
I200629 17:38:50.223441 52 storage/rocksdb.go:102  EVENT_LOG_v1 {"time_micros": 1593452330223240, "job": 1, "event": "recovery_finished"}
I200629 17:38:50.360072 52 storage/rocksdb.go:102  DB pointer 0x7f0f4a39b000
I200629 18:22:31.513782 120 storage/rocksdb.go:102  [db/db_impl_write.cc:1437] [default] New memtable created with log file: #80. Immutable memtables: 0.
I200629 18:22:31.514526 17 storage/rocksdb.go:102  (Original Log Time 2020/06/29-13:22:31.514093) [db/db_impl_compaction_flush.cc:2097] Calling FlushMemTableToOutputFile with column family [default], flush slots available 1, compaction slots available 1, flush slots scheduled 1, compaction slots scheduled 0
I200629 18:22:31.514582 17 storage/rocksdb.go:102  [db/flush_job.cc:322] [default] [JOB 3] Flushing memtable with next log file: 80
I200629 18:22:31.514793 17 storage/rocksdb.go:102  EVENT_LOG_v1 {"time_micros": 1593454951514688, "job": 3, "event": "flush_started", "num_memtables": 1, "num_entries": 212335, "num_deletes": 6025, "total_data_size": 60813087, "memory_usage": 65026568, "flush_reason": "Write Buffer Full"}
I200629 18:22:31.514844 17 storage/rocksdb.go:102  [db/flush_job.cc:351] [default] [JOB 3] Level-0 flush table #81: started
I200629 18:22:33.420501 17 storage/rocksdb.go:102  EVENT_LOG_v1 {"time_micros": 1593454953420261, "cf_name": "default", "job": 3, "event": "table_file_creation", "file_number": 81, "file_size": 426955, "table_properties": {"data_size": 414610, "index_size": 4185, "index_partitions": 0, "top_level_index_size": 0, "index_key_is_user_key": 0, "index_value_is_delta_encoded": 0, "filter_size": 9157, "raw_key_size": 261150, "raw_average_key_size": 31, "raw_value_size": 2263616, "raw_average_value_size": 270, "num_data_blocks": 72, "num_entries": 8359, "num_deletions": 5876, "num_merge_operands": 1384, "num_range_deletions": 1384, "format_version": 0, "fixed_key_len": 0, "filter_policy": "rocksdb.BuiltinBloomFilter", "column_family_name": "default", "column_family_id": 0, "comparator": "cockroach_comparator", "merge_operator": "cockroach_merge_operator", "prefix_extractor_name": "cockroach_prefix_extractor", "property_collectors": "[TimeBoundTblPropCollectorFactory,DeleteRangeTblPropCollectorFactory]", "compression": "Snappy", "compression_options": "window_bits=-14; level=32767; strategy=0; max_dict_bytes=0; zstd_max_train_bytes=0; enabled=0; ", "creation_time": 1593454951, "oldest_key_time": 1593452330, "file_creation_time": 1593454951}}
I200629 18:22:33.420586 17 storage/rocksdb.go:102  [db/flush_job.cc:392] [default] [JOB 3] Level-0 flush table #81: 426955 bytes OK
I200629 18:22:33.442109 17 storage/rocksdb.go:102  [db/version_set.cc:3086] More existing levels in DB than needed. max_bytes_for_level_multiplier may not be guaranteed.
I200629 18:22:33.486572 17 storage/rocksdb.go:102  [db/db_impl_files.cc:194] adding log 77 to recycle list
I200629 18:22:33.486644 17 storage/rocksdb.go:102  (Original Log Time 2020/06/29-13:22:33.441755) [db/memtable_list.cc:389] [default] Level-0 commit table #81 started
I200629 18:22:33.486683 17 storage/rocksdb.go:102  (Original Log Time 2020/06/29-13:22:33.486126) [db/memtable_list.cc:437] [default] Level-0 commit table #81: memtable #1 done
I200629 18:22:33.486721 17 storage/rocksdb.go:102  (Original Log Time 2020/06/29-13:22:33.486224) EVENT_LOG_v1 {"time_micros": 1593454953486184, "job": 3, "event": "flush_finished", "output_compression": "Snappy", "lsm_state": [2, 0, 0, 0, 0, 0, 2], "immutable_memtables": 0}
I200629 18:22:33.486769 17 storage/rocksdb.go:102  (Original Log Time 2020/06/29-13:22:33.486303) [db/db_impl_compaction_flush.cc:208] [default] Level summary: base level 6 level multiplier 10.00 max bytes base 67108864 files[2 0 0 0 0 0 2] max score 1.00
I200629 18:22:33.486920 17 storage/rocksdb.go:102  [db/compaction_job.cc:1647] [default] [JOB 4] Compacting 2@0 + 2@6 files to L6, score 1.00
I200629 18:22:33.486990 17 storage/rocksdb.go:102  [db/compaction_job.cc:1651] [default] Compaction start summary: Base version 3 Base level 0, inputs: [81(416KB) 75(213KB)], [72(4130KB) 73(1246KB)]
I200629 18:22:33.487113 17 storage/rocksdb.go:102  EVENT_LOG_v1 {"time_micros": 1593454953487029, "job": 4, "event": "compaction_started", "compaction_reason": "LevelL0FilesNum", "files_L0": [81, 75], "files_L6": [72, 73], "score": 1, "input_data_size": 6151872}
I200629 18:22:33.885707 17 storage/rocksdb.go:102  [db/compaction_job.cc:1334] [default] [JOB 4] Generated table #82: 11829 keys, 4215988 bytes
I200629 18:22:33.885937 17 storage/rocksdb.go:102  EVENT_LOG_v1 {"time_micros": 1593454953885786, "cf_name": "default", "job": 4, "event": "table_file_creation", "file_number": 82, "file_size": 4215988, "table_properties": {"data_size": 4196244, "index_size": 63287, "index_partitions": 0, "top_level_index_size": 0, "index_key_is_user_key": 0, "index_value_is_delta_encoded": 0, "filter_size": 0, "raw_key_size": 610978, "raw_average_key_size": 51, "raw_value_size": 29369940, "raw_average_value_size": 2482, "num_data_blocks": 942, "num_entries": 11829, "num_deletions": 0, "num_merge_operands": 0, "num_range_deletions": 0, "format_version": 0, "fixed_key_len": 0, "filter_policy": "rocksdb.BuiltinBloomFilter", "column_family_name": "default", "column_family_id": 0, "comparator": "cockroach_comparator", "merge_operator": "cockroach_merge_operator", "prefix_extractor_name": "cockroach_prefix_extractor", "property_collectors": "[TimeBoundTblPropCollectorFactory,DeleteRangeTblPropCollectorFactory]", "compression": "Snappy", "compression_options": "window_bits=-14; level=32767; strategy=0; max_dict_bytes=0; zstd_max_train_bytes=0; enabled=0; ", "creation_time": 1593454951, "oldest_key_time": 0, "file_creation_time": 1593454953}}
I200629 18:22:34.074539 17 storage/rocksdb.go:102  [db/compaction_job.cc:1334] [default] [JOB 4] Generated table #83: 9546 keys, 1744181 bytes
I200629 18:22:34.074778 17 storage/rocksdb.go:102  EVENT_LOG_v1 {"time_micros": 1593454954074605, "cf_name": "default", "job": 4, "event": "table_file_creation", "file_number": 83, "file_size": 1744181, "table_properties": {"data_size": 1735971, "index_size": 23772, "index_partitions": 0, "top_level_index_size": 0, "index_key_is_user_key": 0, "index_value_is_delta_encoded": 0, "filter_size": 0, "raw_key_size": 384041, "raw_average_key_size": 40, "raw_value_size": 10635790, "raw_average_value_size": 1114, "num_data_blocks": 347, "num_entries": 9546, "num_deletions": 0, "num_merge_operands": 0, "num_range_deletions": 0, "format_version": 0, "fixed_key_len": 0, "filter_policy": "rocksdb.BuiltinBloomFilter", "column_family_name": "default", "column_family_id": 0, "comparator": "cockroach_comparator", "merge_operator": "cockroach_merge_operator", "prefix_extractor_name": "cockroach_prefix_extractor", "property_collectors": "[TimeBoundTblPropCollectorFactory,DeleteRangeTblPropCollectorFactory]", "compression": "Snappy", "compression_options": "window_bits=-14; level=32767; strategy=0; max_dict_bytes=0; zstd_max_train_bytes=0; enabled=0; ", "creation_time": 1593454951, "oldest_key_time": 0, "file_creation_time": 1593454953}}
I200629 18:22:34.120372 17 storage/rocksdb.go:102  [db/compaction_job.cc:1397] [default] [JOB 4] Compacted 2@0 + 2@6 files to L6 => 5960169 bytes
I200629 18:22:34.120510 17 storage/rocksdb.go:102  [db/version_set.cc:3086] More existing levels in DB than needed. max_bytes_for_level_multiplier may not be guaranteed.
I200629 18:22:34.174455 17 storage/rocksdb.go:102  (Original Log Time 2020/06/29-13:22:34.173999) [db/compaction_job.cc:770] [default] compacted to: base level 6 level multiplier 10.00 max bytes base 67108864 files[0 0 0 0 0 0 2] max score 0.00, MB/sec: 10.5 rd, 10.1 wr, level 6, files in(2, 2) out(2) MB in(0.6, 5.3) out(5.7), read-write-amplify(18.8) write-amplify(9.2) OK, records in: 32102, records dropped: 10035 output_compression: Snappy
I200629 18:22:34.174514 17 storage/rocksdb.go:102  (Original Log Time 2020/06/29-13:22:34.174123) EVENT_LOG_v1 {"time_micros": 1593454954174060, "job": 4, "event": "compaction_finished", "compaction_time_micros": 587744, "compaction_time_cpu_micros": 348107, "output_level": 6, "num_output_files": 2, "total_output_size": 5960169, "num_input_records": 31410, "num_output_records": 21375, "num_subcompactions": 1, "output_compression": "Snappy", "num_single_delete_mismatches": 0, "num_single_delete_fallthrough": 0, "lsm_state": [0, 0, 0, 0, 0, 0, 2]}
I200629 18:22:34.175088 17 storage/rocksdb.go:102  EVENT_LOG_v1 {"time_micros": 1593454954175042, "job": 4, "event": "table_file_deletion", "file_number": 81}
I200629 18:22:34.175494 17 storage/rocksdb.go:102  EVENT_LOG_v1 {"time_micros": 1593454954175444, "job": 4, "event": "table_file_deletion", "file_number": 75}
I200629 18:22:34.176025 17 storage/rocksdb.go:102  EVENT_LOG_v1 {"time_micros": 1593454954175983, "job": 4, "event": "table_file_deletion", "file_number": 73}
I200629 18:22:34.177232 17 storage/rocksdb.go:102  EVENT_LOG_v1 {"time_micros": 1593454954177183, "job": 4, "event": "table_file_deletion", "file_number": 72}
I200629 19:06:21.533217 124 storage/rocksdb.go:102  [db/db_impl_open.cc:1132] reusing log 77 from recycle list
I200629 19:06:21.533580 124 storage/rocksdb.go:102  [db/db_impl_write.cc:1437] [default] New memtable created with log file: #84. Immutable memtables: 0.
I200629 19:06:21.535201 17 storage/rocksdb.go:102  (Original Log Time 2020/06/29-14:06:21.535060) [db/db_impl_compaction_flush.cc:2097] Calling FlushMemTableToOutputFile with column family [default], flush slots available 1, compaction slots available 1, flush slots scheduled 1, compaction slots scheduled 0
I200629 19:06:21.535243 17 storage/rocksdb.go:102  [db/flush_job.cc:322] [default] [JOB 5] Flushing memtable with next log file: 84
I200629 19:06:21.535416 17 storage/rocksdb.go:102  EVENT_LOG_v1 {"time_micros": 1593457581535289, "job": 5, "event": "flush_started", "num_memtables": 1, "num_entries": 212597, "num_deletes": 5849, "total_data_size": 61037938, "memory_usage": 65025952, "flush_reason": "Write Buffer Full"}
I200629 19:06:21.535444 17 storage/rocksdb.go:102  [db/flush_job.cc:351] [default] [JOB 5] Level-0 flush table #85: started
I200629 19:06:24.047235 17 storage/rocksdb.go:102  EVENT_LOG_v1 {"time_micros": 1593457584046966, "cf_name": "default", "job": 5, "event": "table_file_creation", "file_number": 85, "file_size": 391108, "table_properties": {"data_size": 379466, "index_size": 3972, "index_partitions": 0, "top_level_index_size": 0, "index_key_is_user_key": 0, "index_value_is_delta_encoded": 0, "filter_size": 8645, "raw_key_size": 246430, "raw_average_key_size": 31, "raw_value_size": 2233530, "raw_average_value_size": 286, "num_data_blocks": 70, "num_entries": 7809, "num_deletions": 5723, "num_merge_operands": 1384, "num_range_deletions": 1384, "format_version": 0, "fixed_key_len": 0, "filter_policy": "rocksdb.BuiltinBloomFilter", "column_family_name": "default", "column_family_id": 0, "comparator": "cockroach_comparator", "merge_operator": "cockroach_merge_operator", "prefix_extractor_name": "cockroach_prefix_extractor", "property_collectors": "[TimeBoundTblPropCollectorFactory,DeleteRangeTblPropCollectorFactory]", "compression": "Snappy", "compression_options": "window_bits=-14; level=32767; strategy=0; max_dict_bytes=0; zstd_max_train_bytes=0; enabled=0; ", "creation_time": 1593457581, "oldest_key_time": 1593454951, "file_creation_time": 1593457581}}
I200629 19:06:24.047398 17 storage/rocksdb.go:102  [db/flush_job.cc:392] [default] [JOB 5] Level-0 flush table #85: 391108 bytes OK
I200629 19:06:24.090619 17 storage/rocksdb.go:102  [db/version_set.cc:3086] More existing levels in DB than needed. max_bytes_for_level_multiplier may not be guaranteed.
I200629 19:06:24.135303 17 storage/rocksdb.go:102  [db/db_impl_files.cc:194] adding log 80 to recycle list
I200629 19:06:24.135436 17 storage/rocksdb.go:102  (Original Log Time 2020/06/29-14:06:24.090453) [db/memtable_list.cc:389] [default] Level-0 commit table #85 started
I200629 19:06:24.135469 17 storage/rocksdb.go:102  (Original Log Time 2020/06/29-14:06:24.134863) [db/memtable_list.cc:437] [default] Level-0 commit table #85: memtable #1 done
I200629 19:06:24.135503 17 storage/rocksdb.go:102  (Original Log Time 2020/06/29-14:06:24.134964) EVENT_LOG_v1 {"time_micros": 1593457584134920, "job": 5, "event": "flush_finished", "output_compression": "Snappy", "lsm_state": [1, 0, 0, 0, 0, 0, 2], "immutable_memtables": 0}
I200629 19:06:24.135539 17 storage/rocksdb.go:102  (Original Log Time 2020/06/29-14:06:24.135020) [db/db_impl_compaction_flush.cc:208] [default] Level summary: base level 6 level multiplier 10.00 max bytes base 67108864 files[1 0 0 0 0 0 2] max score 0.50
I200629 19:50:11.462893 115 storage/rocksdb.go:102  [db/db_impl_open.cc:1132] reusing log 80 from recycle list
I200629 19:50:11.463484 115 storage/rocksdb.go:102  [db/db_impl_write.cc:1437] [default] New memtable created with log file: #86. Immutable memtables: 0.
I200629 19:50:11.464314 17 storage/rocksdb.go:102  (Original Log Time 2020/06/29-14:50:11.464127) [db/db_impl_compaction_flush.cc:2097] Calling FlushMemTableToOutputFile with column family [default], flush slots available 1, compaction slots available 1, flush slots scheduled 1, compaction slots scheduled 0
I200629 19:50:11.464353 17 storage/rocksdb.go:102  [db/flush_job.cc:322] [default] [JOB 6] Flushing memtable with next log file: 86
I200629 19:50:11.464445 17 storage/rocksdb.go:102  EVENT_LOG_v1 {"time_micros": 1593460211464399, "job": 6, "event": "flush_started", "num_memtables": 1, "num_entries": 211652, "num_deletes": 5572, "total_data_size": 60789292, "memory_usage": 65085336, "flush_reason": "Write Buffer Full"}
I200629 19:50:11.464474 17 storage/rocksdb.go:102  [db/flush_job.cc:351] [default] [JOB 6] Level-0 flush table #87: started
I200629 19:50:14.058316 17 storage/rocksdb.go:102  EVENT_LOG_v1 {"time_micros": 1593460214058071, "cf_name": "default", "job": 6, "event": "table_file_creation", "file_number": 87, "file_size": 367332, "table_properties": {"data_size": 357133, "index_size": 3514, "index_partitions": 0, "top_level_index_size": 0, "index_key_is_user_key": 0, "index_value_is_delta_encoded": 0, "filter_size": 7365, "raw_key_size": 205098, "raw_average_key_size": 29, "raw_value_size": 2115085, "raw_average_value_size": 301, "num_data_blocks": 67, "num_entries": 7008, "num_deletions": 5443, "num_merge_operands": 692, "num_range_deletions": 692, "format_version": 0, "fixed_key_len": 0, "filter_policy": "rocksdb.BuiltinBloomFilter", "column_family_name": "default", "column_family_id": 0, "comparator": "cockroach_comparator", "merge_operator": "cockroach_merge_operator", "prefix_extractor_name": "cockroach_prefix_extractor", "property_collectors": "[TimeBoundTblPropCollectorFactory,DeleteRangeTblPropCollectorFactory]", "compression": "Snappy", "compression_options": "window_bits=-14; level=32767; strategy=0; max_dict_bytes=0; zstd_max_train_bytes=0; enabled=0; ", "creation_time": 1593460211, "oldest_key_time": 1593457581, "file_creation_time": 1593460211}}
I200629 19:50:14.058392 17 storage/rocksdb.go:102  [db/flush_job.cc:392] [default] [JOB 6] Level-0 flush table #87: 367332 bytes OK
I200629 19:50:14.079632 17 storage/rocksdb.go:102  [db/version_set.cc:3086] More existing levels in DB than needed. max_bytes_for_level_multiplier may not be guaranteed.
I200629 19:50:14.135291 17 storage/rocksdb.go:102  [db/db_impl_files.cc:194] adding log 84 to recycle list
I200629 19:50:14.135369 17 storage/rocksdb.go:102  (Original Log Time 2020/06/29-14:50:14.079438) [db/memtable_list.cc:389] [default] Level-0 commit table #87 started
I200629 19:50:14.135396 17 storage/rocksdb.go:102  (Original Log Time 2020/06/29-14:50:14.134964) [db/memtable_list.cc:437] [default] Level-0 commit table #87: memtable #1 done
I200629 19:50:14.135423 17 storage/rocksdb.go:102  (Original Log Time 2020/06/29-14:50:14.135047) EVENT_LOG_v1 {"time_micros": 1593460214135013, "job": 6, "event": "flush_finished", "output_compression": "Snappy", "lsm_state": [2, 0, 0, 0, 0, 0, 2], "immutable_memtables": 0}
I200629 19:50:14.135457 17 storage/rocksdb.go:102  (Original Log Time 2020/06/29-14:50:14.135121) [db/db_impl_compaction_flush.cc:208] [default] Level summary: base level 6 level multiplier 10.00 max bytes base 67108864 files[2 0 0 0 0 0 2] max score 1.00
I200629 19:50:14.135536 17 storage/rocksdb.go:102  [db/compaction_job.cc:1647] [default] [JOB 7] Compacting 2@0 + 2@6 files to L6, score 1.00
I200629 19:50:14.135593 17 storage/rocksdb.go:102  [db/compaction_job.cc:1651] [default] Compaction start summary: Base version 6 Base level 0, inputs: [87(358KB) 85(381KB)], [82(4117KB) 83(1703KB)]
I200629 19:50:14.135677 17 storage/rocksdb.go:102  EVENT_LOG_v1 {"time_micros": 1593460214135618, "job": 7, "event": "compaction_started", "compaction_reason": "LevelL0FilesNum", "files_L0": [87, 85], "files_L6": [82, 83], "score": 1, "input_data_size": 6718609}
I200629 19:50:14.490426 17 storage/rocksdb.go:102  [db/compaction_job.cc:1334] [default] [JOB 7] Generated table #88: 11777 keys, 4215716 bytes
I200629 19:50:14.490624 17 storage/rocksdb.go:102  EVENT_LOG_v1 {"time_micros": 1593460214490499, "cf_name": "default", "job": 7, "event": "table_file_creation", "file_number": 88, "file_size": 4215716, "table_properties": {"data_size": 4196600, "index_size": 64867, "index_partitions": 0, "top_level_index_size": 0, "index_key_is_user_key": 0, "index_value_is_delta_encoded": 0, "filter_size": 0, "raw_key_size": 609286, "raw_average_key_size": 51, "raw_value_size": 29976027, "raw_average_value_size": 2545, "num_data_blocks": 963, "num_entries": 11777, "num_deletions": 0, "num_merge_operands": 0, "num_range_deletions": 0, "format_version": 0, "fixed_key_len": 0, "filter_policy": "rocksdb.BuiltinBloomFilter", "column_family_name": "default", "column_family_id": 0, "comparator": "cockroach_comparator", "merge_operator": "cockroach_merge_operator", "prefix_extractor_name": "cockroach_prefix_extractor", "property_collectors": "[TimeBoundTblPropCollectorFactory,DeleteRangeTblPropCollectorFactory]", "compression": "Snappy", "compression_options": "window_bits=-14; level=32767; strategy=0; max_dict_bytes=0; zstd_max_train_bytes=0; enabled=0; ", "creation_time": 1593460211, "oldest_key_time": 0, "file_creation_time": 1593460214}}
I200629 19:50:14.712283 17 storage/rocksdb.go:102  [db/compaction_job.cc:1334] [default] [JOB 7] Generated table #89: 10846 keys, 2240412 bytes
I200629 19:50:14.712497 17 storage/rocksdb.go:102  EVENT_LOG_v1 {"time_micros": 1593460214712368, "cf_name": "default", "job": 7, "event": "table_file_creation", "file_number": 89, "file_size": 2240412, "table_properties": {"data_size": 2230783, "index_size": 29853, "index_partitions": 0, "top_level_index_size": 0, "index_key_is_user_key": 0, "index_value_is_delta_encoded": 0, "filter_size": 0, "raw_key_size": 441630, "raw_average_key_size": 40, "raw_value_size": 13504861, "raw_average_value_size": 1245, "num_data_blocks": 439, "num_entries": 10846, "num_deletions": 0, "num_merge_operands": 0, "num_range_deletions": 0, "format_version": 0, "fixed_key_len": 0, "filter_policy": "rocksdb.BuiltinBloomFilter", "column_family_name": "default", "column_family_id": 0, "comparator": "cockroach_comparator", "merge_operator": "cockroach_merge_operator", "prefix_extractor_name": "cockroach_prefix_extractor", "property_collectors": "[TimeBoundTblPropCollectorFactory,DeleteRangeTblPropCollectorFactory]", "compression": "Snappy", "compression_options": "window_bits=-14; level=32767; strategy=0; max_dict_bytes=0; zstd_max_train_bytes=0; enabled=0; ", "creation_time": 1593460211, "oldest_key_time": 0, "file_creation_time": 1593460214}}
I200629 19:50:14.768351 17 storage/rocksdb.go:102  [db/compaction_job.cc:1397] [default] [JOB 7] Compacted 2@0 + 2@6 files to L6 => 6456128 bytes
I200629 19:50:14.768475 17 storage/rocksdb.go:102  [db/version_set.cc:3086] More existing levels in DB than needed. max_bytes_for_level_multiplier may not be guaranteed.
I200629 19:50:14.886197 17 storage/rocksdb.go:102  (Original Log Time 2020/06/29-14:50:14.885770) [db/compaction_job.cc:770] [default] compacted to: base level 6 level multiplier 10.00 max bytes base 67108864 files[0 0 0 0 0 0 2] max score 0.00, MB/sec: 11.6 rd, 11.2 wr, level 6, files in(2, 2) out(2) MB in(0.7, 5.7) out(6.2), read-write-amplify(17.4) write-amplify(8.5) OK, records in: 36192, records dropped: 12185 output_compression: Snappy
I200629 19:50:14.886253 17 storage/rocksdb.go:102  (Original Log Time 2020/06/29-14:50:14.885882) EVENT_LOG_v1 {"time_micros": 1593460214885825, "job": 7, "event": "compaction_finished", "compaction_time_micros": 576896, "compaction_time_cpu_micros": 385743, "output_level": 6, "num_output_files": 2, "total_output_size": 6456128, "num_input_records": 34808, "num_output_records": 22623, "num_subcompactions": 1, "output_compression": "Snappy", "num_single_delete_mismatches": 0, "num_single_delete_fallthrough": 0, "lsm_state": [0, 0, 0, 0, 0, 0, 2]}
I200629 19:50:14.886742 17 storage/rocksdb.go:102  EVENT_LOG_v1 {"time_micros": 1593460214886691, "job": 7, "event": "table_file_deletion", "file_number": 87}
I200629 19:50:14.887084 17 storage/rocksdb.go:102  EVENT_LOG_v1 {"time_micros": 1593460214887042, "job": 7, "event": "table_file_deletion", "file_number": 85}
I200629 19:50:14.893751 17 storage/rocksdb.go:102  EVENT_LOG_v1 {"time_micros": 1593460214893630, "job": 7, "event": "table_file_deletion", "file_number": 83}
I200629 19:50:14.895771 17 storage/rocksdb.go:102  EVENT_LOG_v1 {"time_micros": 1593460214895692, "job": 7, "event": "table_file_deletion", "file_number": 82}
I200629 20:15:18.002910 105707 storage/rocksdb.go:102  bloom filter utility:    -nan%
I200629 20:15:18.080600 105707 storage/rocksdb.go:102  [db/db_impl.cc:392] Shutdown: canceling all background work
I200629 20:15:18.159745 105707 storage/rocksdb.go:102  [db/db_impl.cc:565] Shutdown complete
I200629 20:15:18.238090 105707 storage/rocksdb.go:102  bloom filter utility:    69.4%
I200629 20:15:18.282490 105707 storage/rocksdb.go:102  [db/db_impl.cc:392] Shutdown: canceling all background work
I200629 20:15:18.343826 105707 storage/rocksdb.go:102  [db/db_impl.cc:565] Shutdown complete
