I200628 05:21:45.544084 1 util/log/sync_buffer.go:70  [config] file created at: 2020/06/28 05:21:45
I200628 05:21:45.544084 1 util/log/sync_buffer.go:70  [config] running on machine: santiago-HP-Notebook
I200628 05:21:45.544084 1 util/log/sync_buffer.go:70  [config] binary: CockroachDB CCL v20.1.2 (x86_64-unknown-linux-gnu, built 2020/06/09 16:11:36, go1.13.9)
I200628 05:21:45.544084 1 util/log/sync_buffer.go:70  [config] arguments: [cockroach start]
I200628 05:21:45.544084 1 util/log/sync_buffer.go:70  line format: [IWEF]yymmdd hh:mm:ss.uuuuuu goid file:line msg utf8=✓
I200628 05:21:45.544082 1 cli/start.go:1223  logging to directory /home/santiago/go/src/github.com/Santiagozh1998/SpyServer/cockroach-data/logs
I200628 05:21:45.546910 1 server/status/recorder.go:597  available memory from cgroups is unsupported, using system memory 11 GiB instead: can't read available memory from cgroup v2 at /sys/fs/cgroup/unified/memory.max: open /sys/fs/cgroup/unified/memory.max: no such file or directory
W200628 05:21:45.546963 1 cli/start.go:1144  Using the default setting for --cache (128 MiB).
  A significantly larger value is usually needed for good performance.
  If you have a dedicated server a reasonable setting is --cache=.25 (2.7 GiB).
I200628 05:21:45.547743 1 server/status/recorder.go:597  available memory from cgroups is unsupported, using system memory 11 GiB instead: can't read available memory from cgroup v2 at /sys/fs/cgroup/unified/memory.max: open /sys/fs/cgroup/unified/memory.max: no such file or directory
I200628 05:21:45.547793 1 cli/start.go:1286  CockroachDB CCL v20.1.2 (x86_64-unknown-linux-gnu, built 2020/06/09 16:11:36, go1.13.9)
W200628 05:21:45.548413 1 cli/start.go:548  running 'cockroach start' without --join is deprecated.
Consider using 'cockroach start-single-node' or 'cockroach init' instead.
I200628 05:21:45.550384 1 server/status/recorder.go:597  available memory from cgroups is unsupported, using system memory 11 GiB instead: can't read available memory from cgroup v2 at /sys/fs/cgroup/unified/memory.max: open /sys/fs/cgroup/unified/memory.max: no such file or directory
I200628 05:21:45.550453 1 server/config.go:404  system total memory: 11 GiB
I200628 05:21:45.550570 1 server/config.go:406  server configuration:
max offset             500000000
cache size             128 MiB
SQL memory pool size   2.7 GiB
scan interval          10m0s
scan min idle time     10ms
scan max idle time     1s
event log enabled      true
I200628 05:21:45.550635 1 cli/start.go:1129  process identity: uid 1000 euid 1000 gid 1000 egid 1000
I200628 05:21:45.550772 1 cli/start.go:697  starting cockroach node
E200628 05:21:45.658738 1 cli/error.go:373  ERROR: cannot load certificates.
Check your certificate settings, set --certs-dir, or use --insecure for insecure clusters.

failed to start server: problem with CA certificate: not found
