I200902 16:57:43.767314 44 util/log/sync_buffer.go:70  [config] file created at: 2020/09/02 16:57:43
I200902 16:57:43.767314 44 util/log/sync_buffer.go:70  [config] running on machine: santiago-HP-Notebook
I200902 16:57:43.767314 44 util/log/sync_buffer.go:70  [config] binary: CockroachDB CCL v20.1.2 (x86_64-unknown-linux-gnu, built 2020/06/09 16:11:36, go1.13.9)
I200902 16:57:43.767314 44 util/log/sync_buffer.go:70  [config] arguments: [cockroach start --insecure]
I200902 16:57:43.767314 44 util/log/sync_buffer.go:70  line format: [IWEF]yymmdd hh:mm:ss.uuuuuu goid file:line msg utf8=✓
I200902 16:57:43.767312 44 storage/rocksdb.go:102  RocksDB version: 6.2.1
I200902 16:57:43.799605 44 storage/rocksdb.go:102  Git sha rocksdb_build_git_sha:@e494e15a0b08c13fafd5710f279f348d47d476de@
I200902 16:57:43.799624 44 storage/rocksdb.go:102  Compile date Jun  9 2020
I200902 16:57:43.799642 44 storage/rocksdb.go:102  DB SUMMARY
I200902 16:57:43.799748 44 storage/rocksdb.go:102  SST files in /home/santiago/go/src/github.com/Santiagozh1998/SpyServer/cockroach-data/cockroach-temp285276981 dir, Total Num: 0, files: 
I200902 16:57:43.799772 44 storage/rocksdb.go:102  Write Ahead Log file in /home/santiago/go/src/github.com/Santiagozh1998/SpyServer/cockroach-data/cockroach-temp285276981: 
I200902 16:57:43.799791 44 storage/rocksdb.go:102                          Options.error_if_exists: 0
I200902 16:57:43.799808 44 storage/rocksdb.go:102                        Options.create_if_missing: 1
I200902 16:57:43.799825 44 storage/rocksdb.go:102                          Options.paranoid_checks: 1
I200902 16:57:43.799841 44 storage/rocksdb.go:102                                      Options.env: 0x7571de0
I200902 16:57:43.799858 44 storage/rocksdb.go:102                                 Options.info_log: 0x7f5ba0019140
I200902 16:57:43.799874 44 storage/rocksdb.go:102                 Options.max_file_opening_threads: 16
I200902 16:57:43.799890 44 storage/rocksdb.go:102                               Options.statistics: 0x7f5ba0029010
I200902 16:57:43.799907 44 storage/rocksdb.go:102                                Options.use_fsync: 0
I200902 16:57:43.799924 44 storage/rocksdb.go:102                        Options.max_log_file_size: 0
I200902 16:57:43.799940 44 storage/rocksdb.go:102                   Options.max_manifest_file_size: 134217728
I200902 16:57:43.799957 44 storage/rocksdb.go:102                    Options.log_file_time_to_roll: 0
I200902 16:57:43.799973 44 storage/rocksdb.go:102                        Options.keep_log_file_num: 1000
I200902 16:57:43.799990 44 storage/rocksdb.go:102                     Options.recycle_log_file_num: 1
I200902 16:57:43.800007 44 storage/rocksdb.go:102                          Options.allow_fallocate: 1
I200902 16:57:43.800024 44 storage/rocksdb.go:102                         Options.allow_mmap_reads: 0
I200902 16:57:43.800040 44 storage/rocksdb.go:102                        Options.allow_mmap_writes: 0
I200902 16:57:43.800056 44 storage/rocksdb.go:102                         Options.use_direct_reads: 0
I200902 16:57:43.800074 44 storage/rocksdb.go:102                         Options.use_direct_io_for_flush_and_compaction: 0
I200902 16:57:43.800090 44 storage/rocksdb.go:102           Options.create_missing_column_families: 0
I200902 16:57:43.800106 44 storage/rocksdb.go:102                               Options.db_log_dir: 
I200902 16:57:43.800123 44 storage/rocksdb.go:102                                  Options.wal_dir: /home/santiago/go/src/github.com/Santiagozh1998/SpyServer/cockroach-data/cockroach-temp285276981
I200902 16:57:43.800141 44 storage/rocksdb.go:102                 Options.table_cache_numshardbits: 6
I200902 16:57:43.800158 44 storage/rocksdb.go:102                       Options.max_subcompactions: 1
I200902 16:57:43.800175 44 storage/rocksdb.go:102                   Options.max_background_flushes: -1
I200902 16:57:43.800192 44 storage/rocksdb.go:102                          Options.WAL_ttl_seconds: 0
I200902 16:57:43.800208 44 storage/rocksdb.go:102                        Options.WAL_size_limit_MB: 0
I200902 16:57:43.800225 44 storage/rocksdb.go:102              Options.manifest_preallocation_size: 4194304
I200902 16:57:43.800241 44 storage/rocksdb.go:102                      Options.is_fd_close_on_exec: 1
I200902 16:57:43.800258 44 storage/rocksdb.go:102                    Options.advise_random_on_open: 1
I200902 16:57:43.800275 44 storage/rocksdb.go:102                     Options.db_write_buffer_size: 0
I200902 16:57:43.800291 44 storage/rocksdb.go:102                     Options.write_buffer_manager: 0x7f5ba0091030
I200902 16:57:43.800308 44 storage/rocksdb.go:102          Options.access_hint_on_compaction_start: 1
I200902 16:57:43.800324 44 storage/rocksdb.go:102   Options.new_table_reader_for_compaction_inputs: 0
I200902 16:57:43.800341 44 storage/rocksdb.go:102            Options.random_access_max_buffer_size: 1048576
I200902 16:57:43.800357 44 storage/rocksdb.go:102                       Options.use_adaptive_mutex: 0
I200902 16:57:43.800374 44 storage/rocksdb.go:102                             Options.rate_limiter: (nil)
I200902 16:57:43.800392 44 storage/rocksdb.go:102      Options.sst_file_manager.rate_bytes_per_sec: 0
I200902 16:57:43.800408 44 storage/rocksdb.go:102                        Options.wal_recovery_mode: 0
I200902 16:57:43.800424 44 storage/rocksdb.go:102                   Options.enable_thread_tracking: 0
I200902 16:57:43.800442 44 storage/rocksdb.go:102                   Options.enable_pipelined_write: 0
I200902 16:57:43.800460 44 storage/rocksdb.go:102          Options.allow_concurrent_memtable_write: 1
I200902 16:57:43.800477 44 storage/rocksdb.go:102       Options.enable_write_thread_adaptive_yield: 1
I200902 16:57:43.800493 44 storage/rocksdb.go:102              Options.write_thread_max_yield_usec: 100
I200902 16:57:43.800511 44 storage/rocksdb.go:102             Options.write_thread_slow_yield_usec: 3
I200902 16:57:43.800529 44 storage/rocksdb.go:102                                Options.row_cache: None
I200902 16:57:43.800548 44 storage/rocksdb.go:102                               Options.wal_filter: None
I200902 16:57:43.800566 44 storage/rocksdb.go:102              Options.avoid_flush_during_recovery: 0
I200902 16:57:43.800583 44 storage/rocksdb.go:102              Options.allow_ingest_behind: 0
I200902 16:57:43.800600 44 storage/rocksdb.go:102              Options.preserve_deletes: 0
I200902 16:57:43.800617 44 storage/rocksdb.go:102              Options.two_write_queues: 0
I200902 16:57:43.800633 44 storage/rocksdb.go:102              Options.manual_wal_flush: 1
I200902 16:57:43.800650 44 storage/rocksdb.go:102              Options.atomic_flush: 0
I200902 16:57:43.800666 44 storage/rocksdb.go:102              Options.avoid_unnecessary_blocking_io: 0
I200902 16:57:43.800683 44 storage/rocksdb.go:102              Options.max_background_jobs: 4
I200902 16:57:43.800699 44 storage/rocksdb.go:102              Options.max_background_compactions: -1
I200902 16:57:43.800716 44 storage/rocksdb.go:102              Options.avoid_flush_during_shutdown: 0
I200902 16:57:43.800733 44 storage/rocksdb.go:102            Options.writable_file_max_buffer_size: 1048576
I200902 16:57:43.800749 44 storage/rocksdb.go:102              Options.delayed_write_rate : 16777216
I200902 16:57:43.800765 44 storage/rocksdb.go:102              Options.max_total_wal_size: 0
I200902 16:57:43.800782 44 storage/rocksdb.go:102              Options.delete_obsolete_files_period_micros: 21600000000
I200902 16:57:43.800799 44 storage/rocksdb.go:102                    Options.stats_dump_period_sec: 0
I200902 16:57:43.800816 44 storage/rocksdb.go:102                  Options.stats_persist_period_sec: 600
I200902 16:57:43.800834 44 storage/rocksdb.go:102                  Options.stats_history_buffer_size: 1048576
I200902 16:57:43.800852 44 storage/rocksdb.go:102                           Options.max_open_files: 128
I200902 16:57:43.800869 44 storage/rocksdb.go:102                           Options.bytes_per_sync: 524288
I200902 16:57:43.800885 44 storage/rocksdb.go:102                       Options.wal_bytes_per_sync: 0
I200902 16:57:43.800901 44 storage/rocksdb.go:102                    Options.strict_bytes_per_sync: 1
I200902 16:57:43.800918 44 storage/rocksdb.go:102        Options.compaction_readahead_size: 0
I200902 16:57:43.800935 44 storage/rocksdb.go:102  Compression algorithms supported:
I200902 16:57:43.800953 44 storage/rocksdb.go:102  	kZSTDNotFinalCompression supported: 0
I200902 16:57:43.800969 44 storage/rocksdb.go:102  	kZSTD supported: 0
I200902 16:57:43.800986 44 storage/rocksdb.go:102  	kXpressCompression supported: 0
I200902 16:57:43.801003 44 storage/rocksdb.go:102  	kLZ4HCCompression supported: 0
I200902 16:57:43.801020 44 storage/rocksdb.go:102  	kLZ4Compression supported: 0
I200902 16:57:43.801037 44 storage/rocksdb.go:102  	kBZip2Compression supported: 0
I200902 16:57:43.801054 44 storage/rocksdb.go:102  	kZlibCompression supported: 0
I200902 16:57:43.801071 44 storage/rocksdb.go:102  	kSnappyCompression supported: 1
I200902 16:57:43.801096 44 storage/rocksdb.go:102  Fast CRC32 supported: Supported on x86
I200902 16:57:43.801308 44 storage/rocksdb.go:102  [db/db_impl_open.cc:242] Creating manifest 1 
I200902 16:57:43.991723 44 storage/rocksdb.go:102  [db/version_set.cc:4072] Recovering from manifest file: /home/santiago/go/src/github.com/Santiagozh1998/SpyServer/cockroach-data/cockroach-temp285276981/MANIFEST-000001
I200902 16:57:43.994566 44 storage/rocksdb.go:102  [db/column_family.cc:488] --------------- Options for column family [default]:
I200902 16:57:43.994592 44 storage/rocksdb.go:102                Options.comparator: cockroach_comparator
I200902 16:57:43.994605 44 storage/rocksdb.go:102            Options.merge_operator: cockroach_merge_operator
I200902 16:57:43.994618 44 storage/rocksdb.go:102         Options.compaction_filter: None
I200902 16:57:43.994631 44 storage/rocksdb.go:102         Options.compaction_filter_factory: None
I200902 16:57:43.994643 44 storage/rocksdb.go:102          Options.memtable_factory: SkipListFactory
I200902 16:57:43.994655 44 storage/rocksdb.go:102             Options.table_factory: BlockBasedTable
I200902 16:57:43.994737 44 storage/rocksdb.go:102             table_factory options:   flush_block_policy_factory: FlushBlockBySizePolicyFactory (0x7f5ba001d030)
  cache_index_and_filter_blocks: 0
  cache_index_and_filter_blocks_with_high_priority: 0
  pin_l0_filter_and_index_blocks_in_cache: 0
  pin_top_level_index_and_filter: 1
  index_type: 0
  data_block_index_type: 0
  index_shortening: 1
  data_block_hash_table_util_ratio: 0.750000
  hash_index_allow_collision: 1
  checksum: 1
  no_block_cache: 0
  block_cache: 0x7f5ba000e010
  block_cache_name: LRUCache
  block_cache_options:
    capacity : 1048576
    num_shard_bits : 4
    strict_capacity_limit : 0
    memory_allocator : None
    high_pri_pool_ratio: 0.000
  block_cache_compressed: (nil)
  persistent_cache: (nil)
  block_size: 32768
  block_size_deviation: 10
  block_restart_interval: 16
  index_block_restart_interval: 1
  metadata_block_size: 4096
  partition_filters: 0
  use_delta_encoding: 1
  filter_policy: rocksdb.BuiltinBloomFilter
  whole_key_filtering: 0
  verify_compression: 0
  read_amp_bytes_per_bit: 0
  format_version: 2
  enable_index_compression: 1
  block_align: 0
I200902 16:57:43.994755 44 storage/rocksdb.go:102         Options.write_buffer_size: 67108864
I200902 16:57:43.994772 44 storage/rocksdb.go:102   Options.max_write_buffer_number: 4
I200902 16:57:43.994787 44 storage/rocksdb.go:102           Options.compression: Snappy
I200902 16:57:43.994805 44 storage/rocksdb.go:102                   Options.bottommost_compression: Disabled
I200902 16:57:43.994817 44 storage/rocksdb.go:102        Options.prefix_extractor: cockroach_prefix_extractor
I200902 16:57:43.994829 44 storage/rocksdb.go:102    Options.memtable_insert_with_hint_prefix_extractor: nullptr
I200902 16:57:43.994841 44 storage/rocksdb.go:102              Options.num_levels: 7
I200902 16:57:43.994853 44 storage/rocksdb.go:102         Options.min_write_buffer_number_to_merge: 1
I200902 16:57:43.994866 44 storage/rocksdb.go:102      Options.max_write_buffer_number_to_maintain: 0
I200902 16:57:43.994879 44 storage/rocksdb.go:102             Options.bottommost_compression_opts.window_bits: -14
I200902 16:57:43.994892 44 storage/rocksdb.go:102                   Options.bottommost_compression_opts.level: 32767
I200902 16:57:43.994904 44 storage/rocksdb.go:102                Options.bottommost_compression_opts.strategy: 0
I200902 16:57:43.994916 44 storage/rocksdb.go:102          Options.bottommost_compression_opts.max_dict_bytes: 0
I200902 16:57:43.994928 44 storage/rocksdb.go:102          Options.bottommost_compression_opts.zstd_max_train_bytes: 0
I200902 16:57:43.994942 44 storage/rocksdb.go:102                   Options.bottommost_compression_opts.enabled: false
I200902 16:57:43.994955 44 storage/rocksdb.go:102             Options.compression_opts.window_bits: -14
I200902 16:57:43.994967 44 storage/rocksdb.go:102                   Options.compression_opts.level: 32767
I200902 16:57:43.994979 44 storage/rocksdb.go:102                Options.compression_opts.strategy: 0
I200902 16:57:43.994991 44 storage/rocksdb.go:102          Options.compression_opts.max_dict_bytes: 0
I200902 16:57:43.995005 44 storage/rocksdb.go:102          Options.compression_opts.zstd_max_train_bytes: 0
I200902 16:57:43.995017 44 storage/rocksdb.go:102                   Options.compression_opts.enabled: false
I200902 16:57:43.995029 44 storage/rocksdb.go:102       Options.level0_file_num_compaction_trigger: 2
I200902 16:57:43.995041 44 storage/rocksdb.go:102           Options.level0_slowdown_writes_trigger: 950
I200902 16:57:43.995054 44 storage/rocksdb.go:102               Options.level0_stop_writes_trigger: 1000
I200902 16:57:43.995066 44 storage/rocksdb.go:102                    Options.target_file_size_base: 4194304
I200902 16:57:43.995080 44 storage/rocksdb.go:102              Options.target_file_size_multiplier: 2
I200902 16:57:43.995092 44 storage/rocksdb.go:102                 Options.max_bytes_for_level_base: 67108864
I200902 16:57:43.995104 44 storage/rocksdb.go:102  Options.level_compaction_dynamic_level_bytes: 1
I200902 16:57:43.995120 44 storage/rocksdb.go:102           Options.max_bytes_for_level_multiplier: 10.000000
I200902 16:57:43.995133 44 storage/rocksdb.go:102  Options.max_bytes_for_level_multiplier_addtl[0]: 1
I200902 16:57:43.995146 44 storage/rocksdb.go:102  Options.max_bytes_for_level_multiplier_addtl[1]: 1
I200902 16:57:43.995158 44 storage/rocksdb.go:102  Options.max_bytes_for_level_multiplier_addtl[2]: 1
I200902 16:57:43.995170 44 storage/rocksdb.go:102  Options.max_bytes_for_level_multiplier_addtl[3]: 1
I200902 16:57:43.995182 44 storage/rocksdb.go:102  Options.max_bytes_for_level_multiplier_addtl[4]: 1
I200902 16:57:43.995195 44 storage/rocksdb.go:102  Options.max_bytes_for_level_multiplier_addtl[5]: 1
I200902 16:57:43.995207 44 storage/rocksdb.go:102  Options.max_bytes_for_level_multiplier_addtl[6]: 1
I200902 16:57:43.995219 44 storage/rocksdb.go:102        Options.max_sequential_skip_in_iterations: 8
I200902 16:57:43.995231 44 storage/rocksdb.go:102                     Options.max_compaction_bytes: 104857600
I200902 16:57:43.995243 44 storage/rocksdb.go:102                         Options.arena_block_size: 8388608
I200902 16:57:43.995255 44 storage/rocksdb.go:102    Options.soft_pending_compaction_bytes_limit: 2199023255552
I200902 16:57:43.995267 44 storage/rocksdb.go:102    Options.hard_pending_compaction_bytes_limit: 4400193994752
I200902 16:57:43.995279 44 storage/rocksdb.go:102        Options.rate_limit_delay_max_milliseconds: 100
I200902 16:57:43.995291 44 storage/rocksdb.go:102                 Options.disable_auto_compactions: 0
I200902 16:57:43.995306 44 storage/rocksdb.go:102                         Options.compaction_style: kCompactionStyleLevel
I200902 16:57:43.995321 44 storage/rocksdb.go:102                           Options.compaction_pri: kMinOverlappingRatio
I200902 16:57:43.995335 44 storage/rocksdb.go:102  Options.compaction_options_universal.size_ratio: 1
I200902 16:57:43.995348 44 storage/rocksdb.go:102  Options.compaction_options_universal.min_merge_width: 2
I200902 16:57:43.995360 44 storage/rocksdb.go:102  Options.compaction_options_universal.max_merge_width: 4294967295
I200902 16:57:43.995372 44 storage/rocksdb.go:102  Options.compaction_options_universal.max_size_amplification_percent: 200
I200902 16:57:43.995385 44 storage/rocksdb.go:102  Options.compaction_options_universal.compression_size_percent: -1
I200902 16:57:43.995398 44 storage/rocksdb.go:102  Options.compaction_options_universal.stop_style: kCompactionStopStyleTotalSize
I200902 16:57:43.995411 44 storage/rocksdb.go:102  Options.compaction_options_fifo.max_table_files_size: 1073741824
I200902 16:57:43.995423 44 storage/rocksdb.go:102  Options.compaction_options_fifo.allow_compaction: 0
I200902 16:57:43.995441 44 storage/rocksdb.go:102                    Options.table_properties_collectors: TimeBoundTblPropCollectorFactory; DeleteRangeTblPropCollectorFactory; 
I200902 16:57:43.995457 44 storage/rocksdb.go:102                    Options.inplace_update_support: 0
I200902 16:57:43.995469 44 storage/rocksdb.go:102                  Options.inplace_update_num_locks: 10000
I200902 16:57:43.995484 44 storage/rocksdb.go:102                Options.memtable_prefix_bloom_size_ratio: 0.000000
I200902 16:57:43.995496 44 storage/rocksdb.go:102                Options.memtable_whole_key_filtering: 0
I200902 16:57:43.995508 44 storage/rocksdb.go:102    Options.memtable_huge_page_size: 0
I200902 16:57:43.995521 44 storage/rocksdb.go:102                            Options.bloom_locality: 0
I200902 16:57:43.995533 44 storage/rocksdb.go:102                     Options.max_successive_merges: 0
I200902 16:57:43.995547 44 storage/rocksdb.go:102                 Options.optimize_filters_for_hits: 1
I200902 16:57:43.995560 44 storage/rocksdb.go:102                 Options.paranoid_file_checks: 0
I200902 16:57:43.995572 44 storage/rocksdb.go:102                 Options.force_consistency_checks: 0
I200902 16:57:43.995584 44 storage/rocksdb.go:102                 Options.report_bg_io_stats: 0
I200902 16:57:43.995596 44 storage/rocksdb.go:102                                Options.ttl: 0
I200902 16:57:43.995608 44 storage/rocksdb.go:102           Options.periodic_compaction_seconds: 0
I200902 16:57:43.996630 44 storage/rocksdb.go:102  [db/version_set.cc:4286] Recovered from manifest file:/home/santiago/go/src/github.com/Santiagozh1998/SpyServer/cockroach-data/cockroach-temp285276981/MANIFEST-000001 succeeded,manifest_file_number is 1, next_file_number is 3, last_sequence is 0, log_number is 0,prev_log_number is 0,max_column_family is 0,min_log_number_to_keep is 0
I200902 16:57:43.996649 44 storage/rocksdb.go:102  [db/version_set.cc:4295] Column family [default] (ID 0), log number is 0
I200902 16:57:44.072130 44 storage/rocksdb.go:102  DB pointer 0x7f5ba00a0000
I200902 16:57:44.389625 44 storage/rocksdb.go:102  RocksDB version: 6.2.1
I200902 16:57:44.389676 44 storage/rocksdb.go:102  Git sha rocksdb_build_git_sha:@e494e15a0b08c13fafd5710f279f348d47d476de@
I200902 16:57:44.389694 44 storage/rocksdb.go:102  Compile date Jun  9 2020
I200902 16:57:44.389711 44 storage/rocksdb.go:102  DB SUMMARY
I200902 16:57:44.389874 44 storage/rocksdb.go:102  CURRENT file:  CURRENT
I200902 16:57:44.389892 44 storage/rocksdb.go:102  IDENTITY file:  IDENTITY
I200902 16:57:44.389920 44 storage/rocksdb.go:102  MANIFEST file:  MANIFEST-000062 size: 687 Bytes
I200902 16:57:44.389945 44 storage/rocksdb.go:102  SST files in /home/santiago/go/src/github.com/Santiagozh1998/SpyServer/cockroach-data dir, Total Num: 2, files: 000073.sst 000075.sst 
I200902 16:57:44.389966 44 storage/rocksdb.go:102  Write Ahead Log file in /home/santiago/go/src/github.com/Santiagozh1998/SpyServer/cockroach-data: 000071.log size: 59736249 ; 000074.log size: 48955270 ; 
I200902 16:57:44.389985 44 storage/rocksdb.go:102                          Options.error_if_exists: 0
I200902 16:57:44.390001 44 storage/rocksdb.go:102                        Options.create_if_missing: 1
I200902 16:57:44.390018 44 storage/rocksdb.go:102                          Options.paranoid_checks: 1
I200902 16:57:44.390035 44 storage/rocksdb.go:102                                      Options.env: 0x7571de0
I200902 16:57:44.390051 44 storage/rocksdb.go:102                                 Options.info_log: 0x7f5ba500d0a0
I200902 16:57:44.390068 44 storage/rocksdb.go:102                 Options.max_file_opening_threads: 16
I200902 16:57:44.390084 44 storage/rocksdb.go:102                               Options.statistics: 0x7f5ba5024010
I200902 16:57:44.390100 44 storage/rocksdb.go:102                                Options.use_fsync: 0
I200902 16:57:44.390117 44 storage/rocksdb.go:102                        Options.max_log_file_size: 0
I200902 16:57:44.390133 44 storage/rocksdb.go:102                   Options.max_manifest_file_size: 134217728
I200902 16:57:44.390151 44 storage/rocksdb.go:102                    Options.log_file_time_to_roll: 0
I200902 16:57:44.390169 44 storage/rocksdb.go:102                        Options.keep_log_file_num: 1000
I200902 16:57:44.390187 44 storage/rocksdb.go:102                     Options.recycle_log_file_num: 1
I200902 16:57:44.390205 44 storage/rocksdb.go:102                          Options.allow_fallocate: 1
I200902 16:57:44.390222 44 storage/rocksdb.go:102                         Options.allow_mmap_reads: 0
I200902 16:57:44.390238 44 storage/rocksdb.go:102                        Options.allow_mmap_writes: 0
I200902 16:57:44.390254 44 storage/rocksdb.go:102                         Options.use_direct_reads: 0
I200902 16:57:44.390272 44 storage/rocksdb.go:102                         Options.use_direct_io_for_flush_and_compaction: 0
I200902 16:57:44.390288 44 storage/rocksdb.go:102           Options.create_missing_column_families: 0
I200902 16:57:44.390305 44 storage/rocksdb.go:102                               Options.db_log_dir: 
I200902 16:57:44.390322 44 storage/rocksdb.go:102                                  Options.wal_dir: /home/santiago/go/src/github.com/Santiagozh1998/SpyServer/cockroach-data
I200902 16:57:44.390339 44 storage/rocksdb.go:102                 Options.table_cache_numshardbits: 6
I200902 16:57:44.390355 44 storage/rocksdb.go:102                       Options.max_subcompactions: 1
I200902 16:57:44.390372 44 storage/rocksdb.go:102                   Options.max_background_flushes: -1
I200902 16:57:44.390388 44 storage/rocksdb.go:102                          Options.WAL_ttl_seconds: 0
I200902 16:57:44.390404 44 storage/rocksdb.go:102                        Options.WAL_size_limit_MB: 0
I200902 16:57:44.390421 44 storage/rocksdb.go:102              Options.manifest_preallocation_size: 4194304
I200902 16:57:44.390437 44 storage/rocksdb.go:102                      Options.is_fd_close_on_exec: 1
I200902 16:57:44.390453 44 storage/rocksdb.go:102                    Options.advise_random_on_open: 1
I200902 16:57:44.390469 44 storage/rocksdb.go:102                     Options.db_write_buffer_size: 0
I200902 16:57:44.390485 44 storage/rocksdb.go:102                     Options.write_buffer_manager: 0x7f5ba508c030
I200902 16:57:44.390501 44 storage/rocksdb.go:102          Options.access_hint_on_compaction_start: 1
I200902 16:57:44.390517 44 storage/rocksdb.go:102   Options.new_table_reader_for_compaction_inputs: 0
I200902 16:57:44.390533 44 storage/rocksdb.go:102            Options.random_access_max_buffer_size: 1048576
I200902 16:57:44.390549 44 storage/rocksdb.go:102                       Options.use_adaptive_mutex: 0
I200902 16:57:44.390566 44 storage/rocksdb.go:102                             Options.rate_limiter: (nil)
I200902 16:57:44.390583 44 storage/rocksdb.go:102      Options.sst_file_manager.rate_bytes_per_sec: 0
I200902 16:57:44.390600 44 storage/rocksdb.go:102                        Options.wal_recovery_mode: 0
I200902 16:57:44.390616 44 storage/rocksdb.go:102                   Options.enable_thread_tracking: 0
I200902 16:57:44.390632 44 storage/rocksdb.go:102                   Options.enable_pipelined_write: 0
I200902 16:57:44.390648 44 storage/rocksdb.go:102          Options.allow_concurrent_memtable_write: 1
I200902 16:57:44.390664 44 storage/rocksdb.go:102       Options.enable_write_thread_adaptive_yield: 1
I200902 16:57:44.390680 44 storage/rocksdb.go:102              Options.write_thread_max_yield_usec: 100
I200902 16:57:44.390697 44 storage/rocksdb.go:102             Options.write_thread_slow_yield_usec: 3
I200902 16:57:44.390713 44 storage/rocksdb.go:102                                Options.row_cache: None
I200902 16:57:44.390729 44 storage/rocksdb.go:102                               Options.wal_filter: None
I200902 16:57:44.390745 44 storage/rocksdb.go:102              Options.avoid_flush_during_recovery: 0
I200902 16:57:44.390762 44 storage/rocksdb.go:102              Options.allow_ingest_behind: 0
I200902 16:57:44.390778 44 storage/rocksdb.go:102              Options.preserve_deletes: 0
I200902 16:57:44.390794 44 storage/rocksdb.go:102              Options.two_write_queues: 0
I200902 16:57:44.390810 44 storage/rocksdb.go:102              Options.manual_wal_flush: 1
I200902 16:57:44.390828 44 storage/rocksdb.go:102              Options.atomic_flush: 0
I200902 16:57:44.390845 44 storage/rocksdb.go:102              Options.avoid_unnecessary_blocking_io: 0
I200902 16:57:44.390861 44 storage/rocksdb.go:102              Options.max_background_jobs: 4
I200902 16:57:44.390877 44 storage/rocksdb.go:102              Options.max_background_compactions: -1
I200902 16:57:44.390893 44 storage/rocksdb.go:102              Options.avoid_flush_during_shutdown: 0
I200902 16:57:44.390909 44 storage/rocksdb.go:102            Options.writable_file_max_buffer_size: 1048576
I200902 16:57:44.390925 44 storage/rocksdb.go:102              Options.delayed_write_rate : 16777216
I200902 16:57:44.390941 44 storage/rocksdb.go:102              Options.max_total_wal_size: 0
I200902 16:57:44.390958 44 storage/rocksdb.go:102              Options.delete_obsolete_files_period_micros: 21600000000
I200902 16:57:44.390974 44 storage/rocksdb.go:102                    Options.stats_dump_period_sec: 0
I200902 16:57:44.390990 44 storage/rocksdb.go:102                  Options.stats_persist_period_sec: 600
I200902 16:57:44.391006 44 storage/rocksdb.go:102                  Options.stats_history_buffer_size: 1048576
I200902 16:57:44.391024 44 storage/rocksdb.go:102                           Options.max_open_files: 3840
I200902 16:57:44.391042 44 storage/rocksdb.go:102                           Options.bytes_per_sync: 524288
I200902 16:57:44.391058 44 storage/rocksdb.go:102                       Options.wal_bytes_per_sync: 0
I200902 16:57:44.391075 44 storage/rocksdb.go:102                    Options.strict_bytes_per_sync: 1
I200902 16:57:44.391091 44 storage/rocksdb.go:102        Options.compaction_readahead_size: 0
I200902 16:57:44.391107 44 storage/rocksdb.go:102  Compression algorithms supported:
I200902 16:57:44.391124 44 storage/rocksdb.go:102  	kZSTDNotFinalCompression supported: 0
I200902 16:57:44.391140 44 storage/rocksdb.go:102  	kZSTD supported: 0
I200902 16:57:44.391158 44 storage/rocksdb.go:102  	kXpressCompression supported: 0
I200902 16:57:44.391174 44 storage/rocksdb.go:102  	kLZ4HCCompression supported: 0
I200902 16:57:44.391190 44 storage/rocksdb.go:102  	kLZ4Compression supported: 0
I200902 16:57:44.391207 44 storage/rocksdb.go:102  	kBZip2Compression supported: 0
I200902 16:57:44.391223 44 storage/rocksdb.go:102  	kZlibCompression supported: 0
I200902 16:57:44.391240 44 storage/rocksdb.go:102  	kSnappyCompression supported: 1
I200902 16:57:44.391261 44 storage/rocksdb.go:102  Fast CRC32 supported: Supported on x86
I200902 16:57:44.422378 44 storage/rocksdb.go:102  [db/version_set.cc:4072] Recovering from manifest file: /home/santiago/go/src/github.com/Santiagozh1998/SpyServer/cockroach-data/MANIFEST-000062
I200902 16:57:44.422677 44 storage/rocksdb.go:102  [db/column_family.cc:488] --------------- Options for column family [default]:
I200902 16:57:44.422693 44 storage/rocksdb.go:102                Options.comparator: cockroach_comparator
I200902 16:57:44.422708 44 storage/rocksdb.go:102            Options.merge_operator: cockroach_merge_operator
I200902 16:57:44.422722 44 storage/rocksdb.go:102         Options.compaction_filter: None
I200902 16:57:44.422736 44 storage/rocksdb.go:102         Options.compaction_filter_factory: None
I200902 16:57:44.422751 44 storage/rocksdb.go:102          Options.memtable_factory: SkipListFactory
I200902 16:57:44.422765 44 storage/rocksdb.go:102             Options.table_factory: BlockBasedTable
I200902 16:57:44.422843 44 storage/rocksdb.go:102             table_factory options:   flush_block_policy_factory: FlushBlockBySizePolicyFactory (0x7f5ba5022028)
  cache_index_and_filter_blocks: 0
  cache_index_and_filter_blocks_with_high_priority: 0
  pin_l0_filter_and_index_blocks_in_cache: 0
  pin_top_level_index_and_filter: 1
  index_type: 0
  data_block_index_type: 0
  index_shortening: 1
  data_block_hash_table_util_ratio: 0.750000
  hash_index_allow_collision: 1
  checksum: 1
  no_block_cache: 0
  block_cache: 0x7f5ba5014010
  block_cache_name: LRUCache
  block_cache_options:
    capacity : 67108864
    num_shard_bits : 4
    strict_capacity_limit : 0
    memory_allocator : None
    high_pri_pool_ratio: 0.000
  block_cache_compressed: (nil)
  persistent_cache: (nil)
  block_size: 32768
  block_size_deviation: 10
  block_restart_interval: 16
  index_block_restart_interval: 1
  metadata_block_size: 4096
  partition_filters: 0
  use_delta_encoding: 1
  filter_policy: rocksdb.BuiltinBloomFilter
  whole_key_filtering: 0
  verify_compression: 0
  read_amp_bytes_per_bit: 0
  format_version: 2
  enable_index_compression: 1
  block_align: 0
I200902 16:57:44.422864 44 storage/rocksdb.go:102         Options.write_buffer_size: 67108864
I200902 16:57:44.422885 44 storage/rocksdb.go:102   Options.max_write_buffer_number: 4
I200902 16:57:44.422900 44 storage/rocksdb.go:102           Options.compression: Snappy
I200902 16:57:44.422914 44 storage/rocksdb.go:102                   Options.bottommost_compression: Disabled
I200902 16:57:44.422927 44 storage/rocksdb.go:102        Options.prefix_extractor: cockroach_prefix_extractor
I200902 16:57:44.422941 44 storage/rocksdb.go:102    Options.memtable_insert_with_hint_prefix_extractor: nullptr
I200902 16:57:44.422954 44 storage/rocksdb.go:102              Options.num_levels: 7
I200902 16:57:44.422968 44 storage/rocksdb.go:102         Options.min_write_buffer_number_to_merge: 1
I200902 16:57:44.422981 44 storage/rocksdb.go:102      Options.max_write_buffer_number_to_maintain: 0
I200902 16:57:44.422995 44 storage/rocksdb.go:102             Options.bottommost_compression_opts.window_bits: -14
I200902 16:57:44.423008 44 storage/rocksdb.go:102                   Options.bottommost_compression_opts.level: 32767
I200902 16:57:44.423022 44 storage/rocksdb.go:102                Options.bottommost_compression_opts.strategy: 0
I200902 16:57:44.423036 44 storage/rocksdb.go:102          Options.bottommost_compression_opts.max_dict_bytes: 0
I200902 16:57:44.423050 44 storage/rocksdb.go:102          Options.bottommost_compression_opts.zstd_max_train_bytes: 0
I200902 16:57:44.423064 44 storage/rocksdb.go:102                   Options.bottommost_compression_opts.enabled: false
I200902 16:57:44.423077 44 storage/rocksdb.go:102             Options.compression_opts.window_bits: -14
I200902 16:57:44.423091 44 storage/rocksdb.go:102                   Options.compression_opts.level: 32767
I200902 16:57:44.423104 44 storage/rocksdb.go:102                Options.compression_opts.strategy: 0
I200902 16:57:44.423117 44 storage/rocksdb.go:102          Options.compression_opts.max_dict_bytes: 0
I200902 16:57:44.423132 44 storage/rocksdb.go:102          Options.compression_opts.zstd_max_train_bytes: 0
I200902 16:57:44.423145 44 storage/rocksdb.go:102                   Options.compression_opts.enabled: false
I200902 16:57:44.423158 44 storage/rocksdb.go:102       Options.level0_file_num_compaction_trigger: 2
I200902 16:57:44.423172 44 storage/rocksdb.go:102           Options.level0_slowdown_writes_trigger: 950
I200902 16:57:44.423185 44 storage/rocksdb.go:102               Options.level0_stop_writes_trigger: 1000
I200902 16:57:44.423198 44 storage/rocksdb.go:102                    Options.target_file_size_base: 4194304
I200902 16:57:44.423212 44 storage/rocksdb.go:102              Options.target_file_size_multiplier: 2
I200902 16:57:44.423227 44 storage/rocksdb.go:102                 Options.max_bytes_for_level_base: 67108864
I200902 16:57:44.423241 44 storage/rocksdb.go:102  Options.level_compaction_dynamic_level_bytes: 1
I200902 16:57:44.423260 44 storage/rocksdb.go:102           Options.max_bytes_for_level_multiplier: 10.000000
I200902 16:57:44.423274 44 storage/rocksdb.go:102  Options.max_bytes_for_level_multiplier_addtl[0]: 1
I200902 16:57:44.423287 44 storage/rocksdb.go:102  Options.max_bytes_for_level_multiplier_addtl[1]: 1
I200902 16:57:44.423301 44 storage/rocksdb.go:102  Options.max_bytes_for_level_multiplier_addtl[2]: 1
I200902 16:57:44.423316 44 storage/rocksdb.go:102  Options.max_bytes_for_level_multiplier_addtl[3]: 1
I200902 16:57:44.423330 44 storage/rocksdb.go:102  Options.max_bytes_for_level_multiplier_addtl[4]: 1
I200902 16:57:44.423343 44 storage/rocksdb.go:102  Options.max_bytes_for_level_multiplier_addtl[5]: 1
I200902 16:57:44.423356 44 storage/rocksdb.go:102  Options.max_bytes_for_level_multiplier_addtl[6]: 1
I200902 16:57:44.423370 44 storage/rocksdb.go:102        Options.max_sequential_skip_in_iterations: 8
I200902 16:57:44.423383 44 storage/rocksdb.go:102                     Options.max_compaction_bytes: 104857600
I200902 16:57:44.423396 44 storage/rocksdb.go:102                         Options.arena_block_size: 8388608
I200902 16:57:44.423410 44 storage/rocksdb.go:102    Options.soft_pending_compaction_bytes_limit: 2199023255552
I200902 16:57:44.423424 44 storage/rocksdb.go:102    Options.hard_pending_compaction_bytes_limit: 4400193994752
I200902 16:57:44.423438 44 storage/rocksdb.go:102        Options.rate_limit_delay_max_milliseconds: 100
I200902 16:57:44.423451 44 storage/rocksdb.go:102                 Options.disable_auto_compactions: 0
I200902 16:57:44.423469 44 storage/rocksdb.go:102                         Options.compaction_style: kCompactionStyleLevel
I200902 16:57:44.423486 44 storage/rocksdb.go:102                           Options.compaction_pri: kMinOverlappingRatio
I200902 16:57:44.423500 44 storage/rocksdb.go:102  Options.compaction_options_universal.size_ratio: 1
I200902 16:57:44.423516 44 storage/rocksdb.go:102  Options.compaction_options_universal.min_merge_width: 2
I200902 16:57:44.423530 44 storage/rocksdb.go:102  Options.compaction_options_universal.max_merge_width: 4294967295
I200902 16:57:44.423543 44 storage/rocksdb.go:102  Options.compaction_options_universal.max_size_amplification_percent: 200
I200902 16:57:44.423557 44 storage/rocksdb.go:102  Options.compaction_options_universal.compression_size_percent: -1
I200902 16:57:44.423573 44 storage/rocksdb.go:102  Options.compaction_options_universal.stop_style: kCompactionStopStyleTotalSize
I200902 16:57:44.423587 44 storage/rocksdb.go:102  Options.compaction_options_fifo.max_table_files_size: 1073741824
I200902 16:57:44.423602 44 storage/rocksdb.go:102  Options.compaction_options_fifo.allow_compaction: 0
I200902 16:57:44.423625 44 storage/rocksdb.go:102                    Options.table_properties_collectors: TimeBoundTblPropCollectorFactory; DeleteRangeTblPropCollectorFactory; 
I200902 16:57:44.423644 44 storage/rocksdb.go:102                    Options.inplace_update_support: 0
I200902 16:57:44.423658 44 storage/rocksdb.go:102                  Options.inplace_update_num_locks: 10000
I200902 16:57:44.423674 44 storage/rocksdb.go:102                Options.memtable_prefix_bloom_size_ratio: 0.000000
I200902 16:57:44.423688 44 storage/rocksdb.go:102                Options.memtable_whole_key_filtering: 0
I200902 16:57:44.423703 44 storage/rocksdb.go:102    Options.memtable_huge_page_size: 0
I200902 16:57:44.423718 44 storage/rocksdb.go:102                            Options.bloom_locality: 0
I200902 16:57:44.423733 44 storage/rocksdb.go:102                     Options.max_successive_merges: 0
I200902 16:57:44.423747 44 storage/rocksdb.go:102                 Options.optimize_filters_for_hits: 1
I200902 16:57:44.423761 44 storage/rocksdb.go:102                 Options.paranoid_file_checks: 0
I200902 16:57:44.423777 44 storage/rocksdb.go:102                 Options.force_consistency_checks: 0
I200902 16:57:44.423812 44 storage/rocksdb.go:102                 Options.report_bg_io_stats: 0
I200902 16:57:44.423827 44 storage/rocksdb.go:102                                Options.ttl: 0
I200902 16:57:44.423840 44 storage/rocksdb.go:102           Options.periodic_compaction_seconds: 0
I200902 16:57:44.529712 44 storage/rocksdb.go:102  [db/version_set.cc:3086] More existing levels in DB than needed. max_bytes_for_level_multiplier may not be guaranteed.
I200902 16:57:44.529780 44 storage/rocksdb.go:102  [db/version_set.cc:4286] Recovered from manifest file:/home/santiago/go/src/github.com/Santiagozh1998/SpyServer/cockroach-data/MANIFEST-000062 succeeded,manifest_file_number is 62, next_file_number is 77, last_sequence is 4073925, log_number is 74,prev_log_number is 0,max_column_family is 0,min_log_number_to_keep is 0
I200902 16:57:44.529795 44 storage/rocksdb.go:102  [db/version_set.cc:4295] Column family [default] (ID 0), log number is 74
I200902 16:57:44.530092 44 storage/rocksdb.go:102  EVENT_LOG_v1 {"time_micros": 1599065864530048, "job": 1, "event": "recovery_started", "log_files": [71, 74]}
I200902 16:57:44.530120 44 storage/rocksdb.go:102  [db/db_impl_open.cc:586] Skipping log #71 since it is older than min log to keep #74
I200902 16:57:44.530148 44 storage/rocksdb.go:102  [db/db_impl_open.cc:598] Recovering log #74 mode 0
I200902 16:57:46.798207 44 storage/rocksdb.go:102  EVENT_LOG_v1 {"time_micros": 1599065866798018, "cf_name": "default", "job": 1, "event": "table_file_creation", "file_number": 77, "file_size": 312652, "table_properties": {"data_size": 302872, "index_size": 3267, "index_partitions": 0, "top_level_index_size": 0, "index_key_is_user_key": 0, "index_value_is_delta_encoded": 0, "filter_size": 7109, "raw_key_size": 215198, "raw_average_key_size": 32, "raw_value_size": 1764313, "raw_average_value_size": 267, "num_data_blocks": 56, "num_entries": 6603, "num_deletions": 4388, "num_merge_operands": 1384, "num_range_deletions": 1384, "format_version": 0, "fixed_key_len": 0, "filter_policy": "rocksdb.BuiltinBloomFilter", "column_family_name": "default", "column_family_id": 0, "comparator": "cockroach_comparator", "merge_operator": "cockroach_merge_operator", "prefix_extractor_name": "cockroach_prefix_extractor", "property_collectors": "[TimeBoundTblPropCollectorFactory,DeleteRangeTblPropCollectorFactory]", "compression": "Snappy", "compression_options": "window_bits=-14; level=32767; strategy=0; max_dict_bytes=0; zstd_max_train_bytes=0; enabled=0; ", "creation_time": 1599065865, "oldest_key_time": 3, "file_creation_time": 0}}
I200902 16:57:46.803704 44 storage/rocksdb.go:102  [db/version_set.cc:3560] Creating manifest 78
I200902 16:57:46.804222 44 storage/rocksdb.go:102  [db/version_set.cc:3086] More existing levels in DB than needed. max_bytes_for_level_multiplier may not be guaranteed.
I200902 16:57:46.903525 44 storage/rocksdb.go:102  EVENT_LOG_v1 {"time_micros": 1599065866903389, "job": 1, "event": "recovery_finished"}
I200902 16:57:47.002019 44 storage/rocksdb.go:102  DB pointer 0x7f5ba509e000
I200902 16:57:47.002090 17 storage/rocksdb.go:102  [db/compaction_job.cc:1647] [default] [JOB 3] Compacting 2@0 + 1@6 files to L6, score 1.00
I200902 16:57:47.002319 17 storage/rocksdb.go:102  [db/compaction_job.cc:1651] [default] Compaction start summary: Base version 2 Base level 0, inputs: [77(305KB) 75(367KB)], [73(1676KB)]
I200902 16:57:47.002483 17 storage/rocksdb.go:102  EVENT_LOG_v1 {"time_micros": 1599065867002382, "job": 3, "event": "compaction_started", "compaction_reason": "LevelL0FilesNum", "files_L0": [77, 75], "files_L6": [73], "score": 1, "input_data_size": 2406042}
I200902 16:57:47.388201 17 storage/rocksdb.go:102  [db/compaction_job.cc:1334] [default] [JOB 3] Generated table #82: 9329 keys, 2201555 bytes
I200902 16:57:47.388345 17 storage/rocksdb.go:102  EVENT_LOG_v1 {"time_micros": 1599065867388256, "cf_name": "default", "job": 3, "event": "table_file_creation", "file_number": 82, "file_size": 2201555, "table_properties": {"data_size": 2189887, "index_size": 29599, "index_partitions": 0, "top_level_index_size": 0, "index_key_is_user_key": 0, "index_value_is_delta_encoded": 0, "filter_size": 0, "raw_key_size": 436028, "raw_average_key_size": 46, "raw_value_size": 14118588, "raw_average_value_size": 1513, "num_data_blocks": 443, "num_entries": 9329, "num_deletions": 0, "num_merge_operands": 0, "num_range_deletions": 0, "format_version": 0, "fixed_key_len": 0, "filter_policy": "rocksdb.BuiltinBloomFilter", "column_family_name": "default", "column_family_id": 0, "comparator": "cockroach_comparator", "merge_operator": "cockroach_merge_operator", "prefix_extractor_name": "cockroach_prefix_extractor", "property_collectors": "[TimeBoundTblPropCollectorFactory,DeleteRangeTblPropCollectorFactory]", "compression": "Snappy", "compression_options": "window_bits=-14; level=32767; strategy=0; max_dict_bytes=0; zstd_max_train_bytes=0; enabled=0; ", "creation_time": 1599065865, "oldest_key_time": 0, "file_creation_time": 1599065867}}
I200902 16:57:47.477544 17 storage/rocksdb.go:102  [db/compaction_job.cc:1397] [default] [JOB 3] Compacted 2@0 + 1@6 files to L6 => 2201555 bytes
I200902 16:57:47.477645 17 storage/rocksdb.go:102  [db/version_set.cc:3086] More existing levels in DB than needed. max_bytes_for_level_multiplier may not be guaranteed.
I200902 16:57:47.565942 17 storage/rocksdb.go:102  (Original Log Time 2020/09/02-11:57:47.565550) [db/compaction_job.cc:770] [default] compacted to: base level 6 level multiplier 10.00 max bytes base 67108864 files[0 0 0 0 0 0 1] max score 0.00, MB/sec: 6.2 rd, 5.7 wr, level 6, files in(2, 1) out(1) MB in(0.7, 1.6) out(2.1), read-write-amplify(6.7) write-amplify(3.2) OK, records in: 21541, records dropped: 10828 output_compression: Snappy
I200902 16:57:47.566011 17 storage/rocksdb.go:102  (Original Log Time 2020/09/02-11:57:47.565662) EVENT_LOG_v1 {"time_micros": 1599065867565604, "job": 3, "event": "compaction_finished", "compaction_time_micros": 385944, "compaction_time_cpu_micros": 217905, "output_level": 6, "num_output_files": 1, "total_output_size": 2201555, "num_input_records": 20157, "num_output_records": 9329, "num_subcompactions": 1, "output_compression": "Snappy", "num_single_delete_mismatches": 0, "num_single_delete_fallthrough": 0, "lsm_state": [0, 0, 0, 0, 0, 0, 1]}
I200902 16:57:47.604992 44 storage/rocksdb.go:102  EVENT_LOG_v1 {"time_micros": 1599065867604926, "job": 0, "event": "table_file_deletion", "file_number": 77}
I200902 16:57:47.605453 44 storage/rocksdb.go:102  EVENT_LOG_v1 {"time_micros": 1599065867605411, "job": 0, "event": "table_file_deletion", "file_number": 75}
I200902 16:57:47.606028 44 storage/rocksdb.go:102  EVENT_LOG_v1 {"time_micros": 1599065867605978, "job": 0, "event": "table_file_deletion", "file_number": 73}
I200902 17:41:38.423559 131 storage/rocksdb.go:102  [db/db_impl_write.cc:1437] [default] New memtable created with log file: #83. Immutable memtables: 0.
I200902 17:41:38.424183 17 storage/rocksdb.go:102  (Original Log Time 2020/09/02-12:41:38.424014) [db/db_impl_compaction_flush.cc:2097] Calling FlushMemTableToOutputFile with column family [default], flush slots available 1, compaction slots available 1, flush slots scheduled 1, compaction slots scheduled 0
I200902 17:41:38.424225 17 storage/rocksdb.go:102  [db/flush_job.cc:322] [default] [JOB 4] Flushing memtable with next log file: 83
I200902 17:41:38.424399 17 storage/rocksdb.go:102  EVENT_LOG_v1 {"time_micros": 1599068498424305, "job": 4, "event": "flush_started", "num_memtables": 1, "num_entries": 213237, "num_deletes": 6034, "total_data_size": 61047910, "memory_usage": 65096616, "flush_reason": "Write Buffer Full"}
I200902 17:41:38.424441 17 storage/rocksdb.go:102  [db/flush_job.cc:351] [default] [JOB 4] Level-0 flush table #84: started
I200902 17:41:40.401167 17 storage/rocksdb.go:102  EVENT_LOG_v1 {"time_micros": 1599068500400740, "cf_name": "default", "job": 4, "event": "table_file_creation", "file_number": 84, "file_size": 377571, "table_properties": {"data_size": 365761, "index_size": 4388, "index_partitions": 0, "top_level_index_size": 0, "index_key_is_user_key": 0, "index_value_is_delta_encoded": 0, "filter_size": 8645, "raw_key_size": 253553, "raw_average_key_size": 31, "raw_value_size": 2166808, "raw_average_value_size": 267, "num_data_blocks": 69, "num_entries": 8100, "num_deletions": 5908, "num_merge_operands": 1384, "num_range_deletions": 1384, "format_version": 0, "fixed_key_len": 0, "filter_policy": "rocksdb.BuiltinBloomFilter", "column_family_name": "default", "column_family_id": 0, "comparator": "cockroach_comparator", "merge_operator": "cockroach_merge_operator", "prefix_extractor_name": "cockroach_prefix_extractor", "property_collectors": "[TimeBoundTblPropCollectorFactory,DeleteRangeTblPropCollectorFactory]", "compression": "Snappy", "compression_options": "window_bits=-14; level=32767; strategy=0; max_dict_bytes=0; zstd_max_train_bytes=0; enabled=0; ", "creation_time": 1599068498, "oldest_key_time": 1599065867, "file_creation_time": 1599068498}}
I200902 17:41:40.401243 17 storage/rocksdb.go:102  [db/flush_job.cc:392] [default] [JOB 4] Level-0 flush table #84: 377571 bytes OK
I200902 17:41:40.422222 17 storage/rocksdb.go:102  [db/version_set.cc:3086] More existing levels in DB than needed. max_bytes_for_level_multiplier may not be guaranteed.
I200902 17:41:40.466937 17 storage/rocksdb.go:102  [db/db_impl_files.cc:194] adding log 79 to recycle list
I200902 17:41:40.466999 17 storage/rocksdb.go:102  (Original Log Time 2020/09/02-12:41:40.421988) [db/memtable_list.cc:389] [default] Level-0 commit table #84 started
I200902 17:41:40.467038 17 storage/rocksdb.go:102  (Original Log Time 2020/09/02-12:41:40.466523) [db/memtable_list.cc:437] [default] Level-0 commit table #84: memtable #1 done
I200902 17:41:40.467077 17 storage/rocksdb.go:102  (Original Log Time 2020/09/02-12:41:40.466619) EVENT_LOG_v1 {"time_micros": 1599068500466579, "job": 4, "event": "flush_finished", "output_compression": "Snappy", "lsm_state": [1, 0, 0, 0, 0, 0, 1], "immutable_memtables": 0}
I200902 17:41:40.467125 17 storage/rocksdb.go:102  (Original Log Time 2020/09/02-12:41:40.466675) [db/db_impl_compaction_flush.cc:208] [default] Level summary: base level 6 level multiplier 10.00 max bytes base 67108864 files[1 0 0 0 0 0 1] max score 0.50
I200902 18:25:38.430118 118 storage/rocksdb.go:102  [db/db_impl_open.cc:1132] reusing log 79 from recycle list
I200902 18:25:38.430596 118 storage/rocksdb.go:102  [db/db_impl_write.cc:1437] [default] New memtable created with log file: #85. Immutable memtables: 0.
I200902 18:25:38.430995 17 storage/rocksdb.go:102  (Original Log Time 2020/09/02-13:25:38.430895) [db/db_impl_compaction_flush.cc:2097] Calling FlushMemTableToOutputFile with column family [default], flush slots available 1, compaction slots available 1, flush slots scheduled 1, compaction slots scheduled 0
I200902 18:25:38.431028 17 storage/rocksdb.go:102  [db/flush_job.cc:322] [default] [JOB 5] Flushing memtable with next log file: 85
I200902 18:25:38.431148 17 storage/rocksdb.go:102  EVENT_LOG_v1 {"time_micros": 1599071138431076, "job": 5, "event": "flush_started", "num_memtables": 1, "num_entries": 212185, "num_deletes": 5543, "total_data_size": 60975504, "memory_usage": 65059288, "flush_reason": "Write Buffer Full"}
I200902 18:25:38.431203 17 storage/rocksdb.go:102  [db/flush_job.cc:351] [default] [JOB 5] Level-0 flush table #86: started
I200902 18:25:40.030834 17 storage/rocksdb.go:102  EVENT_LOG_v1 {"time_micros": 1599071140030549, "cf_name": "default", "job": 5, "event": "table_file_creation", "file_number": 86, "file_size": 372229, "table_properties": {"data_size": 360873, "index_size": 4043, "index_partitions": 0, "top_level_index_size": 0, "index_key_is_user_key": 0, "index_value_is_delta_encoded": 0, "filter_size": 8261, "raw_key_size": 238876, "raw_average_key_size": 31, "raw_value_size": 2152541, "raw_average_value_size": 285, "num_data_blocks": 68, "num_entries": 7541, "num_deletions": 5414, "num_merge_operands": 1384, "num_range_deletions": 1384, "format_version": 0, "fixed_key_len": 0, "filter_policy": "rocksdb.BuiltinBloomFilter", "column_family_name": "default", "column_family_id": 0, "comparator": "cockroach_comparator", "merge_operator": "cockroach_merge_operator", "prefix_extractor_name": "cockroach_prefix_extractor", "property_collectors": "[TimeBoundTblPropCollectorFactory,DeleteRangeTblPropCollectorFactory]", "compression": "Snappy", "compression_options": "window_bits=-14; level=32767; strategy=0; max_dict_bytes=0; zstd_max_train_bytes=0; enabled=0; ", "creation_time": 1599071138, "oldest_key_time": 1599068498, "file_creation_time": 1599071138}}
I200902 18:25:40.030941 17 storage/rocksdb.go:102  [db/flush_job.cc:392] [default] [JOB 5] Level-0 flush table #86: 372229 bytes OK
I200902 18:25:40.052036 17 storage/rocksdb.go:102  [db/version_set.cc:3086] More existing levels in DB than needed. max_bytes_for_level_multiplier may not be guaranteed.
I200902 18:25:40.096600 17 storage/rocksdb.go:102  [db/db_impl_files.cc:194] adding log 83 to recycle list
I200902 18:25:40.096668 17 storage/rocksdb.go:102  (Original Log Time 2020/09/02-13:25:40.051699) [db/memtable_list.cc:389] [default] Level-0 commit table #86 started
I200902 18:25:40.096704 17 storage/rocksdb.go:102  (Original Log Time 2020/09/02-13:25:40.096175) [db/memtable_list.cc:437] [default] Level-0 commit table #86: memtable #1 done
I200902 18:25:40.096739 17 storage/rocksdb.go:102  (Original Log Time 2020/09/02-13:25:40.096265) EVENT_LOG_v1 {"time_micros": 1599071140096227, "job": 5, "event": "flush_finished", "output_compression": "Snappy", "lsm_state": [2, 0, 0, 0, 0, 0, 1], "immutable_memtables": 0}
I200902 18:25:40.096774 17 storage/rocksdb.go:102  (Original Log Time 2020/09/02-13:25:40.096345) [db/db_impl_compaction_flush.cc:208] [default] Level summary: base level 6 level multiplier 10.00 max bytes base 67108864 files[2 0 0 0 0 0 1] max score 1.00
I200902 18:25:40.096918 17 storage/rocksdb.go:102  [db/compaction_job.cc:1647] [default] [JOB 6] Compacting 2@0 + 1@6 files to L6, score 1.00
I200902 18:25:40.096973 17 storage/rocksdb.go:102  [db/compaction_job.cc:1651] [default] Compaction start summary: Base version 5 Base level 0, inputs: [86(363KB) 84(368KB)], [82(2149KB)]
I200902 18:25:40.097084 17 storage/rocksdb.go:102  EVENT_LOG_v1 {"time_micros": 1599071140097006, "job": 6, "event": "compaction_started", "compaction_reason": "LevelL0FilesNum", "files_L0": [86, 84], "files_L6": [82], "score": 1, "input_data_size": 2951355}
I200902 18:25:40.351838 17 storage/rocksdb.go:102  [db/compaction_job.cc:1334] [default] [JOB 6] Generated table #87: 11777 keys, 2808665 bytes
I200902 18:25:40.352065 17 storage/rocksdb.go:102  EVENT_LOG_v1 {"time_micros": 1599071140351904, "cf_name": "default", "job": 6, "event": "table_file_creation", "file_number": 87, "file_size": 2808665, "table_properties": {"data_size": 2794627, "index_size": 36196, "index_partitions": 0, "top_level_index_size": 0, "index_key_is_user_key": 0, "index_value_is_delta_encoded": 0, "filter_size": 0, "raw_key_size": 563490, "raw_average_key_size": 47, "raw_value_size": 17772280, "raw_average_value_size": 1509, "num_data_blocks": 567, "num_entries": 11777, "num_deletions": 0, "num_merge_operands": 0, "num_range_deletions": 0, "format_version": 0, "fixed_key_len": 0, "filter_policy": "rocksdb.BuiltinBloomFilter", "column_family_name": "default", "column_family_id": 0, "comparator": "cockroach_comparator", "merge_operator": "cockroach_merge_operator", "prefix_extractor_name": "cockroach_prefix_extractor", "property_collectors": "[TimeBoundTblPropCollectorFactory,DeleteRangeTblPropCollectorFactory]", "compression": "Snappy", "compression_options": "window_bits=-14; level=32767; strategy=0; max_dict_bytes=0; zstd_max_train_bytes=0; enabled=0; ", "creation_time": 1599071138, "oldest_key_time": 0, "file_creation_time": 1599071140}}
I200902 18:25:40.396790 17 storage/rocksdb.go:102  [db/compaction_job.cc:1397] [default] [JOB 6] Compacted 2@0 + 1@6 files to L6 => 2808665 bytes
I200902 18:25:40.396914 17 storage/rocksdb.go:102  [db/version_set.cc:3086] More existing levels in DB than needed. max_bytes_for_level_multiplier may not be guaranteed.
I200902 18:25:40.440737 17 storage/rocksdb.go:102  (Original Log Time 2020/09/02-13:25:40.440310) [db/compaction_job.cc:770] [default] compacted to: base level 6 level multiplier 10.00 max bytes base 67108864 files[0 0 0 0 0 0 1] max score 0.00, MB/sec: 11.6 rd, 11.0 wr, level 6, files in(2, 1) out(1) MB in(0.7, 2.1) out(2.7), read-write-amplify(7.7) write-amplify(3.7) OK, records in: 24970, records dropped: 12501 output_compression: Snappy
I200902 18:25:40.440816 17 storage/rocksdb.go:102  (Original Log Time 2020/09/02-13:25:40.440454) EVENT_LOG_v1 {"time_micros": 1599071140440377, "job": 6, "event": "compaction_finished", "compaction_time_micros": 255374, "compaction_time_cpu_micros": 183539, "output_level": 6, "num_output_files": 1, "total_output_size": 2808665, "num_input_records": 24278, "num_output_records": 11777, "num_subcompactions": 1, "output_compression": "Snappy", "num_single_delete_mismatches": 0, "num_single_delete_fallthrough": 0, "lsm_state": [0, 0, 0, 0, 0, 0, 1]}
I200902 18:25:40.441527 17 storage/rocksdb.go:102  EVENT_LOG_v1 {"time_micros": 1599071140441467, "job": 6, "event": "table_file_deletion", "file_number": 86}
I200902 18:25:40.441956 17 storage/rocksdb.go:102  EVENT_LOG_v1 {"time_micros": 1599071140441902, "job": 6, "event": "table_file_deletion", "file_number": 84}
I200902 18:25:40.443373 17 storage/rocksdb.go:102  EVENT_LOG_v1 {"time_micros": 1599071140443287, "job": 6, "event": "table_file_deletion", "file_number": 82}
I200902 19:09:38.395230 135 storage/rocksdb.go:102  [db/db_impl_open.cc:1132] reusing log 83 from recycle list
I200902 19:09:38.395664 135 storage/rocksdb.go:102  [db/db_impl_write.cc:1437] [default] New memtable created with log file: #88. Immutable memtables: 0.
I200902 19:09:38.396193 17 storage/rocksdb.go:102  (Original Log Time 2020/09/02-14:09:38.396071) [db/db_impl_compaction_flush.cc:2097] Calling FlushMemTableToOutputFile with column family [default], flush slots available 1, compaction slots available 1, flush slots scheduled 1, compaction slots scheduled 0
I200902 19:09:38.396235 17 storage/rocksdb.go:102  [db/flush_job.cc:322] [default] [JOB 7] Flushing memtable with next log file: 88
I200902 19:09:38.396327 17 storage/rocksdb.go:102  EVENT_LOG_v1 {"time_micros": 1599073778396276, "job": 7, "event": "flush_started", "num_memtables": 1, "num_entries": 211998, "num_deletes": 5343, "total_data_size": 61073727, "memory_usage": 65022824, "flush_reason": "Write Buffer Full"}
I200902 19:09:38.396355 17 storage/rocksdb.go:102  [db/flush_job.cc:351] [default] [JOB 7] Level-0 flush table #89: started
I200902 19:09:40.808803 17 storage/rocksdb.go:102  EVENT_LOG_v1 {"time_micros": 1599073780808529, "cf_name": "default", "job": 7, "event": "table_file_creation", "file_number": 89, "file_size": 395212, "table_properties": {"data_size": 383877, "index_size": 4049, "index_partitions": 0, "top_level_index_size": 0, "index_key_is_user_key": 0, "index_value_is_delta_encoded": 0, "filter_size": 8261, "raw_key_size": 242630, "raw_average_key_size": 31, "raw_value_size": 2252041, "raw_average_value_size": 294, "num_data_blocks": 69, "num_entries": 7655, "num_deletions": 5214, "num_merge_operands": 1384, "num_range_deletions": 1384, "format_version": 0, "fixed_key_len": 0, "filter_policy": "rocksdb.BuiltinBloomFilter", "column_family_name": "default", "column_family_id": 0, "comparator": "cockroach_comparator", "merge_operator": "cockroach_merge_operator", "prefix_extractor_name": "cockroach_prefix_extractor", "property_collectors": "[TimeBoundTblPropCollectorFactory,DeleteRangeTblPropCollectorFactory]", "compression": "Snappy", "compression_options": "window_bits=-14; level=32767; strategy=0; max_dict_bytes=0; zstd_max_train_bytes=0; enabled=0; ", "creation_time": 1599073778, "oldest_key_time": 1599071138, "file_creation_time": 1599073778}}
I200902 19:09:40.808887 17 storage/rocksdb.go:102  [db/flush_job.cc:392] [default] [JOB 7] Level-0 flush table #89: 395212 bytes OK
I200902 19:09:40.830451 17 storage/rocksdb.go:102  [db/version_set.cc:3086] More existing levels in DB than needed. max_bytes_for_level_multiplier may not be guaranteed.
I200902 19:09:40.876012 17 storage/rocksdb.go:102  [db/db_impl_files.cc:194] adding log 85 to recycle list
I200902 19:09:40.876067 17 storage/rocksdb.go:102  (Original Log Time 2020/09/02-14:09:40.830179) [db/memtable_list.cc:389] [default] Level-0 commit table #89 started
I200902 19:09:40.876094 17 storage/rocksdb.go:102  (Original Log Time 2020/09/02-14:09:40.875699) [db/memtable_list.cc:437] [default] Level-0 commit table #89: memtable #1 done
I200902 19:09:40.876122 17 storage/rocksdb.go:102  (Original Log Time 2020/09/02-14:09:40.875782) EVENT_LOG_v1 {"time_micros": 1599073780875748, "job": 7, "event": "flush_finished", "output_compression": "Snappy", "lsm_state": [1, 0, 0, 0, 0, 0, 1], "immutable_memtables": 0}
I200902 19:09:40.876153 17 storage/rocksdb.go:102  (Original Log Time 2020/09/02-14:09:40.875836) [db/db_impl_compaction_flush.cc:208] [default] Level summary: base level 6 level multiplier 10.00 max bytes base 67108864 files[1 0 0 0 0 0 1] max score 0.50
I200902 19:53:38.415534 124 storage/rocksdb.go:102  [db/db_impl_open.cc:1132] reusing log 85 from recycle list
I200902 19:53:38.415954 124 storage/rocksdb.go:102  [db/db_impl_write.cc:1437] [default] New memtable created with log file: #90. Immutable memtables: 0.
I200902 19:53:38.416383 17 storage/rocksdb.go:102  (Original Log Time 2020/09/02-14:53:38.416288) [db/db_impl_compaction_flush.cc:2097] Calling FlushMemTableToOutputFile with column family [default], flush slots available 1, compaction slots available 1, flush slots scheduled 1, compaction slots scheduled 0
I200902 19:53:38.416422 17 storage/rocksdb.go:102  [db/flush_job.cc:322] [default] [JOB 8] Flushing memtable with next log file: 90
I200902 19:53:38.416509 17 storage/rocksdb.go:102  EVENT_LOG_v1 {"time_micros": 1599076418416460, "job": 8, "event": "flush_started", "num_memtables": 1, "num_entries": 212727, "num_deletes": 6065, "total_data_size": 61089788, "memory_usage": 65094456, "flush_reason": "Write Buffer Full"}
I200902 19:53:38.416538 17 storage/rocksdb.go:102  [db/flush_job.cc:351] [default] [JOB 8] Level-0 flush table #91: started
I200902 19:53:40.704254 17 storage/rocksdb.go:102  EVENT_LOG_v1 {"time_micros": 1599076420703969, "cf_name": "default", "job": 8, "event": "table_file_creation", "file_number": 91, "file_size": 378440, "table_properties": {"data_size": 368117, "index_size": 3483, "index_partitions": 0, "top_level_index_size": 0, "index_key_is_user_key": 0, "index_value_is_delta_encoded": 0, "filter_size": 7493, "raw_key_size": 211931, "raw_average_key_size": 29, "raw_value_size": 2165590, "raw_average_value_size": 297, "num_data_blocks": 68, "num_entries": 7271, "num_deletions": 5936, "num_merge_operands": 692, "num_range_deletions": 692, "format_version": 0, "fixed_key_len": 0, "filter_policy": "rocksdb.BuiltinBloomFilter", "column_family_name": "default", "column_family_id": 0, "comparator": "cockroach_comparator", "merge_operator": "cockroach_merge_operator", "prefix_extractor_name": "cockroach_prefix_extractor", "property_collectors": "[TimeBoundTblPropCollectorFactory,DeleteRangeTblPropCollectorFactory]", "compression": "Snappy", "compression_options": "window_bits=-14; level=32767; strategy=0; max_dict_bytes=0; zstd_max_train_bytes=0; enabled=0; ", "creation_time": 1599076418, "oldest_key_time": 1599073778, "file_creation_time": 1599076418}}
I200902 19:53:40.704342 17 storage/rocksdb.go:102  [db/flush_job.cc:392] [default] [JOB 8] Level-0 flush table #91: 378440 bytes OK
I200902 19:53:40.725439 17 storage/rocksdb.go:102  [db/version_set.cc:3086] More existing levels in DB than needed. max_bytes_for_level_multiplier may not be guaranteed.
I200902 19:53:40.770235 17 storage/rocksdb.go:102  [db/db_impl_files.cc:194] adding log 88 to recycle list
I200902 19:53:40.770319 17 storage/rocksdb.go:102  (Original Log Time 2020/09/02-14:53:40.725186) [db/memtable_list.cc:389] [default] Level-0 commit table #91 started
I200902 19:53:40.770365 17 storage/rocksdb.go:102  (Original Log Time 2020/09/02-14:53:40.769657) [db/memtable_list.cc:437] [default] Level-0 commit table #91: memtable #1 done
I200902 19:53:40.770408 17 storage/rocksdb.go:102  (Original Log Time 2020/09/02-14:53:40.769775) EVENT_LOG_v1 {"time_micros": 1599076420769724, "job": 8, "event": "flush_finished", "output_compression": "Snappy", "lsm_state": [2, 0, 0, 0, 0, 0, 1], "immutable_memtables": 0}
I200902 19:53:40.770452 17 storage/rocksdb.go:102  (Original Log Time 2020/09/02-14:53:40.769868) [db/db_impl_compaction_flush.cc:208] [default] Level summary: base level 6 level multiplier 10.00 max bytes base 67108864 files[2 0 0 0 0 0 1] max score 1.00
I200902 19:53:40.770608 17 storage/rocksdb.go:102  [db/compaction_job.cc:1647] [default] [JOB 9] Compacting 2@0 + 1@6 files to L6, score 1.00
I200902 19:53:40.770663 17 storage/rocksdb.go:102  [db/compaction_job.cc:1651] [default] Compaction start summary: Base version 8 Base level 0, inputs: [91(369KB) 89(385KB)], [87(2742KB)]
I200902 19:53:40.770801 17 storage/rocksdb.go:102  EVENT_LOG_v1 {"time_micros": 1599076420770706, "job": 9, "event": "compaction_started", "compaction_reason": "LevelL0FilesNum", "files_L0": [91, 89], "files_L6": [87], "score": 1, "input_data_size": 3582317}
I200902 19:53:41.025577 17 storage/rocksdb.go:102  [db/compaction_job.cc:1334] [default] [JOB 9] Generated table #92: 12773 keys, 3409895 bytes
I200902 19:53:41.025856 17 storage/rocksdb.go:102  EVENT_LOG_v1 {"time_micros": 1599076421025666, "cf_name": "default", "job": 9, "event": "table_file_creation", "file_number": 92, "file_size": 3409895, "table_properties": {"data_size": 3393614, "index_size": 47608, "index_partitions": 0, "top_level_index_size": 0, "index_key_is_user_key": 0, "index_value_is_delta_encoded": 0, "filter_size": 0, "raw_key_size": 610268, "raw_average_key_size": 47, "raw_value_size": 21374246, "raw_average_value_size": 1673, "num_data_blocks": 705, "num_entries": 12773, "num_deletions": 0, "num_merge_operands": 0, "num_range_deletions": 0, "format_version": 0, "fixed_key_len": 0, "filter_policy": "rocksdb.BuiltinBloomFilter", "column_family_name": "default", "column_family_id": 0, "comparator": "cockroach_comparator", "merge_operator": "cockroach_merge_operator", "prefix_extractor_name": "cockroach_prefix_extractor", "property_collectors": "[TimeBoundTblPropCollectorFactory,DeleteRangeTblPropCollectorFactory]", "compression": "Snappy", "compression_options": "window_bits=-14; level=32767; strategy=0; max_dict_bytes=0; zstd_max_train_bytes=0; enabled=0; ", "creation_time": 1599076418, "oldest_key_time": 0, "file_creation_time": 1599076420}}
I200902 19:53:41.070007 17 storage/rocksdb.go:102  [db/compaction_job.cc:1397] [default] [JOB 9] Compacted 2@0 + 1@6 files to L6 => 3409895 bytes
I200902 19:53:41.070112 17 storage/rocksdb.go:102  [db/version_set.cc:3086] More existing levels in DB than needed. max_bytes_for_level_multiplier may not be guaranteed.
I200902 19:53:41.114137 17 storage/rocksdb.go:102  (Original Log Time 2020/09/02-14:53:41.113687) [db/compaction_job.cc:770] [default] compacted to: base level 6 level multiplier 10.00 max bytes base 67108864 files[0 0 0 0 0 0 1] max score 0.00, MB/sec: 14.0 rd, 13.4 wr, level 6, files in(2, 1) out(1) MB in(0.7, 2.7) out(3.3), read-write-amplify(9.0) write-amplify(4.4) OK, records in: 26703, records dropped: 12546 output_compression: Snappy
I200902 19:53:41.114194 17 storage/rocksdb.go:102  (Original Log Time 2020/09/02-14:53:41.113795) EVENT_LOG_v1 {"time_micros": 1599076421113738, "job": 9, "event": "compaction_finished", "compaction_time_micros": 255243, "compaction_time_cpu_micros": 198461, "output_level": 6, "num_output_files": 1, "total_output_size": 3409895, "num_input_records": 25319, "num_output_records": 12773, "num_subcompactions": 1, "output_compression": "Snappy", "num_single_delete_mismatches": 0, "num_single_delete_fallthrough": 0, "lsm_state": [0, 0, 0, 0, 0, 0, 1]}
I200902 19:53:41.114731 17 storage/rocksdb.go:102  EVENT_LOG_v1 {"time_micros": 1599076421114667, "job": 9, "event": "table_file_deletion", "file_number": 91}
I200902 19:53:41.115058 17 storage/rocksdb.go:102  EVENT_LOG_v1 {"time_micros": 1599076421115019, "job": 9, "event": "table_file_deletion", "file_number": 89}
I200902 19:53:41.116511 17 storage/rocksdb.go:102  EVENT_LOG_v1 {"time_micros": 1599076421116430, "job": 9, "event": "table_file_deletion", "file_number": 87}
I200902 20:37:38.378322 107 storage/rocksdb.go:102  [db/db_impl_open.cc:1132] reusing log 88 from recycle list
I200902 20:37:38.378760 107 storage/rocksdb.go:102  [db/db_impl_write.cc:1437] [default] New memtable created with log file: #93. Immutable memtables: 0.
I200902 20:37:38.379234 17 storage/rocksdb.go:102  (Original Log Time 2020/09/02-15:37:38.379093) [db/db_impl_compaction_flush.cc:2097] Calling FlushMemTableToOutputFile with column family [default], flush slots available 1, compaction slots available 1, flush slots scheduled 1, compaction slots scheduled 0
I200902 20:37:38.379267 17 storage/rocksdb.go:102  [db/flush_job.cc:322] [default] [JOB 10] Flushing memtable with next log file: 93
I200902 20:37:38.379367 17 storage/rocksdb.go:102  EVENT_LOG_v1 {"time_micros": 1599079058379314, "job": 10, "event": "flush_started", "num_memtables": 1, "num_entries": 212162, "num_deletes": 5496, "total_data_size": 60978239, "memory_usage": 65038328, "flush_reason": "Write Buffer Full"}
I200902 20:37:38.379399 17 storage/rocksdb.go:102  [db/flush_job.cc:351] [default] [JOB 10] Level-0 flush table #94: started
I200902 20:37:40.405512 17 storage/rocksdb.go:102  EVENT_LOG_v1 {"time_micros": 1599079060405184, "cf_name": "default", "job": 10, "event": "table_file_creation", "file_number": 94, "file_size": 376335, "table_properties": {"data_size": 364934, "index_size": 4345, "index_partitions": 0, "top_level_index_size": 0, "index_key_is_user_key": 0, "index_value_is_delta_encoded": 0, "filter_size": 8261, "raw_key_size": 239042, "raw_average_key_size": 31, "raw_value_size": 2158624, "raw_average_value_size": 286, "num_data_blocks": 68, "num_entries": 7542, "num_deletions": 5367, "num_merge_operands": 1384, "num_range_deletions": 1384, "format_version": 0, "fixed_key_len": 0, "filter_policy": "rocksdb.BuiltinBloomFilter", "column_family_name": "default", "column_family_id": 0, "comparator": "cockroach_comparator", "merge_operator": "cockroach_merge_operator", "prefix_extractor_name": "cockroach_prefix_extractor", "property_collectors": "[TimeBoundTblPropCollectorFactory,DeleteRangeTblPropCollectorFactory]", "compression": "Snappy", "compression_options": "window_bits=-14; level=32767; strategy=0; max_dict_bytes=0; zstd_max_train_bytes=0; enabled=0; ", "creation_time": 1599079058, "oldest_key_time": 1599076418, "file_creation_time": 1599079058}}
I200902 20:37:40.405585 17 storage/rocksdb.go:102  [db/flush_job.cc:392] [default] [JOB 10] Level-0 flush table #94: 376335 bytes OK
I200902 20:37:40.427018 17 storage/rocksdb.go:102  [db/version_set.cc:3086] More existing levels in DB than needed. max_bytes_for_level_multiplier may not be guaranteed.
I200902 20:37:40.482953 17 storage/rocksdb.go:102  [db/db_impl_files.cc:194] adding log 90 to recycle list
I200902 20:37:40.483022 17 storage/rocksdb.go:102  (Original Log Time 2020/09/02-15:37:40.426733) [db/memtable_list.cc:389] [default] Level-0 commit table #94 started
I200902 20:37:40.483061 17 storage/rocksdb.go:102  (Original Log Time 2020/09/02-15:37:40.482493) [db/memtable_list.cc:437] [default] Level-0 commit table #94: memtable #1 done
I200902 20:37:40.483099 17 storage/rocksdb.go:102  (Original Log Time 2020/09/02-15:37:40.482592) EVENT_LOG_v1 {"time_micros": 1599079060482549, "job": 10, "event": "flush_finished", "output_compression": "Snappy", "lsm_state": [1, 0, 0, 0, 0, 0, 1], "immutable_memtables": 0}
I200902 20:37:40.483163 17 storage/rocksdb.go:102  (Original Log Time 2020/09/02-15:37:40.482648) [db/db_impl_compaction_flush.cc:208] [default] Level summary: base level 6 level multiplier 10.00 max bytes base 67108864 files[1 0 0 0 0 0 1] max score 0.50
I200902 21:15:47.376977 167260 storage/rocksdb.go:102  bloom filter utility:    -nan%
I200902 21:15:47.421501 167260 storage/rocksdb.go:102  [db/db_impl.cc:392] Shutdown: canceling all background work
I200902 21:15:47.466257 167260 storage/rocksdb.go:102  [db/db_impl.cc:565] Shutdown complete
I200902 21:15:47.557000 167260 storage/rocksdb.go:102  bloom filter utility:    69.1%
I200902 21:15:47.601453 167260 storage/rocksdb.go:102  [db/db_impl.cc:392] Shutdown: canceling all background work
I200902 21:15:47.658406 167260 storage/rocksdb.go:102  [db/db_impl.cc:565] Shutdown complete
