I200630 17:02:31.108583 58 util/log/sync_buffer.go:70  [config] file created at: 2020/06/30 17:02:31
I200630 17:02:31.108583 58 util/log/sync_buffer.go:70  [config] running on machine: santiago-HP-Notebook
I200630 17:02:31.108583 58 util/log/sync_buffer.go:70  [config] binary: CockroachDB CCL v20.1.2 (x86_64-unknown-linux-gnu, built 2020/06/09 16:11:36, go1.13.9)
I200630 17:02:31.108583 58 util/log/sync_buffer.go:70  [config] arguments: [cockroach start --insecure]
I200630 17:02:31.108583 58 util/log/sync_buffer.go:70  line format: [IWEF]yymmdd hh:mm:ss.uuuuuu goid file:line msg utf8=✓
I200630 17:02:31.108581 58 storage/rocksdb.go:102  RocksDB version: 6.2.1
I200630 17:02:31.127591 58 storage/rocksdb.go:102  Git sha rocksdb_build_git_sha:@e494e15a0b08c13fafd5710f279f348d47d476de@
I200630 17:02:31.127609 58 storage/rocksdb.go:102  Compile date Jun  9 2020
I200630 17:02:31.127627 58 storage/rocksdb.go:102  DB SUMMARY
I200630 17:02:31.127736 58 storage/rocksdb.go:102  SST files in /home/santiago/go/src/github.com/Santiagozh1998/SpyServer/cockroach-data/cockroach-temp337181773 dir, Total Num: 0, files: 
I200630 17:02:31.127758 58 storage/rocksdb.go:102  Write Ahead Log file in /home/santiago/go/src/github.com/Santiagozh1998/SpyServer/cockroach-data/cockroach-temp337181773: 
I200630 17:02:31.127777 58 storage/rocksdb.go:102                          Options.error_if_exists: 0
I200630 17:02:31.127794 58 storage/rocksdb.go:102                        Options.create_if_missing: 1
I200630 17:02:31.127810 58 storage/rocksdb.go:102                          Options.paranoid_checks: 1
I200630 17:02:31.127827 58 storage/rocksdb.go:102                                      Options.env: 0x7571de0
I200630 17:02:31.127843 58 storage/rocksdb.go:102                                 Options.info_log: 0x7fc86b88b040
I200630 17:02:31.127859 58 storage/rocksdb.go:102                 Options.max_file_opening_threads: 16
I200630 17:02:31.127874 58 storage/rocksdb.go:102                               Options.statistics: 0x7fc86b81d8d0
I200630 17:02:31.127890 58 storage/rocksdb.go:102                                Options.use_fsync: 0
I200630 17:02:31.127906 58 storage/rocksdb.go:102                        Options.max_log_file_size: 0
I200630 17:02:31.127922 58 storage/rocksdb.go:102                   Options.max_manifest_file_size: 134217728
I200630 17:02:31.127938 58 storage/rocksdb.go:102                    Options.log_file_time_to_roll: 0
I200630 17:02:31.127954 58 storage/rocksdb.go:102                        Options.keep_log_file_num: 1000
I200630 17:02:31.127969 58 storage/rocksdb.go:102                     Options.recycle_log_file_num: 1
I200630 17:02:31.127985 58 storage/rocksdb.go:102                          Options.allow_fallocate: 1
I200630 17:02:31.128007 58 storage/rocksdb.go:102                         Options.allow_mmap_reads: 0
I200630 17:02:31.128024 58 storage/rocksdb.go:102                        Options.allow_mmap_writes: 0
I200630 17:02:31.128040 58 storage/rocksdb.go:102                         Options.use_direct_reads: 0
I200630 17:02:31.128056 58 storage/rocksdb.go:102                         Options.use_direct_io_for_flush_and_compaction: 0
I200630 17:02:31.128072 58 storage/rocksdb.go:102           Options.create_missing_column_families: 0
I200630 17:02:31.128087 58 storage/rocksdb.go:102                               Options.db_log_dir: 
I200630 17:02:31.128104 58 storage/rocksdb.go:102                                  Options.wal_dir: /home/santiago/go/src/github.com/Santiagozh1998/SpyServer/cockroach-data/cockroach-temp337181773
I200630 17:02:31.128120 58 storage/rocksdb.go:102                 Options.table_cache_numshardbits: 6
I200630 17:02:31.128136 58 storage/rocksdb.go:102                       Options.max_subcompactions: 1
I200630 17:02:31.128152 58 storage/rocksdb.go:102                   Options.max_background_flushes: -1
I200630 17:02:31.128168 58 storage/rocksdb.go:102                          Options.WAL_ttl_seconds: 0
I200630 17:02:31.128184 58 storage/rocksdb.go:102                        Options.WAL_size_limit_MB: 0
I200630 17:02:31.128200 58 storage/rocksdb.go:102              Options.manifest_preallocation_size: 4194304
I200630 17:02:31.128218 58 storage/rocksdb.go:102                      Options.is_fd_close_on_exec: 1
I200630 17:02:31.128246 58 storage/rocksdb.go:102                    Options.advise_random_on_open: 1
I200630 17:02:31.128271 58 storage/rocksdb.go:102                     Options.db_write_buffer_size: 0
I200630 17:02:31.128295 58 storage/rocksdb.go:102                     Options.write_buffer_manager: 0x7fc86b860ce0
I200630 17:02:31.128318 58 storage/rocksdb.go:102          Options.access_hint_on_compaction_start: 1
I200630 17:02:31.128342 58 storage/rocksdb.go:102   Options.new_table_reader_for_compaction_inputs: 0
I200630 17:02:31.128366 58 storage/rocksdb.go:102            Options.random_access_max_buffer_size: 1048576
I200630 17:02:31.128390 58 storage/rocksdb.go:102                       Options.use_adaptive_mutex: 0
I200630 17:02:31.128414 58 storage/rocksdb.go:102                             Options.rate_limiter: (nil)
I200630 17:02:31.128438 58 storage/rocksdb.go:102      Options.sst_file_manager.rate_bytes_per_sec: 0
I200630 17:02:31.128462 58 storage/rocksdb.go:102                        Options.wal_recovery_mode: 0
I200630 17:02:31.128486 58 storage/rocksdb.go:102                   Options.enable_thread_tracking: 0
I200630 17:02:31.128510 58 storage/rocksdb.go:102                   Options.enable_pipelined_write: 0
I200630 17:02:31.128533 58 storage/rocksdb.go:102          Options.allow_concurrent_memtable_write: 1
I200630 17:02:31.128557 58 storage/rocksdb.go:102       Options.enable_write_thread_adaptive_yield: 1
I200630 17:02:31.128581 58 storage/rocksdb.go:102              Options.write_thread_max_yield_usec: 100
I200630 17:02:31.128605 58 storage/rocksdb.go:102             Options.write_thread_slow_yield_usec: 3
I200630 17:02:31.128627 58 storage/rocksdb.go:102                                Options.row_cache: None
I200630 17:02:31.128651 58 storage/rocksdb.go:102                               Options.wal_filter: None
I200630 17:02:31.128675 58 storage/rocksdb.go:102              Options.avoid_flush_during_recovery: 0
I200630 17:02:31.128699 58 storage/rocksdb.go:102              Options.allow_ingest_behind: 0
I200630 17:02:31.128725 58 storage/rocksdb.go:102              Options.preserve_deletes: 0
I200630 17:02:31.128749 58 storage/rocksdb.go:102              Options.two_write_queues: 0
I200630 17:02:31.128772 58 storage/rocksdb.go:102              Options.manual_wal_flush: 1
I200630 17:02:31.128796 58 storage/rocksdb.go:102              Options.atomic_flush: 0
I200630 17:02:31.128821 58 storage/rocksdb.go:102              Options.avoid_unnecessary_blocking_io: 0
I200630 17:02:31.128853 58 storage/rocksdb.go:102              Options.max_background_jobs: 4
I200630 17:02:31.128879 58 storage/rocksdb.go:102              Options.max_background_compactions: -1
I200630 17:02:31.128904 58 storage/rocksdb.go:102              Options.avoid_flush_during_shutdown: 0
I200630 17:02:31.128928 58 storage/rocksdb.go:102            Options.writable_file_max_buffer_size: 1048576
I200630 17:02:31.128952 58 storage/rocksdb.go:102              Options.delayed_write_rate : 16777216
I200630 17:02:31.128976 58 storage/rocksdb.go:102              Options.max_total_wal_size: 0
I200630 17:02:31.129001 58 storage/rocksdb.go:102              Options.delete_obsolete_files_period_micros: 21600000000
I200630 17:02:31.129025 58 storage/rocksdb.go:102                    Options.stats_dump_period_sec: 0
I200630 17:02:31.129050 58 storage/rocksdb.go:102                  Options.stats_persist_period_sec: 600
I200630 17:02:31.129074 58 storage/rocksdb.go:102                  Options.stats_history_buffer_size: 1048576
I200630 17:02:31.129097 58 storage/rocksdb.go:102                           Options.max_open_files: 128
I200630 17:02:31.129121 58 storage/rocksdb.go:102                           Options.bytes_per_sync: 524288
I200630 17:02:31.129145 58 storage/rocksdb.go:102                       Options.wal_bytes_per_sync: 0
I200630 17:02:31.129168 58 storage/rocksdb.go:102                    Options.strict_bytes_per_sync: 1
I200630 17:02:31.129192 58 storage/rocksdb.go:102        Options.compaction_readahead_size: 0
I200630 17:02:31.129215 58 storage/rocksdb.go:102  Compression algorithms supported:
I200630 17:02:31.129240 58 storage/rocksdb.go:102  	kZSTDNotFinalCompression supported: 0
I200630 17:02:31.129265 58 storage/rocksdb.go:102  	kZSTD supported: 0
I200630 17:02:31.129289 58 storage/rocksdb.go:102  	kXpressCompression supported: 0
I200630 17:02:31.129313 58 storage/rocksdb.go:102  	kLZ4HCCompression supported: 0
I200630 17:02:31.129337 58 storage/rocksdb.go:102  	kLZ4Compression supported: 0
I200630 17:02:31.129361 58 storage/rocksdb.go:102  	kBZip2Compression supported: 0
I200630 17:02:31.129385 58 storage/rocksdb.go:102  	kZlibCompression supported: 0
I200630 17:02:31.129409 58 storage/rocksdb.go:102  	kSnappyCompression supported: 1
I200630 17:02:31.129443 58 storage/rocksdb.go:102  Fast CRC32 supported: Supported on x86
I200630 17:02:31.129725 58 storage/rocksdb.go:102  [db/db_impl_open.cc:242] Creating manifest 1 
I200630 17:02:31.319391 58 storage/rocksdb.go:102  [db/version_set.cc:4072] Recovering from manifest file: /home/santiago/go/src/github.com/Santiagozh1998/SpyServer/cockroach-data/cockroach-temp337181773/MANIFEST-000001
I200630 17:02:31.321800 58 storage/rocksdb.go:102  [db/column_family.cc:488] --------------- Options for column family [default]:
I200630 17:02:31.321825 58 storage/rocksdb.go:102                Options.comparator: cockroach_comparator
I200630 17:02:31.321849 58 storage/rocksdb.go:102            Options.merge_operator: cockroach_merge_operator
I200630 17:02:31.321870 58 storage/rocksdb.go:102         Options.compaction_filter: None
I200630 17:02:31.321890 58 storage/rocksdb.go:102         Options.compaction_filter_factory: None
I200630 17:02:31.321911 58 storage/rocksdb.go:102          Options.memtable_factory: SkipListFactory
I200630 17:02:31.321930 58 storage/rocksdb.go:102             Options.table_factory: BlockBasedTable
I200630 17:02:31.322035 58 storage/rocksdb.go:102             table_factory options:   flush_block_policy_factory: FlushBlockBySizePolicyFactory (0x7fc86b824040)
  cache_index_and_filter_blocks: 0
  cache_index_and_filter_blocks_with_high_priority: 0
  pin_l0_filter_and_index_blocks_in_cache: 0
  pin_top_level_index_and_filter: 1
  index_type: 0
  data_block_index_type: 0
  index_shortening: 1
  data_block_hash_table_util_ratio: 0.750000
  hash_index_allow_collision: 1
  checksum: 1
  no_block_cache: 0
  block_cache: 0x7fc86b84b210
  block_cache_name: LRUCache
  block_cache_options:
    capacity : 1048576
    num_shard_bits : 4
    strict_capacity_limit : 0
    memory_allocator : None
    high_pri_pool_ratio: 0.000
  block_cache_compressed: (nil)
  persistent_cache: (nil)
  block_size: 32768
  block_size_deviation: 10
  block_restart_interval: 16
  index_block_restart_interval: 1
  metadata_block_size: 4096
  partition_filters: 0
  use_delta_encoding: 1
  filter_policy: rocksdb.BuiltinBloomFilter
  whole_key_filtering: 0
  verify_compression: 0
  read_amp_bytes_per_bit: 0
  format_version: 2
  enable_index_compression: 1
  block_align: 0
I200630 17:02:31.322063 58 storage/rocksdb.go:102         Options.write_buffer_size: 67108864
I200630 17:02:31.322089 58 storage/rocksdb.go:102   Options.max_write_buffer_number: 4
I200630 17:02:31.322110 58 storage/rocksdb.go:102           Options.compression: Snappy
I200630 17:02:31.322131 58 storage/rocksdb.go:102                   Options.bottommost_compression: Disabled
I200630 17:02:31.322167 58 storage/rocksdb.go:102        Options.prefix_extractor: cockroach_prefix_extractor
I200630 17:02:31.322188 58 storage/rocksdb.go:102    Options.memtable_insert_with_hint_prefix_extractor: nullptr
I200630 17:02:31.322209 58 storage/rocksdb.go:102              Options.num_levels: 7
I200630 17:02:31.322229 58 storage/rocksdb.go:102         Options.min_write_buffer_number_to_merge: 1
I200630 17:02:31.322249 58 storage/rocksdb.go:102      Options.max_write_buffer_number_to_maintain: 0
I200630 17:02:31.322270 58 storage/rocksdb.go:102             Options.bottommost_compression_opts.window_bits: -14
I200630 17:02:31.322290 58 storage/rocksdb.go:102                   Options.bottommost_compression_opts.level: 32767
I200630 17:02:31.322310 58 storage/rocksdb.go:102                Options.bottommost_compression_opts.strategy: 0
I200630 17:02:31.322330 58 storage/rocksdb.go:102          Options.bottommost_compression_opts.max_dict_bytes: 0
I200630 17:02:31.322350 58 storage/rocksdb.go:102          Options.bottommost_compression_opts.zstd_max_train_bytes: 0
I200630 17:02:31.322370 58 storage/rocksdb.go:102                   Options.bottommost_compression_opts.enabled: false
I200630 17:02:31.322390 58 storage/rocksdb.go:102             Options.compression_opts.window_bits: -14
I200630 17:02:31.322410 58 storage/rocksdb.go:102                   Options.compression_opts.level: 32767
I200630 17:02:31.322430 58 storage/rocksdb.go:102                Options.compression_opts.strategy: 0
I200630 17:02:31.322450 58 storage/rocksdb.go:102          Options.compression_opts.max_dict_bytes: 0
I200630 17:02:31.322470 58 storage/rocksdb.go:102          Options.compression_opts.zstd_max_train_bytes: 0
I200630 17:02:31.322490 58 storage/rocksdb.go:102                   Options.compression_opts.enabled: false
I200630 17:02:31.322509 58 storage/rocksdb.go:102       Options.level0_file_num_compaction_trigger: 2
I200630 17:02:31.322531 58 storage/rocksdb.go:102           Options.level0_slowdown_writes_trigger: 950
I200630 17:02:31.322552 58 storage/rocksdb.go:102               Options.level0_stop_writes_trigger: 1000
I200630 17:02:31.322571 58 storage/rocksdb.go:102                    Options.target_file_size_base: 4194304
I200630 17:02:31.322591 58 storage/rocksdb.go:102              Options.target_file_size_multiplier: 2
I200630 17:02:31.322611 58 storage/rocksdb.go:102                 Options.max_bytes_for_level_base: 67108864
I200630 17:02:31.322631 58 storage/rocksdb.go:102  Options.level_compaction_dynamic_level_bytes: 1
I200630 17:02:31.322656 58 storage/rocksdb.go:102           Options.max_bytes_for_level_multiplier: 10.000000
I200630 17:02:31.322678 58 storage/rocksdb.go:102  Options.max_bytes_for_level_multiplier_addtl[0]: 1
I200630 17:02:31.322698 58 storage/rocksdb.go:102  Options.max_bytes_for_level_multiplier_addtl[1]: 1
I200630 17:02:31.322719 58 storage/rocksdb.go:102  Options.max_bytes_for_level_multiplier_addtl[2]: 1
I200630 17:02:31.322740 58 storage/rocksdb.go:102  Options.max_bytes_for_level_multiplier_addtl[3]: 1
I200630 17:02:31.322760 58 storage/rocksdb.go:102  Options.max_bytes_for_level_multiplier_addtl[4]: 1
I200630 17:02:31.322780 58 storage/rocksdb.go:102  Options.max_bytes_for_level_multiplier_addtl[5]: 1
I200630 17:02:31.322800 58 storage/rocksdb.go:102  Options.max_bytes_for_level_multiplier_addtl[6]: 1
I200630 17:02:31.322820 58 storage/rocksdb.go:102        Options.max_sequential_skip_in_iterations: 8
I200630 17:02:31.322840 58 storage/rocksdb.go:102                     Options.max_compaction_bytes: 104857600
I200630 17:02:31.322860 58 storage/rocksdb.go:102                         Options.arena_block_size: 8388608
I200630 17:02:31.322880 58 storage/rocksdb.go:102    Options.soft_pending_compaction_bytes_limit: 2199023255552
I200630 17:02:31.322900 58 storage/rocksdb.go:102    Options.hard_pending_compaction_bytes_limit: 4400193994752
I200630 17:02:31.322920 58 storage/rocksdb.go:102        Options.rate_limit_delay_max_milliseconds: 100
I200630 17:02:31.322940 58 storage/rocksdb.go:102                 Options.disable_auto_compactions: 0
I200630 17:02:31.322973 58 storage/rocksdb.go:102                         Options.compaction_style: kCompactionStyleLevel
I200630 17:02:31.322997 58 storage/rocksdb.go:102                           Options.compaction_pri: kMinOverlappingRatio
I200630 17:02:31.323017 58 storage/rocksdb.go:102  Options.compaction_options_universal.size_ratio: 1
I200630 17:02:31.323037 58 storage/rocksdb.go:102  Options.compaction_options_universal.min_merge_width: 2
I200630 17:02:31.323057 58 storage/rocksdb.go:102  Options.compaction_options_universal.max_merge_width: 4294967295
I200630 17:02:31.323077 58 storage/rocksdb.go:102  Options.compaction_options_universal.max_size_amplification_percent: 200
I200630 17:02:31.323098 58 storage/rocksdb.go:102  Options.compaction_options_universal.compression_size_percent: -1
I200630 17:02:31.323121 58 storage/rocksdb.go:102  Options.compaction_options_universal.stop_style: kCompactionStopStyleTotalSize
I200630 17:02:31.323141 58 storage/rocksdb.go:102  Options.compaction_options_fifo.max_table_files_size: 1073741824
I200630 17:02:31.323199 58 storage/rocksdb.go:102  Options.compaction_options_fifo.allow_compaction: 0
I200630 17:02:31.323237 58 storage/rocksdb.go:102                    Options.table_properties_collectors: TimeBoundTblPropCollectorFactory; DeleteRangeTblPropCollectorFactory; 
I200630 17:02:31.323260 58 storage/rocksdb.go:102                    Options.inplace_update_support: 0
I200630 17:02:31.323281 58 storage/rocksdb.go:102                  Options.inplace_update_num_locks: 10000
I200630 17:02:31.323304 58 storage/rocksdb.go:102                Options.memtable_prefix_bloom_size_ratio: 0.000000
I200630 17:02:31.323325 58 storage/rocksdb.go:102                Options.memtable_whole_key_filtering: 0
I200630 17:02:31.323345 58 storage/rocksdb.go:102    Options.memtable_huge_page_size: 0
I200630 17:02:31.323365 58 storage/rocksdb.go:102                            Options.bloom_locality: 0
I200630 17:02:31.323385 58 storage/rocksdb.go:102                     Options.max_successive_merges: 0
I200630 17:02:31.323405 58 storage/rocksdb.go:102                 Options.optimize_filters_for_hits: 1
I200630 17:02:31.323425 58 storage/rocksdb.go:102                 Options.paranoid_file_checks: 0
I200630 17:02:31.323445 58 storage/rocksdb.go:102                 Options.force_consistency_checks: 0
I200630 17:02:31.323465 58 storage/rocksdb.go:102                 Options.report_bg_io_stats: 0
I200630 17:02:31.323485 58 storage/rocksdb.go:102                                Options.ttl: 0
I200630 17:02:31.323505 58 storage/rocksdb.go:102           Options.periodic_compaction_seconds: 0
I200630 17:02:31.325093 58 storage/rocksdb.go:102  [db/version_set.cc:4286] Recovered from manifest file:/home/santiago/go/src/github.com/Santiagozh1998/SpyServer/cockroach-data/cockroach-temp337181773/MANIFEST-000001 succeeded,manifest_file_number is 1, next_file_number is 3, last_sequence is 0, log_number is 0,prev_log_number is 0,max_column_family is 0,min_log_number_to_keep is 0
I200630 17:02:31.325128 58 storage/rocksdb.go:102  [db/version_set.cc:4295] Column family [default] (ID 0), log number is 0
I200630 17:02:31.390560 58 storage/rocksdb.go:102  DB pointer 0x7fc86b98a000
I200630 17:02:31.690741 58 storage/rocksdb.go:102  RocksDB version: 6.2.1
I200630 17:02:31.690773 58 storage/rocksdb.go:102  Git sha rocksdb_build_git_sha:@e494e15a0b08c13fafd5710f279f348d47d476de@
I200630 17:02:31.690790 58 storage/rocksdb.go:102  Compile date Jun  9 2020
I200630 17:02:31.690807 58 storage/rocksdb.go:102  DB SUMMARY
I200630 17:02:31.690992 58 storage/rocksdb.go:102  CURRENT file:  CURRENT
I200630 17:02:31.691009 58 storage/rocksdb.go:102  IDENTITY file:  IDENTITY
I200630 17:02:31.691079 58 storage/rocksdb.go:102  MANIFEST file:  MANIFEST-000092 size: 677 Bytes
I200630 17:02:31.691298 58 storage/rocksdb.go:102  SST files in /home/santiago/go/src/github.com/Santiagozh1998/SpyServer/cockroach-data dir, Total Num: 3, files: 000098.sst 000099.sst 000101.sst 
I200630 17:02:31.691313 58 storage/rocksdb.go:102  Write Ahead Log file in /home/santiago/go/src/github.com/Santiagozh1998/SpyServer/cockroach-data: 000096.log size: 59845524 ; 000100.log size: 53468554 ; 
I200630 17:02:31.691332 58 storage/rocksdb.go:102                          Options.error_if_exists: 0
I200630 17:02:31.691346 58 storage/rocksdb.go:102                        Options.create_if_missing: 1
I200630 17:02:31.691359 58 storage/rocksdb.go:102                          Options.paranoid_checks: 1
I200630 17:02:31.691372 58 storage/rocksdb.go:102                                      Options.env: 0x7571de0
I200630 17:02:31.691385 58 storage/rocksdb.go:102                                 Options.info_log: 0x7fc85dc19080
I200630 17:02:31.691398 58 storage/rocksdb.go:102                 Options.max_file_opening_threads: 16
I200630 17:02:31.691411 58 storage/rocksdb.go:102                               Options.statistics: 0x7fc85dc1f010
I200630 17:02:31.691424 58 storage/rocksdb.go:102                                Options.use_fsync: 0
I200630 17:02:31.691486 58 storage/rocksdb.go:102                        Options.max_log_file_size: 0
I200630 17:02:31.691503 58 storage/rocksdb.go:102                   Options.max_manifest_file_size: 134217728
I200630 17:02:31.691517 58 storage/rocksdb.go:102                    Options.log_file_time_to_roll: 0
I200630 17:02:31.691530 58 storage/rocksdb.go:102                        Options.keep_log_file_num: 1000
I200630 17:02:31.691543 58 storage/rocksdb.go:102                     Options.recycle_log_file_num: 1
I200630 17:02:31.691556 58 storage/rocksdb.go:102                          Options.allow_fallocate: 1
I200630 17:02:31.691569 58 storage/rocksdb.go:102                         Options.allow_mmap_reads: 0
I200630 17:02:31.691583 58 storage/rocksdb.go:102                        Options.allow_mmap_writes: 0
I200630 17:02:31.691596 58 storage/rocksdb.go:102                         Options.use_direct_reads: 0
I200630 17:02:31.691611 58 storage/rocksdb.go:102                         Options.use_direct_io_for_flush_and_compaction: 0
I200630 17:02:31.691624 58 storage/rocksdb.go:102           Options.create_missing_column_families: 0
I200630 17:02:31.691637 58 storage/rocksdb.go:102                               Options.db_log_dir: 
I200630 17:02:31.691650 58 storage/rocksdb.go:102                                  Options.wal_dir: /home/santiago/go/src/github.com/Santiagozh1998/SpyServer/cockroach-data
I200630 17:02:31.691663 58 storage/rocksdb.go:102                 Options.table_cache_numshardbits: 6
I200630 17:02:31.691676 58 storage/rocksdb.go:102                       Options.max_subcompactions: 1
I200630 17:02:31.691689 58 storage/rocksdb.go:102                   Options.max_background_flushes: -1
I200630 17:02:31.691702 58 storage/rocksdb.go:102                          Options.WAL_ttl_seconds: 0
I200630 17:02:31.691715 58 storage/rocksdb.go:102                        Options.WAL_size_limit_MB: 0
I200630 17:02:31.691728 58 storage/rocksdb.go:102              Options.manifest_preallocation_size: 4194304
I200630 17:02:31.691741 58 storage/rocksdb.go:102                      Options.is_fd_close_on_exec: 1
I200630 17:02:31.691754 58 storage/rocksdb.go:102                    Options.advise_random_on_open: 1
I200630 17:02:31.691767 58 storage/rocksdb.go:102                     Options.db_write_buffer_size: 0
I200630 17:02:31.691780 58 storage/rocksdb.go:102                     Options.write_buffer_manager: 0x7fc85dc87030
I200630 17:02:31.691794 58 storage/rocksdb.go:102          Options.access_hint_on_compaction_start: 1
I200630 17:02:31.691807 58 storage/rocksdb.go:102   Options.new_table_reader_for_compaction_inputs: 0
I200630 17:02:31.691820 58 storage/rocksdb.go:102            Options.random_access_max_buffer_size: 1048576
I200630 17:02:31.691833 58 storage/rocksdb.go:102                       Options.use_adaptive_mutex: 0
I200630 17:02:31.691847 58 storage/rocksdb.go:102                             Options.rate_limiter: (nil)
I200630 17:02:31.691860 58 storage/rocksdb.go:102      Options.sst_file_manager.rate_bytes_per_sec: 0
I200630 17:02:31.691874 58 storage/rocksdb.go:102                        Options.wal_recovery_mode: 0
I200630 17:02:31.691888 58 storage/rocksdb.go:102                   Options.enable_thread_tracking: 0
I200630 17:02:31.691902 58 storage/rocksdb.go:102                   Options.enable_pipelined_write: 0
I200630 17:02:31.691930 58 storage/rocksdb.go:102          Options.allow_concurrent_memtable_write: 1
I200630 17:02:31.691943 58 storage/rocksdb.go:102       Options.enable_write_thread_adaptive_yield: 1
I200630 17:02:31.691956 58 storage/rocksdb.go:102              Options.write_thread_max_yield_usec: 100
I200630 17:02:31.691969 58 storage/rocksdb.go:102             Options.write_thread_slow_yield_usec: 3
I200630 17:02:31.691982 58 storage/rocksdb.go:102                                Options.row_cache: None
I200630 17:02:31.691995 58 storage/rocksdb.go:102                               Options.wal_filter: None
I200630 17:02:31.692008 58 storage/rocksdb.go:102              Options.avoid_flush_during_recovery: 0
I200630 17:02:31.692021 58 storage/rocksdb.go:102              Options.allow_ingest_behind: 0
I200630 17:02:31.692034 58 storage/rocksdb.go:102              Options.preserve_deletes: 0
I200630 17:02:31.692048 58 storage/rocksdb.go:102              Options.two_write_queues: 0
I200630 17:02:31.692060 58 storage/rocksdb.go:102              Options.manual_wal_flush: 1
I200630 17:02:31.692073 58 storage/rocksdb.go:102              Options.atomic_flush: 0
I200630 17:02:31.692087 58 storage/rocksdb.go:102              Options.avoid_unnecessary_blocking_io: 0
I200630 17:02:31.692100 58 storage/rocksdb.go:102              Options.max_background_jobs: 4
I200630 17:02:31.692113 58 storage/rocksdb.go:102              Options.max_background_compactions: -1
I200630 17:02:31.692126 58 storage/rocksdb.go:102              Options.avoid_flush_during_shutdown: 0
I200630 17:02:31.692139 58 storage/rocksdb.go:102            Options.writable_file_max_buffer_size: 1048576
I200630 17:02:31.692152 58 storage/rocksdb.go:102              Options.delayed_write_rate : 16777216
I200630 17:02:31.692164 58 storage/rocksdb.go:102              Options.max_total_wal_size: 0
I200630 17:02:31.692178 58 storage/rocksdb.go:102              Options.delete_obsolete_files_period_micros: 21600000000
I200630 17:02:31.692190 58 storage/rocksdb.go:102                    Options.stats_dump_period_sec: 0
I200630 17:02:31.692204 58 storage/rocksdb.go:102                  Options.stats_persist_period_sec: 600
I200630 17:02:31.692220 58 storage/rocksdb.go:102                  Options.stats_history_buffer_size: 1048576
I200630 17:02:31.692233 58 storage/rocksdb.go:102                           Options.max_open_files: 3840
I200630 17:02:31.692246 58 storage/rocksdb.go:102                           Options.bytes_per_sync: 524288
I200630 17:02:31.692259 58 storage/rocksdb.go:102                       Options.wal_bytes_per_sync: 0
I200630 17:02:31.692272 58 storage/rocksdb.go:102                    Options.strict_bytes_per_sync: 1
I200630 17:02:31.692286 58 storage/rocksdb.go:102        Options.compaction_readahead_size: 0
I200630 17:02:31.692298 58 storage/rocksdb.go:102  Compression algorithms supported:
I200630 17:02:31.692314 58 storage/rocksdb.go:102  	kZSTDNotFinalCompression supported: 0
I200630 17:02:31.692328 58 storage/rocksdb.go:102  	kZSTD supported: 0
I200630 17:02:31.692343 58 storage/rocksdb.go:102  	kXpressCompression supported: 0
I200630 17:02:31.692357 58 storage/rocksdb.go:102  	kLZ4HCCompression supported: 0
I200630 17:02:31.692370 58 storage/rocksdb.go:102  	kLZ4Compression supported: 0
I200630 17:02:31.692383 58 storage/rocksdb.go:102  	kBZip2Compression supported: 0
I200630 17:02:31.692397 58 storage/rocksdb.go:102  	kZlibCompression supported: 0
I200630 17:02:31.692411 58 storage/rocksdb.go:102  	kSnappyCompression supported: 1
I200630 17:02:31.692431 58 storage/rocksdb.go:102  Fast CRC32 supported: Supported on x86
I200630 17:02:31.699827 58 storage/rocksdb.go:102  [db/version_set.cc:4072] Recovering from manifest file: /home/santiago/go/src/github.com/Santiagozh1998/SpyServer/cockroach-data/MANIFEST-000092
I200630 17:02:31.700091 58 storage/rocksdb.go:102  [db/column_family.cc:488] --------------- Options for column family [default]:
I200630 17:02:31.700106 58 storage/rocksdb.go:102                Options.comparator: cockroach_comparator
I200630 17:02:31.700121 58 storage/rocksdb.go:102            Options.merge_operator: cockroach_merge_operator
I200630 17:02:31.700134 58 storage/rocksdb.go:102         Options.compaction_filter: None
I200630 17:02:31.700148 58 storage/rocksdb.go:102         Options.compaction_filter_factory: None
I200630 17:02:31.700162 58 storage/rocksdb.go:102          Options.memtable_factory: SkipListFactory
I200630 17:02:31.700175 58 storage/rocksdb.go:102             Options.table_factory: BlockBasedTable
I200630 17:02:31.700259 58 storage/rocksdb.go:102             table_factory options:   flush_block_policy_factory: FlushBlockBySizePolicyFactory (0x7fc85dc1d028)
  cache_index_and_filter_blocks: 0
  cache_index_and_filter_blocks_with_high_priority: 0
  pin_l0_filter_and_index_blocks_in_cache: 0
  pin_top_level_index_and_filter: 1
  index_type: 0
  data_block_index_type: 0
  index_shortening: 1
  data_block_hash_table_util_ratio: 0.750000
  hash_index_allow_collision: 1
  checksum: 1
  no_block_cache: 0
  block_cache: 0x7fc85dc0e010
  block_cache_name: LRUCache
  block_cache_options:
    capacity : 67108864
    num_shard_bits : 4
    strict_capacity_limit : 0
    memory_allocator : None
    high_pri_pool_ratio: 0.000
  block_cache_compressed: (nil)
  persistent_cache: (nil)
  block_size: 32768
  block_size_deviation: 10
  block_restart_interval: 16
  index_block_restart_interval: 1
  metadata_block_size: 4096
  partition_filters: 0
  use_delta_encoding: 1
  filter_policy: rocksdb.BuiltinBloomFilter
  whole_key_filtering: 0
  verify_compression: 0
  read_amp_bytes_per_bit: 0
  format_version: 2
  enable_index_compression: 1
  block_align: 0
I200630 17:02:31.700281 58 storage/rocksdb.go:102         Options.write_buffer_size: 67108864
I200630 17:02:31.700298 58 storage/rocksdb.go:102   Options.max_write_buffer_number: 4
I200630 17:02:31.700311 58 storage/rocksdb.go:102           Options.compression: Snappy
I200630 17:02:31.700325 58 storage/rocksdb.go:102                   Options.bottommost_compression: Disabled
I200630 17:02:31.700340 58 storage/rocksdb.go:102        Options.prefix_extractor: cockroach_prefix_extractor
I200630 17:02:31.700353 58 storage/rocksdb.go:102    Options.memtable_insert_with_hint_prefix_extractor: nullptr
I200630 17:02:31.700366 58 storage/rocksdb.go:102              Options.num_levels: 7
I200630 17:02:31.700379 58 storage/rocksdb.go:102         Options.min_write_buffer_number_to_merge: 1
I200630 17:02:31.700392 58 storage/rocksdb.go:102      Options.max_write_buffer_number_to_maintain: 0
I200630 17:02:31.700406 58 storage/rocksdb.go:102             Options.bottommost_compression_opts.window_bits: -14
I200630 17:02:31.700419 58 storage/rocksdb.go:102                   Options.bottommost_compression_opts.level: 32767
I200630 17:02:31.700432 58 storage/rocksdb.go:102                Options.bottommost_compression_opts.strategy: 0
I200630 17:02:31.700445 58 storage/rocksdb.go:102          Options.bottommost_compression_opts.max_dict_bytes: 0
I200630 17:02:31.700458 58 storage/rocksdb.go:102          Options.bottommost_compression_opts.zstd_max_train_bytes: 0
I200630 17:02:31.700471 58 storage/rocksdb.go:102                   Options.bottommost_compression_opts.enabled: false
I200630 17:02:31.700484 58 storage/rocksdb.go:102             Options.compression_opts.window_bits: -14
I200630 17:02:31.700497 58 storage/rocksdb.go:102                   Options.compression_opts.level: 32767
I200630 17:02:31.700510 58 storage/rocksdb.go:102                Options.compression_opts.strategy: 0
I200630 17:02:31.700523 58 storage/rocksdb.go:102          Options.compression_opts.max_dict_bytes: 0
I200630 17:02:31.700536 58 storage/rocksdb.go:102          Options.compression_opts.zstd_max_train_bytes: 0
I200630 17:02:31.700548 58 storage/rocksdb.go:102                   Options.compression_opts.enabled: false
I200630 17:02:31.700561 58 storage/rocksdb.go:102       Options.level0_file_num_compaction_trigger: 2
I200630 17:02:31.700574 58 storage/rocksdb.go:102           Options.level0_slowdown_writes_trigger: 950
I200630 17:02:31.700587 58 storage/rocksdb.go:102               Options.level0_stop_writes_trigger: 1000
I200630 17:02:31.700600 58 storage/rocksdb.go:102                    Options.target_file_size_base: 4194304
I200630 17:02:31.700613 58 storage/rocksdb.go:102              Options.target_file_size_multiplier: 2
I200630 17:02:31.700626 58 storage/rocksdb.go:102                 Options.max_bytes_for_level_base: 67108864
I200630 17:02:31.700639 58 storage/rocksdb.go:102  Options.level_compaction_dynamic_level_bytes: 1
I200630 17:02:31.700655 58 storage/rocksdb.go:102           Options.max_bytes_for_level_multiplier: 10.000000
I200630 17:02:31.700669 58 storage/rocksdb.go:102  Options.max_bytes_for_level_multiplier_addtl[0]: 1
I200630 17:02:31.700683 58 storage/rocksdb.go:102  Options.max_bytes_for_level_multiplier_addtl[1]: 1
I200630 17:02:31.700696 58 storage/rocksdb.go:102  Options.max_bytes_for_level_multiplier_addtl[2]: 1
I200630 17:02:31.700709 58 storage/rocksdb.go:102  Options.max_bytes_for_level_multiplier_addtl[3]: 1
I200630 17:02:31.700722 58 storage/rocksdb.go:102  Options.max_bytes_for_level_multiplier_addtl[4]: 1
I200630 17:02:31.700735 58 storage/rocksdb.go:102  Options.max_bytes_for_level_multiplier_addtl[5]: 1
I200630 17:02:31.700750 58 storage/rocksdb.go:102  Options.max_bytes_for_level_multiplier_addtl[6]: 1
I200630 17:02:31.700764 58 storage/rocksdb.go:102        Options.max_sequential_skip_in_iterations: 8
I200630 17:02:31.700777 58 storage/rocksdb.go:102                     Options.max_compaction_bytes: 104857600
I200630 17:02:31.700790 58 storage/rocksdb.go:102                         Options.arena_block_size: 8388608
I200630 17:02:31.700805 58 storage/rocksdb.go:102    Options.soft_pending_compaction_bytes_limit: 2199023255552
I200630 17:02:31.700819 58 storage/rocksdb.go:102    Options.hard_pending_compaction_bytes_limit: 4400193994752
I200630 17:02:31.700832 58 storage/rocksdb.go:102        Options.rate_limit_delay_max_milliseconds: 100
I200630 17:02:31.700845 58 storage/rocksdb.go:102                 Options.disable_auto_compactions: 0
I200630 17:02:31.700863 58 storage/rocksdb.go:102                         Options.compaction_style: kCompactionStyleLevel
I200630 17:02:31.700879 58 storage/rocksdb.go:102                           Options.compaction_pri: kMinOverlappingRatio
I200630 17:02:31.700892 58 storage/rocksdb.go:102  Options.compaction_options_universal.size_ratio: 1
I200630 17:02:31.700905 58 storage/rocksdb.go:102  Options.compaction_options_universal.min_merge_width: 2
I200630 17:02:31.700918 58 storage/rocksdb.go:102  Options.compaction_options_universal.max_merge_width: 4294967295
I200630 17:02:31.700933 58 storage/rocksdb.go:102  Options.compaction_options_universal.max_size_amplification_percent: 200
I200630 17:02:31.700947 58 storage/rocksdb.go:102  Options.compaction_options_universal.compression_size_percent: -1
I200630 17:02:31.700963 58 storage/rocksdb.go:102  Options.compaction_options_universal.stop_style: kCompactionStopStyleTotalSize
I200630 17:02:31.700976 58 storage/rocksdb.go:102  Options.compaction_options_fifo.max_table_files_size: 1073741824
I200630 17:02:31.700990 58 storage/rocksdb.go:102  Options.compaction_options_fifo.allow_compaction: 0
I200630 17:02:31.701008 58 storage/rocksdb.go:102                    Options.table_properties_collectors: TimeBoundTblPropCollectorFactory; DeleteRangeTblPropCollectorFactory; 
I200630 17:02:31.701023 58 storage/rocksdb.go:102                    Options.inplace_update_support: 0
I200630 17:02:31.701036 58 storage/rocksdb.go:102                  Options.inplace_update_num_locks: 10000
I200630 17:02:31.701051 58 storage/rocksdb.go:102                Options.memtable_prefix_bloom_size_ratio: 0.000000
I200630 17:02:31.701066 58 storage/rocksdb.go:102                Options.memtable_whole_key_filtering: 0
I200630 17:02:31.701079 58 storage/rocksdb.go:102    Options.memtable_huge_page_size: 0
I200630 17:02:31.701092 58 storage/rocksdb.go:102                            Options.bloom_locality: 0
I200630 17:02:31.701106 58 storage/rocksdb.go:102                     Options.max_successive_merges: 0
I200630 17:02:31.701119 58 storage/rocksdb.go:102                 Options.optimize_filters_for_hits: 1
I200630 17:02:31.701134 58 storage/rocksdb.go:102                 Options.paranoid_file_checks: 0
I200630 17:02:31.701148 58 storage/rocksdb.go:102                 Options.force_consistency_checks: 0
I200630 17:02:31.701161 58 storage/rocksdb.go:102                 Options.report_bg_io_stats: 0
I200630 17:02:31.701174 58 storage/rocksdb.go:102                                Options.ttl: 0
I200630 17:02:31.701187 58 storage/rocksdb.go:102           Options.periodic_compaction_seconds: 0
I200630 17:02:31.768637 58 storage/rocksdb.go:102  [db/version_set.cc:4286] Recovered from manifest file:/home/santiago/go/src/github.com/Santiagozh1998/SpyServer/cockroach-data/MANIFEST-000092 succeeded,manifest_file_number is 92, next_file_number is 103, last_sequence is 5668656, log_number is 100,prev_log_number is 0,max_column_family is 0,min_log_number_to_keep is 0
I200630 17:02:31.768680 58 storage/rocksdb.go:102  [db/version_set.cc:4295] Column family [default] (ID 0), log number is 100
I200630 17:02:31.769075 58 storage/rocksdb.go:102  EVENT_LOG_v1 {"time_micros": 1593536551769012, "job": 1, "event": "recovery_started", "log_files": [96, 100]}
I200630 17:02:31.769114 58 storage/rocksdb.go:102  [db/db_impl_open.cc:586] Skipping log #96 since it is older than min log to keep #100
I200630 17:02:31.769152 58 storage/rocksdb.go:102  [db/db_impl_open.cc:598] Recovering log #100 mode 0
I200630 17:02:34.534873 58 storage/rocksdb.go:102  EVENT_LOG_v1 {"time_micros": 1593536554534634, "cf_name": "default", "job": 1, "event": "table_file_creation", "file_number": 103, "file_size": 340155, "table_properties": {"data_size": 329692, "index_size": 3383, "index_partitions": 0, "top_level_index_size": 0, "index_key_is_user_key": 0, "index_value_is_delta_encoded": 0, "filter_size": 7749, "raw_key_size": 230384, "raw_average_key_size": 32, "raw_value_size": 1858191, "raw_average_value_size": 259, "num_data_blocks": 60, "num_entries": 7166, "num_deletions": 4843, "num_merge_operands": 1384, "num_range_deletions": 1384, "format_version": 0, "fixed_key_len": 0, "filter_policy": "rocksdb.BuiltinBloomFilter", "column_family_name": "default", "column_family_id": 0, "comparator": "cockroach_comparator", "merge_operator": "cockroach_merge_operator", "prefix_extractor_name": "cockroach_prefix_extractor", "property_collectors": "[TimeBoundTblPropCollectorFactory,DeleteRangeTblPropCollectorFactory]", "compression": "Snappy", "compression_options": "window_bits=-14; level=32767; strategy=0; max_dict_bytes=0; zstd_max_train_bytes=0; enabled=0; ", "creation_time": 1593536552, "oldest_key_time": 3, "file_creation_time": 0}}
I200630 17:02:34.541210 58 storage/rocksdb.go:102  [db/version_set.cc:3560] Creating manifest 104
I200630 17:02:34.644585 58 storage/rocksdb.go:102  EVENT_LOG_v1 {"time_micros": 1593536554644394, "job": 1, "event": "recovery_finished"}
I200630 17:02:34.764292 58 storage/rocksdb.go:102  DB pointer 0x7fc85dc99000
I200630 17:02:34.764374 17 storage/rocksdb.go:102  [db/compaction_job.cc:1647] [default] [JOB 3] Compacting 2@0 + 2@6 files to L6, score 1.00
I200630 17:02:34.764434 17 storage/rocksdb.go:102  [db/compaction_job.cc:1651] [default] Compaction start summary: Base version 2 Base level 0, inputs: [103(332KB) 101(360KB)], [98(4117KB) 99(2667KB)]
I200630 17:02:34.764575 17 storage/rocksdb.go:102  EVENT_LOG_v1 {"time_micros": 1593536554764486, "job": 3, "event": "compaction_started", "compaction_reason": "LevelL0FilesNum", "files_L0": [103, 101], "files_L6": [98, 99], "score": 1, "input_data_size": 7656449}
I200630 17:02:35.513014 17 storage/rocksdb.go:102  [db/compaction_job.cc:1334] [default] [JOB 3] Generated table #108: 12742 keys, 4216957 bytes
I200630 17:02:35.513380 17 storage/rocksdb.go:102  EVENT_LOG_v1 {"time_micros": 1593536555513171, "cf_name": "default", "job": 3, "event": "table_file_creation", "file_number": 108, "file_size": 4216957, "table_properties": {"data_size": 4197382, "index_size": 67726, "index_partitions": 0, "top_level_index_size": 0, "index_key_is_user_key": 0, "index_value_is_delta_encoded": 0, "filter_size": 0, "raw_key_size": 656735, "raw_average_key_size": 51, "raw_value_size": 30361791, "raw_average_value_size": 2382, "num_data_blocks": 996, "num_entries": 12742, "num_deletions": 0, "num_merge_operands": 0, "num_range_deletions": 0, "format_version": 0, "fixed_key_len": 0, "filter_policy": "rocksdb.BuiltinBloomFilter", "column_family_name": "default", "column_family_id": 0, "comparator": "cockroach_comparator", "merge_operator": "cockroach_merge_operator", "prefix_extractor_name": "cockroach_prefix_extractor", "property_collectors": "[TimeBoundTblPropCollectorFactory,DeleteRangeTblPropCollectorFactory]", "compression": "Snappy", "compression_options": "window_bits=-14; level=32767; strategy=0; max_dict_bytes=0; zstd_max_train_bytes=0; enabled=0; ", "creation_time": 1593536552, "oldest_key_time": 0, "file_creation_time": 1593536554}}
I200630 17:02:35.955775 17 storage/rocksdb.go:102  [db/compaction_job.cc:1334] [default] [JOB 3] Generated table #109: 14521 keys, 3242677 bytes
I200630 17:02:35.956044 17 storage/rocksdb.go:102  EVENT_LOG_v1 {"time_micros": 1593536555955889, "cf_name": "default", "job": 3, "event": "table_file_creation", "file_number": 109, "file_size": 3242677, "table_properties": {"data_size": 3228805, "index_size": 42968, "index_partitions": 0, "top_level_index_size": 0, "index_key_is_user_key": 0, "index_value_is_delta_encoded": 0, "filter_size": 0, "raw_key_size": 608329, "raw_average_key_size": 41, "raw_value_size": 19342062, "raw_average_value_size": 1332, "num_data_blocks": 640, "num_entries": 14521, "num_deletions": 0, "num_merge_operands": 0, "num_range_deletions": 0, "format_version": 0, "fixed_key_len": 0, "filter_policy": "rocksdb.BuiltinBloomFilter", "column_family_name": "default", "column_family_id": 0, "comparator": "cockroach_comparator", "merge_operator": "cockroach_merge_operator", "prefix_extractor_name": "cockroach_prefix_extractor", "property_collectors": "[TimeBoundTblPropCollectorFactory,DeleteRangeTblPropCollectorFactory]", "compression": "Snappy", "compression_options": "window_bits=-14; level=32767; strategy=0; max_dict_bytes=0; zstd_max_train_bytes=0; enabled=0; ", "creation_time": 1593536552, "oldest_key_time": 0, "file_creation_time": 1593536555}}
I200630 17:02:36.028441 17 storage/rocksdb.go:102  [db/compaction_job.cc:1397] [default] [JOB 3] Compacted 2@0 + 2@6 files to L6 => 7459634 bytes
I200630 17:02:36.115975 17 storage/rocksdb.go:102  (Original Log Time 2020/06/30-12:02:36.115468) [db/compaction_job.cc:770] [default] compacted to: base level 6 level multiplier 10.00 max bytes base 67108864 files[0 0 0 0 0 0 2] max score 0.00, MB/sec: 6.4 rd, 6.3 wr, level 6, files in(2, 2) out(2) MB in(0.7, 6.6) out(7.1), read-write-amplify(21.3) write-amplify(10.5) OK, records in: 39940, records dropped: 11293 output_compression: Snappy
I200630 17:02:36.116051 17 storage/rocksdb.go:102  (Original Log Time 2020/06/30-12:02:36.115577) EVENT_LOG_v1 {"time_micros": 1593536556115525, "job": 3, "event": "compaction_finished", "compaction_time_micros": 1192080, "compaction_time_cpu_micros": 422143, "output_level": 6, "num_output_files": 2, "total_output_size": 7459634, "num_input_records": 38556, "num_output_records": 27263, "num_subcompactions": 1, "output_compression": "Snappy", "num_single_delete_mismatches": 0, "num_single_delete_fallthrough": 0, "lsm_state": [0, 0, 0, 0, 0, 0, 2]}
I200630 17:02:36.116559 17 storage/rocksdb.go:102  EVENT_LOG_v1 {"time_micros": 1593536556116505, "job": 3, "event": "table_file_deletion", "file_number": 103}
I200630 17:02:36.152128 17 storage/rocksdb.go:102  EVENT_LOG_v1 {"time_micros": 1593536556151969, "job": 3, "event": "table_file_deletion", "file_number": 101}
I200630 17:02:36.152609 17 storage/rocksdb.go:102  EVENT_LOG_v1 {"time_micros": 1593536556152583, "job": 3, "event": "table_file_deletion", "file_number": 99}
I200630 17:02:36.153137 17 storage/rocksdb.go:102  EVENT_LOG_v1 {"time_micros": 1593536556153113, "job": 3, "event": "table_file_deletion", "file_number": 98}
I200630 17:46:16.517154 146 storage/rocksdb.go:102  [db/db_impl_write.cc:1437] [default] New memtable created with log file: #110. Immutable memtables: 0.
I200630 17:46:16.517370 17 storage/rocksdb.go:102  (Original Log Time 2020/06/30-12:46:16.517268) [db/db_impl_compaction_flush.cc:2097] Calling FlushMemTableToOutputFile with column family [default], flush slots available 1, compaction slots available 1, flush slots scheduled 1, compaction slots scheduled 0
I200630 17:46:16.517402 17 storage/rocksdb.go:102  [db/flush_job.cc:322] [default] [JOB 4] Flushing memtable with next log file: 110
I200630 17:46:16.517508 17 storage/rocksdb.go:102  EVENT_LOG_v1 {"time_micros": 1593539176517452, "job": 4, "event": "flush_started", "num_memtables": 1, "num_entries": 213800, "num_deletes": 6526, "total_data_size": 60967869, "memory_usage": 65050400, "flush_reason": "Write Buffer Full"}
I200630 17:46:16.517531 17 storage/rocksdb.go:102  [db/flush_job.cc:351] [default] [JOB 4] Level-0 flush table #111: started
I200630 17:46:18.732532 17 storage/rocksdb.go:102  EVENT_LOG_v1 {"time_micros": 1593539178732374, "cf_name": "default", "job": 4, "event": "table_file_creation", "file_number": 111, "file_size": 408508, "table_properties": {"data_size": 396802, "index_size": 3608, "index_partitions": 0, "top_level_index_size": 0, "index_key_is_user_key": 0, "index_value_is_delta_encoded": 0, "filter_size": 8773, "raw_key_size": 245118, "raw_average_key_size": 29, "raw_value_size": 2176595, "raw_average_value_size": 258, "num_data_blocks": 71, "num_entries": 8434, "num_deletions": 6329, "num_merge_operands": 692, "num_range_deletions": 692, "format_version": 0, "fixed_key_len": 0, "filter_policy": "rocksdb.BuiltinBloomFilter", "column_family_name": "default", "column_family_id": 0, "comparator": "cockroach_comparator", "merge_operator": "cockroach_merge_operator", "prefix_extractor_name": "cockroach_prefix_extractor", "property_collectors": "[TimeBoundTblPropCollectorFactory,DeleteRangeTblPropCollectorFactory]", "compression": "Snappy", "compression_options": "window_bits=-14; level=32767; strategy=0; max_dict_bytes=0; zstd_max_train_bytes=0; enabled=0; ", "creation_time": 1593539176, "oldest_key_time": 1593536554, "file_creation_time": 1593539176}}
I200630 17:46:18.732585 17 storage/rocksdb.go:102  [db/flush_job.cc:392] [default] [JOB 4] Level-0 flush table #111: 408508 bytes OK
I200630 17:46:18.799085 17 storage/rocksdb.go:102  [db/db_impl_files.cc:194] adding log 105 to recycle list
I200630 17:46:18.799153 17 storage/rocksdb.go:102  (Original Log Time 2020/06/30-12:46:18.754277) [db/memtable_list.cc:389] [default] Level-0 commit table #111 started
I200630 17:46:18.799214 17 storage/rocksdb.go:102  (Original Log Time 2020/06/30-12:46:18.798648) [db/memtable_list.cc:437] [default] Level-0 commit table #111: memtable #1 done
I200630 17:46:18.799253 17 storage/rocksdb.go:102  (Original Log Time 2020/06/30-12:46:18.798748) EVENT_LOG_v1 {"time_micros": 1593539178798705, "job": 4, "event": "flush_finished", "output_compression": "Snappy", "lsm_state": [1, 0, 0, 0, 0, 0, 2], "immutable_memtables": 0}
I200630 17:46:18.799296 17 storage/rocksdb.go:102  (Original Log Time 2020/06/30-12:46:18.798806) [db/db_impl_compaction_flush.cc:208] [default] Level summary: base level 6 level multiplier 10.00 max bytes base 67108864 files[1 0 0 0 0 0 2] max score 0.50
I200630 17:52:55.737283 35296 storage/rocksdb.go:102  bloom filter utility:    -nan%
I200630 17:52:55.781704 35296 storage/rocksdb.go:102  [db/db_impl.cc:392] Shutdown: canceling all background work
I200630 17:52:55.826681 35296 storage/rocksdb.go:102  [db/db_impl.cc:565] Shutdown complete
I200630 17:52:55.915918 35296 storage/rocksdb.go:102  bloom filter utility:    70.1%
I200630 17:52:55.960128 35296 storage/rocksdb.go:102  [db/db_impl.cc:392] Shutdown: canceling all background work
I200630 17:52:56.007817 35296 storage/rocksdb.go:102  [db/db_impl.cc:565] Shutdown complete
