I200902 03:29:02.580586 1 util/log/sync_buffer.go:70  [config] file created at: 2020/09/02 03:29:02
I200902 03:29:02.580586 1 util/log/sync_buffer.go:70  [config] running on machine: santiago-HP-Notebook
I200902 03:29:02.580586 1 util/log/sync_buffer.go:70  [config] binary: CockroachDB CCL v20.1.2 (x86_64-unknown-linux-gnu, built 2020/06/09 16:11:36, go1.13.9)
I200902 03:29:02.580586 1 util/log/sync_buffer.go:70  [config] arguments: [cockroach start --insecure]
I200902 03:29:02.580586 1 util/log/sync_buffer.go:70  line format: [IWEF]yymmdd hh:mm:ss.uuuuuu goid file:line msg utf8=✓
I200902 03:29:02.580584 1 cli/start.go:1223  logging to directory /home/santiago/go/src/github.com/Santiagozh1998/SpyServer/cockroach-data/logs
W200902 03:29:02.596711 1 cli/start.go:1272  RUNNING IN INSECURE MODE!

- Your cluster is open for any client that can access <all your IP addresses>.
- Any user, even root, can log in without providing a password.
- Any user, connecting as root, can read or write any data in your cluster.
- There is no network encryption nor authentication, and thus no confidentiality.

Check out how to secure your cluster: https://www.cockroachlabs.com/docs/v20.1/secure-a-cluster.html
I200902 03:29:02.611574 1 server/status/recorder.go:597  available memory from cgroups is unsupported, using system memory 11 GiB instead: can't read available memory from cgroup v2 at /sys/fs/cgroup/unified/memory.max: open /sys/fs/cgroup/unified/memory.max: no such file or directory
W200902 03:29:02.611627 1 cli/start.go:1144  Using the default setting for --cache (128 MiB).
  A significantly larger value is usually needed for good performance.
  If you have a dedicated server a reasonable setting is --cache=.25 (2.7 GiB).
I200902 03:29:02.612391 1 server/status/recorder.go:597  available memory from cgroups is unsupported, using system memory 11 GiB instead: can't read available memory from cgroup v2 at /sys/fs/cgroup/unified/memory.max: open /sys/fs/cgroup/unified/memory.max: no such file or directory
I200902 03:29:02.612424 1 cli/start.go:1286  CockroachDB CCL v20.1.2 (x86_64-unknown-linux-gnu, built 2020/06/09 16:11:36, go1.13.9)
W200902 03:29:02.613148 1 cli/start.go:548  running 'cockroach start' without --join is deprecated.
Consider using 'cockroach start-single-node' or 'cockroach init' instead.
I200902 03:29:02.704538 1 server/status/recorder.go:597  available memory from cgroups is unsupported, using system memory 11 GiB instead: can't read available memory from cgroup v2 at /sys/fs/cgroup/unified/memory.max: open /sys/fs/cgroup/unified/memory.max: no such file or directory
I200902 03:29:02.704884 1 server/config.go:404  system total memory: 11 GiB
I200902 03:29:02.705021 1 server/config.go:406  server configuration:
max offset             500000000
cache size             128 MiB
SQL memory pool size   2.7 GiB
scan interval          10m0s
scan min idle time     10ms
scan max idle time     1s
event log enabled      true
I200902 03:29:02.705082 1 cli/start.go:1129  process identity: uid 1000 euid 1000 gid 1000 egid 1000
I200902 03:29:02.743775 1 cli/start.go:697  starting cockroach node
I200902 03:29:02.821182 40 storage/rocksdb.go:606  opening rocksdb instance at "/home/santiago/go/src/github.com/Santiagozh1998/SpyServer/cockroach-data/cockroach-temp121839844"
I200902 03:29:03.564420 40 server/server.go:1065  [n?] monitoring forward clock jumps based on server.clock.forward_jump_check_enabled
W200902 03:29:03.599376 40 server/config_unix.go:112  soft open file descriptor limit 4096 is under the recommended limit 15000; this may decrease performance
please see https://www.cockroachlabs.com/docs/v20.1/recommended-production-settings.html for more details
I200902 03:29:03.599482 40 storage/rocksdb.go:606  opening rocksdb instance at "/home/santiago/go/src/github.com/Santiagozh1998/SpyServer/cockroach-data"
I200902 03:29:04.530292 40 server/config.go:578  [n?] 1 storage engine initialized
I200902 03:29:04.530321 40 server/config.go:581  [n?] RocksDB cache size: 128 MiB
I200902 03:29:04.530338 40 server/config.go:581  [n?] store 0: RocksDB, max size 0 B, max open file limit 3840
W200902 03:29:04.563832 40 cli/start.go:1068  neither --listen-addr nor --advertise-addr was specified.
The server will advertise "santiago-HP-Notebook" to other nodes, is this routable?

Consider using:
- for local-only servers:  --listen-addr=localhost
- for multi-node clusters: --advertise-addr=<host/IP addr>
I200902 03:29:04.711809 40 gossip/gossip.go:395  [n1] NodeDescriptor set to node_id:1 address:<network_field:"tcp" address_field:"santiago-HP-Notebook:26257" > attrs:<> locality:<> ServerVersion:<major_val:20 minor_val:1 patch:0 unstable:0 > build_tag:"v20.1.2" started_at:1599017344694389725 cluster_name:"" sql_address:<network_field:"tcp" address_field:"santiago-HP-Notebook:26257" > 
W200902 03:29:05.015644 40 kv/kvserver/replica_range_lease.go:554  can't determine lease status due to node liveness error: node not in the liveness table
github.com/cockroachdb/cockroach/pkg/kv/kvserver.init
	/go/src/github.com/cockroachdb/cockroach/pkg/kv/kvserver/node_liveness.go:44
runtime.doInit
	/usr/local/go/src/runtime/proc.go:5222
runtime.doInit
	/usr/local/go/src/runtime/proc.go:5217
runtime.doInit
	/usr/local/go/src/runtime/proc.go:5217
runtime.doInit
	/usr/local/go/src/runtime/proc.go:5217
runtime.main
	/usr/local/go/src/runtime/proc.go:190
runtime.goexit
	/usr/local/go/src/runtime/asm_amd64.s:1357
W200902 03:29:05.070652 145 kv/kvserver/store.go:1631  [n1,s1,r6/1:/Table/{SystemCon…-11}] could not gossip system config: [NotLeaseHolderError] r6: replica (n1,s1):1 not lease holder; lease holder unknown
I200902 03:29:05.071147 40 server/node.go:428  [n1] initialized store [n1,s1]: disk (capacity=237 GiB, available=109 GiB, used=5.8 MiB, logicalBytes=20 MiB), ranges=34, leases=0, queries=0.00, writes=0.00, bytesPerReplica={p10=0.00 p25=0.00 p50=146.00 p75=4481.00 p90=12718.00 pMax=20567556.00}, writesPerReplica={p10=0.00 p25=0.00 p50=0.00 p75=0.00 p90=0.00 pMax=0.00}
I200902 03:29:05.071678 40 kv/kvserver/stores.go:247  [n1] read 0 node addresses from persistent storage
I200902 03:29:05.072032 40 server/node.go:649  [n1] connecting to gossip network to verify cluster ID...
I200902 03:29:05.072105 40 server/node.go:669  [n1] node connected via gossip and verified as part of cluster "a4b51550-7256-4750-a338-9662d61ae5d9"
I200902 03:29:05.072346 40 server/node.go:512  [n1] node=1: started with [<no-attributes>=/home/santiago/go/src/github.com/Santiagozh1998/SpyServer/cockroach-data] engine(s) and attributes []
I200902 03:29:05.109734 40 server/server.go:1636  [n1] starting http server at [::]:8080 (use: santiago-HP-Notebook:8080)
I200902 03:29:05.109838 40 server/server.go:1643  [n1] starting grpc/postgres server at [::]:26257
I200902 03:29:05.109892 40 server/server.go:1644  [n1] advertising CockroachDB node at santiago-HP-Notebook:26257
I200902 03:29:05.125408 91 sql/temporary_schema.go:452  [n1] skipping temporary object cleanup run as it is not the leaseholder
I200902 03:29:05.125460 91 sql/temporary_schema.go:453  [n1] completed temporary object cleanup job
I200902 03:29:05.125535 91 sql/temporary_schema.go:575  [n1] temporary object cleaner next scheduled to run at 2020-09-02 03:59:05.114134324 +0000 UTC
W200902 03:29:05.131137 145 kv/kvserver/store.go:1631  [n1,s1,r6/1:/Table/{SystemCon…-11}] could not gossip system config: [NotLeaseHolderError] r6: replica (n1,s1):1 not lease holder; lease holder unknown
W200902 03:29:05.226831 145 kv/kvserver/store.go:1631  [n1,s1,r6/1:/Table/{SystemCon…-11}] could not gossip system config: [NotLeaseHolderError] r6: replica (n1,s1):1 not lease holder; lease holder unknown
W200902 03:29:05.403630 145 kv/kvserver/store.go:1631  [n1,s1,r6/1:/Table/{SystemCon…-11}] could not gossip system config: [NotLeaseHolderError] r6: replica (n1,s1):1 not lease holder; lease holder unknown
I200902 03:29:05.606499 159 kv/kvserver/node_liveness.go:478  [n1,liveness-hb] heartbeat failed on epoch increment; retrying
I200902 03:29:05.795508 159 kv/kvserver/node_liveness.go:478  [n1,liveness-hb] heartbeat failed on epoch increment; retrying
I200902 03:29:05.996248 40 server/server.go:1777  [n1] done ensuring all necessary migrations have run
I200902 03:29:05.996310 40 server/server.go:2019  [n1] serving sql connections
I200902 03:29:05.996607 40 cli/start.go:857  [config] clusterID: a4b51550-7256-4750-a338-9662d61ae5d9
I200902 03:29:05.996676 40 cli/start.go:866  node startup completed:
CockroachDB node starting at 2020-09-02 03:29:05.996410516 +0000 UTC (took 3.4s)
build:               CCL v20.1.2 @ 2020/06/09 16:11:36 (go1.13.9)
webui:               http://santiago-HP-Notebook:8080
sql:                 postgresql://root@santiago-HP-Notebook:26257?sslmode=disable
RPC client flags:    cockroach <client cmd> --host=santiago-HP-Notebook:26257 --insecure
logs:                /home/santiago/go/src/github.com/Santiagozh1998/SpyServer/cockroach-data/logs
temp dir:            /home/santiago/go/src/github.com/Santiagozh1998/SpyServer/cockroach-data/cockroach-temp121839844
external I/O path:   /home/santiago/go/src/github.com/Santiagozh1998/SpyServer/cockroach-data/extern
store[0]:            path=/home/santiago/go/src/github.com/Santiagozh1998/SpyServer/cockroach-data
storage engine:      rocksdb
status:              restarted pre-existing node
clusterID:           a4b51550-7256-4750-a338-9662d61ae5d9
nodeID:              1
I200902 03:29:06.003845 194 sqlmigrations/migrations.go:668  [n1] starting wait for upgrade finalization before schema change job migration
I200902 03:29:06.740833 194 sqlmigrations/migrations.go:694  [n1] schema change job migration already complete
I200902 03:29:06.861399 102 gossip/gossip.go:1527  [n1] node has connected to cluster via gossip
I200902 03:29:06.861637 102 kv/kvserver/stores.go:266  [n1] wrote 0 node addresses to persistent storage
I200902 03:29:06.937760 192 server/server_update.go:55  [n1] no need to upgrade, cluster already at the newest version
I200902 03:29:07.377321 291 sql/event_log.go:132  [n1] Event: "node_restart", target: 1, info: {Descriptor:{NodeID:1 Address:santiago-HP-Notebook:26257 Attrs: Locality: ServerVersion:20.1 BuildTag:v20.1.2 StartedAt:1599017344694389725 LocalityAddress:[] ClusterName: SQLAddress:santiago-HP-Notebook:26257} ClusterID:a4b51550-7256-4750-a338-9662d61ae5d9 StartedAt:1599017344694389725 LastUp:1598420654203653215}
I200902 03:29:07.492818 306 sql/lease.go:1971  released orphaned table lease: {id:2 version:1 expiration:{Time:{wall:563768000 ext:63734017743 loc:<nil>}}}
I200902 03:29:07.492857 403 sql/lease.go:1971  released orphaned table lease: {id:30 version:1 expiration:{Time:{wall:198653000 ext:63734017752 loc:<nil>}}}
I200902 03:29:07.581365 405 sql/lease.go:1971  released orphaned table lease: {id:54 version:2 expiration:{Time:{wall:436156000 ext:63734017760 loc:<nil>}}}
I200902 03:29:07.581365 404 sql/lease.go:1971  released orphaned table lease: {id:53 version:2 expiration:{Time:{wall:443121000 ext:63734017751 loc:<nil>}}}
I200902 03:29:08.757459 293 server/updates.go:268  [n1] A new version is available: 20.1.5, details: https://www.cockroachlabs.com/docs/releases/v20.1.5.html
I200902 03:29:15.128153 93 server/status/runtime.go:498  [n1] runtime stats: 117 MiB RSS, 151 goroutines, 66 MiB/57 MiB/78 MiB GO alloc/idle/total, 16 MiB/22 MiB CGO alloc/total, 0.0 CGO/sec, 0.0/0.0 %(u/s)time, 0.0 %gc (9x), 804 KiB/68 KiB (r/w)net
I200902 03:29:25.074852 87 kv/kvserver/store.go:2474  [n1,s1] sstables (read amplification = 1):
6 [ 802K 1 ]: 802K
I200902 03:29:25.075279 87 kv/kvserver/store.go:2475  [n1,s1] 
** Compaction Stats [default] **
Level    Files   Size     Score Read(GB)  Rn(GB) Rnp1(GB) Write(GB) Wnew(GB) Moved(GB) W-Amp Rd(MB/s) Wr(MB/s) Comp(sec) CompMergeCPU(sec) Comp(cnt) Avg(sec) KeyIn KeyDrop
----------------------------------------------------------------------------------------------------------------------------------------------------------------------------
  L0      0/0    0.00 KB   0.0      0.0     0.0      0.0       0.0      0.0       0.0   1.0      0.0      0.5      0.38              0.00         1    0.379       0      0
  L6      1/0   801.62 KB   0.0      0.0     0.0      0.0       0.0     -0.0       0.0   1.2      6.4      1.6      0.49              0.20         1    0.487     24K    16K
 Sum      1/0   801.62 KB   0.0      0.0     0.0      0.0       0.0     -0.0       0.0   5.2      3.6      1.1      0.87              0.20         2    0.433     24K    16K
 Int      0/0    0.00 KB   0.0      0.0     0.0      0.0       0.0     -0.0       0.0   5.2      3.6      1.1      0.87              0.20         2    0.433     24K    16K

** Compaction Stats [default] **
Priority    Files   Size     Score Read(GB)  Rn(GB) Rnp1(GB) Write(GB) Wnew(GB) Moved(GB) W-Amp Rd(MB/s) Wr(MB/s) Comp(sec) CompMergeCPU(sec) Comp(cnt) Avg(sec) KeyIn KeyDrop
-------------------------------------------------------------------------------------------------------------------------------------------------------------------------------
 Low      0/0    0.00 KB   0.0      0.0     0.0      0.0       0.0     -0.0       0.0   0.0      6.4      1.6      0.49              0.20         1    0.487     24K    16K
User      0/0    0.00 KB   0.0      0.0     0.0      0.0       0.0      0.0       0.0   0.0      0.0      0.5      0.38              0.00         1    0.379       0      0
Uptime(secs): 21.4 total, 21.4 interval
Flush(GB): cumulative 0.000, interval 0.000
AddFile(GB): cumulative 0.000, interval 0.000
AddFile(Total Files): cumulative 0, interval 0
AddFile(L0 Files): cumulative 0, interval 0
AddFile(Keys): cumulative 0, interval 0
Cumulative compaction: 0.00 GB write, 0.05 MB/s write, 0.00 GB read, 0.15 MB/s read, 0.9 seconds
Interval compaction: 0.00 GB write, 0.05 MB/s write, 0.00 GB read, 0.15 MB/s read, 0.9 seconds
Stalls(count): 0 level0_slowdown, 0 level0_slowdown_with_compaction, 0 level0_numfiles, 0 level0_numfiles_with_compaction, 0 stop for pending_compaction_bytes, 0 slowdown for pending_compaction_bytes, 0 memtable_compaction, 0 memtable_slowdown, interval 0 total count
estimated_pending_compaction_bytes: 0 B
I200902 03:29:25.128369 93 server/status/runtime.go:498  [n1] runtime stats: 123 MiB RSS, 153 goroutines, 55 MiB/66 MiB/82 MiB GO alloc/idle/total, 16 MiB/22 MiB CGO alloc/total, 343.0 CGO/sec, 4.2/0.7 %(u/s)time, 0.0 %gc (1x), 849 KiB/92 KiB (r/w)net
I200902 03:29:35.129548 93 server/status/runtime.go:498  [n1] runtime stats: 128 MiB RSS, 151 goroutines, 63 MiB/60 MiB/82 MiB GO alloc/idle/total, 21 MiB/28 MiB CGO alloc/total, 274.8 CGO/sec, 3.0/1.0 %(u/s)time, 0.0 %gc (0x), 1.1 MiB/51 KiB (r/w)net
I200902 03:29:35.239901 992 kv/kvserver/replica_consistency.go:255  [n1,consistencyChecker,s1,r4/1:/System{/tsd-tse}] triggering stats recomputation to resolve delta of {ContainsEstimates:807738 LastUpdateNanos:1599017366229602109 IntentAge:0 GCBytesAge:0 LiveBytes:15895375 LiveCount:-2756 KeyBytes:-132716 KeyCount:-2756 ValBytes:16028091 ValCount:-2756 IntentBytes:0 IntentCount:0 SysBytes:0 SysCount:0}
I200902 03:29:45.128772 93 server/status/runtime.go:498  [n1] runtime stats: 136 MiB RSS, 151 goroutines, 74 MiB/48 MiB/87 MiB GO alloc/idle/total, 21 MiB/28 MiB CGO alloc/total, 534.4 CGO/sec, 3.5/0.4 %(u/s)time, 0.0 %gc (0x), 861 KiB/54 KiB (r/w)net
I200902 03:29:55.130009 93 server/status/runtime.go:498  [n1] runtime stats: 141 MiB RSS, 151 goroutines, 49 MiB/71 MiB/94 MiB GO alloc/idle/total, 21 MiB/28 MiB CGO alloc/total, 27.4 CGO/sec, 2.0/0.5 %(u/s)time, 0.0 %gc (1x), 396 KiB/34 KiB (r/w)net
I200902 03:30:05.072833 88 gossip/gossip.go:567  [n1] gossip status (ok, 1 node)
gossip client (0/3 cur/max conns)
gossip server (0/3 cur/max conns, infos 0/0 sent/received, bytes 0B/0B sent/received)
gossip connectivity
  n1 [sentinel];
I200902 03:30:05.130046 93 server/status/runtime.go:498  [n1] runtime stats: 142 MiB RSS, 152 goroutines, 56 MiB/65 MiB/94 MiB GO alloc/idle/total, 21 MiB/28 MiB CGO alloc/total, 33.7 CGO/sec, 1.8/0.5 %(u/s)time, 0.0 %gc (0x), 1.2 MiB/58 KiB (r/w)net
I200902 03:30:15.129604 93 server/status/runtime.go:498  [n1] runtime stats: 142 MiB RSS, 150 goroutines, 63 MiB/59 MiB/94 MiB GO alloc/idle/total, 21 MiB/28 MiB CGO alloc/total, 46.6 CGO/sec, 1.7/0.4 %(u/s)time, 0.0 %gc (0x), 387 KiB/30 KiB (r/w)net
I200902 03:30:25.130348 93 server/status/runtime.go:498  [n1] runtime stats: 142 MiB RSS, 150 goroutines, 70 MiB/53 MiB/94 MiB GO alloc/idle/total, 21 MiB/28 MiB CGO alloc/total, 27.6 CGO/sec, 1.4/0.4 %(u/s)time, 0.0 %gc (0x), 837 KiB/48 KiB (r/w)net
I200902 03:30:35.131195 93 server/status/runtime.go:498  [n1] runtime stats: 144 MiB RSS, 150 goroutines, 76 MiB/46 MiB/94 MiB GO alloc/idle/total, 21 MiB/28 MiB CGO alloc/total, 24.0 CGO/sec, 1.2/0.5 %(u/s)time, 0.0 %gc (0x), 1.2 MiB/53 KiB (r/w)net
I200902 03:30:45.130383 93 server/status/runtime.go:498  [n1] runtime stats: 150 MiB RSS, 151 goroutines, 84 MiB/38 MiB/97 MiB GO alloc/idle/total, 21 MiB/29 MiB CGO alloc/total, 28.0 CGO/sec, 1.4/0.5 %(u/s)time, 0.0 %gc (0x), 773 KiB/47 KiB (r/w)net
I200902 03:30:55.131568 93 server/status/runtime.go:498  [n1] runtime stats: 152 MiB RSS, 151 goroutines, 53 MiB/67 MiB/101 MiB GO alloc/idle/total, 21 MiB/29 MiB CGO alloc/total, 27.5 CGO/sec, 1.7/0.5 %(u/s)time, 0.0 %gc (1x), 832 KiB/54 KiB (r/w)net
I200902 03:31:05.073148 88 gossip/gossip.go:567  [n1] gossip status (ok, 1 node)
gossip client (0/3 cur/max conns)
gossip server (0/3 cur/max conns, infos 0/0 sent/received, bytes 0B/0B sent/received)
I200902 03:31:05.131096 93 server/status/runtime.go:498  [n1] runtime stats: 152 MiB RSS, 151 goroutines, 59 MiB/61 MiB/101 MiB GO alloc/idle/total, 21 MiB/29 MiB CGO alloc/total, 26.6 CGO/sec, 1.4/0.2 %(u/s)time, 0.0 %gc (0x), 493 KiB/31 KiB (r/w)net
I200902 03:31:15.131341 93 server/status/runtime.go:498  [n1] runtime stats: 153 MiB RSS, 150 goroutines, 67 MiB/55 MiB/101 MiB GO alloc/idle/total, 21 MiB/29 MiB CGO alloc/total, 50.9 CGO/sec, 2.0/0.3 %(u/s)time, 0.0 %gc (0x), 1.1 MiB/67 KiB (r/w)net
I200902 03:31:25.131923 93 server/status/runtime.go:498  [n1] runtime stats: 153 MiB RSS, 150 goroutines, 74 MiB/49 MiB/101 MiB GO alloc/idle/total, 21 MiB/29 MiB CGO alloc/total, 29.2 CGO/sec, 1.4/0.5 %(u/s)time, 0.0 %gc (0x), 395 KiB/33 KiB (r/w)net
I200902 03:31:35.131703 93 server/status/runtime.go:498  [n1] runtime stats: 154 MiB RSS, 150 goroutines, 80 MiB/42 MiB/101 MiB GO alloc/idle/total, 21 MiB/29 MiB CGO alloc/total, 23.8 CGO/sec, 1.2/0.6 %(u/s)time, 0.0 %gc (0x), 1.2 MiB/56 KiB (r/w)net
I200902 03:31:45.132289 93 server/status/runtime.go:498  [n1] runtime stats: 155 MiB RSS, 151 goroutines, 87 MiB/36 MiB/101 MiB GO alloc/idle/total, 21 MiB/29 MiB CGO alloc/total, 47.9 CGO/sec, 1.8/0.4 %(u/s)time, 0.0 %gc (0x), 397 KiB/31 KiB (r/w)net
I200902 03:31:55.132886 93 server/status/runtime.go:498  [n1] runtime stats: 157 MiB RSS, 151 goroutines, 52 MiB/68 MiB/104 MiB GO alloc/idle/total, 21 MiB/29 MiB CGO alloc/total, 21.8 CGO/sec, 1.6/0.5 %(u/s)time, 0.0 %gc (1x), 788 KiB/45 KiB (r/w)net
I200902 03:32:05.072692 88 gossip/gossip.go:567  [n1] gossip status (ok, 1 node)
gossip client (0/3 cur/max conns)
gossip server (0/3 cur/max conns, infos 0/0 sent/received, bytes 0B/0B sent/received)
I200902 03:32:05.132484 93 server/status/runtime.go:498  [n1] runtime stats: 158 MiB RSS, 151 goroutines, 58 MiB/62 MiB/104 MiB GO alloc/idle/total, 21 MiB/29 MiB CGO alloc/total, 24.0 CGO/sec, 1.4/0.3 %(u/s)time, 0.0 %gc (0x), 1.2 MiB/60 KiB (r/w)net
I200902 03:32:15.132618 93 server/status/runtime.go:498  [n1] runtime stats: 158 MiB RSS, 150 goroutines, 66 MiB/56 MiB/104 MiB GO alloc/idle/total, 21 MiB/29 MiB CGO alloc/total, 57.1 CGO/sec, 1.6/0.4 %(u/s)time, 0.0 %gc (0x), 834 KiB/78 KiB (r/w)net
I200902 03:32:25.132695 93 server/status/runtime.go:498  [n1] runtime stats: 158 MiB RSS, 150 goroutines, 72 MiB/50 MiB/104 MiB GO alloc/idle/total, 21 MiB/29 MiB CGO alloc/total, 27.7 CGO/sec, 1.2/0.3 %(u/s)time, 0.0 %gc (0x), 1.5 MiB/109 KiB (r/w)net
I200902 03:32:35.133835 93 server/status/runtime.go:498  [n1] runtime stats: 159 MiB RSS, 150 goroutines, 79 MiB/44 MiB/104 MiB GO alloc/idle/total, 21 MiB/29 MiB CGO alloc/total, 27.8 CGO/sec, 1.3/0.3 %(u/s)time, 0.0 %gc (0x), 849 KiB/54 KiB (r/w)net
W200902 03:32:41.675999 139 kv/kvserver/store_raft.go:508  [n1,s1,r1/1:/{Min-System/NodeL…}] handle raft ready: 0.7s [applied=1, batches=1, state_assertions=1]
W200902 03:32:41.910006 128 kv/kvserver/store_raft.go:508  [n1,s1,r2/1:/System/NodeLiveness{-Max}] handle raft ready: 0.8s [applied=1, batches=1, state_assertions=1]
I200902 03:32:45.133495 93 server/status/runtime.go:498  [n1] runtime stats: 159 MiB RSS, 151 goroutines, 86 MiB/37 MiB/104 MiB GO alloc/idle/total, 21 MiB/29 MiB CGO alloc/total, 28.3 CGO/sec, 1.2/0.3 %(u/s)time, 0.0 %gc (0x), 26 MiB/768 KiB (r/w)net
I200902 03:32:55.134176 93 server/status/runtime.go:498  [n1] runtime stats: 161 MiB RSS, 151 goroutines, 48 MiB/71 MiB/104 MiB GO alloc/idle/total, 21 MiB/29 MiB CGO alloc/total, 27.5 CGO/sec, 1.4/0.6 %(u/s)time, 0.0 %gc (1x), 31 MiB/913 KiB (r/w)net
I200902 03:33:05.072959 88 gossip/gossip.go:567  [n1] gossip status (ok, 1 node)
gossip client (0/3 cur/max conns)
gossip server (0/3 cur/max conns, infos 0/0 sent/received, bytes 0B/0B sent/received)
I200902 03:33:05.134071 93 server/status/runtime.go:498  [n1] runtime stats: 162 MiB RSS, 151 goroutines, 55 MiB/65 MiB/104 MiB GO alloc/idle/total, 21 MiB/29 MiB CGO alloc/total, 21.7 CGO/sec, 1.2/0.2 %(u/s)time, 0.0 %gc (0x), 30 MiB/924 KiB (r/w)net
W200902 03:33:13.331546 110 kv/kvserver/store_raft.go:508  [n1,s1,r2/1:/System/NodeLiveness{-Max}] handle raft ready: 0.7s [applied=1, batches=1, state_assertions=1]
W200902 03:33:13.996334 110 kv/kvserver/store_raft.go:508  [n1,s1,r2/1:/System/NodeLiveness{-Max}] handle raft ready: 0.7s [applied=1, batches=1, state_assertions=0]
W200902 03:33:14.451960 159 kv/kvserver/node_liveness.go:563  [n1,liveness-hb] slow heartbeat took 1.8s
I200902 03:33:15.134388 93 server/status/runtime.go:498  [n1] runtime stats: 162 MiB RSS, 150 goroutines, 63 MiB/59 MiB/104 MiB GO alloc/idle/total, 21 MiB/29 MiB CGO alloc/total, 55.2 CGO/sec, 1.6/0.6 %(u/s)time, 0.0 %gc (0x), 30 MiB/820 KiB (r/w)net
I200902 03:33:25.135159 93 server/status/runtime.go:498  [n1] runtime stats: 162 MiB RSS, 150 goroutines, 69 MiB/53 MiB/104 MiB GO alloc/idle/total, 21 MiB/29 MiB CGO alloc/total, 24.0 CGO/sec, 1.2/0.2 %(u/s)time, 0.0 %gc (0x), 22 MiB/638 KiB (r/w)net
I200902 03:33:35.136062 93 server/status/runtime.go:498  [n1] runtime stats: 163 MiB RSS, 150 goroutines, 76 MiB/47 MiB/104 MiB GO alloc/idle/total, 21 MiB/29 MiB CGO alloc/total, 25.6 CGO/sec, 1.4/0.4 %(u/s)time, 0.0 %gc (0x), 795 KiB/32 KiB (r/w)net
I200902 03:33:45.135530 93 server/status/runtime.go:498  [n1] runtime stats: 163 MiB RSS, 151 goroutines, 83 MiB/40 MiB/104 MiB GO alloc/idle/total, 21 MiB/29 MiB CGO alloc/total, 29.8 CGO/sec, 1.5/0.4 %(u/s)time, 0.0 %gc (0x), 20 KiB/24 KiB (r/w)net
W200902 03:33:46.576167 132 kv/kvserver/store_raft.go:508  [n1,s1,r3/1:/System/{NodeLive…-tsd}] handle raft ready: 0.6s [applied=1, batches=1, state_assertions=0]
W200902 03:33:46.917264 131 kv/kvserver/store_raft.go:508  [n1,s1,r1/1:/{Min-System/NodeL…}] handle raft ready: 0.7s [applied=1, batches=1, state_assertions=1]
W200902 03:33:46.922231 129 kv/kvserver/store_raft.go:508  [n1,s1,r4/1:/System{/tsd-tse}] handle raft ready: 0.7s [applied=1, batches=1, state_assertions=0]
W200902 03:33:47.235428 132 kv/kvserver/store_raft.go:508  [n1,s1,r3/1:/System/{NodeLive…-tsd}] handle raft ready: 0.7s [applied=1, batches=1, state_assertions=0]
I200902 03:33:55.135332 93 server/status/runtime.go:498  [n1] runtime stats: 163 MiB RSS, 151 goroutines, 89 MiB/34 MiB/104 MiB GO alloc/idle/total, 21 MiB/29 MiB CGO alloc/total, 25.5 CGO/sec, 1.2/0.3 %(u/s)time, 0.0 %gc (0x), 323 KiB/245 KiB (r/w)net
I200902 03:34:05.072619 88 gossip/gossip.go:567  [n1] gossip status (ok, 1 node)
gossip client (0/3 cur/max conns)
gossip server (0/3 cur/max conns, infos 0/0 sent/received, bytes 0B/0B sent/received)
I200902 03:34:05.136570 93 server/status/runtime.go:498  [n1] runtime stats: 164 MiB RSS, 151 goroutines, 52 MiB/67 MiB/106 MiB GO alloc/idle/total, 21 MiB/29 MiB CGO alloc/total, 28.0 CGO/sec, 1.9/0.4 %(u/s)time, 0.0 %gc (1x), 178 KiB/23 KiB (r/w)net
I200902 03:34:15.136669 93 server/status/runtime.go:498  [n1] runtime stats: 164 MiB RSS, 150 goroutines, 60 MiB/61 MiB/106 MiB GO alloc/idle/total, 21 MiB/29 MiB CGO alloc/total, 67.7 CGO/sec, 1.9/0.7 %(u/s)time, 0.0 %gc (0x), 30 KiB/17 KiB (r/w)net
I200902 03:34:25.136647 93 server/status/runtime.go:498  [n1] runtime stats: 165 MiB RSS, 150 goroutines, 67 MiB/55 MiB/106 MiB GO alloc/idle/total, 21 MiB/29 MiB CGO alloc/total, 31.4 CGO/sec, 1.6/0.2 %(u/s)time, 0.0 %gc (0x), 133 KiB/17 KiB (r/w)net
I200902 03:34:35.136930 93 server/status/runtime.go:498  [n1] runtime stats: 165 MiB RSS, 150 goroutines, 73 MiB/49 MiB/106 MiB GO alloc/idle/total, 21 MiB/29 MiB CGO alloc/total, 25.4 CGO/sec, 1.4/0.3 %(u/s)time, 0.0 %gc (0x), 23 KiB/16 KiB (r/w)net
I200902 03:34:45.137405 93 server/status/runtime.go:498  [n1] runtime stats: 165 MiB RSS, 151 goroutines, 80 MiB/43 MiB/106 MiB GO alloc/idle/total, 29 MiB/37 MiB CGO alloc/total, 26.7 CGO/sec, 1.4/0.4 %(u/s)time, 0.0 %gc (0x), 22 KiB/13 KiB (r/w)net
I200902 03:34:55.137146 93 server/status/runtime.go:498  [n1] runtime stats: 165 MiB RSS, 151 goroutines, 86 MiB/37 MiB/106 MiB GO alloc/idle/total, 29 MiB/37 MiB CGO alloc/total, 23.8 CGO/sec, 1.6/0.3 %(u/s)time, 0.0 %gc (0x), 22 KiB/14 KiB (r/w)net
I200902 03:35:05.072867 88 gossip/gossip.go:567  [n1] gossip status (ok, 1 node)
gossip client (0/3 cur/max conns)
gossip server (0/3 cur/max conns, infos 0/0 sent/received, bytes 0B/0B sent/received)
I200902 03:35:05.137451 93 server/status/runtime.go:498  [n1] runtime stats: 165 MiB RSS, 151 goroutines, 48 MiB/71 MiB/106 MiB GO alloc/idle/total, 29 MiB/37 MiB CGO alloc/total, 25.5 CGO/sec, 1.8/0.4 %(u/s)time, 0.0 %gc (1x), 15 KiB/14 KiB (r/w)net
I200902 03:35:15.138058 93 server/status/runtime.go:498  [n1] runtime stats: 166 MiB RSS, 150 goroutines, 56 MiB/65 MiB/106 MiB GO alloc/idle/total, 29 MiB/37 MiB CGO alloc/total, 60.3 CGO/sec, 2.1/0.4 %(u/s)time, 0.0 %gc (0x), 23 KiB/15 KiB (r/w)net
I200902 03:35:25.138198 93 server/status/runtime.go:498  [n1] runtime stats: 166 MiB RSS, 150 goroutines, 63 MiB/59 MiB/106 MiB GO alloc/idle/total, 29 MiB/37 MiB CGO alloc/total, 25.5 CGO/sec, 1.5/0.5 %(u/s)time, 0.0 %gc (0x), 27 KiB/17 KiB (r/w)net
I200902 03:35:35.138476 93 server/status/runtime.go:498  [n1] runtime stats: 166 MiB RSS, 150 goroutines, 69 MiB/53 MiB/106 MiB GO alloc/idle/total, 29 MiB/37 MiB CGO alloc/total, 23.8 CGO/sec, 1.5/0.4 %(u/s)time, 0.0 %gc (0x), 30 KiB/17 KiB (r/w)net
I200902 03:35:45.138515 93 server/status/runtime.go:498  [n1] runtime stats: 166 MiB RSS, 151 goroutines, 76 MiB/47 MiB/106 MiB GO alloc/idle/total, 29 MiB/37 MiB CGO alloc/total, 26.7 CGO/sec, 1.5/0.4 %(u/s)time, 0.0 %gc (0x), 25 KiB/15 KiB (r/w)net
I200902 03:35:55.138884 93 server/status/runtime.go:498  [n1] runtime stats: 166 MiB RSS, 151 goroutines, 82 MiB/41 MiB/106 MiB GO alloc/idle/total, 29 MiB/37 MiB CGO alloc/total, 29.2 CGO/sec, 1.2/0.6 %(u/s)time, 0.0 %gc (0x), 22 KiB/11 KiB (r/w)net
I200902 03:36:05.072784 88 gossip/gossip.go:567  [n1] gossip status (ok, 1 node)
gossip client (0/3 cur/max conns)
gossip server (0/3 cur/max conns, infos 0/0 sent/received, bytes 0B/0B sent/received)
I200902 03:36:05.139554 93 server/status/runtime.go:498  [n1] runtime stats: 166 MiB RSS, 151 goroutines, 89 MiB/34 MiB/106 MiB GO alloc/idle/total, 28 MiB/37 MiB CGO alloc/total, 26.1 CGO/sec, 1.2/0.5 %(u/s)time, 0.0 %gc (0x), 23 KiB/18 KiB (r/w)net
I200902 03:36:15.139954 93 server/status/runtime.go:498  [n1] runtime stats: 168 MiB RSS, 150 goroutines, 51 MiB/69 MiB/106 MiB GO alloc/idle/total, 28 MiB/37 MiB CGO alloc/total, 54.7 CGO/sec, 2.1/0.4 %(u/s)time, 0.0 %gc (1x), 24 KiB/17 KiB (r/w)net
I200902 03:36:25.140354 93 server/status/runtime.go:498  [n1] runtime stats: 168 MiB RSS, 150 goroutines, 57 MiB/64 MiB/106 MiB GO alloc/idle/total, 28 MiB/37 MiB CGO alloc/total, 27.8 CGO/sec, 1.5/0.4 %(u/s)time, 0.0 %gc (0x), 19 KiB/14 KiB (r/w)net
I200902 03:36:35.140044 93 server/status/runtime.go:498  [n1] runtime stats: 169 MiB RSS, 150 goroutines, 64 MiB/58 MiB/106 MiB GO alloc/idle/total, 28 MiB/37 MiB CGO alloc/total, 21.7 CGO/sec, 1.5/0.3 %(u/s)time, 0.0 %gc (0x), 15 KiB/13 KiB (r/w)net
I200902 03:36:45.139610 93 server/status/runtime.go:498  [n1] runtime stats: 169 MiB RSS, 151 goroutines, 71 MiB/51 MiB/106 MiB GO alloc/idle/total, 28 MiB/37 MiB CGO alloc/total, 49.2 CGO/sec, 1.8/0.4 %(u/s)time, 0.0 %gc (0x), 17 KiB/11 KiB (r/w)net
I200902 03:36:55.140890 93 server/status/runtime.go:498  [n1] runtime stats: 169 MiB RSS, 151 goroutines, 78 MiB/45 MiB/106 MiB GO alloc/idle/total, 28 MiB/37 MiB CGO alloc/total, 24.0 CGO/sec, 1.3/0.3 %(u/s)time, 0.0 %gc (0x), 29 KiB/20 KiB (r/w)net
I200902 03:37:05.074211 88 gossip/gossip.go:567  [n1] gossip status (ok, 1 node)
gossip client (0/3 cur/max conns)
gossip server (0/3 cur/max conns, infos 0/0 sent/received, bytes 0B/0B sent/received)
I200902 03:37:05.140017 93 server/status/runtime.go:498  [n1] runtime stats: 170 MiB RSS, 151 goroutines, 84 MiB/39 MiB/106 MiB GO alloc/idle/total, 28 MiB/37 MiB CGO alloc/total, 24.1 CGO/sec, 1.3/0.3 %(u/s)time, 0.0 %gc (0x), 14 KiB/10 KiB (r/w)net
I200902 03:37:15.140916 93 server/status/runtime.go:498  [n1] runtime stats: 170 MiB RSS, 150 goroutines, 92 MiB/31 MiB/106 MiB GO alloc/idle/total, 28 MiB/37 MiB CGO alloc/total, 54.8 CGO/sec, 2.1/0.3 %(u/s)time, 0.0 %gc (0x), 22 KiB/16 KiB (r/w)net
I200902 03:37:25.141214 93 server/status/runtime.go:498  [n1] runtime stats: 171 MiB RSS, 150 goroutines, 55 MiB/64 MiB/106 MiB GO alloc/idle/total, 28 MiB/37 MiB CGO alloc/total, 27.6 CGO/sec, 1.8/0.5 %(u/s)time, 0.0 %gc (1x), 19 KiB/16 KiB (r/w)net
I200902 03:37:35.141325 93 server/status/runtime.go:498  [n1] runtime stats: 171 MiB RSS, 150 goroutines, 62 MiB/58 MiB/106 MiB GO alloc/idle/total, 28 MiB/37 MiB CGO alloc/total, 31.6 CGO/sec, 1.4/0.5 %(u/s)time, 0.0 %gc (0x), 20 KiB/12 KiB (r/w)net
I200902 03:37:45.140848 93 server/status/runtime.go:498  [n1] runtime stats: 171 MiB RSS, 151 goroutines, 68 MiB/52 MiB/106 MiB GO alloc/idle/total, 28 MiB/37 MiB CGO alloc/total, 24.2 CGO/sec, 1.5/0.2 %(u/s)time, 0.0 %gc (0x), 18 KiB/13 KiB (r/w)net
I200902 03:37:55.141860 93 server/status/runtime.go:498  [n1] runtime stats: 172 MiB RSS, 151 goroutines, 75 MiB/46 MiB/106 MiB GO alloc/idle/total, 28 MiB/37 MiB CGO alloc/total, 25.9 CGO/sec, 1.6/0.0 %(u/s)time, 0.0 %gc (0x), 56 KiB/20 KiB (r/w)net
I200902 03:38:05.072811 88 gossip/gossip.go:567  [n1] gossip status (ok, 1 node)
gossip client (0/3 cur/max conns)
gossip server (0/3 cur/max conns, infos 0/0 sent/received, bytes 0B/0B sent/received)
I200902 03:38:05.142075 93 server/status/runtime.go:498  [n1] runtime stats: 172 MiB RSS, 151 goroutines, 83 MiB/40 MiB/106 MiB GO alloc/idle/total, 28 MiB/37 MiB CGO alloc/total, 33.1 CGO/sec, 2.1/0.3 %(u/s)time, 0.0 %gc (0x), 87 KiB/60 KiB (r/w)net
I200902 03:38:15.141464 93 server/status/runtime.go:498  [n1] runtime stats: 172 MiB RSS, 150 goroutines, 90 MiB/33 MiB/106 MiB GO alloc/idle/total, 28 MiB/37 MiB CGO alloc/total, 54.0 CGO/sec, 2.2/0.1 %(u/s)time, 0.0 %gc (0x), 11 KiB/7.6 KiB (r/w)net
I200902 03:38:25.142667 93 server/status/runtime.go:498  [n1] runtime stats: 173 MiB RSS, 150 goroutines, 50 MiB/69 MiB/108 MiB GO alloc/idle/total, 27 MiB/37 MiB CGO alloc/total, 23.1 CGO/sec, 1.7/0.5 %(u/s)time, 0.0 %gc (1x), 34 KiB/22 KiB (r/w)net
I200902 03:38:35.142938 93 server/status/runtime.go:498  [n1] runtime stats: 174 MiB RSS, 150 goroutines, 57 MiB/64 MiB/108 MiB GO alloc/idle/total, 27 MiB/37 MiB CGO alloc/total, 27.7 CGO/sec, 1.7/0.4 %(u/s)time, 0.0 %gc (0x), 12 KiB/14 KiB (r/w)net
I200902 03:38:45.142384 93 server/status/runtime.go:498  [n1] runtime stats: 174 MiB RSS, 151 goroutines, 63 MiB/58 MiB/108 MiB GO alloc/idle/total, 27 MiB/37 MiB CGO alloc/total, 28.6 CGO/sec, 1.4/0.6 %(u/s)time, 0.0 %gc (0x), 22 KiB/14 KiB (r/w)net
I200902 03:38:55.143602 93 server/status/runtime.go:498  [n1] runtime stats: 174 MiB RSS, 151 goroutines, 70 MiB/52 MiB/108 MiB GO alloc/idle/total, 27 MiB/37 MiB CGO alloc/total, 27.6 CGO/sec, 1.1/0.5 %(u/s)time, 0.0 %gc (0x), 20 KiB/16 KiB (r/w)net
I200902 03:39:05.072854 88 gossip/gossip.go:567  [n1] gossip status (ok, 1 node)
gossip client (0/3 cur/max conns)
gossip server (0/3 cur/max conns, infos 0/0 sent/received, bytes 0B/0B sent/received)
I200902 03:39:05.143033 93 server/status/runtime.go:498  [n1] runtime stats: 174 MiB RSS, 151 goroutines, 76 MiB/45 MiB/108 MiB GO alloc/idle/total, 28 MiB/37 MiB CGO alloc/total, 25.2 CGO/sec, 1.5/0.3 %(u/s)time, 0.0 %gc (0x), 24 KiB/15 KiB (r/w)net
E200902 03:39:06.739279 317 kv/kvserver/queue.go:1204  [n1,replicate] 34 replicas failing with "0 of 1 live stores are able to take a new replica for the range (1 already has a replica); likely not enough nodes in cluster"
I200902 03:39:15.144540 93 server/status/runtime.go:498  [n1] runtime stats: 174 MiB RSS, 150 goroutines, 85 MiB/38 MiB/108 MiB GO alloc/idle/total, 27 MiB/37 MiB CGO alloc/total, 73.0 CGO/sec, 2.2/0.6 %(u/s)time, 0.0 %gc (0x), 17 KiB/16 KiB (r/w)net
I200902 03:39:25.074942 87 kv/kvserver/store.go:2474  [n1,s1] sstables (read amplification = 1):
6 [ 802K 1 ]: 802K
I200902 03:39:25.075472 87 kv/kvserver/store.go:2475  [n1,s1] 
** Compaction Stats [default] **
Level    Files   Size     Score Read(GB)  Rn(GB) Rnp1(GB) Write(GB) Wnew(GB) Moved(GB) W-Amp Rd(MB/s) Wr(MB/s) Comp(sec) CompMergeCPU(sec) Comp(cnt) Avg(sec) KeyIn KeyDrop
----------------------------------------------------------------------------------------------------------------------------------------------------------------------------
  L0      0/0    0.00 KB   0.0      0.0     0.0      0.0       0.0      0.0       0.0   1.0      0.0      0.5      0.38              0.00         1    0.379       0      0
  L6      1/0   801.62 KB   0.0      0.0     0.0      0.0       0.0     -0.0       0.0   1.2      6.4      1.6      0.49              0.20         1    0.487     24K    16K
 Sum      1/0   801.62 KB   0.0      0.0     0.0      0.0       0.0     -0.0       0.0   5.2      3.6      1.1      0.87              0.20         2    0.433     24K    16K
 Int      0/0    0.00 KB   0.0      0.0     0.0      0.0       0.0      0.0       0.0   0.0      0.0      0.0      0.00              0.00         0    0.000       0      0

** Compaction Stats [default] **
Priority    Files   Size     Score Read(GB)  Rn(GB) Rnp1(GB) Write(GB) Wnew(GB) Moved(GB) W-Amp Rd(MB/s) Wr(MB/s) Comp(sec) CompMergeCPU(sec) Comp(cnt) Avg(sec) KeyIn KeyDrop
-------------------------------------------------------------------------------------------------------------------------------------------------------------------------------
 Low      0/0    0.00 KB   0.0      0.0     0.0      0.0       0.0     -0.0       0.0   0.0      6.4      1.6      0.49              0.20         1    0.487     24K    16K
User      0/0    0.00 KB   0.0      0.0     0.0      0.0       0.0      0.0       0.0   0.0      0.0      0.5      0.38              0.00         1    0.379       0      0
Uptime(secs): 621.4 total, 600.0 interval
Flush(GB): cumulative 0.000, interval 0.000
AddFile(GB): cumulative 0.000, interval 0.000
AddFile(Total Files): cumulative 0, interval 0
AddFile(L0 Files): cumulative 0, interval 0
AddFile(Keys): cumulative 0, interval 0
Cumulative compaction: 0.00 GB write, 0.00 MB/s write, 0.00 GB read, 0.01 MB/s read, 0.9 seconds
Interval compaction: 0.00 GB write, 0.00 MB/s write, 0.00 GB read, 0.00 MB/s read, 0.0 seconds
Stalls(count): 0 level0_slowdown, 0 level0_slowdown_with_compaction, 0 level0_numfiles, 0 level0_numfiles_with_compaction, 0 stop for pending_compaction_bytes, 0 slowdown for pending_compaction_bytes, 0 memtable_compaction, 0 memtable_slowdown, interval 0 total count
estimated_pending_compaction_bytes: 0 B
I200902 03:39:25.144022 93 server/status/runtime.go:498  [n1] runtime stats: 174 MiB RSS, 150 goroutines, 92 MiB/32 MiB/108 MiB GO alloc/idle/total, 27 MiB/37 MiB CGO alloc/total, 23.2 CGO/sec, 1.5/0.4 %(u/s)time, 0.0 %gc (0x), 18 KiB/11 KiB (r/w)net
I200902 03:39:35.145270 93 server/status/runtime.go:498  [n1] runtime stats: 175 MiB RSS, 150 goroutines, 51 MiB/68 MiB/108 MiB GO alloc/idle/total, 27 MiB/37 MiB CGO alloc/total, 29.5 CGO/sec, 1.7/0.4 %(u/s)time, 0.0 %gc (1x), 22 KiB/18 KiB (r/w)net
I200902 03:39:45.145620 93 server/status/runtime.go:498  [n1] runtime stats: 175 MiB RSS, 151 goroutines, 58 MiB/63 MiB/108 MiB GO alloc/idle/total, 27 MiB/37 MiB CGO alloc/total, 28.0 CGO/sec, 1.5/0.4 %(u/s)time, 0.0 %gc (0x), 14 KiB/15 KiB (r/w)net
I200902 03:39:55.144692 93 server/status/runtime.go:498  [n1] runtime stats: 175 MiB RSS, 151 goroutines, 64 MiB/57 MiB/108 MiB GO alloc/idle/total, 27 MiB/37 MiB CGO alloc/total, 25.8 CGO/sec, 1.5/0.3 %(u/s)time, 0.0 %gc (0x), 24 KiB/13 KiB (r/w)net
I200902 03:40:05.072601 88 gossip/gossip.go:567  [n1] gossip status (ok, 1 node)
gossip client (0/3 cur/max conns)
gossip server (0/3 cur/max conns, infos 0/0 sent/received, bytes 0B/0B sent/received)
I200902 03:40:05.145012 93 server/status/runtime.go:498  [n1] runtime stats: 175 MiB RSS, 151 goroutines, 71 MiB/51 MiB/108 MiB GO alloc/idle/total, 27 MiB/37 MiB CGO alloc/total, 23.3 CGO/sec, 1.8/0.3 %(u/s)time, 0.0 %gc (0x), 16 KiB/16 KiB (r/w)net
I200902 03:40:15.145348 93 server/status/runtime.go:498  [n1] runtime stats: 176 MiB RSS, 150 goroutines, 78 MiB/44 MiB/108 MiB GO alloc/idle/total, 27 MiB/37 MiB CGO alloc/total, 52.3 CGO/sec, 1.9/0.2 %(u/s)time, 0.0 %gc (0x), 22 KiB/12 KiB (r/w)net
I200902 03:40:25.146618 93 server/status/runtime.go:498  [n1] runtime stats: 176 MiB RSS, 150 goroutines, 85 MiB/38 MiB/108 MiB GO alloc/idle/total, 35 MiB/45 MiB CGO alloc/total, 31.6 CGO/sec, 1.5/0.3 %(u/s)time, 0.0 %gc (0x), 27 KiB/19 KiB (r/w)net
I200902 03:40:35.146325 93 server/status/runtime.go:498  [n1] runtime stats: 176 MiB RSS, 150 goroutines, 91 MiB/32 MiB/108 MiB GO alloc/idle/total, 35 MiB/45 MiB CGO alloc/total, 25.6 CGO/sec, 1.2/0.7 %(u/s)time, 0.0 %gc (0x), 33 KiB/19 KiB (r/w)net
I200902 03:40:45.146803 93 server/status/runtime.go:498  [n1] runtime stats: 176 MiB RSS, 151 goroutines, 51 MiB/68 MiB/108 MiB GO alloc/idle/total, 35 MiB/45 MiB CGO alloc/total, 26.5 CGO/sec, 2.2/0.2 %(u/s)time, 0.0 %gc (1x), 24 KiB/20 KiB (r/w)net
I200902 03:40:55.147092 93 server/status/runtime.go:498  [n1] runtime stats: 177 MiB RSS, 151 goroutines, 58 MiB/62 MiB/108 MiB GO alloc/idle/total, 35 MiB/45 MiB CGO alloc/total, 25.5 CGO/sec, 1.5/0.4 %(u/s)time, 0.0 %gc (0x), 24 KiB/16 KiB (r/w)net
I200902 03:41:05.072672 88 gossip/gossip.go:567  [n1] gossip status (ok, 1 node)
gossip client (0/3 cur/max conns)
gossip server (0/3 cur/max conns, infos 0/0 sent/received, bytes 0B/0B sent/received)
I200902 03:41:05.146816 93 server/status/runtime.go:498  [n1] runtime stats: 177 MiB RSS, 151 goroutines, 64 MiB/56 MiB/108 MiB GO alloc/idle/total, 35 MiB/45 MiB CGO alloc/total, 26.6 CGO/sec, 1.6/0.1 %(u/s)time, 0.0 %gc (0x), 19 KiB/13 KiB (r/w)net
I200902 03:41:15.147853 93 server/status/runtime.go:498  [n1] runtime stats: 178 MiB RSS, 150 goroutines, 72 MiB/50 MiB/108 MiB GO alloc/idle/total, 35 MiB/45 MiB CGO alloc/total, 54.7 CGO/sec, 2.0/0.4 %(u/s)time, 0.0 %gc (0x), 24 KiB/16 KiB (r/w)net
I200902 03:41:25.148601 93 server/status/runtime.go:498  [n1] runtime stats: 178 MiB RSS, 150 goroutines, 78 MiB/44 MiB/108 MiB GO alloc/idle/total, 35 MiB/45 MiB CGO alloc/total, 27.3 CGO/sec, 1.5/0.3 %(u/s)time, 0.0 %gc (0x), 14 KiB/9.5 KiB (r/w)net
I200902 03:41:35.148842 93 server/status/runtime.go:498  [n1] runtime stats: 178 MiB RSS, 150 goroutines, 85 MiB/38 MiB/108 MiB GO alloc/idle/total, 35 MiB/45 MiB CGO alloc/total, 23.8 CGO/sec, 1.3/0.7 %(u/s)time, 0.0 %gc (0x), 22 KiB/16 KiB (r/w)net
I200902 03:41:45.152398 93 server/status/runtime.go:498  [n1] runtime stats: 179 MiB RSS, 151 goroutines, 47 MiB/72 MiB/108 MiB GO alloc/idle/total, 35 MiB/45 MiB CGO alloc/total, 42.1 CGO/sec, 1.9/0.5 %(u/s)time, 0.0 %gc (1x), 13 KiB/13 KiB (r/w)net
I200902 03:41:55.153086 93 server/status/runtime.go:498  [n1] runtime stats: 179 MiB RSS, 151 goroutines, 54 MiB/66 MiB/108 MiB GO alloc/idle/total, 35 MiB/45 MiB CGO alloc/total, 33.0 CGO/sec, 1.5/0.5 %(u/s)time, 0.0 %gc (0x), 18 KiB/12 KiB (r/w)net
I200902 03:42:01.219837 1 cli/start.go:919  received signal 'interrupt'
I200902 03:42:01.285972 1 cli/start.go:1006  initiating graceful shutdown of server
I200902 03:42:01.652352 9311 server/drain.go:173  [server drain process] drain remaining: 3
I200902 03:42:01.739634 9311 server/drain.go:175  [server drain process] drain details: table leases: 2, liveness record: 1
I200902 03:42:02.030625 9311 server/drain.go:173  [server drain process] drain remaining: 0
I200902 03:42:02.084730 9311 util/stop/stopper.go:539  [server drain process] quiescing
I200902 03:42:02.137145 9311 storage/rocksdb.go:746  closing rocksdb instance at "/home/santiago/go/src/github.com/Santiagozh1998/SpyServer/cockroach-data/cockroach-temp121839844"
I200902 03:42:02.320689 9311 storage/rocksdb.go:746  closing rocksdb instance at "/home/santiago/go/src/github.com/Santiagozh1998/SpyServer/cockroach-data"
I200902 03:42:02.543429 1 cli/start.go:1048  server drained and shutdown completed
E200902 03:42:02.575639 1 cli/error.go:373  ERROR: interrupted
