I200826 04:11:46.314283 54 util/log/sync_buffer.go:70  [config] file created at: 2020/08/26 04:11:46
I200826 04:11:46.314283 54 util/log/sync_buffer.go:70  [config] running on machine: santiago-HP-Notebook
I200826 04:11:46.314283 54 util/log/sync_buffer.go:70  [config] binary: CockroachDB CCL v20.1.2 (x86_64-unknown-linux-gnu, built 2020/06/09 16:11:36, go1.13.9)
I200826 04:11:46.314283 54 util/log/sync_buffer.go:70  [config] arguments: [cockroach start --insecure]
I200826 04:11:46.314283 54 util/log/sync_buffer.go:70  line format: [IWEF]yymmdd hh:mm:ss.uuuuuu goid file:line msg utf8=✓
I200826 04:11:46.314280 54 storage/rocksdb.go:102  RocksDB version: 6.2.1
I200826 04:11:46.331154 54 storage/rocksdb.go:102  Git sha rocksdb_build_git_sha:@e494e15a0b08c13fafd5710f279f348d47d476de@
I200826 04:11:46.331181 54 storage/rocksdb.go:102  Compile date Jun  9 2020
I200826 04:11:46.331214 54 storage/rocksdb.go:102  DB SUMMARY
I200826 04:11:46.331361 54 storage/rocksdb.go:102  SST files in /home/santiago/go/src/github.com/Santiagozh1998/SpyServer/cockroach-data/cockroach-temp154206790 dir, Total Num: 0, files: 
I200826 04:11:46.331402 54 storage/rocksdb.go:102  Write Ahead Log file in /home/santiago/go/src/github.com/Santiagozh1998/SpyServer/cockroach-data/cockroach-temp154206790: 
I200826 04:11:46.331430 54 storage/rocksdb.go:102                          Options.error_if_exists: 0
I200826 04:11:46.331454 54 storage/rocksdb.go:102                        Options.create_if_missing: 1
I200826 04:11:46.331478 54 storage/rocksdb.go:102                          Options.paranoid_checks: 1
I200826 04:11:46.331502 54 storage/rocksdb.go:102                                      Options.env: 0x7571de0
I200826 04:11:46.331526 54 storage/rocksdb.go:102                                 Options.info_log: 0x7f83bf08b000
I200826 04:11:46.331551 54 storage/rocksdb.go:102                 Options.max_file_opening_threads: 16
I200826 04:11:46.331575 54 storage/rocksdb.go:102                               Options.statistics: 0x7f83bf01d8d0
I200826 04:11:46.331599 54 storage/rocksdb.go:102                                Options.use_fsync: 0
I200826 04:11:46.331623 54 storage/rocksdb.go:102                        Options.max_log_file_size: 0
I200826 04:11:46.331647 54 storage/rocksdb.go:102                   Options.max_manifest_file_size: 134217728
I200826 04:11:46.331672 54 storage/rocksdb.go:102                    Options.log_file_time_to_roll: 0
I200826 04:11:46.331696 54 storage/rocksdb.go:102                        Options.keep_log_file_num: 1000
I200826 04:11:46.331720 54 storage/rocksdb.go:102                     Options.recycle_log_file_num: 1
I200826 04:11:46.331745 54 storage/rocksdb.go:102                          Options.allow_fallocate: 1
I200826 04:11:46.331769 54 storage/rocksdb.go:102                         Options.allow_mmap_reads: 0
I200826 04:11:46.331793 54 storage/rocksdb.go:102                        Options.allow_mmap_writes: 0
I200826 04:11:46.331826 54 storage/rocksdb.go:102                         Options.use_direct_reads: 0
I200826 04:11:46.331852 54 storage/rocksdb.go:102                         Options.use_direct_io_for_flush_and_compaction: 0
I200826 04:11:46.331877 54 storage/rocksdb.go:102           Options.create_missing_column_families: 0
I200826 04:11:46.331901 54 storage/rocksdb.go:102                               Options.db_log_dir: 
I200826 04:11:46.331926 54 storage/rocksdb.go:102                                  Options.wal_dir: /home/santiago/go/src/github.com/Santiagozh1998/SpyServer/cockroach-data/cockroach-temp154206790
I200826 04:11:46.331950 54 storage/rocksdb.go:102                 Options.table_cache_numshardbits: 6
I200826 04:11:46.331974 54 storage/rocksdb.go:102                       Options.max_subcompactions: 1
I200826 04:11:46.331997 54 storage/rocksdb.go:102                   Options.max_background_flushes: -1
I200826 04:11:46.332021 54 storage/rocksdb.go:102                          Options.WAL_ttl_seconds: 0
I200826 04:11:46.332044 54 storage/rocksdb.go:102                        Options.WAL_size_limit_MB: 0
I200826 04:11:46.332069 54 storage/rocksdb.go:102              Options.manifest_preallocation_size: 4194304
I200826 04:11:46.332096 54 storage/rocksdb.go:102                      Options.is_fd_close_on_exec: 1
I200826 04:11:46.332120 54 storage/rocksdb.go:102                    Options.advise_random_on_open: 1
I200826 04:11:46.332143 54 storage/rocksdb.go:102                     Options.db_write_buffer_size: 0
I200826 04:11:46.332167 54 storage/rocksdb.go:102                     Options.write_buffer_manager: 0x7f83bf060ce0
I200826 04:11:46.332191 54 storage/rocksdb.go:102          Options.access_hint_on_compaction_start: 1
I200826 04:11:46.332227 54 storage/rocksdb.go:102   Options.new_table_reader_for_compaction_inputs: 0
I200826 04:11:46.332251 54 storage/rocksdb.go:102            Options.random_access_max_buffer_size: 1048576
I200826 04:11:46.332275 54 storage/rocksdb.go:102                       Options.use_adaptive_mutex: 0
I200826 04:11:46.332299 54 storage/rocksdb.go:102                             Options.rate_limiter: (nil)
I200826 04:11:46.332326 54 storage/rocksdb.go:102      Options.sst_file_manager.rate_bytes_per_sec: 0
I200826 04:11:46.332350 54 storage/rocksdb.go:102                        Options.wal_recovery_mode: 0
I200826 04:11:46.332374 54 storage/rocksdb.go:102                   Options.enable_thread_tracking: 0
I200826 04:11:46.332398 54 storage/rocksdb.go:102                   Options.enable_pipelined_write: 0
I200826 04:11:46.332421 54 storage/rocksdb.go:102          Options.allow_concurrent_memtable_write: 1
I200826 04:11:46.332445 54 storage/rocksdb.go:102       Options.enable_write_thread_adaptive_yield: 1
I200826 04:11:46.332470 54 storage/rocksdb.go:102              Options.write_thread_max_yield_usec: 100
I200826 04:11:46.332493 54 storage/rocksdb.go:102             Options.write_thread_slow_yield_usec: 3
I200826 04:11:46.332516 54 storage/rocksdb.go:102                                Options.row_cache: None
I200826 04:11:46.332540 54 storage/rocksdb.go:102                               Options.wal_filter: None
I200826 04:11:46.332564 54 storage/rocksdb.go:102              Options.avoid_flush_during_recovery: 0
I200826 04:11:46.332588 54 storage/rocksdb.go:102              Options.allow_ingest_behind: 0
I200826 04:11:46.332612 54 storage/rocksdb.go:102              Options.preserve_deletes: 0
I200826 04:11:46.332637 54 storage/rocksdb.go:102              Options.two_write_queues: 0
I200826 04:11:46.332661 54 storage/rocksdb.go:102              Options.manual_wal_flush: 1
I200826 04:11:46.332685 54 storage/rocksdb.go:102              Options.atomic_flush: 0
I200826 04:11:46.332709 54 storage/rocksdb.go:102              Options.avoid_unnecessary_blocking_io: 0
I200826 04:11:46.332733 54 storage/rocksdb.go:102              Options.max_background_jobs: 4
I200826 04:11:46.332757 54 storage/rocksdb.go:102              Options.max_background_compactions: -1
I200826 04:11:46.332792 54 storage/rocksdb.go:102              Options.avoid_flush_during_shutdown: 0
I200826 04:11:46.332819 54 storage/rocksdb.go:102            Options.writable_file_max_buffer_size: 1048576
I200826 04:11:46.332843 54 storage/rocksdb.go:102              Options.delayed_write_rate : 16777216
I200826 04:11:46.332868 54 storage/rocksdb.go:102              Options.max_total_wal_size: 0
I200826 04:11:46.332892 54 storage/rocksdb.go:102              Options.delete_obsolete_files_period_micros: 21600000000
I200826 04:11:46.332916 54 storage/rocksdb.go:102                    Options.stats_dump_period_sec: 0
I200826 04:11:46.332940 54 storage/rocksdb.go:102                  Options.stats_persist_period_sec: 600
I200826 04:11:46.332965 54 storage/rocksdb.go:102                  Options.stats_history_buffer_size: 1048576
I200826 04:11:46.332992 54 storage/rocksdb.go:102                           Options.max_open_files: 128
I200826 04:11:46.333018 54 storage/rocksdb.go:102                           Options.bytes_per_sync: 524288
I200826 04:11:46.333042 54 storage/rocksdb.go:102                       Options.wal_bytes_per_sync: 0
I200826 04:11:46.333068 54 storage/rocksdb.go:102                    Options.strict_bytes_per_sync: 1
I200826 04:11:46.333092 54 storage/rocksdb.go:102        Options.compaction_readahead_size: 0
I200826 04:11:46.333117 54 storage/rocksdb.go:102  Compression algorithms supported:
I200826 04:11:46.333143 54 storage/rocksdb.go:102  	kZSTDNotFinalCompression supported: 0
I200826 04:11:46.333169 54 storage/rocksdb.go:102  	kZSTD supported: 0
I200826 04:11:46.333194 54 storage/rocksdb.go:102  	kXpressCompression supported: 0
I200826 04:11:46.333219 54 storage/rocksdb.go:102  	kLZ4HCCompression supported: 0
I200826 04:11:46.333261 54 storage/rocksdb.go:102  	kLZ4Compression supported: 0
I200826 04:11:46.333287 54 storage/rocksdb.go:102  	kBZip2Compression supported: 0
I200826 04:11:46.333311 54 storage/rocksdb.go:102  	kZlibCompression supported: 0
I200826 04:11:46.333337 54 storage/rocksdb.go:102  	kSnappyCompression supported: 1
I200826 04:11:46.333374 54 storage/rocksdb.go:102  Fast CRC32 supported: Supported on x86
I200826 04:11:46.333713 54 storage/rocksdb.go:102  [db/db_impl_open.cc:242] Creating manifest 1 
I200826 04:11:46.558328 54 storage/rocksdb.go:102  [db/version_set.cc:4072] Recovering from manifest file: /home/santiago/go/src/github.com/Santiagozh1998/SpyServer/cockroach-data/cockroach-temp154206790/MANIFEST-000001
I200826 04:11:46.560679 54 storage/rocksdb.go:102  [db/column_family.cc:488] --------------- Options for column family [default]:
I200826 04:11:46.560709 54 storage/rocksdb.go:102                Options.comparator: cockroach_comparator
I200826 04:11:46.560733 54 storage/rocksdb.go:102            Options.merge_operator: cockroach_merge_operator
I200826 04:11:46.560757 54 storage/rocksdb.go:102         Options.compaction_filter: None
I200826 04:11:46.560781 54 storage/rocksdb.go:102         Options.compaction_filter_factory: None
I200826 04:11:46.560806 54 storage/rocksdb.go:102          Options.memtable_factory: SkipListFactory
I200826 04:11:46.560830 54 storage/rocksdb.go:102             Options.table_factory: BlockBasedTable
I200826 04:11:46.560947 54 storage/rocksdb.go:102             table_factory options:   flush_block_policy_factory: FlushBlockBySizePolicyFactory (0x7f83bf024040)
  cache_index_and_filter_blocks: 0
  cache_index_and_filter_blocks_with_high_priority: 0
  pin_l0_filter_and_index_blocks_in_cache: 0
  pin_top_level_index_and_filter: 1
  index_type: 0
  data_block_index_type: 0
  index_shortening: 1
  data_block_hash_table_util_ratio: 0.750000
  hash_index_allow_collision: 1
  checksum: 1
  no_block_cache: 0
  block_cache: 0x7f83bf04b210
  block_cache_name: LRUCache
  block_cache_options:
    capacity : 1048576
    num_shard_bits : 4
    strict_capacity_limit : 0
    memory_allocator : None
    high_pri_pool_ratio: 0.000
  block_cache_compressed: (nil)
  persistent_cache: (nil)
  block_size: 32768
  block_size_deviation: 10
  block_restart_interval: 16
  index_block_restart_interval: 1
  metadata_block_size: 4096
  partition_filters: 0
  use_delta_encoding: 1
  filter_policy: rocksdb.BuiltinBloomFilter
  whole_key_filtering: 0
  verify_compression: 0
  read_amp_bytes_per_bit: 0
  format_version: 2
  enable_index_compression: 1
  block_align: 0
I200826 04:11:46.560979 54 storage/rocksdb.go:102         Options.write_buffer_size: 67108864
I200826 04:11:46.561009 54 storage/rocksdb.go:102   Options.max_write_buffer_number: 4
I200826 04:11:46.561033 54 storage/rocksdb.go:102           Options.compression: Snappy
I200826 04:11:46.561056 54 storage/rocksdb.go:102                   Options.bottommost_compression: Disabled
I200826 04:11:46.561080 54 storage/rocksdb.go:102        Options.prefix_extractor: cockroach_prefix_extractor
I200826 04:11:46.561103 54 storage/rocksdb.go:102    Options.memtable_insert_with_hint_prefix_extractor: nullptr
I200826 04:11:46.561142 54 storage/rocksdb.go:102              Options.num_levels: 7
I200826 04:11:46.561167 54 storage/rocksdb.go:102         Options.min_write_buffer_number_to_merge: 1
I200826 04:11:46.561190 54 storage/rocksdb.go:102      Options.max_write_buffer_number_to_maintain: 0
I200826 04:11:46.561214 54 storage/rocksdb.go:102             Options.bottommost_compression_opts.window_bits: -14
I200826 04:11:46.561237 54 storage/rocksdb.go:102                   Options.bottommost_compression_opts.level: 32767
I200826 04:11:46.561260 54 storage/rocksdb.go:102                Options.bottommost_compression_opts.strategy: 0
I200826 04:11:46.561284 54 storage/rocksdb.go:102          Options.bottommost_compression_opts.max_dict_bytes: 0
I200826 04:11:46.561308 54 storage/rocksdb.go:102          Options.bottommost_compression_opts.zstd_max_train_bytes: 0
I200826 04:11:46.561340 54 storage/rocksdb.go:102                   Options.bottommost_compression_opts.enabled: false
I200826 04:11:46.561364 54 storage/rocksdb.go:102             Options.compression_opts.window_bits: -14
I200826 04:11:46.561387 54 storage/rocksdb.go:102                   Options.compression_opts.level: 32767
I200826 04:11:46.561410 54 storage/rocksdb.go:102                Options.compression_opts.strategy: 0
I200826 04:11:46.561434 54 storage/rocksdb.go:102          Options.compression_opts.max_dict_bytes: 0
I200826 04:11:46.561457 54 storage/rocksdb.go:102          Options.compression_opts.zstd_max_train_bytes: 0
I200826 04:11:46.561480 54 storage/rocksdb.go:102                   Options.compression_opts.enabled: false
I200826 04:11:46.561503 54 storage/rocksdb.go:102       Options.level0_file_num_compaction_trigger: 2
I200826 04:11:46.561526 54 storage/rocksdb.go:102           Options.level0_slowdown_writes_trigger: 950
I200826 04:11:46.561552 54 storage/rocksdb.go:102               Options.level0_stop_writes_trigger: 1000
I200826 04:11:46.561576 54 storage/rocksdb.go:102                    Options.target_file_size_base: 4194304
I200826 04:11:46.561599 54 storage/rocksdb.go:102              Options.target_file_size_multiplier: 2
I200826 04:11:46.561623 54 storage/rocksdb.go:102                 Options.max_bytes_for_level_base: 67108864
I200826 04:11:46.561646 54 storage/rocksdb.go:102  Options.level_compaction_dynamic_level_bytes: 1
I200826 04:11:46.561675 54 storage/rocksdb.go:102           Options.max_bytes_for_level_multiplier: 10.000000
I200826 04:11:46.561700 54 storage/rocksdb.go:102  Options.max_bytes_for_level_multiplier_addtl[0]: 1
I200826 04:11:46.561724 54 storage/rocksdb.go:102  Options.max_bytes_for_level_multiplier_addtl[1]: 1
I200826 04:11:46.561748 54 storage/rocksdb.go:102  Options.max_bytes_for_level_multiplier_addtl[2]: 1
I200826 04:11:46.561772 54 storage/rocksdb.go:102  Options.max_bytes_for_level_multiplier_addtl[3]: 1
I200826 04:11:46.561796 54 storage/rocksdb.go:102  Options.max_bytes_for_level_multiplier_addtl[4]: 1
I200826 04:11:46.561820 54 storage/rocksdb.go:102  Options.max_bytes_for_level_multiplier_addtl[5]: 1
I200826 04:11:46.561844 54 storage/rocksdb.go:102  Options.max_bytes_for_level_multiplier_addtl[6]: 1
I200826 04:11:46.561867 54 storage/rocksdb.go:102        Options.max_sequential_skip_in_iterations: 8
I200826 04:11:46.561891 54 storage/rocksdb.go:102                     Options.max_compaction_bytes: 104857600
I200826 04:11:46.561914 54 storage/rocksdb.go:102                         Options.arena_block_size: 8388608
I200826 04:11:46.561938 54 storage/rocksdb.go:102    Options.soft_pending_compaction_bytes_limit: 2199023255552
I200826 04:11:46.561961 54 storage/rocksdb.go:102    Options.hard_pending_compaction_bytes_limit: 4400193994752
I200826 04:11:46.561985 54 storage/rocksdb.go:102        Options.rate_limit_delay_max_milliseconds: 100
I200826 04:11:46.562008 54 storage/rocksdb.go:102                 Options.disable_auto_compactions: 0
I200826 04:11:46.562036 54 storage/rocksdb.go:102                         Options.compaction_style: kCompactionStyleLevel
I200826 04:11:46.562062 54 storage/rocksdb.go:102                           Options.compaction_pri: kMinOverlappingRatio
I200826 04:11:46.562094 54 storage/rocksdb.go:102  Options.compaction_options_universal.size_ratio: 1
I200826 04:11:46.562119 54 storage/rocksdb.go:102  Options.compaction_options_universal.min_merge_width: 2
I200826 04:11:46.562143 54 storage/rocksdb.go:102  Options.compaction_options_universal.max_merge_width: 4294967295
I200826 04:11:46.562167 54 storage/rocksdb.go:102  Options.compaction_options_universal.max_size_amplification_percent: 200
I200826 04:11:46.562191 54 storage/rocksdb.go:102  Options.compaction_options_universal.compression_size_percent: -1
I200826 04:11:46.562217 54 storage/rocksdb.go:102  Options.compaction_options_universal.stop_style: kCompactionStopStyleTotalSize
I200826 04:11:46.562241 54 storage/rocksdb.go:102  Options.compaction_options_fifo.max_table_files_size: 1073741824
I200826 04:11:46.562273 54 storage/rocksdb.go:102  Options.compaction_options_fifo.allow_compaction: 0
I200826 04:11:46.562303 54 storage/rocksdb.go:102                    Options.table_properties_collectors: TimeBoundTblPropCollectorFactory; DeleteRangeTblPropCollectorFactory; 
I200826 04:11:46.562336 54 storage/rocksdb.go:102                    Options.inplace_update_support: 0
I200826 04:11:46.562360 54 storage/rocksdb.go:102                  Options.inplace_update_num_locks: 10000
I200826 04:11:46.562386 54 storage/rocksdb.go:102                Options.memtable_prefix_bloom_size_ratio: 0.000000
I200826 04:11:46.562409 54 storage/rocksdb.go:102                Options.memtable_whole_key_filtering: 0
I200826 04:11:46.562433 54 storage/rocksdb.go:102    Options.memtable_huge_page_size: 0
I200826 04:11:46.562457 54 storage/rocksdb.go:102                            Options.bloom_locality: 0
I200826 04:11:46.562480 54 storage/rocksdb.go:102                     Options.max_successive_merges: 0
I200826 04:11:46.562504 54 storage/rocksdb.go:102                 Options.optimize_filters_for_hits: 1
I200826 04:11:46.562528 54 storage/rocksdb.go:102                 Options.paranoid_file_checks: 0
I200826 04:11:46.562552 54 storage/rocksdb.go:102                 Options.force_consistency_checks: 0
I200826 04:11:46.562576 54 storage/rocksdb.go:102                 Options.report_bg_io_stats: 0
I200826 04:11:46.562599 54 storage/rocksdb.go:102                                Options.ttl: 0
I200826 04:11:46.562622 54 storage/rocksdb.go:102           Options.periodic_compaction_seconds: 0
I200826 04:11:46.564147 54 storage/rocksdb.go:102  [db/version_set.cc:4286] Recovered from manifest file:/home/santiago/go/src/github.com/Santiagozh1998/SpyServer/cockroach-data/cockroach-temp154206790/MANIFEST-000001 succeeded,manifest_file_number is 1, next_file_number is 3, last_sequence is 0, log_number is 0,prev_log_number is 0,max_column_family is 0,min_log_number_to_keep is 0
I200826 04:11:46.564183 54 storage/rocksdb.go:102  [db/version_set.cc:4295] Column family [default] (ID 0), log number is 0
I200826 04:11:46.697194 54 storage/rocksdb.go:102  DB pointer 0x7f83bf192000
I200826 04:11:47.011850 54 storage/rocksdb.go:102  RocksDB version: 6.2.1
I200826 04:11:47.011902 54 storage/rocksdb.go:102  Git sha rocksdb_build_git_sha:@e494e15a0b08c13fafd5710f279f348d47d476de@
I200826 04:11:47.011927 54 storage/rocksdb.go:102  Compile date Jun  9 2020
I200826 04:11:47.011951 54 storage/rocksdb.go:102  DB SUMMARY
I200826 04:11:47.012140 54 storage/rocksdb.go:102  CURRENT file:  CURRENT
I200826 04:11:47.012165 54 storage/rocksdb.go:102  IDENTITY file:  IDENTITY
I200826 04:11:47.012204 54 storage/rocksdb.go:102  MANIFEST file:  MANIFEST-000015 size: 1396 Bytes
I200826 04:11:47.012238 54 storage/rocksdb.go:102  SST files in /home/santiago/go/src/github.com/Santiagozh1998/SpyServer/cockroach-data dir, Total Num: 1, files: 000041.sst 
I200826 04:11:47.012267 54 storage/rocksdb.go:102  Write Ahead Log file in /home/santiago/go/src/github.com/Santiagozh1998/SpyServer/cockroach-data: 000037.log size: 59336917 ; 000039.log size: 49949816 ; 
I200826 04:11:47.012294 54 storage/rocksdb.go:102                          Options.error_if_exists: 0
I200826 04:11:47.012318 54 storage/rocksdb.go:102                        Options.create_if_missing: 1
I200826 04:11:47.012342 54 storage/rocksdb.go:102                          Options.paranoid_checks: 1
I200826 04:11:47.012365 54 storage/rocksdb.go:102                                      Options.env: 0x7571de0
I200826 04:11:47.012389 54 storage/rocksdb.go:102                                 Options.info_log: 0x7f83b0a19080
I200826 04:11:47.012412 54 storage/rocksdb.go:102                 Options.max_file_opening_threads: 16
I200826 04:11:47.012437 54 storage/rocksdb.go:102                               Options.statistics: 0x7f83b0a1f010
I200826 04:11:47.012460 54 storage/rocksdb.go:102                                Options.use_fsync: 0
I200826 04:11:47.012484 54 storage/rocksdb.go:102                        Options.max_log_file_size: 0
I200826 04:11:47.012508 54 storage/rocksdb.go:102                   Options.max_manifest_file_size: 134217728
I200826 04:11:47.012532 54 storage/rocksdb.go:102                    Options.log_file_time_to_roll: 0
I200826 04:11:47.012556 54 storage/rocksdb.go:102                        Options.keep_log_file_num: 1000
I200826 04:11:47.012579 54 storage/rocksdb.go:102                     Options.recycle_log_file_num: 1
I200826 04:11:47.012604 54 storage/rocksdb.go:102                          Options.allow_fallocate: 1
I200826 04:11:47.012627 54 storage/rocksdb.go:102                         Options.allow_mmap_reads: 0
I200826 04:11:47.012651 54 storage/rocksdb.go:102                        Options.allow_mmap_writes: 0
I200826 04:11:47.012674 54 storage/rocksdb.go:102                         Options.use_direct_reads: 0
I200826 04:11:47.012698 54 storage/rocksdb.go:102                         Options.use_direct_io_for_flush_and_compaction: 0
I200826 04:11:47.012722 54 storage/rocksdb.go:102           Options.create_missing_column_families: 0
I200826 04:11:47.012745 54 storage/rocksdb.go:102                               Options.db_log_dir: 
I200826 04:11:47.012768 54 storage/rocksdb.go:102                                  Options.wal_dir: /home/santiago/go/src/github.com/Santiagozh1998/SpyServer/cockroach-data
I200826 04:11:47.012791 54 storage/rocksdb.go:102                 Options.table_cache_numshardbits: 6
I200826 04:11:47.012814 54 storage/rocksdb.go:102                       Options.max_subcompactions: 1
I200826 04:11:47.012838 54 storage/rocksdb.go:102                   Options.max_background_flushes: -1
I200826 04:11:47.012861 54 storage/rocksdb.go:102                          Options.WAL_ttl_seconds: 0
I200826 04:11:47.012885 54 storage/rocksdb.go:102                        Options.WAL_size_limit_MB: 0
I200826 04:11:47.012909 54 storage/rocksdb.go:102              Options.manifest_preallocation_size: 4194304
I200826 04:11:47.012933 54 storage/rocksdb.go:102                      Options.is_fd_close_on_exec: 1
I200826 04:11:47.012955 54 storage/rocksdb.go:102                    Options.advise_random_on_open: 1
I200826 04:11:47.012979 54 storage/rocksdb.go:102                     Options.db_write_buffer_size: 0
I200826 04:11:47.013002 54 storage/rocksdb.go:102                     Options.write_buffer_manager: 0x7f83b0a87030
I200826 04:11:47.013026 54 storage/rocksdb.go:102          Options.access_hint_on_compaction_start: 1
I200826 04:11:47.013049 54 storage/rocksdb.go:102   Options.new_table_reader_for_compaction_inputs: 0
I200826 04:11:47.013072 54 storage/rocksdb.go:102            Options.random_access_max_buffer_size: 1048576
I200826 04:11:47.013096 54 storage/rocksdb.go:102                       Options.use_adaptive_mutex: 0
I200826 04:11:47.013121 54 storage/rocksdb.go:102                             Options.rate_limiter: (nil)
I200826 04:11:47.013145 54 storage/rocksdb.go:102      Options.sst_file_manager.rate_bytes_per_sec: 0
I200826 04:11:47.013169 54 storage/rocksdb.go:102                        Options.wal_recovery_mode: 0
I200826 04:11:47.013214 54 storage/rocksdb.go:102                   Options.enable_thread_tracking: 0
I200826 04:11:47.013240 54 storage/rocksdb.go:102                   Options.enable_pipelined_write: 0
I200826 04:11:47.013264 54 storage/rocksdb.go:102          Options.allow_concurrent_memtable_write: 1
I200826 04:11:47.013289 54 storage/rocksdb.go:102       Options.enable_write_thread_adaptive_yield: 1
I200826 04:11:47.013315 54 storage/rocksdb.go:102              Options.write_thread_max_yield_usec: 100
I200826 04:11:47.013341 54 storage/rocksdb.go:102             Options.write_thread_slow_yield_usec: 3
I200826 04:11:47.013365 54 storage/rocksdb.go:102                                Options.row_cache: None
I200826 04:11:47.013389 54 storage/rocksdb.go:102                               Options.wal_filter: None
I200826 04:11:47.013412 54 storage/rocksdb.go:102              Options.avoid_flush_during_recovery: 0
I200826 04:11:47.013437 54 storage/rocksdb.go:102              Options.allow_ingest_behind: 0
I200826 04:11:47.013460 54 storage/rocksdb.go:102              Options.preserve_deletes: 0
I200826 04:11:47.013485 54 storage/rocksdb.go:102              Options.two_write_queues: 0
I200826 04:11:47.013508 54 storage/rocksdb.go:102              Options.manual_wal_flush: 1
I200826 04:11:47.013532 54 storage/rocksdb.go:102              Options.atomic_flush: 0
I200826 04:11:47.013555 54 storage/rocksdb.go:102              Options.avoid_unnecessary_blocking_io: 0
I200826 04:11:47.013579 54 storage/rocksdb.go:102              Options.max_background_jobs: 4
I200826 04:11:47.013603 54 storage/rocksdb.go:102              Options.max_background_compactions: -1
I200826 04:11:47.013626 54 storage/rocksdb.go:102              Options.avoid_flush_during_shutdown: 0
I200826 04:11:47.013650 54 storage/rocksdb.go:102            Options.writable_file_max_buffer_size: 1048576
I200826 04:11:47.013673 54 storage/rocksdb.go:102              Options.delayed_write_rate : 16777216
I200826 04:11:47.013698 54 storage/rocksdb.go:102              Options.max_total_wal_size: 0
I200826 04:11:47.013722 54 storage/rocksdb.go:102              Options.delete_obsolete_files_period_micros: 21600000000
I200826 04:11:47.013746 54 storage/rocksdb.go:102                    Options.stats_dump_period_sec: 0
I200826 04:11:47.013771 54 storage/rocksdb.go:102                  Options.stats_persist_period_sec: 600
I200826 04:11:47.013796 54 storage/rocksdb.go:102                  Options.stats_history_buffer_size: 1048576
I200826 04:11:47.013819 54 storage/rocksdb.go:102                           Options.max_open_files: 3840
I200826 04:11:47.013842 54 storage/rocksdb.go:102                           Options.bytes_per_sync: 524288
I200826 04:11:47.013866 54 storage/rocksdb.go:102                       Options.wal_bytes_per_sync: 0
I200826 04:11:47.013890 54 storage/rocksdb.go:102                    Options.strict_bytes_per_sync: 1
I200826 04:11:47.013914 54 storage/rocksdb.go:102        Options.compaction_readahead_size: 0
I200826 04:11:47.013936 54 storage/rocksdb.go:102  Compression algorithms supported:
I200826 04:11:47.013961 54 storage/rocksdb.go:102  	kZSTDNotFinalCompression supported: 0
I200826 04:11:47.013985 54 storage/rocksdb.go:102  	kZSTD supported: 0
I200826 04:11:47.014009 54 storage/rocksdb.go:102  	kXpressCompression supported: 0
I200826 04:11:47.014034 54 storage/rocksdb.go:102  	kLZ4HCCompression supported: 0
I200826 04:11:47.014061 54 storage/rocksdb.go:102  	kLZ4Compression supported: 0
I200826 04:11:47.014086 54 storage/rocksdb.go:102  	kBZip2Compression supported: 0
I200826 04:11:47.014110 54 storage/rocksdb.go:102  	kZlibCompression supported: 0
I200826 04:11:47.014134 54 storage/rocksdb.go:102  	kSnappyCompression supported: 1
I200826 04:11:47.014165 54 storage/rocksdb.go:102  Fast CRC32 supported: Supported on x86
I200826 04:11:47.026665 54 storage/rocksdb.go:102  [db/version_set.cc:4072] Recovering from manifest file: /home/santiago/go/src/github.com/Santiagozh1998/SpyServer/cockroach-data/MANIFEST-000015
I200826 04:11:47.027079 54 storage/rocksdb.go:102  [db/column_family.cc:488] --------------- Options for column family [default]:
I200826 04:11:47.027100 54 storage/rocksdb.go:102                Options.comparator: cockroach_comparator
I200826 04:11:47.027121 54 storage/rocksdb.go:102            Options.merge_operator: cockroach_merge_operator
I200826 04:11:47.027144 54 storage/rocksdb.go:102         Options.compaction_filter: None
I200826 04:11:47.027162 54 storage/rocksdb.go:102         Options.compaction_filter_factory: None
I200826 04:11:47.027180 54 storage/rocksdb.go:102          Options.memtable_factory: SkipListFactory
I200826 04:11:47.027198 54 storage/rocksdb.go:102             Options.table_factory: BlockBasedTable
I200826 04:11:47.027292 54 storage/rocksdb.go:102             table_factory options:   flush_block_policy_factory: FlushBlockBySizePolicyFactory (0x7f83b0a1d028)
  cache_index_and_filter_blocks: 0
  cache_index_and_filter_blocks_with_high_priority: 0
  pin_l0_filter_and_index_blocks_in_cache: 0
  pin_top_level_index_and_filter: 1
  index_type: 0
  data_block_index_type: 0
  index_shortening: 1
  data_block_hash_table_util_ratio: 0.750000
  hash_index_allow_collision: 1
  checksum: 1
  no_block_cache: 0
  block_cache: 0x7f83b0a0e010
  block_cache_name: LRUCache
  block_cache_options:
    capacity : 67108864
    num_shard_bits : 4
    strict_capacity_limit : 0
    memory_allocator : None
    high_pri_pool_ratio: 0.000
  block_cache_compressed: (nil)
  persistent_cache: (nil)
  block_size: 32768
  block_size_deviation: 10
  block_restart_interval: 16
  index_block_restart_interval: 1
  metadata_block_size: 4096
  partition_filters: 0
  use_delta_encoding: 1
  filter_policy: rocksdb.BuiltinBloomFilter
  whole_key_filtering: 0
  verify_compression: 0
  read_amp_bytes_per_bit: 0
  format_version: 2
  enable_index_compression: 1
  block_align: 0
I200826 04:11:47.027346 54 storage/rocksdb.go:102         Options.write_buffer_size: 67108864
I200826 04:11:47.027380 54 storage/rocksdb.go:102   Options.max_write_buffer_number: 4
I200826 04:11:47.027399 54 storage/rocksdb.go:102           Options.compression: Snappy
I200826 04:11:47.027417 54 storage/rocksdb.go:102                   Options.bottommost_compression: Disabled
I200826 04:11:47.027434 54 storage/rocksdb.go:102        Options.prefix_extractor: cockroach_prefix_extractor
I200826 04:11:47.027452 54 storage/rocksdb.go:102    Options.memtable_insert_with_hint_prefix_extractor: nullptr
I200826 04:11:47.027470 54 storage/rocksdb.go:102              Options.num_levels: 7
I200826 04:11:47.027487 54 storage/rocksdb.go:102         Options.min_write_buffer_number_to_merge: 1
I200826 04:11:47.027505 54 storage/rocksdb.go:102      Options.max_write_buffer_number_to_maintain: 0
I200826 04:11:47.027523 54 storage/rocksdb.go:102             Options.bottommost_compression_opts.window_bits: -14
I200826 04:11:47.027541 54 storage/rocksdb.go:102                   Options.bottommost_compression_opts.level: 32767
I200826 04:11:47.027558 54 storage/rocksdb.go:102                Options.bottommost_compression_opts.strategy: 0
I200826 04:11:47.027576 54 storage/rocksdb.go:102          Options.bottommost_compression_opts.max_dict_bytes: 0
I200826 04:11:47.027594 54 storage/rocksdb.go:102          Options.bottommost_compression_opts.zstd_max_train_bytes: 0
I200826 04:11:47.027611 54 storage/rocksdb.go:102                   Options.bottommost_compression_opts.enabled: false
I200826 04:11:47.027629 54 storage/rocksdb.go:102             Options.compression_opts.window_bits: -14
I200826 04:11:47.027647 54 storage/rocksdb.go:102                   Options.compression_opts.level: 32767
I200826 04:11:47.027664 54 storage/rocksdb.go:102                Options.compression_opts.strategy: 0
I200826 04:11:47.027682 54 storage/rocksdb.go:102          Options.compression_opts.max_dict_bytes: 0
I200826 04:11:47.027700 54 storage/rocksdb.go:102          Options.compression_opts.zstd_max_train_bytes: 0
I200826 04:11:47.027717 54 storage/rocksdb.go:102                   Options.compression_opts.enabled: false
I200826 04:11:47.027737 54 storage/rocksdb.go:102       Options.level0_file_num_compaction_trigger: 2
I200826 04:11:47.027755 54 storage/rocksdb.go:102           Options.level0_slowdown_writes_trigger: 950
I200826 04:11:47.027772 54 storage/rocksdb.go:102               Options.level0_stop_writes_trigger: 1000
I200826 04:11:47.027790 54 storage/rocksdb.go:102                    Options.target_file_size_base: 4194304
I200826 04:11:47.027808 54 storage/rocksdb.go:102              Options.target_file_size_multiplier: 2
I200826 04:11:47.027825 54 storage/rocksdb.go:102                 Options.max_bytes_for_level_base: 67108864
I200826 04:11:47.027843 54 storage/rocksdb.go:102  Options.level_compaction_dynamic_level_bytes: 1
I200826 04:11:47.027866 54 storage/rocksdb.go:102           Options.max_bytes_for_level_multiplier: 10.000000
I200826 04:11:47.027885 54 storage/rocksdb.go:102  Options.max_bytes_for_level_multiplier_addtl[0]: 1
I200826 04:11:47.027903 54 storage/rocksdb.go:102  Options.max_bytes_for_level_multiplier_addtl[1]: 1
I200826 04:11:47.027921 54 storage/rocksdb.go:102  Options.max_bytes_for_level_multiplier_addtl[2]: 1
I200826 04:11:47.027939 54 storage/rocksdb.go:102  Options.max_bytes_for_level_multiplier_addtl[3]: 1
I200826 04:11:47.027957 54 storage/rocksdb.go:102  Options.max_bytes_for_level_multiplier_addtl[4]: 1
I200826 04:11:47.027976 54 storage/rocksdb.go:102  Options.max_bytes_for_level_multiplier_addtl[5]: 1
I200826 04:11:47.027997 54 storage/rocksdb.go:102  Options.max_bytes_for_level_multiplier_addtl[6]: 1
I200826 04:11:47.028015 54 storage/rocksdb.go:102        Options.max_sequential_skip_in_iterations: 8
I200826 04:11:47.028032 54 storage/rocksdb.go:102                     Options.max_compaction_bytes: 104857600
I200826 04:11:47.028050 54 storage/rocksdb.go:102                         Options.arena_block_size: 8388608
I200826 04:11:47.028068 54 storage/rocksdb.go:102    Options.soft_pending_compaction_bytes_limit: 2199023255552
I200826 04:11:47.028086 54 storage/rocksdb.go:102    Options.hard_pending_compaction_bytes_limit: 4400193994752
I200826 04:11:47.028103 54 storage/rocksdb.go:102        Options.rate_limit_delay_max_milliseconds: 100
I200826 04:11:47.028121 54 storage/rocksdb.go:102                 Options.disable_auto_compactions: 0
I200826 04:11:47.028143 54 storage/rocksdb.go:102                         Options.compaction_style: kCompactionStyleLevel
I200826 04:11:47.028162 54 storage/rocksdb.go:102                           Options.compaction_pri: kMinOverlappingRatio
I200826 04:11:47.028181 54 storage/rocksdb.go:102  Options.compaction_options_universal.size_ratio: 1
I200826 04:11:47.028198 54 storage/rocksdb.go:102  Options.compaction_options_universal.min_merge_width: 2
I200826 04:11:47.028219 54 storage/rocksdb.go:102  Options.compaction_options_universal.max_merge_width: 4294967295
I200826 04:11:47.028237 54 storage/rocksdb.go:102  Options.compaction_options_universal.max_size_amplification_percent: 200
I200826 04:11:47.028255 54 storage/rocksdb.go:102  Options.compaction_options_universal.compression_size_percent: -1
I200826 04:11:47.028274 54 storage/rocksdb.go:102  Options.compaction_options_universal.stop_style: kCompactionStopStyleTotalSize
I200826 04:11:47.028292 54 storage/rocksdb.go:102  Options.compaction_options_fifo.max_table_files_size: 1073741824
I200826 04:11:47.028311 54 storage/rocksdb.go:102  Options.compaction_options_fifo.allow_compaction: 0
I200826 04:11:47.028334 54 storage/rocksdb.go:102                    Options.table_properties_collectors: TimeBoundTblPropCollectorFactory; DeleteRangeTblPropCollectorFactory; 
I200826 04:11:47.028355 54 storage/rocksdb.go:102                    Options.inplace_update_support: 0
I200826 04:11:47.028373 54 storage/rocksdb.go:102                  Options.inplace_update_num_locks: 10000
I200826 04:11:47.028393 54 storage/rocksdb.go:102                Options.memtable_prefix_bloom_size_ratio: 0.000000
I200826 04:11:47.028411 54 storage/rocksdb.go:102                Options.memtable_whole_key_filtering: 0
I200826 04:11:47.028429 54 storage/rocksdb.go:102    Options.memtable_huge_page_size: 0
I200826 04:11:47.028446 54 storage/rocksdb.go:102                            Options.bloom_locality: 0
I200826 04:11:47.028464 54 storage/rocksdb.go:102                     Options.max_successive_merges: 0
I200826 04:11:47.028482 54 storage/rocksdb.go:102                 Options.optimize_filters_for_hits: 1
I200826 04:11:47.028501 54 storage/rocksdb.go:102                 Options.paranoid_file_checks: 0
I200826 04:11:47.028520 54 storage/rocksdb.go:102                 Options.force_consistency_checks: 0
I200826 04:11:47.028538 54 storage/rocksdb.go:102                 Options.report_bg_io_stats: 0
I200826 04:11:47.028555 54 storage/rocksdb.go:102                                Options.ttl: 0
I200826 04:11:47.028573 54 storage/rocksdb.go:102           Options.periodic_compaction_seconds: 0
I200826 04:11:47.074536 54 storage/rocksdb.go:102  [db/version_set.cc:3086] More existing levels in DB than needed. max_bytes_for_level_multiplier may not be guaranteed.
I200826 04:11:47.074610 54 storage/rocksdb.go:102  [db/version_set.cc:4286] Recovered from manifest file:/home/santiago/go/src/github.com/Santiagozh1998/SpyServer/cockroach-data/MANIFEST-000015 succeeded,manifest_file_number is 15, next_file_number is 43, last_sequence is 2507995, log_number is 39,prev_log_number is 0,max_column_family is 0,min_log_number_to_keep is 0
I200826 04:11:47.074639 54 storage/rocksdb.go:102  [db/version_set.cc:4295] Column family [default] (ID 0), log number is 39
I200826 04:11:47.075050 54 storage/rocksdb.go:102  EVENT_LOG_v1 {"time_micros": 1598415107074997, "job": 1, "event": "recovery_started", "log_files": [37, 39]}
I200826 04:11:47.075083 54 storage/rocksdb.go:102  [db/db_impl_open.cc:586] Skipping log #37 since it is older than min log to keep #39
I200826 04:11:47.075115 54 storage/rocksdb.go:102  [db/db_impl_open.cc:598] Recovering log #39 mode 0
I200826 04:11:49.474770 54 storage/rocksdb.go:102  EVENT_LOG_v1 {"time_micros": 1598415109474500, "cf_name": "default", "job": 1, "event": "table_file_creation", "file_number": 43, "file_size": 316487, "table_properties": {"data_size": 306561, "index_size": 3286, "index_partitions": 0, "top_level_index_size": 0, "index_key_is_user_key": 0, "index_value_is_delta_encoded": 0, "filter_size": 7237, "raw_key_size": 220448, "raw_average_key_size": 32, "raw_value_size": 1765293, "raw_average_value_size": 259, "num_data_blocks": 56, "num_entries": 6799, "num_deletions": 4519, "num_merge_operands": 1384, "num_range_deletions": 1384, "format_version": 0, "fixed_key_len": 0, "filter_policy": "rocksdb.BuiltinBloomFilter", "column_family_name": "default", "column_family_id": 0, "comparator": "cockroach_comparator", "merge_operator": "cockroach_merge_operator", "prefix_extractor_name": "cockroach_prefix_extractor", "property_collectors": "[TimeBoundTblPropCollectorFactory,DeleteRangeTblPropCollectorFactory]", "compression": "Snappy", "compression_options": "window_bits=-14; level=32767; strategy=0; max_dict_bytes=0; zstd_max_train_bytes=0; enabled=0; ", "creation_time": 1598415107, "oldest_key_time": 3, "file_creation_time": 0}}
I200826 04:11:49.479242 54 storage/rocksdb.go:102  [db/version_set.cc:3560] Creating manifest 44
I200826 04:11:49.479749 54 storage/rocksdb.go:102  [db/version_set.cc:3086] More existing levels in DB than needed. max_bytes_for_level_multiplier may not be guaranteed.
I200826 04:11:49.584900 54 storage/rocksdb.go:102  EVENT_LOG_v1 {"time_micros": 1598415109584732, "job": 1, "event": "recovery_finished"}
I200826 04:11:49.667428 54 storage/rocksdb.go:102  DB pointer 0x7f83b0a99000
I200826 04:52:21.051989 125 storage/rocksdb.go:102  [db/db_impl_write.cc:1437] [default] New memtable created with log file: #48. Immutable memtables: 0.
I200826 04:52:21.052866 17 storage/rocksdb.go:102  (Original Log Time 2020/08/25-23:52:21.052166) [db/db_impl_compaction_flush.cc:2097] Calling FlushMemTableToOutputFile with column family [default], flush slots available 1, compaction slots available 1, flush slots scheduled 1, compaction slots scheduled 0
I200826 04:52:21.052920 17 storage/rocksdb.go:102  [db/flush_job.cc:322] [default] [JOB 3] Flushing memtable with next log file: 48
I200826 04:52:21.053094 17 storage/rocksdb.go:102  EVENT_LOG_v1 {"time_micros": 1598417541053014, "job": 3, "event": "flush_started", "num_memtables": 1, "num_entries": 215218, "num_deletes": 14383, "total_data_size": 61059197, "memory_usage": 65091224, "flush_reason": "Write Buffer Full"}
I200826 04:52:21.053132 17 storage/rocksdb.go:102  [db/flush_job.cc:351] [default] [JOB 3] Level-0 flush table #49: started
I200826 04:52:23.544254 17 storage/rocksdb.go:102  EVENT_LOG_v1 {"time_micros": 1598417543544012, "cf_name": "default", "job": 3, "event": "table_file_creation", "file_number": 49, "file_size": 709799, "table_properties": {"data_size": 687702, "index_size": 7079, "index_partitions": 0, "top_level_index_size": 0, "index_key_is_user_key": 0, "index_value_is_delta_encoded": 0, "filter_size": 17733, "raw_key_size": 641013, "raw_average_key_size": 36, "raw_value_size": 3479520, "raw_average_value_size": 196, "num_data_blocks": 115, "num_entries": 17683, "num_deletions": 14254, "num_merge_operands": 2076, "num_range_deletions": 2076, "format_version": 0, "fixed_key_len": 0, "filter_policy": "rocksdb.BuiltinBloomFilter", "column_family_name": "default", "column_family_id": 0, "comparator": "cockroach_comparator", "merge_operator": "cockroach_merge_operator", "prefix_extractor_name": "cockroach_prefix_extractor", "property_collectors": "[TimeBoundTblPropCollectorFactory,DeleteRangeTblPropCollectorFactory]", "compression": "Snappy", "compression_options": "window_bits=-14; level=32767; strategy=0; max_dict_bytes=0; zstd_max_train_bytes=0; enabled=0; ", "creation_time": 1598417541, "oldest_key_time": 1598415109, "file_creation_time": 1598417541}}
I200826 04:52:23.544342 17 storage/rocksdb.go:102  [db/flush_job.cc:392] [default] [JOB 3] Level-0 flush table #49: 709799 bytes OK
I200826 04:52:23.565805 17 storage/rocksdb.go:102  [db/version_set.cc:3086] More existing levels in DB than needed. max_bytes_for_level_multiplier may not be guaranteed.
I200826 04:52:23.599243 17 storage/rocksdb.go:102  [db/db_impl_files.cc:194] adding log 45 to recycle list
I200826 04:52:23.599294 17 storage/rocksdb.go:102  (Original Log Time 2020/08/25-23:52:23.565486) [db/memtable_list.cc:389] [default] Level-0 commit table #49 started
I200826 04:52:23.599318 17 storage/rocksdb.go:102  (Original Log Time 2020/08/25-23:52:23.598863) [db/memtable_list.cc:437] [default] Level-0 commit table #49: memtable #1 done
I200826 04:52:23.599346 17 storage/rocksdb.go:102  (Original Log Time 2020/08/25-23:52:23.598946) EVENT_LOG_v1 {"time_micros": 1598417543598912, "job": 3, "event": "flush_finished", "output_compression": "Snappy", "lsm_state": [2, 0, 0, 0, 0, 0, 1], "immutable_memtables": 0}
I200826 04:52:23.599374 17 storage/rocksdb.go:102  (Original Log Time 2020/08/25-23:52:23.599022) [db/db_impl_compaction_flush.cc:208] [default] Level summary: base level 6 level multiplier 10.00 max bytes base 67108864 files[2 0 0 0 0 0 1] max score 1.00
I200826 04:52:23.599490 17 storage/rocksdb.go:102  [db/compaction_job.cc:1647] [default] [JOB 4] Compacting 2@0 + 1@6 files to L6, score 1.00
I200826 04:52:23.599527 17 storage/rocksdb.go:102  [db/compaction_job.cc:1651] [default] Compaction start summary: Base version 3 Base level 0, inputs: [49(693KB) 43(309KB)], [41(3154KB)]
I200826 04:52:23.599611 17 storage/rocksdb.go:102  EVENT_LOG_v1 {"time_micros": 1598417543599558, "job": 4, "event": "compaction_started", "compaction_reason": "LevelL0FilesNum", "files_L0": [49, 43], "files_L6": [41], "score": 1, "input_data_size": 4256986}
I200826 04:52:23.865573 17 storage/rocksdb.go:102  [db/compaction_job.cc:1334] [default] [JOB 4] Generated table #50: 8263 keys, 2625716 bytes
I200826 04:52:23.865785 17 storage/rocksdb.go:102  EVENT_LOG_v1 {"time_micros": 1598417543865647, "cf_name": "default", "job": 4, "event": "table_file_creation", "file_number": 50, "file_size": 2625716, "table_properties": {"data_size": 2613734, "index_size": 29911, "index_partitions": 0, "top_level_index_size": 0, "index_key_is_user_key": 0, "index_value_is_delta_encoded": 0, "filter_size": 0, "raw_key_size": 401961, "raw_average_key_size": 48, "raw_value_size": 14549249, "raw_average_value_size": 1760, "num_data_blocks": 452, "num_entries": 8263, "num_deletions": 0, "num_merge_operands": 0, "num_range_deletions": 0, "format_version": 0, "fixed_key_len": 0, "filter_policy": "rocksdb.BuiltinBloomFilter", "column_family_name": "default", "column_family_id": 0, "comparator": "cockroach_comparator", "merge_operator": "cockroach_merge_operator", "prefix_extractor_name": "cockroach_prefix_extractor", "property_collectors": "[TimeBoundTblPropCollectorFactory,DeleteRangeTblPropCollectorFactory]", "compression": "Snappy", "compression_options": "window_bits=-14; level=32767; strategy=0; max_dict_bytes=0; zstd_max_train_bytes=0; enabled=0; ", "creation_time": 1598417541, "oldest_key_time": 0, "file_creation_time": 1598417543}}
I200826 04:52:23.910573 17 storage/rocksdb.go:102  [db/compaction_job.cc:1397] [default] [JOB 4] Compacted 2@0 + 1@6 files to L6 => 2625716 bytes
I200826 04:52:23.910696 17 storage/rocksdb.go:102  [db/version_set.cc:3086] More existing levels in DB than needed. max_bytes_for_level_multiplier may not be guaranteed.
I200826 04:52:23.954382 17 storage/rocksdb.go:102  (Original Log Time 2020/08/25-23:52:23.953955) [db/compaction_job.cc:770] [default] compacted to: base level 6 level multiplier 10.00 max bytes base 67108864 files[0 0 0 0 0 0 1] max score 0.00, MB/sec: 16.0 rd, 9.9 wr, level 6, files in(2, 1) out(1) MB in(1.0, 3.1) out(2.5), read-write-amplify(6.7) write-amplify(2.6) OK, records in: 35762, records dropped: 27140 output_compression: Snappy
I200826 04:52:23.954472 17 storage/rocksdb.go:102  (Original Log Time 2020/08/25-23:52:23.954074) EVENT_LOG_v1 {"time_micros": 1598417543954014, "job": 4, "event": "compaction_finished", "compaction_time_micros": 266253, "compaction_time_cpu_micros": 198756, "output_level": 6, "num_output_files": 1, "total_output_size": 2625716, "num_input_records": 35403, "num_output_records": 8263, "num_subcompactions": 1, "output_compression": "Snappy", "num_single_delete_mismatches": 0, "num_single_delete_fallthrough": 0, "lsm_state": [0, 0, 0, 0, 0, 0, 1]}
I200826 04:52:23.955424 17 storage/rocksdb.go:102  EVENT_LOG_v1 {"time_micros": 1598417543955324, "job": 4, "event": "table_file_deletion", "file_number": 49}
I200826 04:52:23.955795 17 storage/rocksdb.go:102  EVENT_LOG_v1 {"time_micros": 1598417543955742, "job": 4, "event": "table_file_deletion", "file_number": 43}
I200826 04:52:23.956706 17 storage/rocksdb.go:102  EVENT_LOG_v1 {"time_micros": 1598417543956625, "job": 4, "event": "table_file_deletion", "file_number": 41}
I200826 05:35:50.878532 123 storage/rocksdb.go:102  [db/db_impl_open.cc:1132] reusing log 45 from recycle list
I200826 05:35:50.879291 123 storage/rocksdb.go:102  [db/db_impl_write.cc:1437] [default] New memtable created with log file: #51. Immutable memtables: 0.
I200826 05:35:50.879680 17 storage/rocksdb.go:102  (Original Log Time 2020/08/26-00:35:50.879551) [db/db_impl_compaction_flush.cc:2097] Calling FlushMemTableToOutputFile with column family [default], flush slots available 1, compaction slots available 1, flush slots scheduled 1, compaction slots scheduled 0
I200826 05:35:50.879729 17 storage/rocksdb.go:102  [db/flush_job.cc:322] [default] [JOB 5] Flushing memtable with next log file: 51
I200826 05:35:50.879855 17 storage/rocksdb.go:102  EVENT_LOG_v1 {"time_micros": 1598420150879783, "job": 5, "event": "flush_started", "num_memtables": 1, "num_entries": 211984, "num_deletes": 6246, "total_data_size": 60841848, "memory_usage": 65032096, "flush_reason": "Write Buffer Full"}
I200826 05:35:50.879899 17 storage/rocksdb.go:102  [db/flush_job.cc:351] [default] [JOB 5] Level-0 flush table #52: started
I200826 05:35:53.115693 17 storage/rocksdb.go:102  EVENT_LOG_v1 {"time_micros": 1598420153115508, "cf_name": "default", "job": 5, "event": "table_file_creation", "file_number": 52, "file_size": 466516, "table_properties": {"data_size": 453582, "index_size": 5046, "index_partitions": 0, "top_level_index_size": 0, "index_key_is_user_key": 0, "index_value_is_delta_encoded": 0, "filter_size": 9285, "raw_key_size": 323120, "raw_average_key_size": 34, "raw_value_size": 2329670, "raw_average_value_size": 246, "num_data_blocks": 77, "num_entries": 9441, "num_deletions": 6120, "num_merge_operands": 2474, "num_range_deletions": 2474, "format_version": 0, "fixed_key_len": 0, "filter_policy": "rocksdb.BuiltinBloomFilter", "column_family_name": "default", "column_family_id": 0, "comparator": "cockroach_comparator", "merge_operator": "cockroach_merge_operator", "prefix_extractor_name": "cockroach_prefix_extractor", "property_collectors": "[TimeBoundTblPropCollectorFactory,DeleteRangeTblPropCollectorFactory]", "compression": "Snappy", "compression_options": "window_bits=-14; level=32767; strategy=0; max_dict_bytes=0; zstd_max_train_bytes=0; enabled=0; ", "creation_time": 1598420150, "oldest_key_time": 1598417541, "file_creation_time": 1598420150}}
I200826 05:35:53.115783 17 storage/rocksdb.go:102  [db/flush_job.cc:392] [default] [JOB 5] Level-0 flush table #52: 466516 bytes OK
I200826 05:35:53.158219 17 storage/rocksdb.go:102  [db/version_set.cc:3086] More existing levels in DB than needed. max_bytes_for_level_multiplier may not be guaranteed.
I200826 05:35:53.213779 17 storage/rocksdb.go:102  [db/db_impl_files.cc:194] adding log 48 to recycle list
I200826 05:35:53.213872 17 storage/rocksdb.go:102  (Original Log Time 2020/08/26-00:35:53.158045) [db/memtable_list.cc:389] [default] Level-0 commit table #52 started
I200826 05:35:53.213901 17 storage/rocksdb.go:102  (Original Log Time 2020/08/26-00:35:53.213472) [db/memtable_list.cc:437] [default] Level-0 commit table #52: memtable #1 done
I200826 05:35:53.213935 17 storage/rocksdb.go:102  (Original Log Time 2020/08/26-00:35:53.213561) EVENT_LOG_v1 {"time_micros": 1598420153213528, "job": 5, "event": "flush_finished", "output_compression": "Snappy", "lsm_state": [1, 0, 0, 0, 0, 0, 1], "immutable_memtables": 0}
I200826 05:35:53.213972 17 storage/rocksdb.go:102  (Original Log Time 2020/08/26-00:35:53.213612) [db/db_impl_compaction_flush.cc:208] [default] Level summary: base level 6 level multiplier 10.00 max bytes base 67108864 files[1 0 0 0 0 0 1] max score 0.50
